#
# There is insufficient memory for the Java Runtime Environment to continue.
# Native memory allocation (mmap) failed to map 46137344 bytes for Failed to commit area from 0x000000008d800000 to 0x0000000090400000 of length 46137344.
# Possible reasons:
#   The system is out of physical RAM or swap space
#   The process is running with CompressedOops enabled, and the Java Heap may be blocking the growth of the native heap
# Possible solutions:
#   Reduce memory load on the system
#   Increase physical memory or swap space
#   Check if swap backing store is full
#   Decrease Java heap size (-Xmx/-Xms)
#   Decrease number of Java threads
#   Decrease Java thread stack sizes (-Xss)
#   Set larger code cache with -XX:ReservedCodeCacheSize=
#   JVM is running with Unscaled Compressed Oops mode in which the Java heap is
#     placed in the first 4GB address space. The Java Heap base address is the
#     maximum limit for the native heap growth. Please use -XX:HeapBaseMinAddress
#     to set the Java Heap base and to place the Java Heap above 4GB virtual address.
# This output file may be truncated or incomplete.
#
#  Out of Memory Error (src/hotspot/os/windows/os_windows.cpp:3627), pid=8764, tid=256
#
# JRE version: OpenJDK Runtime Environment (11.0.15) (build 11.0.15+0-b2043.56-9505619)
# Java VM: OpenJDK 64-Bit Server VM (11.0.15+0-b2043.56-9505619, mixed mode, tiered, compressed oops, g1 gc, windows-amd64)
# No core dump will be written. Minidumps are not enabled by default on client versions of Windows
#

---------------  S U M M A R Y ------------

Command Line: --add-opens=java.base/java.util=ALL-UNNAMED --add-opens=java.base/java.lang=ALL-UNNAMED --add-opens=java.base/java.lang.invoke=ALL-UNNAMED --add-opens=java.base/java.util=ALL-UNNAMED --add-opens=java.prefs/java.util.prefs=ALL-UNNAMED --add-opens=java.prefs/java.util.prefs=ALL-UNNAMED --add-opens=java.base/java.nio.charset=ALL-UNNAMED --add-opens=java.base/java.net=ALL-UNNAMED --add-opens=java.base/java.util.concurrent.atomic=ALL-UNNAMED -Xmx2048m -Dfile.encoding=UTF-8 -Duser.country=US -Duser.language=en -Duser.variant org.gradle.launcher.daemon.bootstrap.GradleDaemon 7.5

Host: Intel(R) Core(TM) i3-1005G1 CPU @ 1.20GHz, 4 cores, 7G,  Windows 10 , 64 bit Build 19041 (10.0.19041.3393)
Time: Tue Oct 10 11:59:01 2023 SE Asia Standard Time elapsed time: 44.201778 seconds (0d 0h 0m 44s)

---------------  T H R E A D  ---------------

Current thread (0x00000198de2e0000):  VMThread "VM Thread" [stack: 0x0000007615600000,0x0000007615700000] [id=256]

Stack: [0x0000007615600000,0x0000007615700000]
[error occurred during error reporting (printing stack bounds), id 0xc0000005, EXCEPTION_ACCESS_VIOLATION (0xc0000005) at pc=0x00000198c82012e7]

Native frames: (J=compiled Java code, j=interpreted, Vv=VM code, C=native code)
V  [jvm.dll+0x64135a]
V  [jvm.dll+0x7d39f9]
V  [jvm.dll+0x7d51b9]
V  [jvm.dll+0x7d5805]
V  [jvm.dll+0x7d57bb]
V  [jvm.dll+0x640655]
V  [jvm.dll+0x640d68]
C  [ntdll.dll+0xa221f]
C  [ntdll.dll+0x514b4]
C  [ntdll.dll+0xa0d2e]
C  0x00000198c82012e7

VM_Operation (0x00000076189f9c00): G1CollectForAllocation, mode: safepoint, requested by thread 0x00000198e2331800


---------------  P R O C E S S  ---------------

Threads class SMR info:
_java_thread_list=0x00000198e670f100, length=84, elements={
0x00000198c46d3800, 0x00000198de2e2000, 0x00000198de2eb000, 0x00000198de300800,
0x00000198de303800, 0x00000198de304000, 0x00000198de306800, 0x00000198de313000,
0x00000198de316800, 0x00000198dedc5800, 0x00000198e07c4800, 0x00000198e0da5000,
0x00000198df99c800, 0x00000198e0ace000, 0x00000198e034c800, 0x00000198e034d000,
0x00000198e0474000, 0x00000198e1325000, 0x00000198e1325800, 0x00000198e1195000,
0x00000198e131d000, 0x00000198e131f800, 0x00000198e1322800, 0x00000198e1321000,
0x00000198e1322000, 0x00000198e131e800, 0x00000198e1323800, 0x00000198e131d800,
0x00000198e1320000, 0x00000198e2147000, 0x00000198e2146000, 0x00000198e214a800,
0x00000198e214b000, 0x00000198e214c000, 0x00000198e2149800, 0x00000198e2148000,
0x00000198e2150000, 0x00000198e2152800, 0x00000198e2151000, 0x00000198e2153800,
0x00000198e214e800, 0x00000198e2154000, 0x00000198e2155000, 0x00000198e2151800,
0x00000198e2330800, 0x00000198e2331800, 0x00000198e232f800, 0x00000198e232e000,
0x00000198e2333000, 0x00000198e2332000, 0x00000198e232f000, 0x00000198e232d000,
0x00000198e2335800, 0x00000198e2338800, 0x00000198e2339800, 0x00000198e2336000,
0x00000198e2334800, 0x00000198e2333800, 0x00000198e2337000, 0x00000198e2338000,
0x00000198e233a000, 0x00000198e233b000, 0x00000198e233c000, 0x00000198dfd24000,
0x00000198dfd22000, 0x00000198dfd1e000, 0x00000198dfd1f800, 0x00000198dfd1f000,
0x00000198dfd24800, 0x00000198dfd26800, 0x00000198dfd25800, 0x00000198dfd21800,
0x00000198dfd20800, 0x00000198dfd27000, 0x00000198dfd28000, 0x00000198dfd28800,
0x00000198dfd23000, 0x00000198dfd29800, 0x00000198dfd2c000, 0x00000198dfd2a800,
0x00000198dfd2b000, 0x00000198dfd2d000, 0x00000198e5ccb000, 0x00000198e5ccc800
}

Java Threads: ( => current thread )
  0x00000198c46d3800 JavaThread "main" [_thread_blocked, id=3976, stack(0x0000007615000000,0x0000007615100000)]
  0x00000198de2e2000 JavaThread "Reference Handler" daemon [_thread_blocked, id=7072, stack(0x0000007615700000,0x0000007615800000)]
  0x00000198de2eb000 JavaThread "Finalizer" daemon [_thread_blocked, id=5924, stack(0x0000007615800000,0x0000007615900000)]
  0x00000198de300800 JavaThread "Signal Dispatcher" daemon [_thread_blocked, id=8220, stack(0x0000007615900000,0x0000007615a00000)]
  0x00000198de303800 JavaThread "Attach Listener" daemon [_thread_blocked, id=10108, stack(0x0000007615a00000,0x0000007615b00000)]
  0x00000198de304000 JavaThread "Service Thread" daemon [_thread_blocked, id=9896, stack(0x0000007615b00000,0x0000007615c00000)]
  0x00000198de306800 JavaThread "C2 CompilerThread0" daemon [_thread_blocked, id=4860, stack(0x0000007615c00000,0x0000007615d00000)]
  0x00000198de313000 JavaThread "C1 CompilerThread0" daemon [_thread_blocked, id=10052, stack(0x0000007615d00000,0x0000007615e00000)]
  0x00000198de316800 JavaThread "Sweeper thread" daemon [_thread_blocked, id=11388, stack(0x0000007615e00000,0x0000007615f00000)]
  0x00000198dedc5800 JavaThread "Common-Cleaner" daemon [_thread_blocked, id=10976, stack(0x0000007615f00000,0x0000007616000000)]
  0x00000198e07c4800 JavaThread "Daemon health stats" [_thread_blocked, id=7880, stack(0x0000007616300000,0x0000007616400000)]
  0x00000198e0da5000 JavaThread "Incoming local TCP Connector on port 58955" [_thread_in_native, id=10008, stack(0x0000007616100000,0x0000007616200000)]
  0x00000198df99c800 JavaThread "Daemon periodic checks" [_thread_blocked, id=2012, stack(0x0000007616400000,0x0000007616500000)]
  0x00000198e0ace000 JavaThread "Daemon" [_thread_blocked, id=9364, stack(0x0000007616500000,0x0000007616600000)]
  0x00000198e034c800 JavaThread "Handler for socket connection from /127.0.0.1:58955 to /127.0.0.1:58956" [_thread_in_native, id=612, stack(0x0000007616600000,0x0000007616700000)]
  0x00000198e034d000 JavaThread "Cancel handler" [_thread_blocked, id=4364, stack(0x0000007616700000,0x0000007616800000)]
  0x00000198e0474000 JavaThread "Daemon worker" [_thread_blocked, id=6320, stack(0x0000007616800000,0x0000007616900000)]
  0x00000198e1325000 JavaThread "Asynchronous log dispatcher for DefaultDaemonConnection: socket connection from /127.0.0.1:58955 to /127.0.0.1:58956" [_thread_blocked, id=9572, stack(0x0000007616900000,0x0000007616a00000)]
  0x00000198e1325800 JavaThread "Stdin handler" [_thread_blocked, id=4684, stack(0x0000007616a00000,0x0000007616b00000)]
  0x00000198e1195000 JavaThread "Daemon client event forwarder" [_thread_blocked, id=7876, stack(0x0000007616b00000,0x0000007616c00000)]
  0x00000198e131d000 JavaThread "Cache worker for journal cache (C:\Users\adlif\.gradle\caches\journal-1)" [_thread_blocked, id=8492, stack(0x0000007616c00000,0x0000007616d00000)]
  0x00000198e131f800 JavaThread "File lock request listener" [_thread_in_native, id=8828, stack(0x0000007616d00000,0x0000007616e00000)]
  0x00000198e1322800 JavaThread "Cache worker for file hash cache (C:\Users\adlif\.gradle\caches\7.5\fileHashes)" [_thread_blocked, id=9256, stack(0x0000007617000000,0x0000007617100000)]
  0x00000198e1321000 JavaThread "File watcher server" daemon [_thread_in_native, id=7520, stack(0x0000007617200000,0x0000007617300000)]
  0x00000198e1322000 JavaThread "File watcher consumer" daemon [_thread_blocked, id=9800, stack(0x0000007617300000,0x0000007617400000)]
  0x00000198e131e800 JavaThread "jar transforms" [_thread_blocked, id=5956, stack(0x0000007617400000,0x0000007617500000)]
  0x00000198e1323800 JavaThread "jar transforms Thread 2" [_thread_blocked, id=4644, stack(0x0000007617500000,0x0000007617600000)]
  0x00000198e131d800 JavaThread "jar transforms Thread 3" [_thread_blocked, id=12284, stack(0x0000007617600000,0x0000007617700000)]
  0x00000198e1320000 JavaThread "jar transforms Thread 4" [_thread_blocked, id=9816, stack(0x0000007617700000,0x0000007617800000)]
  0x00000198e2147000 JavaThread "Cache worker for checksums cache (C:\Users\adlif\AndroidStudioProjects\Isla_Beta\.gradle\7.5\checksums)" [_thread_blocked, id=6420, stack(0x0000007617800000,0x0000007617900000)]
  0x00000198e2146000 JavaThread "Cache worker for cache directory md-rule (C:\Users\adlif\.gradle\caches\7.5\md-rule)" [_thread_blocked, id=11512, stack(0x0000007617900000,0x0000007617a00000)]
  0x00000198e214a800 JavaThread "Cache worker for file content cache (C:\Users\adlif\.gradle\caches\7.5\fileContent)" [_thread_blocked, id=10252, stack(0x0000007617a00000,0x0000007617b00000)]
  0x00000198e214b000 JavaThread "Cache worker for file hash cache (C:\Users\adlif\AndroidStudioProjects\Isla_Beta\.gradle\7.5\fileHashes)" [_thread_blocked, id=2156, stack(0x0000007617b00000,0x0000007617c00000)]
  0x00000198e214c000 JavaThread "Cache worker for cache directory md-supplier (C:\Users\adlif\.gradle\caches\7.5\md-supplier)" [_thread_blocked, id=8248, stack(0x0000007617c00000,0x0000007617d00000)]
  0x00000198e2149800 JavaThread "Cache worker for execution history cache (C:\Users\adlif\.gradle\caches\7.5\executionHistory)" [_thread_blocked, id=4164, stack(0x0000007617d00000,0x0000007617e00000)]
  0x00000198e2148000 JavaThread "Cache worker for dependencies-accessors (C:\Users\adlif\AndroidStudioProjects\Isla_Beta\.gradle\7.5\dependencies-accessors)" [_thread_blocked, id=8960, stack(0x0000007617e00000,0x0000007617f00000)]
  0x00000198e2150000 JavaThread "Cache worker for Build Output Cleanup Cache (C:\Users\adlif\AndroidStudioProjects\Isla_Beta\.gradle\buildOutputCleanup)" [_thread_blocked, id=3040, stack(0x0000007617f00000,0x0000007618000000)]
  0x00000198e2152800 JavaThread "Unconstrained build operations" [_thread_blocked, id=9760, stack(0x0000007618100000,0x0000007618200000)]
  0x00000198e2151000 JavaThread "Unconstrained build operations Thread 2" [_thread_blocked, id=6096, stack(0x0000007618200000,0x0000007618300000)]
  0x00000198e2153800 JavaThread "Unconstrained build operations Thread 3" [_thread_blocked, id=2968, stack(0x0000007618300000,0x0000007618400000)]
  0x00000198e214e800 JavaThread "Unconstrained build operations Thread 4" [_thread_blocked, id=9148, stack(0x0000007618400000,0x0000007618500000)]
  0x00000198e2154000 JavaThread "Unconstrained build operations Thread 5" [_thread_blocked, id=6132, stack(0x0000007618500000,0x0000007618600000)]
  0x00000198e2155000 JavaThread "Unconstrained build operations Thread 6" [_thread_blocked, id=6224, stack(0x0000007618600000,0x0000007618700000)]
  0x00000198e2151800 JavaThread "Unconstrained build operations Thread 7" [_thread_blocked, id=7916, stack(0x0000007618700000,0x0000007618800000)]
  0x00000198e2330800 JavaThread "Unconstrained build operations Thread 8" [_thread_blocked, id=10028, stack(0x0000007618800000,0x0000007618900000)]
  0x00000198e2331800 JavaThread "Unconstrained build operations Thread 9" [_thread_blocked, id=11432, stack(0x0000007618900000,0x0000007618a00000)]
  0x00000198e232f800 JavaThread "Unconstrained build operations Thread 10" [_thread_blocked, id=3644, stack(0x0000007618a00000,0x0000007618b00000)]
  0x00000198e232e000 JavaThread "Unconstrained build operations Thread 11" [_thread_blocked, id=8516, stack(0x0000007618b00000,0x0000007618c00000)]
  0x00000198e2333000 JavaThread "Unconstrained build operations Thread 12" [_thread_blocked, id=6028, stack(0x0000007618c00000,0x0000007618d00000)]
  0x00000198e2332000 JavaThread "Unconstrained build operations Thread 13" [_thread_blocked, id=7856, stack(0x0000007618d00000,0x0000007618e00000)]
  0x00000198e232f000 JavaThread "Unconstrained build operations Thread 14" [_thread_blocked, id=8496, stack(0x0000007618e00000,0x0000007618f00000)]
  0x00000198e232d000 JavaThread "Unconstrained build operations Thread 15" [_thread_blocked, id=2400, stack(0x0000007618f00000,0x0000007619000000)]
  0x00000198e2335800 JavaThread "Unconstrained build operations Thread 16" [_thread_blocked, id=11784, stack(0x0000007619000000,0x0000007619100000)]
  0x00000198e2338800 JavaThread "Unconstrained build operations Thread 17" [_thread_blocked, id=10112, stack(0x0000007619100000,0x0000007619200000)]
  0x00000198e2339800 JavaThread "Unconstrained build operations Thread 18" [_thread_blocked, id=2496, stack(0x0000007619200000,0x0000007619300000)]
  0x00000198e2336000 JavaThread "Unconstrained build operations Thread 19" [_thread_blocked, id=2432, stack(0x0000007619300000,0x0000007619400000)]
  0x00000198e2334800 JavaThread "Unconstrained build operations Thread 20" [_thread_blocked, id=1464, stack(0x0000007619400000,0x0000007619500000)]
  0x00000198e2333800 JavaThread "Unconstrained build operations Thread 21" [_thread_blocked, id=7244, stack(0x0000007619500000,0x0000007619600000)]
  0x00000198e2337000 JavaThread "Unconstrained build operations Thread 22" [_thread_blocked, id=3240, stack(0x0000007619600000,0x0000007619700000)]
  0x00000198e2338000 JavaThread "Unconstrained build operations Thread 23" [_thread_blocked, id=7864, stack(0x0000007619700000,0x0000007619800000)]
  0x00000198e233a000 JavaThread "Unconstrained build operations Thread 24" [_thread_blocked, id=10192, stack(0x0000007619800000,0x0000007619900000)]
  0x00000198e233b000 JavaThread "Unconstrained build operations Thread 25" [_thread_blocked, id=8060, stack(0x0000007619900000,0x0000007619a00000)]
  0x00000198e233c000 JavaThread "Unconstrained build operations Thread 26" [_thread_blocked, id=7996, stack(0x0000007619a00000,0x0000007619b00000)]
  0x00000198dfd24000 JavaThread "Unconstrained build operations Thread 27" [_thread_blocked, id=4884, stack(0x0000007619b00000,0x0000007619c00000)]
  0x00000198dfd22000 JavaThread "Unconstrained build operations Thread 28" [_thread_blocked, id=5204, stack(0x0000007619c00000,0x0000007619d00000)]
  0x00000198dfd1e000 JavaThread "Unconstrained build operations Thread 29" [_thread_blocked, id=7352, stack(0x0000007619d00000,0x0000007619e00000)]
  0x00000198dfd1f800 JavaThread "Unconstrained build operations Thread 30" [_thread_blocked, id=1356, stack(0x0000007619e00000,0x0000007619f00000)]
  0x00000198dfd1f000 JavaThread "Unconstrained build operations Thread 31" [_thread_blocked, id=1508, stack(0x0000007619f00000,0x000000761a000000)]
  0x00000198dfd24800 JavaThread "Unconstrained build operations Thread 32" [_thread_blocked, id=7156, stack(0x000000761a000000,0x000000761a100000)]
  0x00000198dfd26800 JavaThread "Unconstrained build operations Thread 33" [_thread_blocked, id=7572, stack(0x000000761a100000,0x000000761a200000)]
  0x00000198dfd25800 JavaThread "Unconstrained build operations Thread 34" [_thread_blocked, id=3812, stack(0x000000761a200000,0x000000761a300000)]
  0x00000198dfd21800 JavaThread "Unconstrained build operations Thread 35" [_thread_blocked, id=2448, stack(0x000000761a300000,0x000000761a400000)]
  0x00000198dfd20800 JavaThread "Unconstrained build operations Thread 36" [_thread_blocked, id=10624, stack(0x000000761a400000,0x000000761a500000)]
  0x00000198dfd27000 JavaThread "Unconstrained build operations Thread 37" [_thread_blocked, id=9396, stack(0x000000761a500000,0x000000761a600000)]
  0x00000198dfd28000 JavaThread "Unconstrained build operations Thread 38" [_thread_blocked, id=9776, stack(0x000000761a600000,0x000000761a700000)]
  0x00000198dfd28800 JavaThread "Unconstrained build operations Thread 39" [_thread_blocked, id=10740, stack(0x000000761a700000,0x000000761a800000)]
  0x00000198dfd23000 JavaThread "Unconstrained build operations Thread 40" [_thread_blocked, id=10784, stack(0x000000761a800000,0x000000761a900000)]
  0x00000198dfd29800 JavaThread "Memory manager" [_thread_blocked, id=10204, stack(0x000000761a900000,0x000000761aa00000)]
  0x00000198dfd2c000 JavaThread "included builds" [_thread_blocked, id=2340, stack(0x000000761ac00000,0x000000761ad00000)]
  0x00000198dfd2a800 JavaThread "Execution worker" [_thread_blocked, id=2828, stack(0x000000761ad00000,0x000000761ae00000)]
  0x00000198dfd2b000 JavaThread "Execution worker Thread 2" [_thread_blocked, id=8556, stack(0x000000761ae00000,0x000000761af00000)]
  0x00000198dfd2d000 JavaThread "Execution worker Thread 3" [_thread_blocked, id=6288, stack(0x000000761af00000,0x000000761b000000)]
  0x00000198e5ccb000 JavaThread "Cache worker for execution history cache (C:\Users\adlif\AndroidStudioProjects\Isla_Beta\.gradle\7.5\executionHistory)" [_thread_blocked, id=2896, stack(0x000000761b000000,0x000000761b100000)]
  0x00000198e5ccc800 JavaThread "idea-tooling-model-converter" [_thread_blocked, id=5704, stack(0x000000761b100000,0x000000761b200000)]

Other Threads:
=>0x00000198de2e0000 VMThread "VM Thread" [stack: 0x0000007615600000,0x0000007615700000] [id=256]
  0x00000198dedd2800 WatcherThread [stack: 0x0000007616000000,0x0000007616100000] [id=10800]
  0x00000198c46ed000 GCTaskThread "GC Thread#0" [stack: 0x0000007615100000,0x0000007615200000] [id=8336]
  0x00000198df201800 GCTaskThread "GC Thread#1" [stack: 0x0000007616200000,0x0000007616300000] [id=2708]
  0x00000198e0ae9800 GCTaskThread "GC Thread#2" [stack: 0x0000007616e00000,0x0000007616f00000] [id=8088]
  0x00000198e0747000 GCTaskThread "GC Thread#3" [stack: 0x0000007616f00000,0x0000007617000000] [id=10132]
  0x00000198c471f000 ConcurrentGCThread "G1 Main Marker" [stack: 0x0000007615200000,0x0000007615300000] [id=11640]
  0x00000198c4721000 ConcurrentGCThread "G1 Conc#0" [stack: 0x0000007615300000,0x0000007615400000] [id=4140]
  0x00000198de140800 ConcurrentGCThread "G1 Refine#0" [stack: 0x0000007615400000,0x0000007615500000] [id=1732]
  0x00000198de141800 ConcurrentGCThread "G1 Young RemSet Sampling" [stack: 0x0000007615500000,0x0000007615600000] [id=4272]

Threads with active compile tasks:
C2 CompilerThread0    44233 12684       4       com.google.common.collect.ImmutableMap$Builder::put (35 bytes)

VM state:at safepoint (normal execution)

VM Mutex/Monitor currently owned by a thread:  ([mutex/lock_event])
[0x00000198c46d0e40] Threads_lock - owner thread: 0x00000198de2e0000
[0x00000198c46cfa90] Heap_lock - owner thread: 0x00000198e2331800

Heap address: 0x0000000080000000, size: 2048 MB, Compressed Oops mode: 32-bit
Narrow klass base: 0x0000000000000000, Narrow klass shift: 3
Compressed class space size: 1073741824 Address: 0x0000000100000000

Heap:
 garbage-first heap   total 266240K, used 175950K [0x0000000080000000, 0x0000000100000000)
  region size 1024K, 2 young (2048K), 2 survivors (2048K)
 Metaspace       used 109635K, capacity 112721K, committed 112976K, reserved 1146880K
  class space    used 14066K, capacity 15213K, committed 15264K, reserved 1048576K
Heap Regions: E=young(eden), S=young(survivor), O=old, HS=humongous(starts), HC=humongous(continues), CS=collection set, F=free, A=archive, TAMS=top-at-mark-start (previous, next)
|   0|0x0000000080000000, 0x0000000080100000, 0x0000000080100000|100%|HS|  |TAMS 0x0000000080100000, 0x0000000080000000| Complete 
|   1|0x0000000080100000, 0x0000000080200000, 0x0000000080200000|100%|HC|  |TAMS 0x0000000080200000, 0x0000000080100000| Complete 
|   2|0x0000000080200000, 0x0000000080300000, 0x0000000080300000|100%|HC|  |TAMS 0x0000000080300000, 0x0000000080200000| Complete 
|   3|0x0000000080300000, 0x0000000080400000, 0x0000000080400000|100%| O|  |TAMS 0x0000000080400000, 0x0000000080300000| Untracked 
|   4|0x0000000080400000, 0x0000000080500000, 0x0000000080500000|100%| O|  |TAMS 0x0000000080500000, 0x0000000080400000| Untracked 
|   5|0x0000000080500000, 0x0000000080600000, 0x0000000080600000|100%| O|  |TAMS 0x0000000080600000, 0x0000000080500000| Untracked 
|   6|0x0000000080600000, 0x0000000080700000, 0x0000000080700000|100%| O|  |TAMS 0x0000000080700000, 0x0000000080600000| Untracked 
|   7|0x0000000080700000, 0x0000000080800000, 0x0000000080800000|100%| O|  |TAMS 0x0000000080800000, 0x0000000080700000| Untracked 
|   8|0x0000000080800000, 0x0000000080900000, 0x0000000080900000|100%| O|  |TAMS 0x0000000080900000, 0x0000000080800000| Untracked 
|   9|0x0000000080900000, 0x0000000080a00000, 0x0000000080a00000|100%| O|  |TAMS 0x0000000080a00000, 0x0000000080900000| Untracked 
|  10|0x0000000080a00000, 0x0000000080b00000, 0x0000000080b00000|100%| O|  |TAMS 0x0000000080b00000, 0x0000000080a00000| Untracked 
|  11|0x0000000080b00000, 0x0000000080c00000, 0x0000000080c00000|100%| O|  |TAMS 0x0000000080c00000, 0x0000000080b00000| Untracked 
|  12|0x0000000080c00000, 0x0000000080d00000, 0x0000000080d00000|100%| O|  |TAMS 0x0000000080d00000, 0x0000000080c00000| Untracked 
|  13|0x0000000080d00000, 0x0000000080e00000, 0x0000000080e00000|100%| O|  |TAMS 0x0000000080e00000, 0x0000000080d00000| Untracked 
|  14|0x0000000080e00000, 0x0000000080f00000, 0x0000000080f00000|100%|HS|  |TAMS 0x0000000080f00000, 0x0000000080e00000| Complete 
|  15|0x0000000080f00000, 0x0000000081000000, 0x0000000081000000|100%|HC|  |TAMS 0x0000000081000000, 0x0000000080f00000| Complete 
|  16|0x0000000081000000, 0x0000000081100000, 0x0000000081100000|100%|HS|  |TAMS 0x0000000081100000, 0x0000000081000000| Complete 
|  17|0x0000000081100000, 0x0000000081200000, 0x0000000081200000|100%|HC|  |TAMS 0x0000000081200000, 0x0000000081100000| Complete 
|  18|0x0000000081200000, 0x0000000081300000, 0x0000000081300000|100%|HC|  |TAMS 0x0000000081300000, 0x0000000081200000| Complete 
|  19|0x0000000081300000, 0x0000000081400000, 0x0000000081400000|100%|HS|  |TAMS 0x0000000081400000, 0x0000000081300000| Complete 
|  20|0x0000000081400000, 0x0000000081500000, 0x0000000081500000|100%|HC|  |TAMS 0x0000000081500000, 0x0000000081400000| Complete 
|  21|0x0000000081500000, 0x0000000081600000, 0x0000000081600000|100%|HC|  |TAMS 0x0000000081600000, 0x0000000081500000| Complete 
|  22|0x0000000081600000, 0x0000000081700000, 0x0000000081700000|100%|HS|  |TAMS 0x0000000081700000, 0x0000000081600000| Complete 
|  23|0x0000000081700000, 0x0000000081800000, 0x0000000081800000|100%|HC|  |TAMS 0x0000000081800000, 0x0000000081700000| Complete 
|  24|0x0000000081800000, 0x0000000081900000, 0x0000000081900000|100%|HS|  |TAMS 0x0000000081900000, 0x0000000081800000| Complete 
|  25|0x0000000081900000, 0x0000000081a00000, 0x0000000081a00000|100%|HC|  |TAMS 0x0000000081a00000, 0x0000000081900000| Complete 
|  26|0x0000000081a00000, 0x0000000081b00000, 0x0000000081b00000|100%|HC|  |TAMS 0x0000000081b00000, 0x0000000081a00000| Complete 
|  27|0x0000000081b00000, 0x0000000081c00000, 0x0000000081c00000|100%|HC|  |TAMS 0x0000000081c00000, 0x0000000081b00000| Complete 
|  28|0x0000000081c00000, 0x0000000081d00000, 0x0000000081d00000|100%|HC|  |TAMS 0x0000000081d00000, 0x0000000081c00000| Complete 
|  29|0x0000000081d00000, 0x0000000081e00000, 0x0000000081e00000|100%|HC|  |TAMS 0x0000000081e00000, 0x0000000081d00000| Complete 
|  30|0x0000000081e00000, 0x0000000081f00000, 0x0000000081f00000|100%|HC|  |TAMS 0x0000000081f00000, 0x0000000081e00000| Complete 
|  31|0x0000000081f00000, 0x0000000082000000, 0x0000000082000000|100%|HC|  |TAMS 0x0000000082000000, 0x0000000081f00000| Complete 
|  32|0x0000000082000000, 0x0000000082100000, 0x0000000082100000|100%|HC|  |TAMS 0x0000000082100000, 0x0000000082000000| Complete 
|  33|0x0000000082100000, 0x0000000082200000, 0x0000000082200000|100%|HC|  |TAMS 0x0000000082200000, 0x0000000082100000| Complete 
|  34|0x0000000082200000, 0x0000000082300000, 0x0000000082300000|100%|HS|  |TAMS 0x0000000082300000, 0x0000000082200000| Complete 
|  35|0x0000000082300000, 0x0000000082400000, 0x0000000082400000|100%|HC|  |TAMS 0x0000000082400000, 0x0000000082300000| Complete 
|  36|0x0000000082400000, 0x0000000082500000, 0x0000000082500000|100%|HS|  |TAMS 0x0000000082500000, 0x0000000082400000| Complete 
|  37|0x0000000082500000, 0x0000000082600000, 0x0000000082600000|100%|HC|  |TAMS 0x0000000082600000, 0x0000000082500000| Complete 
|  38|0x0000000082600000, 0x0000000082700000, 0x0000000082700000|100%|HC|  |TAMS 0x0000000082700000, 0x0000000082600000| Complete 
|  39|0x0000000082700000, 0x0000000082800000, 0x0000000082800000|100%|HC|  |TAMS 0x0000000082800000, 0x0000000082700000| Complete 
|  40|0x0000000082800000, 0x0000000082900000, 0x0000000082900000|100%|HC|  |TAMS 0x0000000082900000, 0x0000000082800000| Complete 
|  41|0x0000000082900000, 0x0000000082a00000, 0x0000000082a00000|100%| O|  |TAMS 0x0000000082a00000, 0x0000000082900000| Untracked 
|  42|0x0000000082a00000, 0x0000000082b00000, 0x0000000082b00000|100%| O|  |TAMS 0x0000000082b00000, 0x0000000082a00000| Untracked 
|  43|0x0000000082b00000, 0x0000000082c00000, 0x0000000082c00000|100%| O|  |TAMS 0x0000000082c00000, 0x0000000082b00000| Untracked 
|  44|0x0000000082c00000, 0x0000000082d00000, 0x0000000082d00000|100%| O|  |TAMS 0x0000000082d00000, 0x0000000082c00000| Untracked 
|  45|0x0000000082d00000, 0x0000000082e00000, 0x0000000082e00000|100%| O|  |TAMS 0x0000000082e00000, 0x0000000082d00000| Untracked 
|  46|0x0000000082e00000, 0x0000000082f00000, 0x0000000082f00000|100%| O|  |TAMS 0x0000000082f00000, 0x0000000082e00000| Untracked 
|  47|0x0000000082f00000, 0x0000000083000000, 0x0000000083000000|100%| O|  |TAMS 0x0000000083000000, 0x0000000082f00000| Untracked 
|  48|0x0000000083000000, 0x0000000083100000, 0x0000000083100000|100%| O|  |TAMS 0x0000000083100000, 0x0000000083000000| Untracked 
|  49|0x0000000083100000, 0x0000000083200000, 0x0000000083200000|100%| O|  |TAMS 0x0000000083200000, 0x0000000083100000| Untracked 
|  50|0x0000000083200000, 0x0000000083300000, 0x0000000083300000|100%| O|  |TAMS 0x0000000083300000, 0x0000000083200000| Untracked 
|  51|0x0000000083300000, 0x0000000083400000, 0x0000000083400000|100%| O|  |TAMS 0x0000000083400000, 0x0000000083300000| Untracked 
|  52|0x0000000083400000, 0x0000000083500000, 0x0000000083500000|100%| O|  |TAMS 0x0000000083500000, 0x0000000083400000| Untracked 
|  53|0x0000000083500000, 0x0000000083600000, 0x0000000083600000|100%|HS|  |TAMS 0x0000000083600000, 0x0000000083500000| Complete 
|  54|0x0000000083600000, 0x0000000083700000, 0x0000000083700000|100%|HC|  |TAMS 0x0000000083700000, 0x0000000083600000| Complete 
|  55|0x0000000083700000, 0x0000000083800000, 0x0000000083800000|100%| O|  |TAMS 0x0000000083800000, 0x0000000083700000| Untracked 
|  56|0x0000000083800000, 0x0000000083900000, 0x0000000083900000|100%| O|  |TAMS 0x0000000083900000, 0x0000000083800000| Untracked 
|  57|0x0000000083900000, 0x0000000083a00000, 0x0000000083a00000|100%| O|  |TAMS 0x0000000083a00000, 0x0000000083900000| Untracked 
|  58|0x0000000083a00000, 0x0000000083b00000, 0x0000000083b00000|100%| O|  |TAMS 0x0000000083b00000, 0x0000000083a00000| Untracked 
|  59|0x0000000083b00000, 0x0000000083c00000, 0x0000000083c00000|100%| O|  |TAMS 0x0000000083c00000, 0x0000000083b00000| Untracked 
|  60|0x0000000083c00000, 0x0000000083d00000, 0x0000000083d00000|100%| O|  |TAMS 0x0000000083d00000, 0x0000000083c00000| Untracked 
|  61|0x0000000083d00000, 0x0000000083e00000, 0x0000000083e00000|100%|HS|  |TAMS 0x0000000083e00000, 0x0000000083d00000| Complete 
|  62|0x0000000083e00000, 0x0000000083f00000, 0x0000000083f00000|100%|HC|  |TAMS 0x0000000083f00000, 0x0000000083e00000| Complete 
|  63|0x0000000083f00000, 0x0000000084000000, 0x0000000084000000|100%|HC|  |TAMS 0x0000000084000000, 0x0000000083f00000| Complete 
|  64|0x0000000084000000, 0x0000000084100000, 0x0000000084100000|100%|HC|  |TAMS 0x0000000084100000, 0x0000000084000000| Complete 
|  65|0x0000000084100000, 0x0000000084200000, 0x0000000084200000|100%|HC|  |TAMS 0x0000000084200000, 0x0000000084100000| Complete 
|  66|0x0000000084200000, 0x0000000084300000, 0x0000000084300000|100%|HC|  |TAMS 0x0000000084300000, 0x0000000084200000| Complete 
|  67|0x0000000084300000, 0x0000000084400000, 0x0000000084400000|100%|HC|  |TAMS 0x0000000084400000, 0x0000000084300000| Complete 
|  68|0x0000000084400000, 0x0000000084500000, 0x0000000084500000|100%|HC|  |TAMS 0x0000000084500000, 0x0000000084400000| Complete 
|  69|0x0000000084500000, 0x0000000084600000, 0x0000000084600000|100%|HC|  |TAMS 0x0000000084600000, 0x0000000084500000| Complete 
|  70|0x0000000084600000, 0x0000000084700000, 0x0000000084700000|100%|HC|  |TAMS 0x0000000084700000, 0x0000000084600000| Complete 
|  71|0x0000000084700000, 0x0000000084800000, 0x0000000084800000|100%|HS|  |TAMS 0x0000000084800000, 0x0000000084700000| Complete 
|  72|0x0000000084800000, 0x0000000084900000, 0x0000000084900000|100%|HC|  |TAMS 0x0000000084900000, 0x0000000084800000| Complete 
|  73|0x0000000084900000, 0x0000000084a00000, 0x0000000084a00000|100%|HC|  |TAMS 0x0000000084a00000, 0x0000000084900000| Complete 
|  74|0x0000000084a00000, 0x0000000084b00000, 0x0000000084b00000|100%|HS|  |TAMS 0x0000000084b00000, 0x0000000084a00000| Complete 
|  75|0x0000000084b00000, 0x0000000084c00000, 0x0000000084c00000|100%|HC|  |TAMS 0x0000000084c00000, 0x0000000084b00000| Complete 
|  76|0x0000000084c00000, 0x0000000084d00000, 0x0000000084d00000|100%|HS|  |TAMS 0x0000000084d00000, 0x0000000084c00000| Complete 
|  77|0x0000000084d00000, 0x0000000084e00000, 0x0000000084e00000|100%|HC|  |TAMS 0x0000000084e00000, 0x0000000084d00000| Complete 
|  78|0x0000000084e00000, 0x0000000084f00000, 0x0000000084f00000|100%|HC|  |TAMS 0x0000000084f00000, 0x0000000084e00000| Complete 
|  79|0x0000000084f00000, 0x0000000085000000, 0x0000000085000000|100%| O|  |TAMS 0x0000000085000000, 0x0000000084f00000| Untracked 
|  80|0x0000000085000000, 0x0000000085100000, 0x0000000085100000|100%| O|  |TAMS 0x0000000085100000, 0x0000000085000000| Untracked 
|  81|0x0000000085100000, 0x0000000085200000, 0x0000000085200000|100%| O|  |TAMS 0x0000000085200000, 0x0000000085100000| Untracked 
|  82|0x0000000085200000, 0x0000000085300000, 0x0000000085300000|100%| O|  |TAMS 0x0000000085300000, 0x0000000085200000| Untracked 
|  83|0x0000000085300000, 0x0000000085400000, 0x0000000085400000|100%| O|  |TAMS 0x0000000085400000, 0x0000000085300000| Untracked 
|  84|0x0000000085400000, 0x0000000085500000, 0x0000000085500000|100%| O|  |TAMS 0x0000000085500000, 0x0000000085400000| Untracked 
|  85|0x0000000085500000, 0x0000000085600000, 0x0000000085600000|100%|HS|  |TAMS 0x0000000085600000, 0x0000000085500000| Complete 
|  86|0x0000000085600000, 0x0000000085700000, 0x0000000085700000|100%|HC|  |TAMS 0x0000000085700000, 0x0000000085600000| Complete 
|  87|0x0000000085700000, 0x0000000085800000, 0x0000000085800000|100%|HC|  |TAMS 0x0000000085800000, 0x0000000085700000| Complete 
|  88|0x0000000085800000, 0x0000000085900000, 0x0000000085900000|100%|HC|  |TAMS 0x0000000085900000, 0x0000000085800000| Complete 
|  89|0x0000000085900000, 0x0000000085a00000, 0x0000000085a00000|100%|HC|  |TAMS 0x0000000085a00000, 0x0000000085900000| Complete 
|  90|0x0000000085a00000, 0x0000000085b00000, 0x0000000085b00000|100%| O|  |TAMS 0x0000000085b00000, 0x0000000085a00000| Untracked 
|  91|0x0000000085b00000, 0x0000000085c00000, 0x0000000085c00000|100%| O|  |TAMS 0x0000000085c00000, 0x0000000085b00000| Untracked 
|  92|0x0000000085c00000, 0x0000000085d00000, 0x0000000085d00000|100%| O|  |TAMS 0x0000000085d00000, 0x0000000085c00000| Untracked 
|  93|0x0000000085d00000, 0x0000000085e00000, 0x0000000085e00000|100%| O|  |TAMS 0x0000000085e00000, 0x0000000085d00000| Untracked 
|  94|0x0000000085e00000, 0x0000000085f00000, 0x0000000085f00000|100%| O|  |TAMS 0x0000000085f00000, 0x0000000085e00000| Untracked 
|  95|0x0000000085f00000, 0x0000000086000000, 0x0000000086000000|100%| O|  |TAMS 0x0000000086000000, 0x0000000085f00000| Untracked 
|  96|0x0000000086000000, 0x0000000086100000, 0x0000000086100000|100%| O|  |TAMS 0x0000000086100000, 0x0000000086000000| Untracked 
|  97|0x0000000086100000, 0x0000000086200000, 0x0000000086200000|100%| O|  |TAMS 0x0000000086200000, 0x0000000086100000| Untracked 
|  98|0x0000000086200000, 0x0000000086300000, 0x0000000086300000|100%| O|  |TAMS 0x0000000086300000, 0x0000000086200000| Untracked 
|  99|0x0000000086300000, 0x0000000086400000, 0x0000000086400000|100%| O|  |TAMS 0x0000000086400000, 0x0000000086300000| Untracked 
| 100|0x0000000086400000, 0x0000000086500000, 0x0000000086500000|100%| O|  |TAMS 0x0000000086500000, 0x0000000086400000| Untracked 
| 101|0x0000000086500000, 0x0000000086600000, 0x0000000086600000|100%|HS|  |TAMS 0x0000000086600000, 0x0000000086500000| Complete 
| 102|0x0000000086600000, 0x0000000086700000, 0x0000000086700000|100%|HS|  |TAMS 0x0000000086700000, 0x0000000086600000| Complete 
| 103|0x0000000086700000, 0x0000000086800000, 0x0000000086800000|100%| O|  |TAMS 0x0000000086800000, 0x0000000086700000| Untracked 
| 104|0x0000000086800000, 0x0000000086900000, 0x0000000086900000|100%| O|  |TAMS 0x0000000086900000, 0x0000000086800000| Untracked 
| 105|0x0000000086900000, 0x0000000086a00000, 0x0000000086a00000|100%| O|  |TAMS 0x0000000086a00000, 0x0000000086900000| Untracked 
| 106|0x0000000086a00000, 0x0000000086b00000, 0x0000000086b00000|100%| O|  |TAMS 0x0000000086b00000, 0x0000000086a00000| Untracked 
| 107|0x0000000086b00000, 0x0000000086c00000, 0x0000000086c00000|100%| O|  |TAMS 0x0000000086c00000, 0x0000000086b00000| Untracked 
| 108|0x0000000086c00000, 0x0000000086d00000, 0x0000000086d00000|100%| O|  |TAMS 0x0000000086d00000, 0x0000000086c00000| Untracked 
| 109|0x0000000086d00000, 0x0000000086e00000, 0x0000000086e00000|100%| O|  |TAMS 0x0000000086e00000, 0x0000000086d00000| Untracked 
| 110|0x0000000086e00000, 0x0000000086f00000, 0x0000000086f00000|100%| O|  |TAMS 0x0000000086f00000, 0x0000000086e00000| Untracked 
| 111|0x0000000086f00000, 0x0000000087000000, 0x0000000087000000|100%| O|  |TAMS 0x0000000087000000, 0x0000000086f00000| Untracked 
| 112|0x0000000087000000, 0x0000000087100000, 0x0000000087100000|100%| O|  |TAMS 0x0000000087100000, 0x0000000087000000| Untracked 
| 113|0x0000000087100000, 0x0000000087200000, 0x0000000087200000|100%| O|  |TAMS 0x0000000087200000, 0x0000000087100000| Untracked 
| 114|0x0000000087200000, 0x0000000087300000, 0x0000000087300000|100%| O|  |TAMS 0x0000000087300000, 0x0000000087200000| Untracked 
| 115|0x0000000087300000, 0x0000000087400000, 0x0000000087400000|100%| O|  |TAMS 0x0000000087400000, 0x0000000087300000| Untracked 
| 116|0x0000000087400000, 0x0000000087500000, 0x0000000087500000|100%| O|  |TAMS 0x0000000087500000, 0x0000000087400000| Untracked 
| 117|0x0000000087500000, 0x0000000087600000, 0x0000000087600000|100%| O|  |TAMS 0x0000000087600000, 0x0000000087500000| Untracked 
| 118|0x0000000087600000, 0x0000000087700000, 0x0000000087700000|100%| O|  |TAMS 0x0000000087700000, 0x0000000087600000| Untracked 
| 119|0x0000000087700000, 0x0000000087800000, 0x0000000087800000|100%| O|  |TAMS 0x0000000087800000, 0x0000000087700000| Untracked 
| 120|0x0000000087800000, 0x0000000087900000, 0x0000000087900000|100%| O|  |TAMS 0x0000000087900000, 0x0000000087800000| Untracked 
| 121|0x0000000087900000, 0x0000000087a00000, 0x0000000087a00000|100%| O|  |TAMS 0x0000000087a00000, 0x0000000087900000| Untracked 
| 122|0x0000000087a00000, 0x0000000087b00000, 0x0000000087b00000|100%| O|  |TAMS 0x0000000087b00000, 0x0000000087a00000| Untracked 
| 123|0x0000000087b00000, 0x0000000087c00000, 0x0000000087c00000|100%| O|  |TAMS 0x0000000087c00000, 0x0000000087b00000| Untracked 
| 124|0x0000000087c00000, 0x0000000087d00000, 0x0000000087d00000|100%|HS|  |TAMS 0x0000000087d00000, 0x0000000087c00000| Complete 
| 125|0x0000000087d00000, 0x0000000087e00000, 0x0000000087e00000|100%|HC|  |TAMS 0x0000000087e00000, 0x0000000087d00000| Complete 
| 126|0x0000000087e00000, 0x0000000087f00000, 0x0000000087f00000|100%|HS|  |TAMS 0x0000000087f00000, 0x0000000087e00000| Complete 
| 127|0x0000000087f00000, 0x0000000088000000, 0x0000000088000000|100%|HC|  |TAMS 0x0000000088000000, 0x0000000087f00000| Complete 
| 128|0x0000000088000000, 0x0000000088100000, 0x0000000088100000|100%|HC|  |TAMS 0x0000000088100000, 0x0000000088000000| Complete 
| 129|0x0000000088100000, 0x0000000088200000, 0x0000000088200000|100%|HS|  |TAMS 0x0000000088200000, 0x0000000088100000| Complete 
| 130|0x0000000088200000, 0x0000000088300000, 0x0000000088300000|100%|HC|  |TAMS 0x0000000088300000, 0x0000000088200000| Complete 
| 131|0x0000000088300000, 0x0000000088400000, 0x0000000088400000|100%|HC|  |TAMS 0x0000000088400000, 0x0000000088300000| Complete 
| 132|0x0000000088400000, 0x0000000088500000, 0x0000000088500000|100%|HS|  |TAMS 0x0000000088500000, 0x0000000088400000| Complete 
| 133|0x0000000088500000, 0x0000000088600000, 0x0000000088600000|100%|HC|  |TAMS 0x0000000088600000, 0x0000000088500000| Complete 
| 134|0x0000000088600000, 0x0000000088700000, 0x0000000088700000|100%|HS|  |TAMS 0x0000000088700000, 0x0000000088600000| Complete 
| 135|0x0000000088700000, 0x0000000088800000, 0x0000000088800000|100%|HC|  |TAMS 0x0000000088800000, 0x0000000088700000| Complete 
| 136|0x0000000088800000, 0x0000000088900000, 0x0000000088900000|100%|HC|  |TAMS 0x0000000088900000, 0x0000000088800000| Complete 
| 137|0x0000000088900000, 0x0000000088a00000, 0x0000000088a00000|100%|HC|  |TAMS 0x0000000088a00000, 0x0000000088900000| Complete 
| 138|0x0000000088a00000, 0x0000000088b00000, 0x0000000088b00000|100%|HC|  |TAMS 0x0000000088b00000, 0x0000000088a00000| Complete 
| 139|0x0000000088b00000, 0x0000000088c00000, 0x0000000088c00000|100%|HC|  |TAMS 0x0000000088c00000, 0x0000000088b00000| Complete 
| 140|0x0000000088c00000, 0x0000000088d00000, 0x0000000088d00000|100%|HC|  |TAMS 0x0000000088d00000, 0x0000000088c00000| Complete 
| 141|0x0000000088d00000, 0x0000000088e00000, 0x0000000088e00000|100%|HC|  |TAMS 0x0000000088e00000, 0x0000000088d00000| Complete 
| 142|0x0000000088e00000, 0x0000000088f00000, 0x0000000088f00000|100%|HC|  |TAMS 0x0000000088f00000, 0x0000000088e00000| Complete 
| 143|0x0000000088f00000, 0x0000000089000000, 0x0000000089000000|100%|HC|  |TAMS 0x0000000089000000, 0x0000000088f00000| Complete 
| 144|0x0000000089000000, 0x0000000089100000, 0x0000000089100000|100%|HS|  |TAMS 0x0000000089100000, 0x0000000089000000| Complete 
| 145|0x0000000089100000, 0x0000000089200000, 0x0000000089200000|100%|HC|  |TAMS 0x0000000089200000, 0x0000000089100000| Complete 
| 146|0x0000000089200000, 0x0000000089300000, 0x0000000089300000|100%|HS|  |TAMS 0x0000000089300000, 0x0000000089200000| Complete 
| 147|0x0000000089300000, 0x0000000089400000, 0x0000000089400000|100%|HC|  |TAMS 0x0000000089400000, 0x0000000089300000| Complete 
| 148|0x0000000089400000, 0x0000000089500000, 0x0000000089500000|100%|HC|  |TAMS 0x0000000089500000, 0x0000000089400000| Complete 
| 149|0x0000000089500000, 0x0000000089600000, 0x0000000089600000|100%|HC|  |TAMS 0x0000000089600000, 0x0000000089500000| Complete 
| 150|0x0000000089600000, 0x0000000089700000, 0x0000000089700000|100%|HC|  |TAMS 0x0000000089700000, 0x0000000089600000| Complete 
| 151|0x0000000089700000, 0x0000000089800000, 0x0000000089800000|100%| O|  |TAMS 0x0000000089800000, 0x0000000089700000| Untracked 
| 152|0x0000000089800000, 0x0000000089900000, 0x0000000089900000|100%| O|  |TAMS 0x0000000089900000, 0x0000000089800000| Untracked 
| 153|0x0000000089900000, 0x0000000089a00000, 0x0000000089a00000|100%| O|  |TAMS 0x0000000089a00000, 0x0000000089900000| Untracked 
| 154|0x0000000089a00000, 0x0000000089b00000, 0x0000000089b00000|100%| O|  |TAMS 0x0000000089b00000, 0x0000000089a00000| Untracked 
| 155|0x0000000089b00000, 0x0000000089c00000, 0x0000000089c00000|100%| O|  |TAMS 0x0000000089c00000, 0x0000000089b00000| Untracked 
| 156|0x0000000089c00000, 0x0000000089d00000, 0x0000000089d00000|100%| O|  |TAMS 0x0000000089d00000, 0x0000000089c00000| Untracked 
| 157|0x0000000089d00000, 0x0000000089e00000, 0x0000000089e00000|100%| O|  |TAMS 0x0000000089e00000, 0x0000000089d00000| Untracked 
| 158|0x0000000089e00000, 0x0000000089f00000, 0x0000000089f00000|100%| O|  |TAMS 0x0000000089f00000, 0x0000000089e00000| Untracked 
| 159|0x0000000089f00000, 0x000000008a000000, 0x000000008a000000|100%| O|  |TAMS 0x000000008a000000, 0x0000000089f00000| Untracked 
| 160|0x000000008a000000, 0x000000008a100000, 0x000000008a100000|100%| O|  |TAMS 0x000000008a100000, 0x000000008a000000| Untracked 
| 161|0x000000008a100000, 0x000000008a200000, 0x000000008a200000|100%| O|  |TAMS 0x000000008a200000, 0x000000008a100000| Untracked 
| 162|0x000000008a200000, 0x000000008a300000, 0x000000008a300000|100%| O|  |TAMS 0x000000008a300000, 0x000000008a200000| Untracked 
| 163|0x000000008a300000, 0x000000008a400000, 0x000000008a400000|100%| O|  |TAMS 0x000000008a400000, 0x000000008a300000| Untracked 
| 164|0x000000008a400000, 0x000000008a500000, 0x000000008a500000|100%| O|  |TAMS 0x000000008a500000, 0x000000008a400000| Untracked 
| 165|0x000000008a500000, 0x000000008a600000, 0x000000008a600000|100%| O|  |TAMS 0x000000008a600000, 0x000000008a500000| Untracked 
| 166|0x000000008a600000, 0x000000008a700000, 0x000000008a700000|100%| O|  |TAMS 0x000000008a700000, 0x000000008a600000| Untracked 
| 167|0x000000008a700000, 0x000000008a800000, 0x000000008a800000|100%| O|  |TAMS 0x000000008a800000, 0x000000008a700000| Untracked 
| 168|0x000000008a800000, 0x000000008a900000, 0x000000008a900000|100%| O|  |TAMS 0x000000008a900000, 0x000000008a800000| Untracked 
| 169|0x000000008a900000, 0x000000008aa00000, 0x000000008aa00000|100%| O|  |TAMS 0x000000008aa00000, 0x000000008a900000| Untracked 
| 170|0x000000008aa00000, 0x000000008aa9c600, 0x000000008ab00000| 61%| O|  |TAMS 0x000000008aa9c600, 0x000000008aa00000| Untracked 
| 171|0x000000008ab00000, 0x000000008ab00000, 0x000000008ac00000|  0%| F|  |TAMS 0x000000008ab00000, 0x000000008ab00000| Untracked 
| 172|0x000000008ac00000, 0x000000008ac00000, 0x000000008ad00000|  0%| F|  |TAMS 0x000000008ac00000, 0x000000008ac00000| Untracked 
| 173|0x000000008ad00000, 0x000000008ad00000, 0x000000008ae00000|  0%| F|  |TAMS 0x000000008ad00000, 0x000000008ad00000| Untracked 
| 174|0x000000008ae00000, 0x000000008ae00000, 0x000000008af00000|  0%| F|  |TAMS 0x000000008ae00000, 0x000000008ae00000| Untracked 
| 175|0x000000008af00000, 0x000000008af00000, 0x000000008b000000|  0%| F|  |TAMS 0x000000008af00000, 0x000000008af00000| Untracked 
| 176|0x000000008b000000, 0x000000008b000000, 0x000000008b100000|  0%| F|  |TAMS 0x000000008b000000, 0x000000008b000000| Untracked 
| 177|0x000000008b100000, 0x000000008b100000, 0x000000008b200000|  0%| F|  |TAMS 0x000000008b100000, 0x000000008b100000| Untracked 
| 178|0x000000008b200000, 0x000000008b200000, 0x000000008b300000|  0%| F|  |TAMS 0x000000008b200000, 0x000000008b200000| Untracked 
| 179|0x000000008b300000, 0x000000008b300000, 0x000000008b400000|  0%| F|  |TAMS 0x000000008b300000, 0x000000008b300000| Untracked 
| 180|0x000000008b400000, 0x000000008b400000, 0x000000008b500000|  0%| F|  |TAMS 0x000000008b400000, 0x000000008b400000| Untracked 
| 181|0x000000008b500000, 0x000000008b500000, 0x000000008b600000|  0%| F|  |TAMS 0x000000008b500000, 0x000000008b500000| Untracked 
| 182|0x000000008b600000, 0x000000008b600000, 0x000000008b700000|  0%| F|  |TAMS 0x000000008b600000, 0x000000008b600000| Untracked 
| 183|0x000000008b700000, 0x000000008b700000, 0x000000008b800000|  0%| F|  |TAMS 0x000000008b700000, 0x000000008b700000| Untracked 
| 184|0x000000008b800000, 0x000000008b800000, 0x000000008b900000|  0%| F|  |TAMS 0x000000008b800000, 0x000000008b800000| Untracked 
| 185|0x000000008b900000, 0x000000008b900000, 0x000000008ba00000|  0%| F|  |TAMS 0x000000008b900000, 0x000000008b900000| Untracked 
| 186|0x000000008ba00000, 0x000000008ba00000, 0x000000008bb00000|  0%| F|  |TAMS 0x000000008ba00000, 0x000000008ba00000| Untracked 
| 187|0x000000008bb00000, 0x000000008bb00000, 0x000000008bc00000|  0%| F|  |TAMS 0x000000008bb00000, 0x000000008bb00000| Untracked 
| 188|0x000000008bc00000, 0x000000008bc00000, 0x000000008bd00000|  0%| F|  |TAMS 0x000000008bc00000, 0x000000008bc00000| Untracked 
| 189|0x000000008bd00000, 0x000000008bd00000, 0x000000008be00000|  0%| F|  |TAMS 0x000000008bd00000, 0x000000008bd00000| Untracked 
| 190|0x000000008be00000, 0x000000008be00000, 0x000000008bf00000|  0%| F|  |TAMS 0x000000008be00000, 0x000000008be00000| Untracked 
| 191|0x000000008bf00000, 0x000000008bf00000, 0x000000008c000000|  0%| F|  |TAMS 0x000000008bf00000, 0x000000008bf00000| Untracked 
| 192|0x000000008c000000, 0x000000008c000000, 0x000000008c100000|  0%| F|  |TAMS 0x000000008c000000, 0x000000008c000000| Untracked 
| 193|0x000000008c100000, 0x000000008c100000, 0x000000008c200000|  0%| F|  |TAMS 0x000000008c100000, 0x000000008c100000| Untracked 
| 194|0x000000008c200000, 0x000000008c200000, 0x000000008c300000|  0%| F|  |TAMS 0x000000008c200000, 0x000000008c200000| Untracked 
| 195|0x000000008c300000, 0x000000008c337360, 0x000000008c400000| 21%| S|CS|TAMS 0x000000008c300000, 0x000000008c300000| Complete 
| 196|0x000000008c400000, 0x000000008c400000, 0x000000008c500000|  0%| F|  |TAMS 0x000000008c400000, 0x000000008c400000| Untracked 
| 197|0x000000008c500000, 0x000000008c600000, 0x000000008c600000|100%| S|CS|TAMS 0x000000008c500000, 0x000000008c500000| Complete 
| 198|0x000000008c600000, 0x000000008c600000, 0x000000008c700000|  0%| F|  |TAMS 0x000000008c600000, 0x000000008c600000| Untracked 
| 199|0x000000008c700000, 0x000000008c700000, 0x000000008c800000|  0%| F|  |TAMS 0x000000008c700000, 0x000000008c700000| Untracked 
| 200|0x000000008c800000, 0x000000008c800000, 0x000000008c900000|  0%| F|  |TAMS 0x000000008c800000, 0x000000008c800000| Untracked 
| 201|0x000000008c900000, 0x000000008c900000, 0x000000008ca00000|  0%| F|  |TAMS 0x000000008c900000, 0x000000008c900000| Untracked 
| 202|0x000000008ca00000, 0x000000008ca00000, 0x000000008cb00000|  0%| F|  |TAMS 0x000000008ca00000, 0x000000008ca00000| Untracked 
| 203|0x000000008cb00000, 0x000000008cb00000, 0x000000008cc00000|  0%| F|  |TAMS 0x000000008cb00000, 0x000000008cb00000| Untracked 
| 204|0x000000008cc00000, 0x000000008cc00000, 0x000000008cd00000|  0%| F|  |TAMS 0x000000008cc00000, 0x000000008cc00000| Untracked 
| 205|0x000000008cd00000, 0x000000008cd00000, 0x000000008ce00000|  0%| F|  |TAMS 0x000000008cd00000, 0x000000008cd00000| Untracked 
| 206|0x000000008ce00000, 0x000000008ce00000, 0x000000008cf00000|  0%| F|  |TAMS 0x000000008ce00000, 0x000000008ce00000| Untracked 
| 207|0x000000008cf00000, 0x000000008cf00000, 0x000000008d000000|  0%| F|  |TAMS 0x000000008cf00000, 0x000000008cf00000| Untracked 
| 208|0x000000008d000000, 0x000000008d000000, 0x000000008d100000|  0%| F|  |TAMS 0x000000008d000000, 0x000000008d000000| Untracked 
| 209|0x000000008d100000, 0x000000008d100000, 0x000000008d200000|  0%| F|  |TAMS 0x000000008d100000, 0x000000008d100000| Untracked 
| 210|0x000000008d200000, 0x000000008d200000, 0x000000008d300000|  0%| F|  |TAMS 0x000000008d200000, 0x000000008d200000| Untracked 
| 211|0x000000008d300000, 0x000000008d300000, 0x000000008d400000|  0%| F|  |TAMS 0x000000008d300000, 0x000000008d300000| Untracked 
| 212|0x000000008d400000, 0x000000008d400000, 0x000000008d500000|  0%| F|  |TAMS 0x000000008d400000, 0x000000008d400000| Untracked 
| 213|0x000000008d500000, 0x000000008d500000, 0x000000008d600000|  0%| F|  |TAMS 0x000000008d500000, 0x000000008d500000| Untracked 
| 214|0x000000008d600000, 0x000000008d600000, 0x000000008d700000|  0%| F|  |TAMS 0x000000008d600000, 0x000000008d600000| Untracked 
| 215|0x000000008d700000, 0x000000008d700000, 0x000000008d800000|  0%| F|  |TAMS 0x000000008d700000, 0x000000008d700000| Untracked 

Card table byte_map: [0x00000198d7600000,0x00000198d7a00000] _byte_map_base: 0x00000198d7200000

Marking Bits (Prev, Next): (CMBitMap*) 0x00000198c4716108, (CMBitMap*) 0x00000198c4716140
 Prev Bits: [0x00000198d7e00000, 0x00000198d9e00000)
 Next Bits: [0x00000198d9e00000, 0x00000198dbe00000)

Polling page: 0x00000198c2630000

Metaspace:

Usage:
  Non-class:     95.22 MB capacity,    93.33 MB ( 98%) used,     1.57 MB (  2%) free+waste,   336.31 KB ( <1%) overhead. 
      Class:     14.86 MB capacity,    13.74 MB ( 92%) used,   988.83 KB (  6%) free+waste,   157.88 KB (  1%) overhead. 
       Both:    110.08 MB capacity,   107.07 MB ( 97%) used,     2.53 MB (  2%) free+waste,   494.19 KB ( <1%) overhead. 

Virtual space:
  Non-class space:       96.00 MB reserved,      95.42 MB (>99%) committed 
      Class space:        1.00 GB reserved,      14.91 MB (  1%) committed 
             Both:        1.09 GB reserved,     110.33 MB ( 10%) committed 

Chunk freelists:
   Non-Class:  12.00 KB
       Class:  0 bytes
        Both:  12.00 KB

MaxMetaspaceSize: 17179869184.00 GB
CompressedClassSpaceSize: 1.00 GB
Initial GC threshold: 20.80 MB
Current GC threshold: 183.46 MB
CDS: off

CodeHeap 'non-profiled nmethods': size=120064Kb used=8483Kb max_used=8483Kb free=111580Kb
 bounds [0x00000198cfcc0000, 0x00000198d0510000, 0x00000198d7200000]
CodeHeap 'profiled nmethods': size=120000Kb used=28956Kb max_used=28956Kb free=91043Kb
 bounds [0x00000198c8790000, 0x00000198ca3e0000, 0x00000198cfcc0000]
CodeHeap 'non-nmethods': size=5696Kb used=2468Kb max_used=2508Kb free=3227Kb
 bounds [0x00000198c8200000, 0x00000198c8490000, 0x00000198c8790000]
 total_blobs=13546 nmethods=12555 adapters=903
 compilation: enabled
              stopped_count=0, restarted_count=0
 full_count=0

Compilation events (20 events):
Event: 44.049 Thread 0x00000198de313000 12679       3       org.gradle.internal.execution.fingerprint.InputFingerprinter$FileValueSupplier::<init> (32 bytes)
Event: 44.050 Thread 0x00000198de313000 nmethod 12679 0x00000198ca3d3910 code [0x00000198ca3d3ae0, 0x00000198ca3d3e18]
Event: 44.051 Thread 0x00000198de313000 12680       3       org.gradle.internal.snapshot.AbstractIncompleteFileSystemNode::invalidate (65 bytes)
Event: 44.053 Thread 0x00000198de313000 nmethod 12680 0x00000198ca3d3f10 code [0x00000198ca3d41c0, 0x00000198ca3d4fa8]
Event: 44.067 Thread 0x00000198de306800 nmethod 12669 0x00000198d0503e90 code [0x00000198d0504040, 0x00000198d0504838]
Event: 44.067 Thread 0x00000198de306800 12676       4       org.gradle.internal.snapshot.MediumChildMap::withNode (67 bytes)
Event: 44.071 Thread 0x00000198de313000 12682       3       java.io.File::getParentFile (41 bytes)
Event: 44.071 Thread 0x00000198de313000 nmethod 12682 0x00000198ca3d5410 code [0x00000198ca3d5600, 0x00000198ca3d59d8]
Event: 44.127 Thread 0x00000198de306800 nmethod 12676 0x00000198d0504b90 code [0x00000198d0504e20, 0x00000198d0505f70]
Event: 44.127 Thread 0x00000198de306800 12675       4       org.gradle.internal.hash.HashCode::toStringBuilder (67 bytes)
Event: 44.165 Thread 0x00000198de306800 nmethod 12675 0x00000198d0506b10 code [0x00000198d0506d00, 0x00000198d0507af8]
Event: 44.165 Thread 0x00000198de306800 12677       4       org.gradle.internal.snapshot.AbstractIncompleteFileSystemNode::getSnapshot (15 bytes)
Event: 44.169 Thread 0x00000198de306800 nmethod 12677 0x00000198d0508290 code [0x00000198d0508440, 0x00000198d0508578]
Event: 44.169 Thread 0x00000198de306800 12681       4       com.google.common.cache.LocalCache$StrongValueReference::notifyNewValue (1 bytes)
Event: 44.169 Thread 0x00000198de306800 nmethod 12681 0x00000198d0508710 code [0x00000198d05088a0, 0x00000198d05088f8]
Event: 44.169 Thread 0x00000198de306800 12678       4       com.google.common.collect.ImmutableSortedMap::size (8 bytes)
Event: 44.170 Thread 0x00000198de306800 nmethod 12678 0x00000198d0508a10 code [0x00000198d0508ba0, 0x00000198d0508c38]
Event: 44.176 Thread 0x00000198de313000 12683       3       org.gradle.internal.snapshot.DirectorySnapshot::<init> (41 bytes)
Event: 44.178 Thread 0x00000198de313000 nmethod 12683 0x00000198ca3d5b10 code [0x00000198ca3d5de0, 0x00000198ca3d6de8]
Event: 44.180 Thread 0x00000198de306800 12684       4       com.google.common.collect.ImmutableMap$Builder::put (35 bytes)

GC Heap History (20 events):
Event: 37.421 GC heap after
{Heap after GC invocations=89 (full 0):
 garbage-first heap   total 221184K, used 173488K [0x0000000080000000, 0x0000000100000000)
  region size 1024K, 1 young (1024K), 1 survivors (1024K)
 Metaspace       used 101919K, capacity 104753K, committed 105040K, reserved 1140736K
  class space    used 13157K, capacity 14171K, committed 14240K, reserved 1048576K
}
Event: 37.540 GC heap before
{Heap before GC invocations=90 (full 0):
 garbage-first heap   total 221184K, used 193968K [0x0000000080000000, 0x0000000100000000)
  region size 1024K, 21 young (21504K), 1 survivors (1024K)
 Metaspace       used 101921K, capacity 104753K, committed 105040K, reserved 1140736K
  class space    used 13157K, capacity 14171K, committed 14240K, reserved 1048576K
}
Event: 37.541 GC heap after
{Heap after GC invocations=91 (full 0):
 garbage-first heap   total 221184K, used 173553K [0x0000000080000000, 0x0000000100000000)
  region size 1024K, 1 young (1024K), 1 survivors (1024K)
 Metaspace       used 101921K, capacity 104753K, committed 105040K, reserved 1140736K
  class space    used 13157K, capacity 14171K, committed 14240K, reserved 1048576K
}
Event: 37.738 GC heap before
{Heap before GC invocations=91 (full 0):
 garbage-first heap   total 221184K, used 195057K [0x0000000080000000, 0x0000000100000000)
  region size 1024K, 22 young (22528K), 1 survivors (1024K)
 Metaspace       used 101921K, capacity 104753K, committed 105040K, reserved 1140736K
  class space    used 13157K, capacity 14171K, committed 14240K, reserved 1048576K
}
Event: 37.740 GC heap after
{Heap after GC invocations=92 (full 0):
 garbage-first heap   total 221184K, used 173581K [0x0000000080000000, 0x0000000100000000)
  region size 1024K, 1 young (1024K), 1 survivors (1024K)
 Metaspace       used 101921K, capacity 104753K, committed 105040K, reserved 1140736K
  class space    used 13157K, capacity 14171K, committed 14240K, reserved 1048576K
}
Event: 38.270 GC heap before
{Heap before GC invocations=93 (full 0):
 garbage-first heap   total 221184K, used 195085K [0x0000000080000000, 0x0000000100000000)
  region size 1024K, 22 young (22528K), 1 survivors (1024K)
 Metaspace       used 101937K, capacity 104753K, committed 105040K, reserved 1140736K
  class space    used 13158K, capacity 14171K, committed 14240K, reserved 1048576K
}
Event: 38.272 GC heap after
{Heap after GC invocations=94 (full 0):
 garbage-first heap   total 221184K, used 173632K [0x0000000080000000, 0x0000000100000000)
  region size 1024K, 1 young (1024K), 1 survivors (1024K)
 Metaspace       used 101937K, capacity 104753K, committed 105040K, reserved 1140736K
  class space    used 13158K, capacity 14171K, committed 14240K, reserved 1048576K
}
Event: 38.525 GC heap before
{Heap before GC invocations=94 (full 0):
 garbage-first heap   total 221184K, used 195136K [0x0000000080000000, 0x0000000100000000)
  region size 1024K, 22 young (22528K), 1 survivors (1024K)
 Metaspace       used 101937K, capacity 104753K, committed 105040K, reserved 1140736K
  class space    used 13158K, capacity 14171K, committed 14240K, reserved 1048576K
}
Event: 38.527 GC heap after
{Heap after GC invocations=95 (full 0):
 garbage-first heap   total 221184K, used 173749K [0x0000000080000000, 0x0000000100000000)
  region size 1024K, 1 young (1024K), 1 survivors (1024K)
 Metaspace       used 101937K, capacity 104753K, committed 105040K, reserved 1140736K
  class space    used 13158K, capacity 14171K, committed 14240K, reserved 1048576K
}
Event: 38.667 GC heap before
{Heap before GC invocations=95 (full 0):
 garbage-first heap   total 221184K, used 195253K [0x0000000080000000, 0x0000000100000000)
  region size 1024K, 22 young (22528K), 1 survivors (1024K)
 Metaspace       used 101938K, capacity 104753K, committed 105040K, reserved 1140736K
  class space    used 13158K, capacity 14171K, committed 14240K, reserved 1048576K
}
Event: 38.669 GC heap after
{Heap after GC invocations=96 (full 0):
 garbage-first heap   total 221184K, used 173696K [0x0000000080000000, 0x0000000100000000)
  region size 1024K, 1 young (1024K), 1 survivors (1024K)
 Metaspace       used 101938K, capacity 104753K, committed 105040K, reserved 1140736K
  class space    used 13158K, capacity 14171K, committed 14240K, reserved 1048576K
}
Event: 39.499 GC heap before
{Heap before GC invocations=97 (full 0):
 garbage-first heap   total 221184K, used 195200K [0x0000000080000000, 0x0000000100000000)
  region size 1024K, 22 young (22528K), 1 survivors (1024K)
 Metaspace       used 104675K, capacity 107515K, committed 107728K, reserved 1142784K
  class space    used 13545K, capacity 14601K, committed 14624K, reserved 1048576K
}
Event: 39.506 GC heap after
{Heap after GC invocations=98 (full 0):
 garbage-first heap   total 221184K, used 172329K [0x0000000080000000, 0x0000000100000000)
  region size 1024K, 2 young (2048K), 2 survivors (2048K)
 Metaspace       used 104675K, capacity 107515K, committed 107728K, reserved 1142784K
  class space    used 13545K, capacity 14601K, committed 14624K, reserved 1048576K
}
Event: 40.260 GC heap before
{Heap before GC invocations=98 (full 0):
 garbage-first heap   total 221184K, used 193833K [0x0000000080000000, 0x0000000100000000)
  region size 1024K, 23 young (23552K), 2 survivors (2048K)
 Metaspace       used 107826K, capacity 110783K, committed 111056K, reserved 1144832K
  class space    used 13951K, capacity 15065K, committed 15136K, reserved 1048576K
}
Event: 40.267 GC heap after
{Heap after GC invocations=99 (full 0):
 garbage-first heap   total 221184K, used 173047K [0x0000000080000000, 0x0000000100000000)
  region size 1024K, 2 young (2048K), 2 survivors (2048K)
 Metaspace       used 107826K, capacity 110783K, committed 111056K, reserved 1144832K
  class space    used 13951K, capacity 15065K, committed 15136K, reserved 1048576K
}
Event: 41.201 GC heap before
{Heap before GC invocations=100 (full 0):
 garbage-first heap   total 221184K, used 193443K [0x0000000080000000, 0x0000000100000000)
  region size 1024K, 23 young (23552K), 2 survivors (2048K)
 Metaspace       used 109356K, capacity 112383K, committed 112464K, reserved 1146880K
  class space    used 14059K, capacity 15201K, committed 15264K, reserved 1048576K
}
Event: 41.213 GC heap after
{Heap after GC invocations=101 (full 0):
 garbage-first heap   total 221184K, used 174712K [0x0000000080000000, 0x0000000100000000)
  region size 1024K, 3 young (3072K), 3 survivors (3072K)
 Metaspace       used 109356K, capacity 112383K, committed 112464K, reserved 1146880K
  class space    used 14059K, capacity 15201K, committed 15264K, reserved 1048576K
}
Event: 42.567 GC heap before
{Heap before GC invocations=101 (full 0):
 garbage-first heap   total 221184K, used 193144K [0x0000000080000000, 0x0000000100000000)
  region size 1024K, 22 young (22528K), 3 survivors (3072K)
 Metaspace       used 109563K, capacity 112651K, committed 112720K, reserved 1146880K
  class space    used 14065K, capacity 15212K, committed 15264K, reserved 1048576K
}
Event: 42.577 GC heap after
{Heap after GC invocations=102 (full 0):
 garbage-first heap   total 221184K, used 175379K [0x0000000080000000, 0x0000000100000000)
  region size 1024K, 1 young (1024K), 1 survivors (1024K)
 Metaspace       used 109563K, capacity 112651K, committed 112720K, reserved 1146880K
  class space    used 14065K, capacity 15212K, committed 15264K, reserved 1048576K
}
Event: 44.189 GC heap before
{Heap before GC invocations=103 (full 0):
 garbage-first heap   total 221184K, used 192787K [0x0000000080000000, 0x0000000100000000)
  region size 1024K, 19 young (19456K), 1 survivors (1024K)
 Metaspace       used 109635K, capacity 112721K, committed 112976K, reserved 1146880K
  class space    used 14066K, capacity 15213K, committed 15264K, reserved 1048576K
}

Deoptimization events (20 events):
Event: 43.732 Thread 0x00000198e2153800 Uncommon trap: trap_request=0xffffff4d fr.pc=0x00000198d03b7a14 relative=0x0000000000000354
Event: 43.732 Thread 0x00000198e2153800 Uncommon trap: reason=unstable_if action=reinterpret pc=0x00000198d03b7a14 method=java.util.concurrent.ConcurrentLinkedQueue.offer(Ljava/lang/Object;)Z @ 42 c2
Event: 43.733 Thread 0x00000198e2153800 DEOPT PACKING pc=0x00000198d03b7a14 sp=0x00000076183fa350
Event: 43.733 Thread 0x00000198e2153800 DEOPT UNPACKING pc=0x00000198c82085af sp=0x00000076183fa300 mode 2
Event: 43.747 Thread 0x00000198dfd1f800 DEOPT PACKING pc=0x00000198c927e5b1 sp=0x0000007619efa720
Event: 43.747 Thread 0x00000198dfd1f800 DEOPT UNPACKING pc=0x00000198c8249d0e sp=0x0000007619ef9be8 mode 0
Event: 43.775 Thread 0x00000198dfd1f800 Uncommon trap: trap_request=0xffffff4d fr.pc=0x00000198d02dca70 relative=0x00000000000004b0
Event: 43.775 Thread 0x00000198dfd1f800 Uncommon trap: reason=unstable_if action=reinterpret pc=0x00000198d02dca70 method=java.util.concurrent.ConcurrentLinkedQueue.poll()Ljava/lang/Object; @ 24 c2
Event: 43.775 Thread 0x00000198dfd1f800 DEOPT PACKING pc=0x00000198d02dca70 sp=0x0000007619efa570
Event: 43.775 Thread 0x00000198dfd1f800 DEOPT UNPACKING pc=0x00000198c82085af sp=0x0000007619efa528 mode 2
Event: 43.892 Thread 0x00000198e2149800 Uncommon trap: trap_request=0xffffff4d fr.pc=0x00000198d04df510 relative=0x00000000000006d0
Event: 43.892 Thread 0x00000198e2149800 Uncommon trap: reason=unstable_if action=reinterpret pc=0x00000198d04df510 method=java.io.BufferedOutputStream.flushBuffer()V @ 4 c2
Event: 43.892 Thread 0x00000198e2149800 DEOPT PACKING pc=0x00000198d04df510 sp=0x0000007617dfe680
Event: 43.892 Thread 0x00000198e2149800 DEOPT UNPACKING pc=0x00000198c82085af sp=0x0000007617dfe568 mode 2
Event: 43.893 Thread 0x00000198e2149800 Uncommon trap: trap_request=0xffffff4d fr.pc=0x00000198d04e08e8 relative=0x00000000000005c8
Event: 43.893 Thread 0x00000198e2149800 Uncommon trap: reason=unstable_if action=reinterpret pc=0x00000198d04e08e8 method=java.io.BufferedOutputStream.flushBuffer()V @ 4 c2
Event: 43.893 Thread 0x00000198e2149800 DEOPT PACKING pc=0x00000198d04e08e8 sp=0x0000007617dfe5e0
Event: 43.893 Thread 0x00000198e2149800 DEOPT UNPACKING pc=0x00000198c82085af sp=0x0000007617dfe550 mode 2
Event: 43.905 Thread 0x00000198dfd27000 DEOPT PACKING pc=0x00000198c9f22bc4 sp=0x000000761a5fae70
Event: 43.905 Thread 0x00000198dfd27000 DEOPT UNPACKING pc=0x00000198c8249d0e sp=0x000000761a5fa410 mode 0

Classes redefined (0 events):
No events

Internal exceptions (20 events):
Event: 35.655 Thread 0x00000198e0474000 Exception <a 'sun/nio/fs/WindowsException'{0x000000008c404b80}> (0x000000008c404b80) thrown at [src/hotspot/share/prims/jni.cpp, line 617]
Event: 35.655 Thread 0x00000198e0474000 Exception <a 'sun/nio/fs/WindowsException'{0x000000008c405f48}> (0x000000008c405f48) thrown at [src/hotspot/share/prims/jni.cpp, line 617]
Event: 35.751 Thread 0x00000198e0474000 Exception <a 'java/lang/NoSuchMethodError'{0x000000008be5db80}: 'java.lang.Object java.lang.invoke.DirectMethodHandle$Holder.invokeStatic(java.lang.Object, java.lang.Object, java.lang.Object, java.lang.Object, java.lang.Object, java.lang.Object, int)'> (0x000000008be5db80) thrown at [src/hotspot/share/interpreter/linkResolver.cpp, line 773]
Event: 35.753 Thread 0x00000198e0474000 Exception <a 'java/lang/NoSuchMethodError'{0x000000008be75cf0}: 'java.lang.Object java.lang.invoke.DirectMethodHandle$Holder.invokeStatic(java.lang.Object, java.lang.Object, java.lang.Object, java.lang.Object, java.lang.Object, java.lang.Object, int, int)'> (0x000000008be75cf0) thrown at [src/hotspot/share/interpreter/linkResolver.cpp, line 773]
Event: 35.754 Thread 0x00000198e0474000 Exception <a 'java/lang/NoSuchMethodError'{0x000000008be8e550}: 'java.lang.Object java.lang.invoke.DirectMethodHandle$Holder.invokeStatic(java.lang.Object, java.lang.Object, java.lang.Object, java.lang.Object, java.lang.Object, java.lang.Object, int, int, java.lang.Object)'> (0x000000008be8e550) thrown at [src/hotspot/share/interpreter/linkResolver.cpp, line 773]
Event: 35.861 Thread 0x00000198e0474000 Exception <a 'java/lang/NoSuchMethodError'{0x000000008d288808}: 'int java.lang.invoke.DirectMethodHandle$Holder.invokeSpecialIFC(java.lang.Object, java.lang.Object, java.lang.Object)'> (0x000000008d288808) thrown at [src/hotspot/share/interpreter/linkResolver.cpp, line 773]
Event: 35.935 Thread 0x00000198e0474000 Exception <a 'java/lang/NoSuchMethodError'{0x000000008ce21ee0}: 'java.lang.Object java.lang.invoke.DirectMethodHandle$Holder.invokeStatic(java.lang.Object, java.lang.Object, java.lang.Object, java.lang.Object, int, java.lang.Object)'> (0x000000008ce21ee0) thrown at [src/hotspot/share/interpreter/linkResolver.cpp, line 773]
Event: 35.935 Thread 0x00000198e0474000 Exception <a 'java/lang/NoSuchMethodError'{0x000000008ce267b0}: 'java.lang.Object java.lang.invoke.DirectMethodHandle$Holder.invokeSpecial(java.lang.Object, java.lang.Object, java.lang.Object, java.lang.Object, java.lang.Object, int, java.lang.Object)'> (0x000000008ce267b0) thrown at [src/hotspot/share/interpreter/linkResolver.cpp, line 773]
Event: 35.936 Thread 0x00000198e0474000 Exception <a 'java/lang/NoSuchMethodError'{0x000000008ce2aa40}: 'java.lang.Object java.lang.invoke.Invokers$Holder.linkToTargetMethod(java.lang.Object, java.lang.Object, java.lang.Object, int, java.lang.Object, java.lang.Object)'> (0x000000008ce2aa40) thrown at [src/hotspot/share/interpreter/linkResolver.cpp, line 773]
Event: 36.146 Thread 0x00000198e0474000 Exception <a 'java/lang/NoSuchMethodError'{0x000000008be2a280}: 'void java.lang.invoke.DirectMethodHandle$Holder.invokeStatic(java.lang.Object, java.lang.Object, java.lang.Object, java.lang.Object, int, java.lang.Object, java.lang.Object)'> (0x000000008be2a280) thrown at [src/hotspot/share/interpreter/linkResolver.cpp, line 773]
Event: 36.173 Thread 0x00000198e0474000 Exception <a 'java/lang/IncompatibleClassChangeError'{0x000000008d7e8310}: Found class java.lang.Object, but interface was expected> (0x000000008d7e8310) thrown at [src/hotspot/share/interpreter/linkResolver.cpp, line 839]
Event: 36.202 Thread 0x00000198e2151000 Exception <a 'java/lang/IncompatibleClassChangeError'{0x000000008d5e5ce8}: Found class java.lang.Object, but interface was expected> (0x000000008d5e5ce8) thrown at [src/hotspot/share/interpreter/linkResolver.cpp, line 839]
Event: 38.803 Thread 0x00000198e2151000 Exception <a 'java/lang/NoSuchMethodError'{0x000000008d385158}: 'java.lang.Object java.lang.invoke.DirectMethodHandle$Holder.newInvokeSpecial(java.lang.Object, java.lang.Object, java.lang.Object, java.lang.Object)'> (0x000000008d385158) thrown at [src/hotspot/share/interpreter/linkResolver.cpp, line 773]
Event: 39.220 Thread 0x00000198e0474000 Exception <a 'java/lang/NoSuchMethodError'{0x000000008cabe888}: 'java.lang.Object java.lang.invoke.DirectMethodHandle$Holder.newInvokeSpecial(java.lang.Object, int)'> (0x000000008cabe888) thrown at [src/hotspot/share/interpreter/linkResolver.cpp, line 773]
Event: 39.527 Thread 0x00000198e0474000 Exception <a 'java/lang/NoSuchMethodError'{0x000000008d7896d8}: 'java.lang.Object java.lang.invoke.DirectMethodHandle$Holder.invokeStaticInit(java.lang.Object, java.lang.Object, java.lang.Object, java.lang.Object, java.lang.Object, java.lang.Object, java.lang.Object, java.lang.Object, java.lang.Object, java.lang.Object, java.lang.Object, java.lang.Object, java.lang.Object, java.lang.Object, java.lang.Object, java.lang.Object, java.lang.Object, java.lang.Object, java.lang.Object, int, java.lang.Object, java
Event: 39.807 Thread 0x00000198e0474000 Exception <a 'java/lang/NoSuchMethodError'{0x000000008d0b9aa8}: 'java.lang.Object java.lang.invoke.DirectMethodHandle$Holder.invokeStatic(java.lang.Object, int, java.lang.Object, java.lang.Object)'> (0x000000008d0b9aa8) thrown at [src/hotspot/share/interpreter/linkResolver.cpp, line 773]
Event: 40.933 Thread 0x00000198dfd24000 Exception <a 'java/lang/NoSuchMethodError'{0x000000008c525e38}: 'java.lang.Object java.lang.invoke.DirectMethodHandle$Holder.invokeSpecialIFC(java.lang.Object, java.lang.Object, java.lang.Object)'> (0x000000008c525e38) thrown at [src/hotspot/share/interpreter/linkResolver.cpp, line 773]
Event: 40.933 Thread 0x00000198e233c000 Exception <a 'java/lang/NoSuchMethodError'{0x000000008c513fb8}: 'java.lang.Object java.lang.invoke.DirectMethodHandle$Holder.invokeSpecialIFC(java.lang.Object, java.lang.Object, java.lang.Object)'> (0x000000008c513fb8) thrown at [src/hotspot/share/interpreter/linkResolver.cpp, line 773]
Event: 40.933 Thread 0x00000198dfd1f800 Exception <a 'java/lang/NoSuchMethodError'{0x000000008c52b998}: 'java.lang.Object java.lang.invoke.DirectMethodHandle$Holder.invokeSpecialIFC(java.lang.Object, java.lang.Object, java.lang.Object)'> (0x000000008c52b998) thrown at [src/hotspot/share/interpreter/linkResolver.cpp, line 773]
Event: 40.933 Thread 0x00000198e0474000 Exception <a 'java/lang/NoSuchMethodError'{0x000000008c710f08}: 'java.lang.Object java.lang.invoke.DirectMethodHandle$Holder.invokeSpecialIFC(java.lang.Object, java.lang.Object, java.lang.Object)'> (0x000000008c710f08) thrown at [src/hotspot/share/interpreter/linkResolver.cpp, line 773]

Events (20 events):
Event: 42.767 Executing VM operation: RevokeBias done
Event: 42.831 Executing VM operation: RevokeBias
Event: 42.832 Executing VM operation: RevokeBias done
Event: 42.847 Executing VM operation: RevokeBias
Event: 42.848 Executing VM operation: RevokeBias done
Event: 42.852 Executing VM operation: CGC_Operation
Event: 42.873 Executing VM operation: CGC_Operation done
Event: 42.886 Executing VM operation: RevokeBias
Event: 42.886 Executing VM operation: RevokeBias done
Event: 42.906 Executing VM operation: RevokeBias
Event: 42.907 Executing VM operation: RevokeBias done
Event: 43.032 Executing VM operation: CGC_Operation
Event: 43.032 Executing VM operation: CGC_Operation done
Event: 43.880 Executing VM operation: RevokeBias
Event: 43.881 Executing VM operation: RevokeBias done
Event: 43.895 Executing VM operation: BulkRevokeBias
Event: 43.897 Executing coalesced safepoint VM operation: RevokeBias
Event: 43.897 Executing coalesced safepoint VM operation: RevokeBias done
Event: 43.897 Executing VM operation: BulkRevokeBias done
Event: 44.187 Executing VM operation: G1CollectForAllocation


Dynamic libraries:
0x00007ff7ad9c0000 - 0x00007ff7ad9ca000 	C:\Program Files\Android\Android Studio\jbr\bin\java.exe
0x00007ffbac7b0000 - 0x00007ffbac9a8000 	C:\WINDOWS\SYSTEM32\ntdll.dll
0x00007ffbabef0000 - 0x00007ffbabfad000 	C:\WINDOWS\System32\KERNEL32.DLL
0x00007ffba9ec0000 - 0x00007ffbaa1b6000 	C:\WINDOWS\System32\KERNELBASE.dll
0x00007ffbaa520000 - 0x00007ffbaa620000 	C:\WINDOWS\System32\ucrtbase.dll
0x00007ffba4c00000 - 0x00007ffba4c17000 	C:\Program Files\Android\Android Studio\jbr\bin\jli.dll
0x00007ffba4be0000 - 0x00007ffba4bfb000 	C:\Program Files\Android\Android Studio\jbr\bin\VCRUNTIME140.dll
0x00007ffbabab0000 - 0x00007ffbabc4e000 	C:\WINDOWS\System32\USER32.dll
0x00007ffba9e90000 - 0x00007ffba9eb2000 	C:\WINDOWS\System32\win32u.dll
0x00007ffb957d0000 - 0x00007ffb95a6a000 	C:\WINDOWS\WinSxS\amd64_microsoft.windows.common-controls_6595b64144ccf1df_6.0.19041.1110_none_60b5254171f9507e\COMCTL32.dll
0x00007ffbaa9f0000 - 0x00007ffbaaa1c000 	C:\WINDOWS\System32\GDI32.dll
0x00007ffbab330000 - 0x00007ffbab3ce000 	C:\WINDOWS\System32\msvcrt.dll
0x00007ffbaa2a0000 - 0x00007ffbaa3ba000 	C:\WINDOWS\System32\gdi32full.dll
0x00007ffbaa430000 - 0x00007ffbaa4cd000 	C:\WINDOWS\System32\msvcp_win.dll
0x00007ffbabdb0000 - 0x00007ffbabde0000 	C:\WINDOWS\System32\IMM32.DLL
0x00007ffba6ff0000 - 0x00007ffba6ffc000 	C:\Program Files\Android\Android Studio\jbr\bin\vcruntime140_1.dll
0x00007ffba47b0000 - 0x00007ffba483d000 	C:\Program Files\Android\Android Studio\jbr\bin\msvcp140.dll
0x00007ffb5a730000 - 0x00007ffb5b2ec000 	C:\Program Files\Android\Android Studio\jbr\bin\server\jvm.dll
0x00007ffbabd00000 - 0x00007ffbabdae000 	C:\WINDOWS\System32\ADVAPI32.dll
0x00007ffbabc60000 - 0x00007ffbabcfc000 	C:\WINDOWS\System32\sechost.dll
0x00007ffbaaa20000 - 0x00007ffbaab46000 	C:\WINDOWS\System32\RPCRT4.dll
0x00007ffbaa810000 - 0x00007ffbaa818000 	C:\WINDOWS\System32\PSAPI.DLL
0x00007ffb8fdf0000 - 0x00007ffb8fdf9000 	C:\WINDOWS\SYSTEM32\WSOCK32.dll
0x00007ffbac4d0000 - 0x00007ffbac53b000 	C:\WINDOWS\System32\WS2_32.dll
0x00007ffb92160000 - 0x00007ffb92187000 	C:\WINDOWS\SYSTEM32\WINMM.dll
0x00007ffba3cd0000 - 0x00007ffba3cda000 	C:\WINDOWS\SYSTEM32\VERSION.dll
0x00007ffba7f00000 - 0x00007ffba7f12000 	C:\WINDOWS\SYSTEM32\kernel.appcore.dll
0x00007ffba4de0000 - 0x00007ffba4df0000 	C:\Program Files\Android\Android Studio\jbr\bin\verify.dll
0x00007ffba7ad0000 - 0x00007ffba7cb4000 	C:\WINDOWS\SYSTEM32\DBGHELP.DLL
0x00007ffb90da0000 - 0x00007ffb90dd4000 	C:\WINDOWS\SYSTEM32\dbgcore.DLL
0x00007ffbaa620000 - 0x00007ffbaa6a2000 	C:\WINDOWS\System32\bcryptPrimitives.dll
0x00007ffb9e170000 - 0x00007ffb9e198000 	C:\Program Files\Android\Android Studio\jbr\bin\java.dll
0x00007ffba4dd0000 - 0x00007ffba4dda000 	C:\Program Files\Android\Android Studio\jbr\bin\jimage.dll
0x00007ffb9e150000 - 0x00007ffb9e168000 	C:\Program Files\Android\Android Studio\jbr\bin\zip.dll
0x00007ffbaabe0000 - 0x00007ffbab325000 	C:\WINDOWS\System32\SHELL32.dll
0x00007ffba7f20000 - 0x00007ffba86bb000 	C:\WINDOWS\SYSTEM32\windows.storage.dll
0x00007ffbab3d0000 - 0x00007ffbab724000 	C:\WINDOWS\System32\combase.dll
0x00007ffba98d0000 - 0x00007ffba98fe000 	C:\WINDOWS\SYSTEM32\Wldp.dll
0x00007ffbabfb0000 - 0x00007ffbac05d000 	C:\WINDOWS\System32\SHCORE.dll
0x00007ffbabde0000 - 0x00007ffbabe35000 	C:\WINDOWS\System32\shlwapi.dll
0x00007ffba9dc0000 - 0x00007ffba9de5000 	C:\WINDOWS\SYSTEM32\profapi.dll
0x00007ffb9e130000 - 0x00007ffb9e149000 	C:\Program Files\Android\Android Studio\jbr\bin\net.dll
0x00007ffb99380000 - 0x00007ffb9948a000 	C:\WINDOWS\SYSTEM32\WINHTTP.dll
0x00007ffba9630000 - 0x00007ffba969a000 	C:\WINDOWS\system32\mswsock.dll
0x00007ffb9e110000 - 0x00007ffb9e123000 	C:\Program Files\Android\Android Studio\jbr\bin\nio.dll
0x00007ffba55b0000 - 0x00007ffba55d7000 	C:\Users\adlif\.gradle\native\e1d6ef7f7dcc3fd88c89a11ec53ec762bb8ba0a96d01ffa2cd45eb1d1d8dd5c5\windows-amd64\native-platform.dll
0x00007ffb98e60000 - 0x00007ffb98fa4000 	C:\Users\adlif\.gradle\native\0d407fdbe67a94daf76414ababcb853783967236a71b16ec16e742cd7a986fd3\windows-amd64\native-platform-file-events.dll
0x00007ffb9e0e0000 - 0x00007ffb9e0ea000 	C:\Program Files\Android\Android Studio\jbr\bin\management.dll
0x00007ffb9e0d0000 - 0x00007ffb9e0db000 	C:\Program Files\Android\Android Studio\jbr\bin\management_ext.dll
0x00007ffba9820000 - 0x00007ffba9838000 	C:\WINDOWS\SYSTEM32\CRYPTSP.dll
0x00007ffba8ed0000 - 0x00007ffba8f04000 	C:\WINDOWS\system32\rsaenh.dll
0x00007ffbaa1c0000 - 0x00007ffbaa1e7000 	C:\WINDOWS\System32\bcrypt.dll
0x00007ffba9d40000 - 0x00007ffba9d6e000 	C:\WINDOWS\SYSTEM32\USERENV.dll
0x00007ffba9840000 - 0x00007ffba984c000 	C:\WINDOWS\SYSTEM32\CRYPTBASE.dll
0x00007ffba92d0000 - 0x00007ffba930b000 	C:\WINDOWS\SYSTEM32\IPHLPAPI.DLL
0x00007ffbabc50000 - 0x00007ffbabc58000 	C:\WINDOWS\System32\NSI.dll
0x00007ffba0110000 - 0x00007ffba0127000 	C:\WINDOWS\SYSTEM32\dhcpcsvc6.DLL
0x00007ffb9e5e0000 - 0x00007ffb9e5fd000 	C:\WINDOWS\SYSTEM32\dhcpcsvc.DLL
0x00007ffba9320000 - 0x00007ffba93ea000 	C:\WINDOWS\SYSTEM32\DNSAPI.dll
0x00007ffb9d6b0000 - 0x00007ffb9d6d7000 	C:\Program Files\Android\Android Studio\jbr\bin\sunec.dll
0x000000006d9c0000 - 0x000000006d9e6000 	C:\Program Files\Bonjour\mdnsNSP.dll
0x00007ffb97c30000 - 0x00007ffb97c3a000 	C:\Windows\System32\rasadhlp.dll
0x00007ffb97960000 - 0x00007ffb979e2000 	C:\WINDOWS\System32\fwpuclnt.dll

dbghelp: loaded successfully - version: 4.0.5 - missing functions: none
symbol engine: initialized successfully - sym options: 0x614 - pdb path: .;C:\Program Files\Android\Android Studio\jbr\bin;C:\WINDOWS\SYSTEM32;C:\WINDOWS\WinSxS\amd64_microsoft.windows.common-controls_6595b64144ccf1df_6.0.19041.1110_none_60b5254171f9507e;C:\Program Files\Android\Android Studio\jbr\bin\server;C:\Users\adlif\.gradle\native\e1d6ef7f7dcc3fd88c89a11ec53ec762bb8ba0a96d01ffa2cd45eb1d1d8dd5c5\windows-amd64;C:\Users\adlif\.gradle\native\0d407fdbe67a94daf76414ababcb853783967236a71b16ec16e742cd7a986fd3\windows-amd64;C:\Program Files\Bonjour

VM Arguments:
jvm_args: --add-opens=java.base/java.util=ALL-UNNAMED --add-opens=java.base/java.lang=ALL-UNNAMED --add-opens=java.base/java.lang.invoke=ALL-UNNAMED --add-opens=java.base/java.util=ALL-UNNAMED --add-opens=java.prefs/java.util.prefs=ALL-UNNAMED --add-opens=java.prefs/java.util.prefs=ALL-UNNAMED --add-opens=java.base/java.nio.charset=ALL-UNNAMED --add-opens=java.base/java.net=ALL-UNNAMED --add-opens=java.base/java.util.concurrent.atomic=ALL-UNNAMED -Xmx2048m -Dfile.encoding=UTF-8 -Duser.country=US -Duser.language=en -Duser.variant 
java_command: org.gradle.launcher.daemon.bootstrap.GradleDaemon 7.5
java_class_path (initial): C:\Users\adlif\.gradle\wrapper\dists\gradle-7.5-bin\f1w0cc9nuo0eivz97x2xlu9sv\gradle-7.5\lib\gradle-launcher-7.5.jar
Launcher Type: SUN_STANDARD

[Global flags]
     intx CICompilerCount                          = 3                                         {product} {ergonomic}
     uint ConcGCThreads                            = 1                                         {product} {ergonomic}
     uint G1ConcRefinementThreads                  = 4                                         {product} {ergonomic}
   size_t G1HeapRegionSize                         = 1048576                                   {product} {ergonomic}
    uintx GCDrainStackTargetSize                   = 64                                        {product} {ergonomic}
   size_t InitialHeapSize                          = 130023424                                 {product} {ergonomic}
   size_t MarkStackSize                            = 4194304                                   {product} {ergonomic}
   size_t MaxHeapSize                              = 2147483648                                {product} {command line}
   size_t MaxNewSize                               = 1287651328                                {product} {ergonomic}
   size_t MinHeapDeltaBytes                        = 1048576                                   {product} {ergonomic}
    uintx NonNMethodCodeHeapSize                   = 5830732                                {pd product} {ergonomic}
    uintx NonProfiledCodeHeapSize                  = 122913754                              {pd product} {ergonomic}
    uintx ProfiledCodeHeapSize                     = 122913754                              {pd product} {ergonomic}
    uintx ReservedCodeCacheSize                    = 251658240                              {pd product} {ergonomic}
     bool SegmentedCodeCache                       = true                                      {product} {ergonomic}
     bool UseCompressedClassPointers               = true                                 {lp64_product} {ergonomic}
     bool UseCompressedOops                        = true                                 {lp64_product} {ergonomic}
     bool UseG1GC                                  = true                                      {product} {ergonomic}
     bool UseLargePagesIndividualAllocation        = false                                  {pd product} {ergonomic}

Logging:
Log output configuration:
 #0: stdout all=warning uptime,level,tags
 #1: stderr all=off uptime,level,tags

Environment Variables:
PATH=C:\Program Files\Common Files\Oracle\Java\javapath;C:\Program Files (x86)\Common Files\Intel\Shared Libraries\redist\intel64\compiler;C:\WINDOWS\system32;C:\WINDOWS;C:\WINDOWS\System32\Wbem;C:\WINDOWS\System32\WindowsPowerShell\v1.0\;C:\WINDOWS\System32\OpenSSH\;C:\Program Files\Git\cmd;C:\Program Files\nodejs\;C:\ProgramData\chocolatey\bin;C:\php-8.2.6;C:\Program Files\CMake\bin;C:\ProgramData\ComposerSetup\bin;C:\Users\adlif\AppData\Local\Programs\Python\Python310\Scripts\;C:\Users\adlif\AppData\Local\Programs\Python\Python310\;C:\Users\adlif\AppData\Local\Programs\Python\Python311\Scripts\;C:\Users\adlif\AppData\Local\Programs\Python\Python311\;C:\Users\adlif\AppData\Local\Microsoft\WindowsApps;D:\Visual Studio Code\Microsoft VS Code\bin;C:\ffmpeg\bin;C:\Users\adlif\AppData\Roaming\npm;C:\Program Files\heroku\bin;C:\Users\adlif\AppData\Roaming\Composer\vendor\bin
USERNAME=Kayoi
OS=Windows_NT
PROCESSOR_IDENTIFIER=Intel64 Family 6 Model 126 Stepping 5, GenuineIntel



---------------  S Y S T E M  ---------------

OS: Windows 10 , 64 bit Build 19041 (10.0.19041.3393)
OS uptime: 0 days 21:48 hours

CPU:total 4 (initial active 4) (2 cores per cpu, 2 threads per core) family 6 model 126 stepping 5 microcode 0x96, cmov, cx8, fxsr, mmx, sse, sse2, sse3, ssse3, sse4.1, sse4.2, popcnt, avx, avx2, aes, clmul, erms, 3dnowpref, lzcnt, ht, tsc, tscinvbit, bmi1, bmi2, adx, evex, sha, fma

Memory: 4k page, system-wide physical 7930M (305M free)
TotalPageFile size 7930M (AvailPageFile size 33M)
current process WorkingSet (physical memory assigned to process): 405M, peak: 456M
current process commit charge ("private bytes"): 537M, peak: 581M

vm_info: OpenJDK 64-Bit Server VM (11.0.15+0-b2043.56-9505619) for windows-amd64 JRE (11.0.15+0-b2043.56-9505619), built on Jan 19 2023 02:48:00 by "builduser" with unknown MS VC++:1929

END.
