#
# There is insufficient memory for the Java Runtime Environment to continue.
# Native memory allocation (mmap) failed to map 71303168 bytes for Failed to commit area from 0x0000000097400000 to 0x000000009b800000 of length 71303168.
# Possible reasons:
#   The system is out of physical RAM or swap space
#   The process is running with CompressedOops enabled, and the Java Heap may be blocking the growth of the native heap
# Possible solutions:
#   Reduce memory load on the system
#   Increase physical memory or swap space
#   Check if swap backing store is full
#   Decrease Java heap size (-Xmx/-Xms)
#   Decrease number of Java threads
#   Decrease Java thread stack sizes (-Xss)
#   Set larger code cache with -XX:ReservedCodeCacheSize=
#   JVM is running with Unscaled Compressed Oops mode in which the Java heap is
#     placed in the first 4GB address space. The Java Heap base address is the
#     maximum limit for the native heap growth. Please use -XX:HeapBaseMinAddress
#     to set the Java Heap base and to place the Java Heap above 4GB virtual address.
# This output file may be truncated or incomplete.
#
#  Out of Memory Error (src/hotspot/os/windows/os_windows.cpp:3627), pid=9376, tid=7948
#
# JRE version: OpenJDK Runtime Environment (11.0.15) (build 11.0.15+0-b2043.56-9505619)
# Java VM: OpenJDK 64-Bit Server VM (11.0.15+0-b2043.56-9505619, mixed mode, tiered, compressed oops, g1 gc, windows-amd64)
# No core dump will be written. Minidumps are not enabled by default on client versions of Windows
#

---------------  S U M M A R Y ------------

Command Line: --add-opens=java.base/java.util=ALL-UNNAMED --add-opens=java.base/java.lang=ALL-UNNAMED --add-opens=java.base/java.lang.invoke=ALL-UNNAMED --add-opens=java.base/java.util=ALL-UNNAMED --add-opens=java.prefs/java.util.prefs=ALL-UNNAMED --add-opens=java.prefs/java.util.prefs=ALL-UNNAMED --add-opens=java.base/java.nio.charset=ALL-UNNAMED --add-opens=java.base/java.net=ALL-UNNAMED --add-opens=java.base/java.util.concurrent.atomic=ALL-UNNAMED -Xmx2048m -Dfile.encoding=UTF-8 -Duser.country=US -Duser.language=en -Duser.variant org.gradle.launcher.daemon.bootstrap.GradleDaemon 7.5

Host: Intel(R) Core(TM) i3-1005G1 CPU @ 1.20GHz, 4 cores, 7G,  Windows 10 , 64 bit Build 19041 (10.0.19041.3393)
Time: Thu Oct 12 13:25:39 2023 SE Asia Standard Time elapsed time: 46.455391 seconds (0d 0h 0m 46s)

---------------  T H R E A D  ---------------

Current thread (0x0000021aa62d1800):  VMThread "VM Thread" [stack: 0x0000009f3df00000,0x0000009f3e000000] [id=7948]

Stack: [0x0000009f3df00000,0x0000009f3e000000]
[error occurred during error reporting (printing stack bounds), id 0xc0000005, EXCEPTION_ACCESS_VIOLATION (0xc0000005) at pc=0x0000021a901f12e7]

Native frames: (J=compiled Java code, j=interpreted, Vv=VM code, C=native code)
V  [jvm.dll+0x64135a]
V  [jvm.dll+0x7d39f9]
V  [jvm.dll+0x7d51b9]
V  [jvm.dll+0x7d5805]
V  [jvm.dll+0x7d57bb]
V  [jvm.dll+0x640655]
V  [jvm.dll+0x640d68]
C  [ntdll.dll+0xa221f]
C  [ntdll.dll+0x514b4]
C  [ntdll.dll+0xa0d2e]
C  0x0000021a901f12e7

VM_Operation (0x0000009f425f9720): G1CollectForAllocation, mode: safepoint, requested by thread 0x0000021aaa981000


---------------  P R O C E S S  ---------------

Threads class SMR info:
_java_thread_list=0x0000021aadf970d0, length=88, elements={
0x0000021a8c6c5800, 0x0000021aa62d4800, 0x0000021aa62d6000, 0x0000021aa62ee000,
0x0000021aa62f3000, 0x0000021aa62f5800, 0x0000021aa62f6800, 0x0000021aa62fc000,
0x0000021aa6300000, 0x0000021aa6da5000, 0x0000021aa8615000, 0x0000021aa8a69000,
0x0000021aa8a65000, 0x0000021aa8a6a000, 0x0000021aa8a66800, 0x0000021aa8a64800,
0x0000021aa8a67800, 0x0000021aa8a6b000, 0x0000021aa8a68800, 0x0000021aa8a66000,
0x0000021aa8790000, 0x0000021aa878e000, 0x0000021aa8793800, 0x0000021aa8791000,
0x0000021aa8794800, 0x0000021aa8792000, 0x0000021aa878e800, 0x0000021aa8792800,
0x0000021aa8795000, 0x0000021aa878f800, 0x0000021aa879b800, 0x0000021aa8797800,
0x0000021aa8798800, 0x0000021aaa4c5800, 0x0000021aaa4c4000, 0x0000021aaa4c2000,
0x0000021aaa4c4800, 0x0000021aaa4c1800, 0x0000021aaa4bf800, 0x0000021aaa4c0800,
0x0000021aaa4cc000, 0x0000021aaa4c8000, 0x0000021aaa4c8800, 0x0000021aaa4c9800,
0x0000021aaa4ca800, 0x0000021aaa4c7000, 0x0000021aaa4cb000, 0x0000021aaa4c6000,
0x0000021aaa4cc800, 0x0000021aaa4cd800, 0x0000021aaa4ce800, 0x0000021aaa975800,
0x0000021aaa979800, 0x0000021aaa978800, 0x0000021aaa973800, 0x0000021aaa977000,
0x0000021aaa978000, 0x0000021aaa97a800, 0x0000021aaa976000, 0x0000021aaa974800,
0x0000021aaa97b000, 0x0000021aaa97f000, 0x0000021aaa97d800, 0x0000021aaa97c800,
0x0000021aaa97e800, 0x0000021aaa981000, 0x0000021aaa97c000, 0x0000021aaa980000,
0x0000021aaa982800, 0x0000021aaa981800, 0x0000021aaa1ff800, 0x0000021aaa200000,
0x0000021aaa201000, 0x0000021aaa201800, 0x0000021aaa1fc000, 0x0000021aaa202800,
0x0000021aaa1fd000, 0x0000021aaa1fd800, 0x0000021aaa204000, 0x0000021aaa1fe800,
0x0000021aaa206000, 0x0000021aaa207800, 0x0000021aaa208800, 0x0000021aaa205000,
0x0000021aaa209000, 0x0000021aaa20a000, 0x0000021aaa20a800, 0x0000021ab3223800
}

Java Threads: ( => current thread )
  0x0000021a8c6c5800 JavaThread "main" [_thread_blocked, id=3956, stack(0x0000009f3d900000,0x0000009f3da00000)]
  0x0000021aa62d4800 JavaThread "Reference Handler" daemon [_thread_blocked, id=11232, stack(0x0000009f3e000000,0x0000009f3e100000)]
  0x0000021aa62d6000 JavaThread "Finalizer" daemon [_thread_blocked, id=8020, stack(0x0000009f3e100000,0x0000009f3e200000)]
  0x0000021aa62ee000 JavaThread "Signal Dispatcher" daemon [_thread_blocked, id=2904, stack(0x0000009f3e200000,0x0000009f3e300000)]
  0x0000021aa62f3000 JavaThread "Attach Listener" daemon [_thread_blocked, id=5692, stack(0x0000009f3e300000,0x0000009f3e400000)]
  0x0000021aa62f5800 JavaThread "Service Thread" daemon [_thread_blocked, id=6304, stack(0x0000009f3e400000,0x0000009f3e500000)]
  0x0000021aa62f6800 JavaThread "C2 CompilerThread0" daemon [_thread_in_native, id=5936, stack(0x0000009f3e500000,0x0000009f3e600000)]
  0x0000021aa62fc000 JavaThread "C1 CompilerThread0" daemon [_thread_blocked, id=4992, stack(0x0000009f3e600000,0x0000009f3e700000)]
  0x0000021aa6300000 JavaThread "Sweeper thread" daemon [_thread_blocked, id=11068, stack(0x0000009f3e700000,0x0000009f3e800000)]
  0x0000021aa6da5000 JavaThread "Common-Cleaner" daemon [_thread_blocked, id=8584, stack(0x0000009f3e800000,0x0000009f3e900000)]
  0x0000021aa8615000 JavaThread "Daemon health stats" [_thread_blocked, id=11240, stack(0x0000009f3ec00000,0x0000009f3ed00000)]
  0x0000021aa8a69000 JavaThread "Incoming local TCP Connector on port 64253" [_thread_in_native, id=5428, stack(0x0000009f3ea00000,0x0000009f3eb00000)]
  0x0000021aa8a65000 JavaThread "Daemon periodic checks" [_thread_blocked, id=10324, stack(0x0000009f3ef00000,0x0000009f3f000000)]
  0x0000021aa8a6a000 JavaThread "Daemon" [_thread_blocked, id=7248, stack(0x0000009f3f000000,0x0000009f3f100000)]
  0x0000021aa8a66800 JavaThread "Handler for socket connection from /127.0.0.1:64253 to /127.0.0.1:64254" [_thread_in_native, id=1452, stack(0x0000009f3f100000,0x0000009f3f200000)]
  0x0000021aa8a64800 JavaThread "Cancel handler" [_thread_blocked, id=2748, stack(0x0000009f3f200000,0x0000009f3f300000)]
  0x0000021aa8a67800 JavaThread "Daemon worker" [_thread_blocked, id=5976, stack(0x0000009f3f300000,0x0000009f3f400000)]
  0x0000021aa8a6b000 JavaThread "Asynchronous log dispatcher for DefaultDaemonConnection: socket connection from /127.0.0.1:64253 to /127.0.0.1:64254" [_thread_blocked, id=2448, stack(0x0000009f3f400000,0x0000009f3f500000)]
  0x0000021aa8a68800 JavaThread "Stdin handler" [_thread_blocked, id=2012, stack(0x0000009f3f500000,0x0000009f3f600000)]
  0x0000021aa8a66000 JavaThread "Daemon client event forwarder" [_thread_blocked, id=932, stack(0x0000009f3f600000,0x0000009f3f700000)]
  0x0000021aa8790000 JavaThread "Cache worker for journal cache (C:\Users\adlif\.gradle\caches\journal-1)" [_thread_blocked, id=9168, stack(0x0000009f3f700000,0x0000009f3f800000)]
  0x0000021aa878e000 JavaThread "File lock request listener" [_thread_in_native, id=9628, stack(0x0000009f3f800000,0x0000009f3f900000)]
  0x0000021aa8793800 JavaThread "Cache worker for file hash cache (C:\Users\adlif\.gradle\caches\7.5\fileHashes)" [_thread_blocked, id=11076, stack(0x0000009f3f900000,0x0000009f3fa00000)]
  0x0000021aa8791000 JavaThread "File watcher server" daemon [_thread_blocked, id=5412, stack(0x0000009f3fb00000,0x0000009f3fc00000)]
  0x0000021aa8794800 JavaThread "File watcher consumer" daemon [_thread_blocked, id=10556, stack(0x0000009f3fc00000,0x0000009f3fd00000)]
  0x0000021aa8792000 JavaThread "Cache worker for checksums cache (C:\Users\adlif\AndroidStudioProjects\Isla_Beta\.gradle\7.5\checksums)" [_thread_blocked, id=6412, stack(0x0000009f3fd00000,0x0000009f3fe00000)]
  0x0000021aa878e800 JavaThread "Cache worker for cache directory md-rule (C:\Users\adlif\.gradle\caches\7.5\md-rule)" [_thread_blocked, id=9920, stack(0x0000009f3fe00000,0x0000009f3ff00000)]
  0x0000021aa8792800 JavaThread "Cache worker for file content cache (C:\Users\adlif\.gradle\caches\7.5\fileContent)" [_thread_blocked, id=9256, stack(0x0000009f3ff00000,0x0000009f40000000)]
  0x0000021aa8795000 JavaThread "Cache worker for file hash cache (C:\Users\adlif\AndroidStudioProjects\Isla_Beta\.gradle\7.5\fileHashes)" [_thread_blocked, id=2836, stack(0x0000009f40000000,0x0000009f40100000)]
  0x0000021aa878f800 JavaThread "Cache worker for cache directory md-supplier (C:\Users\adlif\.gradle\caches\7.5\md-supplier)" [_thread_blocked, id=5472, stack(0x0000009f40100000,0x0000009f40200000)]
  0x0000021aa879b800 JavaThread "Cache worker for execution history cache (C:\Users\adlif\.gradle\caches\7.5\executionHistory)" [_thread_blocked, id=10888, stack(0x0000009f40200000,0x0000009f40300000)]
  0x0000021aa8797800 JavaThread "jar transforms" [_thread_blocked, id=6684, stack(0x0000009f3fa00000,0x0000009f3fb00000)]
  0x0000021aa8798800 JavaThread "jar transforms Thread 2" [_thread_blocked, id=10108, stack(0x0000009f40400000,0x0000009f40500000)]
  0x0000021aaa4c5800 JavaThread "jar transforms Thread 3" [_thread_blocked, id=4336, stack(0x0000009f40500000,0x0000009f40600000)]
  0x0000021aaa4c4000 JavaThread "jar transforms Thread 4" [_thread_blocked, id=10192, stack(0x0000009f40600000,0x0000009f40700000)]
  0x0000021aaa4c2000 JavaThread "Cache worker for dependencies-accessors (C:\Users\adlif\AndroidStudioProjects\Isla_Beta\.gradle\7.5\dependencies-accessors)" [_thread_blocked, id=9952, stack(0x0000009f40700000,0x0000009f40800000)]
  0x0000021aaa4c4800 JavaThread "Cache worker for Build Output Cleanup Cache (C:\Users\adlif\AndroidStudioProjects\Isla_Beta\.gradle\buildOutputCleanup)" [_thread_blocked, id=4444, stack(0x0000009f40800000,0x0000009f40900000)]
  0x0000021aaa4c1800 JavaThread "Unconstrained build operations" [_thread_blocked, id=11204, stack(0x0000009f40900000,0x0000009f40a00000)]
  0x0000021aaa4bf800 JavaThread "Unconstrained build operations Thread 2" [_thread_blocked, id=7208, stack(0x0000009f40a00000,0x0000009f40b00000)]
  0x0000021aaa4c0800 JavaThread "Unconstrained build operations Thread 3" [_thread_blocked, id=10164, stack(0x0000009f40b00000,0x0000009f40c00000)]
  0x0000021aaa4cc000 JavaThread "Unconstrained build operations Thread 4" [_thread_blocked, id=9528, stack(0x0000009f40c00000,0x0000009f40d00000)]
  0x0000021aaa4c8000 JavaThread "Unconstrained build operations Thread 5" [_thread_blocked, id=9996, stack(0x0000009f40d00000,0x0000009f40e00000)]
  0x0000021aaa4c8800 JavaThread "Unconstrained build operations Thread 6" [_thread_blocked, id=3128, stack(0x0000009f40e00000,0x0000009f40f00000)]
  0x0000021aaa4c9800 JavaThread "Unconstrained build operations Thread 7" [_thread_blocked, id=5544, stack(0x0000009f40f00000,0x0000009f41000000)]
  0x0000021aaa4ca800 JavaThread "Unconstrained build operations Thread 8" [_thread_blocked, id=6516, stack(0x0000009f41000000,0x0000009f41100000)]
  0x0000021aaa4c7000 JavaThread "Unconstrained build operations Thread 9" [_thread_blocked, id=8412, stack(0x0000009f41100000,0x0000009f41200000)]
  0x0000021aaa4cb000 JavaThread "Unconstrained build operations Thread 10" [_thread_blocked, id=4828, stack(0x0000009f41200000,0x0000009f41300000)]
  0x0000021aaa4c6000 JavaThread "Unconstrained build operations Thread 11" [_thread_blocked, id=2232, stack(0x0000009f41300000,0x0000009f41400000)]
  0x0000021aaa4cc800 JavaThread "Unconstrained build operations Thread 12" [_thread_blocked, id=9916, stack(0x0000009f41400000,0x0000009f41500000)]
  0x0000021aaa4cd800 JavaThread "Unconstrained build operations Thread 13" [_thread_blocked, id=7616, stack(0x0000009f41500000,0x0000009f41600000)]
  0x0000021aaa4ce800 JavaThread "Unconstrained build operations Thread 14" [_thread_blocked, id=9116, stack(0x0000009f41600000,0x0000009f41700000)]
  0x0000021aaa975800 JavaThread "Unconstrained build operations Thread 15" [_thread_blocked, id=11152, stack(0x0000009f41700000,0x0000009f41800000)]
  0x0000021aaa979800 JavaThread "Unconstrained build operations Thread 16" [_thread_blocked, id=3832, stack(0x0000009f41800000,0x0000009f41900000)]
  0x0000021aaa978800 JavaThread "Unconstrained build operations Thread 17" [_thread_blocked, id=8272, stack(0x0000009f41900000,0x0000009f41a00000)]
  0x0000021aaa973800 JavaThread "Unconstrained build operations Thread 18" [_thread_blocked, id=1152, stack(0x0000009f41a00000,0x0000009f41b00000)]
  0x0000021aaa977000 JavaThread "Unconstrained build operations Thread 19" [_thread_blocked, id=7492, stack(0x0000009f41b00000,0x0000009f41c00000)]
  0x0000021aaa978000 JavaThread "Unconstrained build operations Thread 20" [_thread_blocked, id=5756, stack(0x0000009f41c00000,0x0000009f41d00000)]
  0x0000021aaa97a800 JavaThread "Unconstrained build operations Thread 21" [_thread_blocked, id=4212, stack(0x0000009f41d00000,0x0000009f41e00000)]
  0x0000021aaa976000 JavaThread "Unconstrained build operations Thread 22" [_thread_blocked, id=5612, stack(0x0000009f41e00000,0x0000009f41f00000)]
  0x0000021aaa974800 JavaThread "Unconstrained build operations Thread 23" [_thread_blocked, id=8060, stack(0x0000009f41f00000,0x0000009f42000000)]
  0x0000021aaa97b000 JavaThread "Unconstrained build operations Thread 24" [_thread_blocked, id=6644, stack(0x0000009f42000000,0x0000009f42100000)]
  0x0000021aaa97f000 JavaThread "Unconstrained build operations Thread 25" [_thread_blocked, id=7228, stack(0x0000009f42100000,0x0000009f42200000)]
  0x0000021aaa97d800 JavaThread "Unconstrained build operations Thread 26" [_thread_blocked, id=5928, stack(0x0000009f42200000,0x0000009f42300000)]
  0x0000021aaa97c800 JavaThread "Unconstrained build operations Thread 27" [_thread_blocked, id=7856, stack(0x0000009f42300000,0x0000009f42400000)]
  0x0000021aaa97e800 JavaThread "Unconstrained build operations Thread 28" [_thread_blocked, id=10244, stack(0x0000009f42400000,0x0000009f42500000)]
  0x0000021aaa981000 JavaThread "Unconstrained build operations Thread 29" [_thread_blocked, id=4584, stack(0x0000009f42500000,0x0000009f42600000)]
  0x0000021aaa97c000 JavaThread "Unconstrained build operations Thread 30" [_thread_blocked, id=6528, stack(0x0000009f42600000,0x0000009f42700000)]
  0x0000021aaa980000 JavaThread "Unconstrained build operations Thread 31" [_thread_blocked, id=10416, stack(0x0000009f42700000,0x0000009f42800000)]
  0x0000021aaa982800 JavaThread "Unconstrained build operations Thread 32" [_thread_blocked, id=1420, stack(0x0000009f42800000,0x0000009f42900000)]
  0x0000021aaa981800 JavaThread "Unconstrained build operations Thread 33" [_thread_blocked, id=10736, stack(0x0000009f42900000,0x0000009f42a00000)]
  0x0000021aaa1ff800 JavaThread "Unconstrained build operations Thread 34" [_thread_blocked, id=9912, stack(0x0000009f42a00000,0x0000009f42b00000)]
  0x0000021aaa200000 JavaThread "Unconstrained build operations Thread 35" [_thread_blocked, id=8068, stack(0x0000009f42b00000,0x0000009f42c00000)]
  0x0000021aaa201000 JavaThread "Unconstrained build operations Thread 36" [_thread_blocked, id=8820, stack(0x0000009f42c00000,0x0000009f42d00000)]
  0x0000021aaa201800 JavaThread "Unconstrained build operations Thread 37" [_thread_blocked, id=4852, stack(0x0000009f42d00000,0x0000009f42e00000)]
  0x0000021aaa1fc000 JavaThread "Unconstrained build operations Thread 38" [_thread_blocked, id=10604, stack(0x0000009f42e00000,0x0000009f42f00000)]
  0x0000021aaa202800 JavaThread "Unconstrained build operations Thread 39" [_thread_blocked, id=8084, stack(0x0000009f42f00000,0x0000009f43000000)]
  0x0000021aaa1fd000 JavaThread "Unconstrained build operations Thread 40" [_thread_blocked, id=8528, stack(0x0000009f43000000,0x0000009f43100000)]
  0x0000021aaa1fd800 JavaThread "build event listener" [_thread_blocked, id=420, stack(0x0000009f43100000,0x0000009f43200000)]
  0x0000021aaa204000 JavaThread "Memory manager" [_thread_blocked, id=10752, stack(0x0000009f43200000,0x0000009f43300000)]
  0x0000021aaa1fe800 JavaThread "included builds" [_thread_blocked, id=1192, stack(0x0000009f43300000,0x0000009f43400000)]
  0x0000021aaa206000 JavaThread "Execution worker" [_thread_blocked, id=8392, stack(0x0000009f43400000,0x0000009f43500000)]
  0x0000021aaa207800 JavaThread "Execution worker Thread 2" [_thread_blocked, id=608, stack(0x0000009f43500000,0x0000009f43600000)]
  0x0000021aaa208800 JavaThread "Execution worker Thread 3" [_thread_blocked, id=8884, stack(0x0000009f43600000,0x0000009f43700000)]
  0x0000021aaa205000 JavaThread "Cache worker for execution history cache (C:\Users\adlif\AndroidStudioProjects\Isla_Beta\.gradle\7.5\executionHistory)" [_thread_blocked, id=4820, stack(0x0000009f43700000,0x0000009f43800000)]
  0x0000021aaa209000 JavaThread "WorkerExecutor Queue" [_thread_blocked, id=5888, stack(0x0000009f43a00000,0x0000009f43b00000)]
  0x0000021aaa20a000 JavaThread "WorkerExecutor Queue Thread 2" [_thread_blocked, id=10700, stack(0x0000009f43b00000,0x0000009f43c00000)]
  0x0000021aaa20a800 JavaThread "WorkerExecutor Queue Thread 3" [_thread_blocked, id=6248, stack(0x0000009f43c00000,0x0000009f43d00000)]
  0x0000021ab3223800 JavaThread "WorkerExecutor Queue Thread 4" [_thread_blocked, id=7444, stack(0x0000009f43d00000,0x0000009f43e00000)]

Other Threads:
=>0x0000021aa62d1800 VMThread "VM Thread" [stack: 0x0000009f3df00000,0x0000009f3e000000] [id=7948]
  0x0000021aa6dc2800 WatcherThread [stack: 0x0000009f3e900000,0x0000009f3ea00000] [id=2392]
  0x0000021a8c6de800 GCTaskThread "GC Thread#0" [stack: 0x0000009f3da00000,0x0000009f3db00000] [id=3644]
  0x0000021aa735e800 GCTaskThread "GC Thread#1" [stack: 0x0000009f3eb00000,0x0000009f3ec00000] [id=6152]
  0x0000021aa7cc8800 GCTaskThread "GC Thread#2" [stack: 0x0000009f3ed00000,0x0000009f3ee00000] [id=1376]
  0x0000021aa95a8000 GCTaskThread "GC Thread#3" [stack: 0x0000009f3ee00000,0x0000009f3ef00000] [id=6636]
  0x0000021a8c70d800 ConcurrentGCThread "G1 Main Marker" [stack: 0x0000009f3db00000,0x0000009f3dc00000] [id=10532]
  0x0000021a8c70e800 ConcurrentGCThread "G1 Conc#0" [stack: 0x0000009f3dc00000,0x0000009f3dd00000] [id=8424]
  0x0000021a8c79e000 ConcurrentGCThread "G1 Refine#0" [stack: 0x0000009f3dd00000,0x0000009f3de00000] [id=9352]
  0x0000021aad83e800 ConcurrentGCThread "G1 Refine#1" [stack: 0x0000009f43800000,0x0000009f43900000] [id=5260]
  0x0000021aad83d000 ConcurrentGCThread "G1 Refine#2" [stack: 0x0000009f43900000,0x0000009f43a00000] [id=9924]
  0x0000021aa6120800 ConcurrentGCThread "G1 Young RemSet Sampling" [stack: 0x0000009f3de00000,0x0000009f3df00000] [id=9636]

Threads with active compile tasks:
C2 CompilerThread0    46470 23118 %     4       com.android.tools.r8.ir.regalloc.b::c @ 2005 (4031 bytes)
C1 CompilerThread0    46470 23675 % !   3       com.android.tools.r8.graph.y2::a @ 11 (353 bytes)

VM state:at safepoint (normal execution)

VM Mutex/Monitor currently owned by a thread:  ([mutex/lock_event])
[0x0000021a8c6c1bb0] Threads_lock - owner thread: 0x0000021aa62d1800
[0x0000021a8c6c12b0] Heap_lock - owner thread: 0x0000021aaa981000

Heap address: 0x0000000080000000, size: 2048 MB, Compressed Oops mode: 32-bit
Narrow klass base: 0x0000000000000000, Narrow klass shift: 3
Compressed class space size: 1073741824 Address: 0x0000000100000000

Heap:
 garbage-first heap   total 450560K, used 198880K [0x0000000080000000, 0x0000000100000000)
  region size 1024K, 12 young (12288K), 12 survivors (12288K)
 Metaspace       used 123138K, capacity 126864K, committed 126888K, reserved 1159168K
  class space    used 15450K, capacity 16928K, committed 16932K, reserved 1048576K
Heap Regions: E=young(eden), S=young(survivor), O=old, HS=humongous(starts), HC=humongous(continues), CS=collection set, F=free, A=archive, TAMS=top-at-mark-start (previous, next)
|   0|0x0000000080000000, 0x0000000080100000, 0x0000000080100000|100%|HS|  |TAMS 0x0000000080100000, 0x0000000080100000| Complete 
|   1|0x0000000080100000, 0x0000000080200000, 0x0000000080200000|100%|HC|  |TAMS 0x0000000080200000, 0x0000000080200000| Complete 
|   2|0x0000000080200000, 0x0000000080300000, 0x0000000080300000|100%|HC|  |TAMS 0x0000000080300000, 0x0000000080300000| Complete 
|   3|0x0000000080300000, 0x0000000080400000, 0x0000000080400000|100%| O|  |TAMS 0x0000000080400000, 0x0000000080400000| Untracked 
|   4|0x0000000080400000, 0x0000000080500000, 0x0000000080500000|100%| O|  |TAMS 0x0000000080500000, 0x0000000080500000| Untracked 
|   5|0x0000000080500000, 0x0000000080600000, 0x0000000080600000|100%| O|  |TAMS 0x0000000080600000, 0x0000000080600000| Untracked 
|   6|0x0000000080600000, 0x0000000080700000, 0x0000000080700000|100%| O|  |TAMS 0x0000000080700000, 0x0000000080700000| Untracked 
|   7|0x0000000080700000, 0x0000000080800000, 0x0000000080800000|100%| O|  |TAMS 0x0000000080800000, 0x0000000080800000| Untracked 
|   8|0x0000000080800000, 0x0000000080900000, 0x0000000080900000|100%| O|  |TAMS 0x0000000080900000, 0x0000000080900000| Untracked 
|   9|0x0000000080900000, 0x0000000080a00000, 0x0000000080a00000|100%| O|  |TAMS 0x0000000080a00000, 0x0000000080a00000| Untracked 
|  10|0x0000000080a00000, 0x0000000080b00000, 0x0000000080b00000|100%| O|  |TAMS 0x0000000080b00000, 0x0000000080b00000| Untracked 
|  11|0x0000000080b00000, 0x0000000080c00000, 0x0000000080c00000|100%| O|  |TAMS 0x0000000080c00000, 0x0000000080c00000| Untracked 
|  12|0x0000000080c00000, 0x0000000080d00000, 0x0000000080d00000|100%| O|  |TAMS 0x0000000080d00000, 0x0000000080d00000| Untracked 
|  13|0x0000000080d00000, 0x0000000080e00000, 0x0000000080e00000|100%| O|  |TAMS 0x0000000080e00000, 0x0000000080e00000| Untracked 
|  14|0x0000000080e00000, 0x0000000080f00000, 0x0000000080f00000|100%| O|  |TAMS 0x0000000080f00000, 0x0000000080f00000| Untracked 
|  15|0x0000000080f00000, 0x0000000081000000, 0x0000000081000000|100%| O|  |TAMS 0x0000000081000000, 0x0000000081000000| Untracked 
|  16|0x0000000081000000, 0x0000000081100000, 0x0000000081100000|100%| O|  |TAMS 0x0000000081100000, 0x0000000081100000| Untracked 
|  17|0x0000000081100000, 0x0000000081200000, 0x0000000081200000|100%|HS|  |TAMS 0x0000000081200000, 0x0000000081200000| Complete 
|  18|0x0000000081200000, 0x0000000081300000, 0x0000000081300000|100%| O|  |TAMS 0x0000000081300000, 0x0000000081300000| Untracked 
|  19|0x0000000081300000, 0x0000000081400000, 0x0000000081400000|100%| O|  |TAMS 0x0000000081400000, 0x0000000081400000| Untracked 
|  20|0x0000000081400000, 0x0000000081500000, 0x0000000081500000|100%| O|  |TAMS 0x0000000081500000, 0x0000000081500000| Untracked 
|  21|0x0000000081500000, 0x0000000081600000, 0x0000000081600000|100%| O|  |TAMS 0x0000000081600000, 0x0000000081600000| Untracked 
|  22|0x0000000081600000, 0x0000000081700000, 0x0000000081700000|100%| O|  |TAMS 0x0000000081700000, 0x0000000081700000| Untracked 
|  23|0x0000000081700000, 0x0000000081800000, 0x0000000081800000|100%| O|  |TAMS 0x0000000081800000, 0x0000000081800000| Untracked 
|  24|0x0000000081800000, 0x0000000081900000, 0x0000000081900000|100%|HS|  |TAMS 0x0000000081900000, 0x0000000081900000| Complete 
|  25|0x0000000081900000, 0x0000000081a00000, 0x0000000081a00000|100%| O|  |TAMS 0x0000000081a00000, 0x0000000081a00000| Untracked 
|  26|0x0000000081a00000, 0x0000000081b00000, 0x0000000081b00000|100%| O|  |TAMS 0x0000000081b00000, 0x0000000081b00000| Untracked 
|  27|0x0000000081b00000, 0x0000000081c00000, 0x0000000081c00000|100%| O|  |TAMS 0x0000000081c00000, 0x0000000081c00000| Untracked 
|  28|0x0000000081c00000, 0x0000000081d00000, 0x0000000081d00000|100%| O|  |TAMS 0x0000000081d00000, 0x0000000081d00000| Untracked 
|  29|0x0000000081d00000, 0x0000000081e00000, 0x0000000081e00000|100%| O|  |TAMS 0x0000000081e00000, 0x0000000081e00000| Untracked 
|  30|0x0000000081e00000, 0x0000000081f00000, 0x0000000081f00000|100%| O|  |TAMS 0x0000000081f00000, 0x0000000081f00000| Untracked 
|  31|0x0000000081f00000, 0x0000000082000000, 0x0000000082000000|100%| O|  |TAMS 0x0000000082000000, 0x0000000082000000| Untracked 
|  32|0x0000000082000000, 0x0000000082100000, 0x0000000082100000|100%| O|  |TAMS 0x0000000082100000, 0x0000000082100000| Untracked 
|  33|0x0000000082100000, 0x0000000082200000, 0x0000000082200000|100%| O|  |TAMS 0x0000000082200000, 0x0000000082200000| Untracked 
|  34|0x0000000082200000, 0x0000000082300000, 0x0000000082300000|100%| O|  |TAMS 0x0000000082300000, 0x0000000082300000| Untracked 
|  35|0x0000000082300000, 0x0000000082400000, 0x0000000082400000|100%| O|  |TAMS 0x0000000082400000, 0x0000000082400000| Untracked 
|  36|0x0000000082400000, 0x0000000082500000, 0x0000000082500000|100%| O|  |TAMS 0x0000000082500000, 0x0000000082500000| Untracked 
|  37|0x0000000082500000, 0x0000000082600000, 0x0000000082600000|100%| O|  |TAMS 0x0000000082600000, 0x0000000082600000| Untracked 
|  38|0x0000000082600000, 0x0000000082700000, 0x0000000082700000|100%| O|  |TAMS 0x0000000082700000, 0x0000000082700000| Untracked 
|  39|0x0000000082700000, 0x0000000082800000, 0x0000000082800000|100%| O|  |TAMS 0x0000000082800000, 0x0000000082800000| Untracked 
|  40|0x0000000082800000, 0x0000000082900000, 0x0000000082900000|100%| O|  |TAMS 0x0000000082900000, 0x0000000082900000| Untracked 
|  41|0x0000000082900000, 0x0000000082a00000, 0x0000000082a00000|100%| O|  |TAMS 0x0000000082a00000, 0x0000000082a00000| Untracked 
|  42|0x0000000082a00000, 0x0000000082b00000, 0x0000000082b00000|100%| O|  |TAMS 0x0000000082b00000, 0x0000000082b00000| Untracked 
|  43|0x0000000082b00000, 0x0000000082c00000, 0x0000000082c00000|100%| O|  |TAMS 0x0000000082c00000, 0x0000000082c00000| Untracked 
|  44|0x0000000082c00000, 0x0000000082d00000, 0x0000000082d00000|100%| O|  |TAMS 0x0000000082d00000, 0x0000000082d00000| Untracked 
|  45|0x0000000082d00000, 0x0000000082e00000, 0x0000000082e00000|100%| O|  |TAMS 0x0000000082e00000, 0x0000000082e00000| Untracked 
|  46|0x0000000082e00000, 0x0000000082f00000, 0x0000000082f00000|100%| O|  |TAMS 0x0000000082f00000, 0x0000000082f00000| Untracked 
|  47|0x0000000082f00000, 0x0000000083000000, 0x0000000083000000|100%| O|  |TAMS 0x0000000083000000, 0x0000000083000000| Untracked 
|  48|0x0000000083000000, 0x0000000083100000, 0x0000000083100000|100%| O|  |TAMS 0x0000000083100000, 0x0000000083100000| Untracked 
|  49|0x0000000083100000, 0x0000000083200000, 0x0000000083200000|100%| O|  |TAMS 0x0000000083200000, 0x0000000083200000| Untracked 
|  50|0x0000000083200000, 0x0000000083300000, 0x0000000083300000|100%| O|  |TAMS 0x0000000083300000, 0x0000000083300000| Untracked 
|  51|0x0000000083300000, 0x0000000083400000, 0x0000000083400000|100%| O|  |TAMS 0x0000000083400000, 0x0000000083400000| Untracked 
|  52|0x0000000083400000, 0x0000000083500000, 0x0000000083500000|100%| O|  |TAMS 0x0000000083500000, 0x0000000083500000| Untracked 
|  53|0x0000000083500000, 0x0000000083600000, 0x0000000083600000|100%| O|  |TAMS 0x0000000083600000, 0x0000000083600000| Untracked 
|  54|0x0000000083600000, 0x0000000083700000, 0x0000000083700000|100%| O|  |TAMS 0x0000000083700000, 0x0000000083700000| Untracked 
|  55|0x0000000083700000, 0x0000000083800000, 0x0000000083800000|100%| O|  |TAMS 0x0000000083800000, 0x0000000083800000| Untracked 
|  56|0x0000000083800000, 0x0000000083900000, 0x0000000083900000|100%| O|  |TAMS 0x0000000083900000, 0x0000000083900000| Untracked 
|  57|0x0000000083900000, 0x0000000083a00000, 0x0000000083a00000|100%| O|  |TAMS 0x0000000083a00000, 0x0000000083a00000| Untracked 
|  58|0x0000000083a00000, 0x0000000083b00000, 0x0000000083b00000|100%| O|  |TAMS 0x0000000083b00000, 0x0000000083b00000| Untracked 
|  59|0x0000000083b00000, 0x0000000083c00000, 0x0000000083c00000|100%| O|  |TAMS 0x0000000083c00000, 0x0000000083c00000| Untracked 
|  60|0x0000000083c00000, 0x0000000083d00000, 0x0000000083d00000|100%| O|  |TAMS 0x0000000083d00000, 0x0000000083d00000| Untracked 
|  61|0x0000000083d00000, 0x0000000083e00000, 0x0000000083e00000|100%| O|  |TAMS 0x0000000083e00000, 0x0000000083e00000| Untracked 
|  62|0x0000000083e00000, 0x0000000083f00000, 0x0000000083f00000|100%| O|  |TAMS 0x0000000083f00000, 0x0000000083f00000| Untracked 
|  63|0x0000000083f00000, 0x0000000084000000, 0x0000000084000000|100%| O|  |TAMS 0x0000000084000000, 0x0000000084000000| Untracked 
|  64|0x0000000084000000, 0x0000000084100000, 0x0000000084100000|100%| O|  |TAMS 0x0000000084100000, 0x0000000084100000| Untracked 
|  65|0x0000000084100000, 0x0000000084200000, 0x0000000084200000|100%| O|  |TAMS 0x0000000084200000, 0x0000000084200000| Untracked 
|  66|0x0000000084200000, 0x0000000084300000, 0x0000000084300000|100%| O|  |TAMS 0x0000000084300000, 0x0000000084300000| Untracked 
|  67|0x0000000084300000, 0x0000000084400000, 0x0000000084400000|100%| O|  |TAMS 0x0000000084400000, 0x0000000084400000| Untracked 
|  68|0x0000000084400000, 0x0000000084500000, 0x0000000084500000|100%| O|  |TAMS 0x0000000084500000, 0x0000000084500000| Untracked 
|  69|0x0000000084500000, 0x0000000084600000, 0x0000000084600000|100%| O|  |TAMS 0x0000000084600000, 0x0000000084600000| Untracked 
|  70|0x0000000084600000, 0x0000000084700000, 0x0000000084700000|100%| O|  |TAMS 0x0000000084700000, 0x0000000084700000| Untracked 
|  71|0x0000000084700000, 0x0000000084800000, 0x0000000084800000|100%| O|  |TAMS 0x0000000084800000, 0x0000000084800000| Untracked 
|  72|0x0000000084800000, 0x0000000084900000, 0x0000000084900000|100%| O|  |TAMS 0x0000000084900000, 0x0000000084900000| Untracked 
|  73|0x0000000084900000, 0x0000000084a00000, 0x0000000084a00000|100%| O|  |TAMS 0x0000000084a00000, 0x0000000084a00000| Untracked 
|  74|0x0000000084a00000, 0x0000000084b00000, 0x0000000084b00000|100%| O|  |TAMS 0x0000000084b00000, 0x0000000084b00000| Untracked 
|  75|0x0000000084b00000, 0x0000000084c00000, 0x0000000084c00000|100%| O|  |TAMS 0x0000000084c00000, 0x0000000084c00000| Untracked 
|  76|0x0000000084c00000, 0x0000000084d00000, 0x0000000084d00000|100%| O|  |TAMS 0x0000000084d00000, 0x0000000084d00000| Untracked 
|  77|0x0000000084d00000, 0x0000000084e00000, 0x0000000084e00000|100%| O|  |TAMS 0x0000000084d00000, 0x0000000084e00000| Untracked 
|  78|0x0000000084e00000, 0x0000000084f00000, 0x0000000084f00000|100%| O|  |TAMS 0x0000000084e00000, 0x0000000084f00000| Untracked 
|  79|0x0000000084f00000, 0x0000000085000000, 0x0000000085000000|100%| O|  |TAMS 0x0000000084f00000, 0x0000000085000000| Untracked 
|  80|0x0000000085000000, 0x0000000085100000, 0x0000000085100000|100%| O|  |TAMS 0x0000000085000000, 0x0000000085100000| Untracked 
|  81|0x0000000085100000, 0x0000000085200000, 0x0000000085200000|100%| O|  |TAMS 0x0000000085100000, 0x0000000085200000| Untracked 
|  82|0x0000000085200000, 0x0000000085300000, 0x0000000085300000|100%| O|  |TAMS 0x0000000085300000, 0x0000000085300000| Untracked 
|  83|0x0000000085300000, 0x0000000085400000, 0x0000000085400000|100%| O|  |TAMS 0x0000000085300000, 0x0000000085400000| Untracked 
|  84|0x0000000085400000, 0x0000000085500000, 0x0000000085500000|100%| O|  |TAMS 0x0000000085400000, 0x0000000085500000| Untracked 
|  85|0x0000000085500000, 0x0000000085600000, 0x0000000085600000|100%| O|  |TAMS 0x0000000085500000, 0x0000000085600000| Untracked 
|  86|0x0000000085600000, 0x0000000085700000, 0x0000000085700000|100%| O|  |TAMS 0x0000000085600000, 0x0000000085700000| Untracked 
|  87|0x0000000085700000, 0x0000000085800000, 0x0000000085800000|100%| O|  |TAMS 0x0000000085700000, 0x0000000085800000| Untracked 
|  88|0x0000000085800000, 0x0000000085900000, 0x0000000085900000|100%| O|  |TAMS 0x0000000085800000, 0x0000000085900000| Untracked 
|  89|0x0000000085900000, 0x0000000085a00000, 0x0000000085a00000|100%| O|  |TAMS 0x0000000085900000, 0x0000000085a00000| Untracked 
|  90|0x0000000085a00000, 0x0000000085b00000, 0x0000000085b00000|100%| O|  |TAMS 0x0000000085a00000, 0x0000000085b00000| Untracked 
|  91|0x0000000085b00000, 0x0000000085c00000, 0x0000000085c00000|100%| O|  |TAMS 0x0000000085b00000, 0x0000000085c00000| Untracked 
|  92|0x0000000085c00000, 0x0000000085d00000, 0x0000000085d00000|100%| O|  |TAMS 0x0000000085c00000, 0x0000000085d00000| Untracked 
|  93|0x0000000085d00000, 0x0000000085e00000, 0x0000000085e00000|100%| O|  |TAMS 0x0000000085d00000, 0x0000000085e00000| Untracked 
|  94|0x0000000085e00000, 0x0000000085f00000, 0x0000000085f00000|100%| O|  |TAMS 0x0000000085e00000, 0x0000000085f00000| Untracked 
|  95|0x0000000085f00000, 0x0000000086000000, 0x0000000086000000|100%| O|  |TAMS 0x0000000085f00000, 0x0000000086000000| Untracked 
|  96|0x0000000086000000, 0x0000000086100000, 0x0000000086100000|100%| O|  |TAMS 0x0000000086100000, 0x0000000086100000| Untracked 
|  97|0x0000000086100000, 0x0000000086200000, 0x0000000086200000|100%| O|  |TAMS 0x0000000086100000, 0x0000000086200000| Untracked 
|  98|0x0000000086200000, 0x0000000086300000, 0x0000000086300000|100%| O|  |TAMS 0x0000000086300000, 0x0000000086300000| Untracked 
|  99|0x0000000086300000, 0x0000000086400000, 0x0000000086400000|100%| O|  |TAMS 0x0000000086400000, 0x0000000086400000| Untracked 
| 100|0x0000000086400000, 0x0000000086500000, 0x0000000086500000|100%| O|  |TAMS 0x0000000086400000, 0x0000000086500000| Untracked 
| 101|0x0000000086500000, 0x0000000086600000, 0x0000000086600000|100%| O|  |TAMS 0x0000000086500000, 0x0000000086600000| Untracked 
| 102|0x0000000086600000, 0x0000000086700000, 0x0000000086700000|100%| O|  |TAMS 0x0000000086600000, 0x0000000086700000| Untracked 
| 103|0x0000000086700000, 0x0000000086800000, 0x0000000086800000|100%| O|  |TAMS 0x0000000086700000, 0x0000000086800000| Untracked 
| 104|0x0000000086800000, 0x0000000086900000, 0x0000000086900000|100%| O|  |TAMS 0x0000000086800000, 0x0000000086900000| Untracked 
| 105|0x0000000086900000, 0x0000000086a00000, 0x0000000086a00000|100%| O|  |TAMS 0x0000000086900000, 0x0000000086a00000| Untracked 
| 106|0x0000000086a00000, 0x0000000086b00000, 0x0000000086b00000|100%| O|  |TAMS 0x0000000086b00000, 0x0000000086b00000| Untracked 
| 107|0x0000000086b00000, 0x0000000086c00000, 0x0000000086c00000|100%| O|  |TAMS 0x0000000086c00000, 0x0000000086c00000| Untracked 
| 108|0x0000000086c00000, 0x0000000086d00000, 0x0000000086d00000|100%| O|  |TAMS 0x0000000086d00000, 0x0000000086d00000| Untracked 
| 109|0x0000000086d00000, 0x0000000086e00000, 0x0000000086e00000|100%| O|  |TAMS 0x0000000086e00000, 0x0000000086e00000| Untracked 
| 110|0x0000000086e00000, 0x0000000086f00000, 0x0000000086f00000|100%| O|  |TAMS 0x0000000086f00000, 0x0000000086f00000| Untracked 
| 111|0x0000000086f00000, 0x0000000087000000, 0x0000000087000000|100%| O|  |TAMS 0x0000000086f00000, 0x0000000087000000| Untracked 
| 112|0x0000000087000000, 0x0000000087100000, 0x0000000087100000|100%| O|  |TAMS 0x0000000087000000, 0x0000000087100000| Untracked 
| 113|0x0000000087100000, 0x0000000087200000, 0x0000000087200000|100%| O|  |TAMS 0x0000000087100000, 0x0000000087200000| Untracked 
| 114|0x0000000087200000, 0x0000000087300000, 0x0000000087300000|100%| O|  |TAMS 0x0000000087200000, 0x0000000087300000| Untracked 
| 115|0x0000000087300000, 0x0000000087400000, 0x0000000087400000|100%| O|  |TAMS 0x0000000087300000, 0x0000000087400000| Untracked 
| 116|0x0000000087400000, 0x0000000087500000, 0x0000000087500000|100%| O|  |TAMS 0x0000000087400000, 0x0000000087500000| Untracked 
| 117|0x0000000087500000, 0x0000000087600000, 0x0000000087600000|100%| O|  |TAMS 0x0000000087500000, 0x0000000087600000| Untracked 
| 118|0x0000000087600000, 0x0000000087700000, 0x0000000087700000|100%| O|  |TAMS 0x0000000087600000, 0x0000000087700000| Untracked 
| 119|0x0000000087700000, 0x0000000087800000, 0x0000000087800000|100%| O|  |TAMS 0x0000000087700000, 0x0000000087800000| Untracked 
| 120|0x0000000087800000, 0x0000000087900000, 0x0000000087900000|100%| O|  |TAMS 0x0000000087800000, 0x0000000087900000| Untracked 
| 121|0x0000000087900000, 0x0000000087a00000, 0x0000000087a00000|100%| O|  |TAMS 0x0000000087900000, 0x0000000087a00000| Untracked 
| 122|0x0000000087a00000, 0x0000000087b00000, 0x0000000087b00000|100%| O|  |TAMS 0x0000000087a00000, 0x0000000087b00000| Untracked 
| 123|0x0000000087b00000, 0x0000000087c00000, 0x0000000087c00000|100%| O|  |TAMS 0x0000000087b00000, 0x0000000087c00000| Untracked 
| 124|0x0000000087c00000, 0x0000000087d00000, 0x0000000087d00000|100%| O|  |TAMS 0x0000000087c00000, 0x0000000087d00000| Untracked 
| 125|0x0000000087d00000, 0x0000000087e00000, 0x0000000087e00000|100%| O|  |TAMS 0x0000000087d00000, 0x0000000087e00000| Untracked 
| 126|0x0000000087e00000, 0x0000000087f00000, 0x0000000087f00000|100%| O|  |TAMS 0x0000000087e00000, 0x0000000087f00000| Untracked 
| 127|0x0000000087f00000, 0x0000000088000000, 0x0000000088000000|100%| O|  |TAMS 0x0000000087f00000, 0x0000000088000000| Untracked 
| 128|0x0000000088000000, 0x0000000088100000, 0x0000000088100000|100%| O|  |TAMS 0x0000000088000000, 0x0000000088100000| Untracked 
| 129|0x0000000088100000, 0x0000000088200000, 0x0000000088200000|100%| O|  |TAMS 0x0000000088100000, 0x0000000088200000| Untracked 
| 130|0x0000000088200000, 0x0000000088300000, 0x0000000088300000|100%| O|  |TAMS 0x0000000088200000, 0x0000000088300000| Untracked 
| 131|0x0000000088300000, 0x0000000088400000, 0x0000000088400000|100%| O|  |TAMS 0x0000000088300000, 0x0000000088400000| Untracked 
| 132|0x0000000088400000, 0x0000000088500000, 0x0000000088500000|100%| O|  |TAMS 0x0000000088400000, 0x0000000088500000| Untracked 
| 133|0x0000000088500000, 0x0000000088600000, 0x0000000088600000|100%| O|  |TAMS 0x0000000088500000, 0x0000000088600000| Untracked 
| 134|0x0000000088600000, 0x0000000088700000, 0x0000000088700000|100%| O|  |TAMS 0x0000000088600000, 0x0000000088700000| Untracked 
| 135|0x0000000088700000, 0x0000000088800000, 0x0000000088800000|100%| O|  |TAMS 0x0000000088700000, 0x0000000088800000| Untracked 
| 136|0x0000000088800000, 0x0000000088900000, 0x0000000088900000|100%| O|  |TAMS 0x0000000088800000, 0x0000000088900000| Untracked 
| 137|0x0000000088900000, 0x0000000088a00000, 0x0000000088a00000|100%| O|  |TAMS 0x0000000088900000, 0x0000000088a00000| Untracked 
| 138|0x0000000088a00000, 0x0000000088b00000, 0x0000000088b00000|100%| O|  |TAMS 0x0000000088b00000, 0x0000000088b00000| Untracked 
| 139|0x0000000088b00000, 0x0000000088c00000, 0x0000000088c00000|100%| O|  |TAMS 0x0000000088b00000, 0x0000000088c00000| Untracked 
| 140|0x0000000088c00000, 0x0000000088d00000, 0x0000000088d00000|100%| O|  |TAMS 0x0000000088c00000, 0x0000000088d00000| Untracked 
| 141|0x0000000088d00000, 0x0000000088e00000, 0x0000000088e00000|100%| O|  |TAMS 0x0000000088d00000, 0x0000000088e00000| Untracked 
| 142|0x0000000088e00000, 0x0000000088f00000, 0x0000000088f00000|100%| O|  |TAMS 0x0000000088e00000, 0x0000000088f00000| Untracked 
| 143|0x0000000088f00000, 0x0000000089000000, 0x0000000089000000|100%| O|  |TAMS 0x0000000088f00000, 0x0000000089000000| Untracked 
| 144|0x0000000089000000, 0x0000000089100000, 0x0000000089100000|100%| O|  |TAMS 0x0000000089000000, 0x0000000089100000| Untracked 
| 145|0x0000000089100000, 0x0000000089200000, 0x0000000089200000|100%| O|  |TAMS 0x0000000089100000, 0x0000000089200000| Untracked 
| 146|0x0000000089200000, 0x0000000089300000, 0x0000000089300000|100%| O|  |TAMS 0x0000000089200000, 0x0000000089300000| Untracked 
| 147|0x0000000089300000, 0x0000000089400000, 0x0000000089400000|100%| O|  |TAMS 0x0000000089300000, 0x0000000089400000| Untracked 
| 148|0x0000000089400000, 0x0000000089500000, 0x0000000089500000|100%| O|  |TAMS 0x0000000089400000, 0x0000000089500000| Untracked 
| 149|0x0000000089500000, 0x0000000089600000, 0x0000000089600000|100%| O|  |TAMS 0x0000000089500000, 0x0000000089600000| Untracked 
| 150|0x0000000089600000, 0x0000000089700000, 0x0000000089700000|100%| O|  |TAMS 0x0000000089600000, 0x0000000089700000| Untracked 
| 151|0x0000000089700000, 0x0000000089800000, 0x0000000089800000|100%| O|  |TAMS 0x0000000089700000, 0x0000000089800000| Untracked 
| 152|0x0000000089800000, 0x0000000089900000, 0x0000000089900000|100%| O|  |TAMS 0x0000000089800000, 0x0000000089900000| Untracked 
| 153|0x0000000089900000, 0x0000000089a00000, 0x0000000089a00000|100%| O|  |TAMS 0x0000000089900000, 0x0000000089a00000| Untracked 
| 154|0x0000000089a00000, 0x0000000089b00000, 0x0000000089b00000|100%| O|  |TAMS 0x0000000089a00000, 0x0000000089b00000| Untracked 
| 155|0x0000000089b00000, 0x0000000089c00000, 0x0000000089c00000|100%| O|  |TAMS 0x0000000089b00000, 0x0000000089c00000| Untracked 
| 156|0x0000000089c00000, 0x0000000089d00000, 0x0000000089d00000|100%| O|  |TAMS 0x0000000089d00000, 0x0000000089d00000| Untracked 
| 157|0x0000000089d00000, 0x0000000089e00000, 0x0000000089e00000|100%| O|  |TAMS 0x0000000089e00000, 0x0000000089e00000| Untracked 
| 158|0x0000000089e00000, 0x0000000089f00000, 0x0000000089f00000|100%| O|  |TAMS 0x0000000089e00000, 0x0000000089f00000| Untracked 
| 159|0x0000000089f00000, 0x000000008a000000, 0x000000008a000000|100%| O|  |TAMS 0x000000008a000000, 0x000000008a000000| Untracked 
| 160|0x000000008a000000, 0x000000008a100000, 0x000000008a100000|100%| O|  |TAMS 0x000000008a000000, 0x000000008a100000| Untracked 
| 161|0x000000008a100000, 0x000000008a200000, 0x000000008a200000|100%| O|  |TAMS 0x000000008a100000, 0x000000008a200000| Untracked 
| 162|0x000000008a200000, 0x000000008a300000, 0x000000008a300000|100%| O|  |TAMS 0x000000008a200000, 0x000000008a300000| Untracked 
| 163|0x000000008a300000, 0x000000008a400000, 0x000000008a400000|100%| O|  |TAMS 0x000000008a300000, 0x000000008a400000| Untracked 
| 164|0x000000008a400000, 0x000000008a500000, 0x000000008a500000|100%| O|  |TAMS 0x000000008a400000, 0x000000008a500000| Untracked 
| 165|0x000000008a500000, 0x000000008a600000, 0x000000008a600000|100%| O|  |TAMS 0x000000008a500000, 0x000000008a600000| Untracked 
| 166|0x000000008a600000, 0x000000008a700000, 0x000000008a700000|100%| O|  |TAMS 0x000000008a700000, 0x000000008a700000| Untracked 
| 167|0x000000008a700000, 0x000000008a800000, 0x000000008a800000|100%| O|  |TAMS 0x000000008a700000, 0x000000008a800000| Untracked 
| 168|0x000000008a800000, 0x000000008a900000, 0x000000008a900000|100%| O|  |TAMS 0x000000008a800000, 0x000000008a900000| Untracked 
| 169|0x000000008a900000, 0x000000008aa00000, 0x000000008aa00000|100%| O|  |TAMS 0x000000008a900000, 0x000000008aa00000| Untracked 
| 170|0x000000008aa00000, 0x000000008ab00000, 0x000000008ab00000|100%| O|  |TAMS 0x000000008aa00000, 0x000000008ab00000| Untracked 
| 171|0x000000008ab00000, 0x000000008ac00000, 0x000000008ac00000|100%| O|  |TAMS 0x000000008ab00000, 0x000000008ac00000| Untracked 
| 172|0x000000008ac00000, 0x000000008ad00000, 0x000000008ad00000|100%| O|  |TAMS 0x000000008ac00000, 0x000000008ad00000| Untracked 
| 173|0x000000008ad00000, 0x000000008ae00000, 0x000000008ae00000|100%| O|  |TAMS 0x000000008ad00000, 0x000000008ae00000| Untracked 
| 174|0x000000008ae00000, 0x000000008af00000, 0x000000008af00000|100%| O|  |TAMS 0x000000008ae00000, 0x000000008af00000| Untracked 
| 175|0x000000008af00000, 0x000000008b000000, 0x000000008b000000|100%| O|  |TAMS 0x000000008af00000, 0x000000008b000000| Untracked 
| 176|0x000000008b000000, 0x000000008b100000, 0x000000008b100000|100%| O|  |TAMS 0x000000008b000000, 0x000000008b100000| Untracked 
| 177|0x000000008b100000, 0x000000008b200000, 0x000000008b200000|100%| O|  |TAMS 0x000000008b200000, 0x000000008b200000| Untracked 
| 178|0x000000008b200000, 0x000000008b300000, 0x000000008b300000|100%| O|  |TAMS 0x000000008b200000, 0x000000008b300000| Untracked 
| 179|0x000000008b300000, 0x000000008b400000, 0x000000008b400000|100%| O|  |TAMS 0x000000008b400000, 0x000000008b400000| Untracked 
| 180|0x000000008b400000, 0x000000008b500000, 0x000000008b500000|100%| O|  |TAMS 0x000000008b400000, 0x000000008b500000| Untracked 
| 181|0x000000008b500000, 0x000000008b600000, 0x000000008b600000|100%| O|  |TAMS 0x000000008b500000, 0x000000008b600000| Untracked 
| 182|0x000000008b600000, 0x000000008b638200, 0x000000008b700000| 21%| O|  |TAMS 0x000000008b600000, 0x000000008b638200| Untracked 
| 183|0x000000008b700000, 0x000000008b700000, 0x000000008b800000|  0%| F|  |TAMS 0x000000008b700000, 0x000000008b700000| Untracked 
| 184|0x000000008b800000, 0x000000008b800000, 0x000000008b900000|  0%| F|  |TAMS 0x000000008b800000, 0x000000008b800000| Untracked 
| 185|0x000000008b900000, 0x000000008b900000, 0x000000008ba00000|  0%| F|  |TAMS 0x000000008b900000, 0x000000008b900000| Untracked 
| 186|0x000000008ba00000, 0x000000008ba00000, 0x000000008bb00000|  0%| F|  |TAMS 0x000000008ba00000, 0x000000008ba00000| Untracked 
| 187|0x000000008bb00000, 0x000000008bb00000, 0x000000008bc00000|  0%| F|  |TAMS 0x000000008bb00000, 0x000000008bb00000| Untracked 
| 188|0x000000008bc00000, 0x000000008bc00000, 0x000000008bd00000|  0%| F|  |TAMS 0x000000008bc00000, 0x000000008bc00000| Untracked 
| 189|0x000000008bd00000, 0x000000008bd00000, 0x000000008be00000|  0%| F|  |TAMS 0x000000008bd00000, 0x000000008bd00000| Untracked 
| 190|0x000000008be00000, 0x000000008be00000, 0x000000008bf00000|  0%| F|  |TAMS 0x000000008be00000, 0x000000008be00000| Untracked 
| 191|0x000000008bf00000, 0x000000008bf00000, 0x000000008c000000|  0%| F|  |TAMS 0x000000008bf00000, 0x000000008bf00000| Untracked 
| 192|0x000000008c000000, 0x000000008c000000, 0x000000008c100000|  0%| F|  |TAMS 0x000000008c000000, 0x000000008c000000| Untracked 
| 193|0x000000008c100000, 0x000000008c100000, 0x000000008c200000|  0%| F|  |TAMS 0x000000008c100000, 0x000000008c100000| Untracked 
| 194|0x000000008c200000, 0x000000008c200000, 0x000000008c300000|  0%| F|  |TAMS 0x000000008c200000, 0x000000008c200000| Untracked 
| 195|0x000000008c300000, 0x000000008c300000, 0x000000008c400000|  0%| F|  |TAMS 0x000000008c300000, 0x000000008c300000| Untracked 
| 196|0x000000008c400000, 0x000000008c400000, 0x000000008c500000|  0%| F|  |TAMS 0x000000008c400000, 0x000000008c400000| Untracked 
| 197|0x000000008c500000, 0x000000008c500000, 0x000000008c600000|  0%| F|  |TAMS 0x000000008c500000, 0x000000008c500000| Untracked 
| 198|0x000000008c600000, 0x000000008c600000, 0x000000008c700000|  0%| F|  |TAMS 0x000000008c600000, 0x000000008c600000| Untracked 
| 199|0x000000008c700000, 0x000000008c700000, 0x000000008c800000|  0%| F|  |TAMS 0x000000008c700000, 0x000000008c700000| Untracked 
| 200|0x000000008c800000, 0x000000008c800000, 0x000000008c900000|  0%| F|  |TAMS 0x000000008c800000, 0x000000008c800000| Untracked 
| 201|0x000000008c900000, 0x000000008c900000, 0x000000008ca00000|  0%| F|  |TAMS 0x000000008c900000, 0x000000008c900000| Untracked 
| 202|0x000000008ca00000, 0x000000008ca00000, 0x000000008cb00000|  0%| F|  |TAMS 0x000000008ca00000, 0x000000008ca00000| Untracked 
| 203|0x000000008cb00000, 0x000000008cb00000, 0x000000008cc00000|  0%| F|  |TAMS 0x000000008cb00000, 0x000000008cb00000| Untracked 
| 204|0x000000008cc00000, 0x000000008cc00000, 0x000000008cd00000|  0%| F|  |TAMS 0x000000008cc00000, 0x000000008cc00000| Untracked 
| 205|0x000000008cd00000, 0x000000008cd00000, 0x000000008ce00000|  0%| F|  |TAMS 0x000000008cd00000, 0x000000008cd00000| Untracked 
| 206|0x000000008ce00000, 0x000000008ce00000, 0x000000008cf00000|  0%| F|  |TAMS 0x000000008ce00000, 0x000000008ce00000| Untracked 
| 207|0x000000008cf00000, 0x000000008cf00000, 0x000000008d000000|  0%| F|  |TAMS 0x000000008cf00000, 0x000000008cf00000| Untracked 
| 208|0x000000008d000000, 0x000000008d000000, 0x000000008d100000|  0%| F|  |TAMS 0x000000008d000000, 0x000000008d000000| Untracked 
| 209|0x000000008d100000, 0x000000008d100000, 0x000000008d200000|  0%| F|  |TAMS 0x000000008d100000, 0x000000008d100000| Untracked 
| 210|0x000000008d200000, 0x000000008d200000, 0x000000008d300000|  0%| F|  |TAMS 0x000000008d200000, 0x000000008d200000| Untracked 
| 211|0x000000008d300000, 0x000000008d300000, 0x000000008d400000|  0%| F|  |TAMS 0x000000008d300000, 0x000000008d300000| Untracked 
| 212|0x000000008d400000, 0x000000008d400000, 0x000000008d500000|  0%| F|  |TAMS 0x000000008d400000, 0x000000008d400000| Untracked 
| 213|0x000000008d500000, 0x000000008d500000, 0x000000008d600000|  0%| F|  |TAMS 0x000000008d500000, 0x000000008d500000| Untracked 
| 214|0x000000008d600000, 0x000000008d600000, 0x000000008d700000|  0%| F|  |TAMS 0x000000008d600000, 0x000000008d600000| Untracked 
| 215|0x000000008d700000, 0x000000008d700000, 0x000000008d800000|  0%| F|  |TAMS 0x000000008d700000, 0x000000008d700000| Untracked 
| 216|0x000000008d800000, 0x000000008d800000, 0x000000008d900000|  0%| F|  |TAMS 0x000000008d800000, 0x000000008d800000| Untracked 
| 217|0x000000008d900000, 0x000000008d900000, 0x000000008da00000|  0%| F|  |TAMS 0x000000008d900000, 0x000000008d900000| Untracked 
| 218|0x000000008da00000, 0x000000008da00000, 0x000000008db00000|  0%| F|  |TAMS 0x000000008da00000, 0x000000008da00000| Untracked 
| 219|0x000000008db00000, 0x000000008db00000, 0x000000008dc00000|  0%| F|  |TAMS 0x000000008db00000, 0x000000008db00000| Untracked 
| 220|0x000000008dc00000, 0x000000008dc00000, 0x000000008dd00000|  0%| F|  |TAMS 0x000000008dc00000, 0x000000008dc00000| Untracked 
| 221|0x000000008dd00000, 0x000000008dd00000, 0x000000008de00000|  0%| F|  |TAMS 0x000000008dd00000, 0x000000008dd00000| Untracked 
| 222|0x000000008de00000, 0x000000008de00000, 0x000000008df00000|  0%| F|  |TAMS 0x000000008de00000, 0x000000008de00000| Untracked 
| 223|0x000000008df00000, 0x000000008df00000, 0x000000008e000000|  0%| F|  |TAMS 0x000000008df00000, 0x000000008df00000| Untracked 
| 224|0x000000008e000000, 0x000000008e000000, 0x000000008e100000|  0%| F|  |TAMS 0x000000008e000000, 0x000000008e000000| Untracked 
| 225|0x000000008e100000, 0x000000008e100000, 0x000000008e200000|  0%| F|  |TAMS 0x000000008e100000, 0x000000008e100000| Untracked 
| 226|0x000000008e200000, 0x000000008e200000, 0x000000008e300000|  0%| F|  |TAMS 0x000000008e200000, 0x000000008e200000| Untracked 
| 227|0x000000008e300000, 0x000000008e300000, 0x000000008e400000|  0%| F|  |TAMS 0x000000008e300000, 0x000000008e300000| Untracked 
| 228|0x000000008e400000, 0x000000008e400000, 0x000000008e500000|  0%| F|  |TAMS 0x000000008e400000, 0x000000008e400000| Untracked 
| 229|0x000000008e500000, 0x000000008e500000, 0x000000008e600000|  0%| F|  |TAMS 0x000000008e500000, 0x000000008e500000| Untracked 
| 230|0x000000008e600000, 0x000000008e600000, 0x000000008e700000|  0%| F|  |TAMS 0x000000008e600000, 0x000000008e600000| Untracked 
| 231|0x000000008e700000, 0x000000008e700000, 0x000000008e800000|  0%| F|  |TAMS 0x000000008e700000, 0x000000008e700000| Untracked 
| 232|0x000000008e800000, 0x000000008e800000, 0x000000008e900000|  0%| F|  |TAMS 0x000000008e800000, 0x000000008e800000| Untracked 
| 233|0x000000008e900000, 0x000000008e900000, 0x000000008ea00000|  0%| F|  |TAMS 0x000000008e900000, 0x000000008e900000| Untracked 
| 234|0x000000008ea00000, 0x000000008ea00000, 0x000000008eb00000|  0%| F|  |TAMS 0x000000008ea00000, 0x000000008ea00000| Untracked 
| 235|0x000000008eb00000, 0x000000008eb00000, 0x000000008ec00000|  0%| F|  |TAMS 0x000000008eb00000, 0x000000008eb00000| Untracked 
| 236|0x000000008ec00000, 0x000000008ed00000, 0x000000008ed00000|100%| S|CS|TAMS 0x000000008ec00000, 0x000000008ec00000| Complete 
| 237|0x000000008ed00000, 0x000000008ee00000, 0x000000008ee00000|100%| S|CS|TAMS 0x000000008ed00000, 0x000000008ed00000| Complete 
| 238|0x000000008ee00000, 0x000000008ef00000, 0x000000008ef00000|100%| S|CS|TAMS 0x000000008ee00000, 0x000000008ee00000| Complete 
| 239|0x000000008ef00000, 0x000000008f000000, 0x000000008f000000|100%| S|CS|TAMS 0x000000008ef00000, 0x000000008ef00000| Complete 
| 240|0x000000008f000000, 0x000000008f100000, 0x000000008f100000|100%| S|CS|TAMS 0x000000008f000000, 0x000000008f000000| Complete 
| 241|0x000000008f100000, 0x000000008f200000, 0x000000008f200000|100%| S|CS|TAMS 0x000000008f100000, 0x000000008f100000| Complete 
| 242|0x000000008f200000, 0x000000008f300000, 0x000000008f300000|100%| S|CS|TAMS 0x000000008f200000, 0x000000008f200000| Complete 
| 243|0x000000008f300000, 0x000000008f400000, 0x000000008f400000|100%| S|CS|TAMS 0x000000008f300000, 0x000000008f300000| Complete 
| 244|0x000000008f400000, 0x000000008f500000, 0x000000008f500000|100%| S|CS|TAMS 0x000000008f400000, 0x000000008f400000| Complete 
| 245|0x000000008f500000, 0x000000008f600000, 0x000000008f600000|100%| S|CS|TAMS 0x000000008f500000, 0x000000008f500000| Complete 
| 246|0x000000008f600000, 0x000000008f700000, 0x000000008f700000|100%| S|CS|TAMS 0x000000008f600000, 0x000000008f600000| Complete 
| 247|0x000000008f700000, 0x000000008f800000, 0x000000008f800000|100%| S|CS|TAMS 0x000000008f700000, 0x000000008f700000| Complete 
| 248|0x000000008f800000, 0x000000008f800000, 0x000000008f900000|  0%| F|  |TAMS 0x000000008f800000, 0x000000008f800000| Untracked 
| 249|0x000000008f900000, 0x000000008f900000, 0x000000008fa00000|  0%| F|  |TAMS 0x000000008f900000, 0x000000008f900000| Untracked 
| 250|0x000000008fa00000, 0x000000008fa00000, 0x000000008fb00000|  0%| F|  |TAMS 0x000000008fa00000, 0x000000008fa00000| Untracked 
| 251|0x000000008fb00000, 0x000000008fb00000, 0x000000008fc00000|  0%| F|  |TAMS 0x000000008fb00000, 0x000000008fb00000| Untracked 
| 252|0x000000008fc00000, 0x000000008fc00000, 0x000000008fd00000|  0%| F|  |TAMS 0x000000008fc00000, 0x000000008fc00000| Untracked 
| 253|0x000000008fd00000, 0x000000008fd00000, 0x000000008fe00000|  0%| F|  |TAMS 0x000000008fd00000, 0x000000008fd00000| Untracked 
| 254|0x000000008fe00000, 0x000000008fe00000, 0x000000008ff00000|  0%| F|  |TAMS 0x000000008fe00000, 0x000000008fe00000| Untracked 
| 255|0x000000008ff00000, 0x000000008ff00000, 0x0000000090000000|  0%| F|  |TAMS 0x000000008ff00000, 0x000000008ff00000| Untracked 
| 256|0x0000000090000000, 0x0000000090000000, 0x0000000090100000|  0%| F|  |TAMS 0x0000000090000000, 0x0000000090000000| Untracked 
| 257|0x0000000090100000, 0x0000000090100000, 0x0000000090200000|  0%| F|  |TAMS 0x0000000090100000, 0x0000000090100000| Untracked 
| 258|0x0000000090200000, 0x0000000090200000, 0x0000000090300000|  0%| F|  |TAMS 0x0000000090200000, 0x0000000090200000| Untracked 
| 259|0x0000000090300000, 0x0000000090300000, 0x0000000090400000|  0%| F|  |TAMS 0x0000000090300000, 0x0000000090300000| Untracked 
| 260|0x0000000090400000, 0x0000000090400000, 0x0000000090500000|  0%| F|  |TAMS 0x0000000090400000, 0x0000000090400000| Untracked 
| 261|0x0000000090500000, 0x0000000090500000, 0x0000000090600000|  0%| F|  |TAMS 0x0000000090500000, 0x0000000090500000| Untracked 
| 262|0x0000000090600000, 0x0000000090600000, 0x0000000090700000|  0%| F|  |TAMS 0x0000000090600000, 0x0000000090600000| Untracked 
| 263|0x0000000090700000, 0x0000000090700000, 0x0000000090800000|  0%| F|  |TAMS 0x0000000090700000, 0x0000000090700000| Untracked 
| 264|0x0000000090800000, 0x0000000090800000, 0x0000000090900000|  0%| F|  |TAMS 0x0000000090800000, 0x0000000090800000| Untracked 
| 265|0x0000000090900000, 0x0000000090900000, 0x0000000090a00000|  0%| F|  |TAMS 0x0000000090900000, 0x0000000090900000| Untracked 
| 266|0x0000000090a00000, 0x0000000090a00000, 0x0000000090b00000|  0%| F|  |TAMS 0x0000000090a00000, 0x0000000090a00000| Untracked 
| 267|0x0000000090b00000, 0x0000000090b00000, 0x0000000090c00000|  0%| F|  |TAMS 0x0000000090b00000, 0x0000000090b00000| Untracked 
| 268|0x0000000090c00000, 0x0000000090c00000, 0x0000000090d00000|  0%| F|  |TAMS 0x0000000090c00000, 0x0000000090c00000| Untracked 
| 269|0x0000000090d00000, 0x0000000090d00000, 0x0000000090e00000|  0%| F|  |TAMS 0x0000000090d00000, 0x0000000090d00000| Untracked 
| 270|0x0000000090e00000, 0x0000000090e00000, 0x0000000090f00000|  0%| F|  |TAMS 0x0000000090e00000, 0x0000000090e00000| Untracked 
| 271|0x0000000090f00000, 0x0000000090f00000, 0x0000000091000000|  0%| F|  |TAMS 0x0000000090f00000, 0x0000000090f00000| Untracked 
| 272|0x0000000091000000, 0x0000000091000000, 0x0000000091100000|  0%| F|  |TAMS 0x0000000091000000, 0x0000000091000000| Untracked 
| 273|0x0000000091100000, 0x0000000091100000, 0x0000000091200000|  0%| F|  |TAMS 0x0000000091100000, 0x0000000091100000| Untracked 
| 274|0x0000000091200000, 0x0000000091200000, 0x0000000091300000|  0%| F|  |TAMS 0x0000000091200000, 0x0000000091200000| Untracked 
| 275|0x0000000091300000, 0x0000000091300000, 0x0000000091400000|  0%| F|  |TAMS 0x0000000091300000, 0x0000000091300000| Untracked 
| 276|0x0000000091400000, 0x0000000091400000, 0x0000000091500000|  0%| F|  |TAMS 0x0000000091400000, 0x0000000091400000| Untracked 
| 277|0x0000000091500000, 0x0000000091500000, 0x0000000091600000|  0%| F|  |TAMS 0x0000000091500000, 0x0000000091500000| Untracked 
| 278|0x0000000091600000, 0x0000000091600000, 0x0000000091700000|  0%| F|  |TAMS 0x0000000091600000, 0x0000000091600000| Untracked 
| 279|0x0000000091700000, 0x0000000091700000, 0x0000000091800000|  0%| F|  |TAMS 0x0000000091700000, 0x0000000091700000| Untracked 
| 280|0x0000000091800000, 0x0000000091800000, 0x0000000091900000|  0%| F|  |TAMS 0x0000000091800000, 0x0000000091800000| Untracked 
| 281|0x0000000091900000, 0x0000000091900000, 0x0000000091a00000|  0%| F|  |TAMS 0x0000000091900000, 0x0000000091900000| Untracked 
| 282|0x0000000091a00000, 0x0000000091a00000, 0x0000000091b00000|  0%| F|  |TAMS 0x0000000091a00000, 0x0000000091a00000| Untracked 
| 283|0x0000000091b00000, 0x0000000091b00000, 0x0000000091c00000|  0%| F|  |TAMS 0x0000000091b00000, 0x0000000091b00000| Untracked 
| 284|0x0000000091c00000, 0x0000000091c00000, 0x0000000091d00000|  0%| F|  |TAMS 0x0000000091c00000, 0x0000000091c00000| Untracked 
| 285|0x0000000091d00000, 0x0000000091d00000, 0x0000000091e00000|  0%| F|  |TAMS 0x0000000091d00000, 0x0000000091d00000| Untracked 
| 286|0x0000000091e00000, 0x0000000091e00000, 0x0000000091f00000|  0%| F|  |TAMS 0x0000000091e00000, 0x0000000091e00000| Untracked 
| 287|0x0000000091f00000, 0x0000000091f00000, 0x0000000092000000|  0%| F|  |TAMS 0x0000000091f00000, 0x0000000091f00000| Untracked 
| 288|0x0000000092000000, 0x0000000092000000, 0x0000000092100000|  0%| F|  |TAMS 0x0000000092000000, 0x0000000092000000| Untracked 
| 289|0x0000000092100000, 0x0000000092100000, 0x0000000092200000|  0%| F|  |TAMS 0x0000000092100000, 0x0000000092100000| Untracked 
| 290|0x0000000092200000, 0x0000000092200000, 0x0000000092300000|  0%| F|  |TAMS 0x0000000092200000, 0x0000000092200000| Untracked 
| 291|0x0000000092300000, 0x0000000092300000, 0x0000000092400000|  0%| F|  |TAMS 0x0000000092300000, 0x0000000092300000| Untracked 
| 292|0x0000000092400000, 0x0000000092400000, 0x0000000092500000|  0%| F|  |TAMS 0x0000000092400000, 0x0000000092400000| Untracked 
| 293|0x0000000092500000, 0x0000000092500000, 0x0000000092600000|  0%| F|  |TAMS 0x0000000092500000, 0x0000000092500000| Untracked 
| 294|0x0000000092600000, 0x0000000092600000, 0x0000000092700000|  0%| F|  |TAMS 0x0000000092600000, 0x0000000092600000| Untracked 
| 295|0x0000000092700000, 0x0000000092700000, 0x0000000092800000|  0%| F|  |TAMS 0x0000000092700000, 0x0000000092700000| Untracked 
| 296|0x0000000092800000, 0x0000000092800000, 0x0000000092900000|  0%| F|  |TAMS 0x0000000092800000, 0x0000000092800000| Untracked 
| 297|0x0000000092900000, 0x0000000092900000, 0x0000000092a00000|  0%| F|  |TAMS 0x0000000092900000, 0x0000000092900000| Untracked 
| 298|0x0000000092a00000, 0x0000000092a00000, 0x0000000092b00000|  0%| F|  |TAMS 0x0000000092a00000, 0x0000000092a00000| Untracked 
| 299|0x0000000092b00000, 0x0000000092b00000, 0x0000000092c00000|  0%| F|  |TAMS 0x0000000092b00000, 0x0000000092b00000| Untracked 
| 300|0x0000000092c00000, 0x0000000092c00000, 0x0000000092d00000|  0%| F|  |TAMS 0x0000000092c00000, 0x0000000092c00000| Untracked 
| 301|0x0000000092d00000, 0x0000000092d00000, 0x0000000092e00000|  0%| F|  |TAMS 0x0000000092d00000, 0x0000000092d00000| Untracked 
| 302|0x0000000092e00000, 0x0000000092e00000, 0x0000000092f00000|  0%| F|  |TAMS 0x0000000092e00000, 0x0000000092e00000| Untracked 
| 303|0x0000000092f00000, 0x0000000092f00000, 0x0000000093000000|  0%| F|  |TAMS 0x0000000092f00000, 0x0000000092f00000| Untracked 
| 304|0x0000000093000000, 0x0000000093000000, 0x0000000093100000|  0%| F|  |TAMS 0x0000000093000000, 0x0000000093000000| Untracked 
| 305|0x0000000093100000, 0x0000000093100000, 0x0000000093200000|  0%| F|  |TAMS 0x0000000093100000, 0x0000000093100000| Untracked 
| 306|0x0000000093200000, 0x0000000093200000, 0x0000000093300000|  0%| F|  |TAMS 0x0000000093200000, 0x0000000093200000| Untracked 
| 307|0x0000000093300000, 0x0000000093300000, 0x0000000093400000|  0%| F|  |TAMS 0x0000000093300000, 0x0000000093300000| Untracked 
| 308|0x0000000093400000, 0x0000000093400000, 0x0000000093500000|  0%| F|  |TAMS 0x0000000093400000, 0x0000000093400000| Untracked 
| 309|0x0000000093500000, 0x0000000093500000, 0x0000000093600000|  0%| F|  |TAMS 0x0000000093500000, 0x0000000093500000| Untracked 
| 310|0x0000000093600000, 0x0000000093600000, 0x0000000093700000|  0%| F|  |TAMS 0x0000000093600000, 0x0000000093600000| Untracked 
| 311|0x0000000093700000, 0x0000000093700000, 0x0000000093800000|  0%| F|  |TAMS 0x0000000093700000, 0x0000000093700000| Untracked 
| 312|0x0000000093800000, 0x0000000093800000, 0x0000000093900000|  0%| F|  |TAMS 0x0000000093800000, 0x0000000093800000| Untracked 
| 313|0x0000000093900000, 0x0000000093900000, 0x0000000093a00000|  0%| F|  |TAMS 0x0000000093900000, 0x0000000093900000| Untracked 
| 314|0x0000000093a00000, 0x0000000093a00000, 0x0000000093b00000|  0%| F|  |TAMS 0x0000000093a00000, 0x0000000093a00000| Untracked 
| 315|0x0000000093b00000, 0x0000000093b00000, 0x0000000093c00000|  0%| F|  |TAMS 0x0000000093b00000, 0x0000000093b00000| Untracked 
| 316|0x0000000093c00000, 0x0000000093c00000, 0x0000000093d00000|  0%| F|  |TAMS 0x0000000093c00000, 0x0000000093c00000| Untracked 
| 317|0x0000000093d00000, 0x0000000093d00000, 0x0000000093e00000|  0%| F|  |TAMS 0x0000000093d00000, 0x0000000093d00000| Untracked 
| 318|0x0000000093e00000, 0x0000000093e00000, 0x0000000093f00000|  0%| F|  |TAMS 0x0000000093e00000, 0x0000000093e00000| Untracked 
| 319|0x0000000093f00000, 0x0000000093f00000, 0x0000000094000000|  0%| F|  |TAMS 0x0000000093f00000, 0x0000000093f00000| Untracked 
| 320|0x0000000094000000, 0x0000000094000000, 0x0000000094100000|  0%| F|  |TAMS 0x0000000094000000, 0x0000000094000000| Untracked 
| 321|0x0000000094100000, 0x0000000094100000, 0x0000000094200000|  0%| F|  |TAMS 0x0000000094100000, 0x0000000094100000| Untracked 
| 322|0x0000000094200000, 0x0000000094200000, 0x0000000094300000|  0%| F|  |TAMS 0x0000000094200000, 0x0000000094200000| Untracked 
| 323|0x0000000094300000, 0x0000000094300000, 0x0000000094400000|  0%| F|  |TAMS 0x0000000094300000, 0x0000000094300000| Untracked 
| 324|0x0000000094400000, 0x0000000094400000, 0x0000000094500000|  0%| F|  |TAMS 0x0000000094400000, 0x0000000094400000| Untracked 
| 325|0x0000000094500000, 0x0000000094500000, 0x0000000094600000|  0%| F|  |TAMS 0x0000000094500000, 0x0000000094500000| Untracked 
| 326|0x0000000094600000, 0x0000000094600000, 0x0000000094700000|  0%| F|  |TAMS 0x0000000094600000, 0x0000000094600000| Untracked 
| 327|0x0000000094700000, 0x0000000094700000, 0x0000000094800000|  0%| F|  |TAMS 0x0000000094700000, 0x0000000094700000| Untracked 
| 328|0x0000000094800000, 0x0000000094800000, 0x0000000094900000|  0%| F|  |TAMS 0x0000000094800000, 0x0000000094800000| Untracked 
| 329|0x0000000094900000, 0x0000000094900000, 0x0000000094a00000|  0%| F|  |TAMS 0x0000000094900000, 0x0000000094900000| Untracked 
| 330|0x0000000094a00000, 0x0000000094a00000, 0x0000000094b00000|  0%| F|  |TAMS 0x0000000094a00000, 0x0000000094a00000| Untracked 
| 331|0x0000000094b00000, 0x0000000094b00000, 0x0000000094c00000|  0%| F|  |TAMS 0x0000000094b00000, 0x0000000094b00000| Untracked 
| 332|0x0000000094c00000, 0x0000000094c00000, 0x0000000094d00000|  0%| F|  |TAMS 0x0000000094c00000, 0x0000000094c00000| Untracked 
| 333|0x0000000094d00000, 0x0000000094d00000, 0x0000000094e00000|  0%| F|  |TAMS 0x0000000094d00000, 0x0000000094d00000| Untracked 
| 334|0x0000000094e00000, 0x0000000094e00000, 0x0000000094f00000|  0%| F|  |TAMS 0x0000000094e00000, 0x0000000094e00000| Untracked 
| 335|0x0000000094f00000, 0x0000000094f00000, 0x0000000095000000|  0%| F|  |TAMS 0x0000000094f00000, 0x0000000094f00000| Untracked 
| 336|0x0000000095000000, 0x0000000095000000, 0x0000000095100000|  0%| F|  |TAMS 0x0000000095000000, 0x0000000095000000| Untracked 
| 337|0x0000000095100000, 0x0000000095100000, 0x0000000095200000|  0%| F|  |TAMS 0x0000000095100000, 0x0000000095100000| Untracked 
| 338|0x0000000095200000, 0x0000000095200000, 0x0000000095300000|  0%| F|  |TAMS 0x0000000095200000, 0x0000000095200000| Untracked 
| 339|0x0000000095300000, 0x0000000095300000, 0x0000000095400000|  0%| F|  |TAMS 0x0000000095300000, 0x0000000095300000| Untracked 
| 340|0x0000000095400000, 0x0000000095400000, 0x0000000095500000|  0%| F|  |TAMS 0x0000000095400000, 0x0000000095400000| Untracked 
| 341|0x0000000095500000, 0x0000000095500000, 0x0000000095600000|  0%| F|  |TAMS 0x0000000095500000, 0x0000000095500000| Untracked 
| 342|0x0000000095600000, 0x0000000095600000, 0x0000000095700000|  0%| F|  |TAMS 0x0000000095600000, 0x0000000095600000| Untracked 
| 343|0x0000000095700000, 0x0000000095700000, 0x0000000095800000|  0%| F|  |TAMS 0x0000000095700000, 0x0000000095700000| Untracked 
| 344|0x0000000095800000, 0x0000000095800000, 0x0000000095900000|  0%| F|  |TAMS 0x0000000095800000, 0x0000000095800000| Untracked 
| 345|0x0000000095900000, 0x0000000095900000, 0x0000000095a00000|  0%| F|  |TAMS 0x0000000095900000, 0x0000000095900000| Untracked 
| 346|0x0000000095a00000, 0x0000000095a00000, 0x0000000095b00000|  0%| F|  |TAMS 0x0000000095a00000, 0x0000000095a00000| Untracked 
| 347|0x0000000095b00000, 0x0000000095b00000, 0x0000000095c00000|  0%| F|  |TAMS 0x0000000095b00000, 0x0000000095b00000| Untracked 
| 348|0x0000000095c00000, 0x0000000095c00000, 0x0000000095d00000|  0%| F|  |TAMS 0x0000000095c00000, 0x0000000095c00000| Untracked 
| 349|0x0000000095d00000, 0x0000000095d00000, 0x0000000095e00000|  0%| F|  |TAMS 0x0000000095d00000, 0x0000000095d00000| Untracked 
| 350|0x0000000095e00000, 0x0000000095e00000, 0x0000000095f00000|  0%| F|  |TAMS 0x0000000095e00000, 0x0000000095e00000| Untracked 
| 351|0x0000000095f00000, 0x0000000095f00000, 0x0000000096000000|  0%| F|  |TAMS 0x0000000095f00000, 0x0000000095f00000| Untracked 
| 352|0x0000000096000000, 0x0000000096000000, 0x0000000096100000|  0%| F|  |TAMS 0x0000000096000000, 0x0000000096000000| Untracked 
| 353|0x0000000096100000, 0x0000000096100000, 0x0000000096200000|  0%| F|  |TAMS 0x0000000096100000, 0x0000000096100000| Untracked 
| 354|0x0000000096200000, 0x0000000096200000, 0x0000000096300000|  0%| F|  |TAMS 0x0000000096200000, 0x0000000096200000| Untracked 
| 355|0x0000000096300000, 0x0000000096300000, 0x0000000096400000|  0%| F|  |TAMS 0x0000000096300000, 0x0000000096300000| Untracked 
| 356|0x0000000096400000, 0x0000000096400000, 0x0000000096500000|  0%| F|  |TAMS 0x0000000096400000, 0x0000000096400000| Untracked 
| 357|0x0000000096500000, 0x0000000096500000, 0x0000000096600000|  0%| F|  |TAMS 0x0000000096500000, 0x0000000096500000| Untracked 
| 358|0x0000000096600000, 0x0000000096600000, 0x0000000096700000|  0%| F|  |TAMS 0x0000000096600000, 0x0000000096600000| Untracked 
| 359|0x0000000096700000, 0x0000000096700000, 0x0000000096800000|  0%| F|  |TAMS 0x0000000096700000, 0x0000000096700000| Untracked 
| 360|0x0000000096800000, 0x0000000096800000, 0x0000000096900000|  0%| F|  |TAMS 0x0000000096800000, 0x0000000096800000| Untracked 
| 361|0x0000000096900000, 0x0000000096900000, 0x0000000096a00000|  0%| F|  |TAMS 0x0000000096900000, 0x0000000096900000| Untracked 
| 362|0x0000000096a00000, 0x0000000096a00000, 0x0000000096b00000|  0%| F|  |TAMS 0x0000000096a00000, 0x0000000096a00000| Untracked 
| 363|0x0000000096b00000, 0x0000000096b00000, 0x0000000096c00000|  0%| F|  |TAMS 0x0000000096b00000, 0x0000000096b00000| Untracked 
| 364|0x0000000096c00000, 0x0000000096c00000, 0x0000000096d00000|  0%| F|  |TAMS 0x0000000096c00000, 0x0000000096c00000| Untracked 
| 365|0x0000000096d00000, 0x0000000096d00000, 0x0000000096e00000|  0%| F|  |TAMS 0x0000000096d00000, 0x0000000096d00000| Untracked 
| 366|0x0000000096e00000, 0x0000000096e00000, 0x0000000096f00000|  0%| F|  |TAMS 0x0000000096e00000, 0x0000000096e00000| Untracked 
| 367|0x0000000096f00000, 0x0000000096f00000, 0x0000000097000000|  0%| F|  |TAMS 0x0000000096f00000, 0x0000000096f00000| Untracked 
| 368|0x0000000097000000, 0x0000000097000000, 0x0000000097100000|  0%| F|  |TAMS 0x0000000097000000, 0x0000000097000000| Untracked 
| 369|0x0000000097100000, 0x0000000097100000, 0x0000000097200000|  0%| F|  |TAMS 0x0000000097100000, 0x0000000097100000| Untracked 
| 370|0x0000000097200000, 0x0000000097200000, 0x0000000097300000|  0%| F|  |TAMS 0x0000000097200000, 0x0000000097200000| Untracked 
| 371|0x0000000097300000, 0x0000000097300000, 0x0000000097400000|  0%| F|  |TAMS 0x0000000097300000, 0x0000000097300000| Untracked 

Card table byte_map: [0x0000021a9f5f0000,0x0000021a9f9f0000] _byte_map_base: 0x0000021a9f1f0000

Marking Bits (Prev, Next): (CMBitMap*) 0x0000021a8c704930, (CMBitMap*) 0x0000021a8c7048f8
 Prev Bits: [0x0000021aa1df0000, 0x0000021aa3df0000)
 Next Bits: [0x0000021a9fdf0000, 0x0000021aa1df0000)

Polling page: 0x0000021a8a870000

Metaspace:

Usage:
  Non-class:    107.36 MB capacity,   105.16 MB ( 98%) used,     1.72 MB (  2%) free+waste,   482.75 KB ( <1%) overhead. 
      Class:     16.53 MB capacity,    15.09 MB ( 91%) used,     1.23 MB (  7%) free+waste,   213.00 KB (  1%) overhead. 
       Both:    123.89 MB capacity,   120.25 MB ( 97%) used,     2.96 MB (  2%) free+waste,   695.75 KB ( <1%) overhead. 

Virtual space:
  Non-class space:      108.00 MB reserved,     107.38 MB (>99%) committed 
      Class space:        1.00 GB reserved,      16.54 MB (  2%) committed 
             Both:        1.11 GB reserved,     123.91 MB ( 11%) committed 

Chunk freelists:
   Non-Class:  20.00 KB
       Class:  0 bytes
        Both:  20.00 KB

MaxMetaspaceSize: 17179869184.00 GB
CompressedClassSpaceSize: 1.00 GB
Initial GC threshold: 20.80 MB
Current GC threshold: 163.19 MB
CDS: off

CodeHeap 'non-profiled nmethods': size=120064Kb used=12015Kb max_used=12015Kb free=108048Kb
 bounds [0x0000021a97cb0000, 0x0000021a98880000, 0x0000021a9f1f0000]
CodeHeap 'profiled nmethods': size=120000Kb used=52929Kb max_used=52929Kb free=67070Kb
 bounds [0x0000021a90780000, 0x0000021a93b40000, 0x0000021a97cb0000]
CodeHeap 'non-nmethods': size=5696Kb used=2465Kb max_used=2521Kb free=3230Kb
 bounds [0x0000021a901f0000, 0x0000021a90470000, 0x0000021a90780000]
 total_blobs=22084 nmethods=21097 adapters=897
 compilation: enabled
              stopped_count=0, restarted_count=0
 full_count=0

Compilation events (20 events):
Event: 46.021 Thread 0x0000021aa62fc000 nmethod 23653 0x0000021a93b1fc90 code [0x0000021a93b1fe60, 0x0000021a93b200a8]
Event: 46.032 Thread 0x0000021aa62fc000 23656 %     3       com.android.tools.r8.graph.O2::c @ 15 (243 bytes)
Event: 46.033 Thread 0x0000021aa62fc000 nmethod 23656% 0x0000021a93b20190 code [0x0000021a93b204e0, 0x0000021a93b21e78]
Event: 46.074 Thread 0x0000021aa62fc000 23659 %     3       java.util.TimSort::gallopRight @ 259 (335 bytes)
Event: 46.075 Thread 0x0000021aa62fc000 nmethod 23659% 0x0000021a93b22610 code [0x0000021a93b22860, 0x0000021a93b23458]
Event: 46.092 Thread 0x0000021aa62fc000 23661 %     3       com.android.tools.r8.internal.Ia::a @ 46 (871 bytes)
Event: 46.103 Thread 0x0000021aa62fc000 nmethod 23661% 0x0000021a93b23810 code [0x0000021a93b244a0, 0x0000021a93b2e5d8]
Event: 46.146 Thread 0x0000021aa62fc000 23664       1       com.android.tools.r8.internal.OI::o2 (3 bytes)
Event: 46.146 Thread 0x0000021aa62fc000 nmethod 23664 0x0000021a97f3ff10 code [0x0000021a97f400c0, 0x0000021a97f40178]
Event: 46.220 Thread 0x0000021aa62fc000 23666       2       com.android.tools.r8.internal.L9::a (5 bytes)
Event: 46.220 Thread 0x0000021aa62fc000 nmethod 23666 0x0000021a93b30f10 code [0x0000021a93b310c0, 0x0000021a93b311b8]
Event: 46.303 Thread 0x0000021aa62fc000 23669       2       com.android.tools.r8.internal.Ib::a (18 bytes)
Event: 46.304 Thread 0x0000021aa62fc000 nmethod 23669 0x0000021a93b31290 code [0x0000021a93b31440, 0x0000021a93b31738]
Event: 46.304 Thread 0x0000021aa62fc000 23670       2       com.android.tools.r8.internal.Ib::<init> (15 bytes)
Event: 46.304 Thread 0x0000021aa62fc000 nmethod 23670 0x0000021a93b31810 code [0x0000021a93b319c0, 0x0000021a93b31b58]
Event: 46.327 Thread 0x0000021aa62fc000 23672       2       com.android.tools.r8.internal.ee::A (2 bytes)
Event: 46.327 Thread 0x0000021aa62fc000 nmethod 23672 0x0000021a93b31c10 code [0x0000021a93b31dc0, 0x0000021a93b31eb8]
Event: 46.330 Thread 0x0000021aa62fc000 23673 %     3       com.android.tools.r8.internal.EY::a @ 29 (168 bytes)
Event: 46.332 Thread 0x0000021aa62fc000 nmethod 23673% 0x0000021a93b31f90 code [0x0000021a93b32360, 0x0000021a93b34318]
Event: 46.424 Thread 0x0000021aa62fc000 23675 % !   3       com.android.tools.r8.graph.y2::a @ 11 (353 bytes)

GC Heap History (20 events):
Event: 41.302 GC heap after
{Heap after GC invocations=70 (full 0):
 garbage-first heap   total 380928K, used 170193K [0x0000000080000000, 0x0000000100000000)
  region size 1024K, 11 young (11264K), 11 survivors (11264K)
 Metaspace       used 122980K, capacity 126761K, committed 126888K, reserved 1159168K
  class space    used 15445K, capacity 16920K, committed 16932K, reserved 1048576K
}
Event: 41.647 GC heap before
{Heap before GC invocations=70 (full 0):
 garbage-first heap   total 380928K, used 324817K [0x0000000080000000, 0x0000000100000000)
  region size 1024K, 162 young (165888K), 11 survivors (11264K)
 Metaspace       used 122985K, capacity 126761K, committed 126888K, reserved 1159168K
  class space    used 15445K, capacity 16920K, committed 16932K, reserved 1048576K
}
Event: 41.657 GC heap after
{Heap after GC invocations=71 (full 0):
 garbage-first heap   total 380928K, used 170695K [0x0000000080000000, 0x0000000100000000)
  region size 1024K, 11 young (11264K), 11 survivors (11264K)
 Metaspace       used 122985K, capacity 126761K, committed 126888K, reserved 1159168K
  class space    used 15445K, capacity 16920K, committed 16932K, reserved 1048576K
}
Event: 42.187 GC heap before
{Heap before GC invocations=71 (full 0):
 garbage-first heap   total 380928K, used 329415K [0x0000000080000000, 0x0000000100000000)
  region size 1024K, 165 young (168960K), 11 survivors (11264K)
 Metaspace       used 122992K, capacity 126761K, committed 126888K, reserved 1159168K
  class space    used 15445K, capacity 16920K, committed 16932K, reserved 1048576K
}
Event: 42.205 GC heap after
{Heap after GC invocations=72 (full 0):
 garbage-first heap   total 380928K, used 170232K [0x0000000080000000, 0x0000000100000000)
  region size 1024K, 11 young (11264K), 11 survivors (11264K)
 Metaspace       used 122992K, capacity 126761K, committed 126888K, reserved 1159168K
  class space    used 15445K, capacity 16920K, committed 16932K, reserved 1048576K
}
Event: 42.964 GC heap before
{Heap before GC invocations=72 (full 0):
 garbage-first heap   total 380928K, used 328952K [0x0000000080000000, 0x0000000100000000)
  region size 1024K, 166 young (169984K), 11 survivors (11264K)
 Metaspace       used 123006K, capacity 126764K, committed 126888K, reserved 1159168K
  class space    used 15446K, capacity 16921K, committed 16932K, reserved 1048576K
}
Event: 42.978 GC heap after
{Heap after GC invocations=73 (full 0):
 garbage-first heap   total 380928K, used 170721K [0x0000000080000000, 0x0000000100000000)
  region size 1024K, 11 young (11264K), 11 survivors (11264K)
 Metaspace       used 123006K, capacity 126764K, committed 126888K, reserved 1159168K
  class space    used 15446K, capacity 16921K, committed 16932K, reserved 1048576K
}
Event: 43.626 GC heap before
{Heap before GC invocations=73 (full 0):
 garbage-first heap   total 380928K, used 330465K [0x0000000080000000, 0x0000000100000000)
  region size 1024K, 167 young (171008K), 11 survivors (11264K)
 Metaspace       used 123012K, capacity 126765K, committed 126888K, reserved 1159168K
  class space    used 15446K, capacity 16921K, committed 16932K, reserved 1048576K
}
Event: 43.640 GC heap after
{Heap after GC invocations=74 (full 0):
 garbage-first heap   total 380928K, used 171768K [0x0000000080000000, 0x0000000100000000)
  region size 1024K, 12 young (12288K), 12 survivors (12288K)
 Metaspace       used 123012K, capacity 126765K, committed 126888K, reserved 1159168K
  class space    used 15446K, capacity 16921K, committed 16932K, reserved 1048576K
}
Event: 44.313 GC heap before
{Heap before GC invocations=74 (full 0):
 garbage-first heap   total 380928K, used 329464K [0x0000000080000000, 0x0000000100000000)
  region size 1024K, 166 young (169984K), 12 survivors (12288K)
 Metaspace       used 123019K, capacity 126766K, committed 126888K, reserved 1159168K
  class space    used 15446K, capacity 16921K, committed 16932K, reserved 1048576K
}
Event: 44.329 GC heap after
{Heap after GC invocations=75 (full 0):
 garbage-first heap   total 380928K, used 172414K [0x0000000080000000, 0x0000000100000000)
  region size 1024K, 5 young (5120K), 5 survivors (5120K)
 Metaspace       used 123019K, capacity 126766K, committed 126888K, reserved 1159168K
  class space    used 15446K, capacity 16921K, committed 16932K, reserved 1048576K
}
Event: 45.118 GC heap before
{Heap before GC invocations=75 (full 0):
 garbage-first heap   total 380928K, used 335230K [0x0000000080000000, 0x0000000100000000)
  region size 1024K, 162 young (165888K), 5 survivors (5120K)
 Metaspace       used 123079K, capacity 126843K, committed 126888K, reserved 1159168K
  class space    used 15446K, capacity 16922K, committed 16932K, reserved 1048576K
}
Event: 45.127 GC heap after
{Heap after GC invocations=76 (full 0):
 garbage-first heap   total 380928K, used 172926K [0x0000000080000000, 0x0000000100000000)
  region size 1024K, 5 young (5120K), 5 survivors (5120K)
 Metaspace       used 123079K, capacity 126843K, committed 126888K, reserved 1159168K
  class space    used 15446K, capacity 16922K, committed 16932K, reserved 1048576K
}
Event: 45.486 GC heap before
{Heap before GC invocations=76 (full 0):
 garbage-first heap   total 380928K, used 332670K [0x0000000080000000, 0x0000000100000000)
  region size 1024K, 161 young (164864K), 5 survivors (5120K)
 Metaspace       used 123093K, capacity 126849K, committed 126888K, reserved 1159168K
  class space    used 15448K, capacity 16924K, committed 16932K, reserved 1048576K
}
Event: 45.495 GC heap after
{Heap after GC invocations=77 (full 0):
 garbage-first heap   total 380928K, used 172605K [0x0000000080000000, 0x0000000100000000)
  region size 1024K, 5 young (5120K), 5 survivors (5120K)
 Metaspace       used 123093K, capacity 126849K, committed 126888K, reserved 1159168K
  class space    used 15448K, capacity 16924K, committed 16932K, reserved 1048576K
}
Event: 45.879 GC heap before
{Heap before GC invocations=77 (full 0):
 garbage-first heap   total 380928K, used 331325K [0x0000000080000000, 0x0000000100000000)
  region size 1024K, 160 young (163840K), 5 survivors (5120K)
 Metaspace       used 123121K, capacity 126851K, committed 126888K, reserved 1159168K
  class space    used 15448K, capacity 16924K, committed 16932K, reserved 1048576K
}
Event: 45.889 GC heap after
{Heap after GC invocations=78 (full 0):
 garbage-first heap   total 380928K, used 176260K [0x0000000080000000, 0x0000000100000000)
  region size 1024K, 9 young (9216K), 9 survivors (9216K)
 Metaspace       used 123121K, capacity 126851K, committed 126888K, reserved 1159168K
  class space    used 15448K, capacity 16924K, committed 16932K, reserved 1048576K
}
Event: 46.191 GC heap before
{Heap before GC invocations=78 (full 0):
 garbage-first heap   total 380928K, used 328836K [0x0000000080000000, 0x0000000100000000)
  region size 1024K, 158 young (161792K), 9 survivors (9216K)
 Metaspace       used 123135K, capacity 126864K, committed 126888K, reserved 1159168K
  class space    used 15450K, capacity 16928K, committed 16932K, reserved 1048576K
}
Event: 46.213 GC heap after
{Heap after GC invocations=79 (full 0):
 garbage-first heap   total 380928K, used 191698K [0x0000000080000000, 0x0000000100000000)
  region size 1024K, 20 young (20480K), 20 survivors (20480K)
 Metaspace       used 123135K, capacity 126864K, committed 126888K, reserved 1159168K
  class space    used 15450K, capacity 16928K, committed 16932K, reserved 1048576K
}
Event: 46.425 GC heap before
{Heap before GC invocations=79 (full 0):
 garbage-first heap   total 380928K, used 318674K [0x0000000080000000, 0x0000000100000000)
  region size 1024K, 144 young (147456K), 20 survivors (20480K)
 Metaspace       used 123138K, capacity 126864K, committed 126888K, reserved 1159168K
  class space    used 15450K, capacity 16928K, committed 16932K, reserved 1048576K
}

Deoptimization events (20 events):
Event: 45.977 Thread 0x0000021aaa1ff800 DEOPT PACKING pc=0x0000021a9306e605 sp=0x0000009f42af9050
Event: 45.977 Thread 0x0000021aaa1ff800 DEOPT UNPACKING pc=0x0000021a90239d0e sp=0x0000009f42af88e0 mode 0
Event: 46.031 Thread 0x0000021aaa202800 DEOPT PACKING pc=0x0000021a921ca248 sp=0x0000009f42ffacc0
Event: 46.031 Thread 0x0000021aaa202800 DEOPT UNPACKING pc=0x0000021a90239d0e sp=0x0000009f42ffa150 mode 0
Event: 46.072 Thread 0x0000021aaa1ff800 DEOPT PACKING pc=0x0000021a93ae2341 sp=0x0000009f42af8e10
Event: 46.072 Thread 0x0000021aaa1ff800 DEOPT UNPACKING pc=0x0000021a90239d0e sp=0x0000009f42af8450 mode 0
Event: 46.082 Thread 0x0000021aaa202800 DEOPT PACKING pc=0x0000021a9306e605 sp=0x0000009f42ff8a80
Event: 46.082 Thread 0x0000021aaa202800 DEOPT UNPACKING pc=0x0000021a90239d0e sp=0x0000009f42ff8310 mode 0
Event: 46.138 Thread 0x0000021aaa1ff800 DEOPT PACKING pc=0x0000021a9306e605 sp=0x0000009f42af9050
Event: 46.138 Thread 0x0000021aaa1ff800 DEOPT UNPACKING pc=0x0000021a90239d0e sp=0x0000009f42af88e0 mode 0
Event: 46.165 Thread 0x0000021aaa202800 DEOPT PACKING pc=0x0000021a93abc63b sp=0x0000009f42ff86b0
Event: 46.165 Thread 0x0000021aaa202800 DEOPT UNPACKING pc=0x0000021a90239d0e sp=0x0000009f42ff7b80 mode 0
Event: 46.166 Thread 0x0000021aaa202800 DEOPT PACKING pc=0x0000021a9306e605 sp=0x0000009f42ff8a80
Event: 46.166 Thread 0x0000021aaa202800 DEOPT UNPACKING pc=0x0000021a90239d0e sp=0x0000009f42ff8310 mode 0
Event: 46.280 Thread 0x0000021aaa1ff800 DEOPT PACKING pc=0x0000021a93ae2341 sp=0x0000009f42af8e10
Event: 46.280 Thread 0x0000021aaa1ff800 DEOPT UNPACKING pc=0x0000021a90239d0e sp=0x0000009f42af8450 mode 0
Event: 46.363 Thread 0x0000021aaa207800 DEOPT PACKING pc=0x0000021a9306e605 sp=0x0000009f435f57c0
Event: 46.363 Thread 0x0000021aaa207800 DEOPT UNPACKING pc=0x0000021a90239d0e sp=0x0000009f435f5050 mode 0
Event: 46.398 Thread 0x0000021aaa1ff800 DEOPT PACKING pc=0x0000021a9306e605 sp=0x0000009f42af9050
Event: 46.398 Thread 0x0000021aaa1ff800 DEOPT UNPACKING pc=0x0000021a90239d0e sp=0x0000009f42af88e0 mode 0

Classes redefined (0 events):
No events

Internal exceptions (20 events):
Event: 45.589 Thread 0x0000021aaa981000 Exception <a 'sun/nio/fs/WindowsException'{0x0000000094b6d1e0}> (0x0000000094b6d1e0) thrown at [src/hotspot/share/prims/jni.cpp, line 617]
Event: 45.620 Thread 0x0000021aaa981000 Exception <a 'sun/nio/fs/WindowsException'{0x0000000093948458}> (0x0000000093948458) thrown at [src/hotspot/share/prims/jni.cpp, line 617]
Event: 45.653 Thread 0x0000021aaa981000 Exception <a 'sun/nio/fs/WindowsException'{0x00000000939a9d20}> (0x00000000939a9d20) thrown at [src/hotspot/share/prims/jni.cpp, line 617]
Event: 45.672 Thread 0x0000021aaa207800 Exception <a 'sun/nio/fs/WindowsException'{0x00000000935d81b0}> (0x00000000935d81b0) thrown at [src/hotspot/share/prims/jni.cpp, line 617]
Event: 45.680 Thread 0x0000021aaa202800 Exception <a 'sun/nio/fs/WindowsException'{0x00000000923fa1e8}> (0x00000000923fa1e8) thrown at [src/hotspot/share/prims/jni.cpp, line 617]
Event: 45.708 Thread 0x0000021aaa981000 Exception <a 'sun/nio/fs/WindowsException'{0x00000000915aab48}> (0x00000000915aab48) thrown at [src/hotspot/share/prims/jni.cpp, line 617]
Event: 45.711 Thread 0x0000021aaa207800 Exception <a 'sun/nio/fs/WindowsException'{0x00000000914e2298}> (0x00000000914e2298) thrown at [src/hotspot/share/prims/jni.cpp, line 617]
Event: 45.728 Thread 0x0000021aaa202800 Exception <a 'sun/nio/fs/WindowsException'{0x00000000910970e8}> (0x00000000910970e8) thrown at [src/hotspot/share/prims/jni.cpp, line 617]
Event: 45.732 Thread 0x0000021aaa981000 Exception <a 'sun/nio/fs/WindowsException'{0x0000000090e609c8}> (0x0000000090e609c8) thrown at [src/hotspot/share/prims/jni.cpp, line 617]
Event: 45.755 Thread 0x0000021aaa202800 Exception <a 'sun/nio/fs/WindowsException'{0x0000000090421868}> (0x0000000090421868) thrown at [src/hotspot/share/prims/jni.cpp, line 617]
Event: 45.756 Thread 0x0000021aaa1ff800 Exception <a 'sun/nio/fs/WindowsException'{0x000000009057b928}> (0x000000009057b928) thrown at [src/hotspot/share/prims/jni.cpp, line 617]
Event: 45.785 Thread 0x0000021aaa207800 Exception <a 'sun/nio/fs/WindowsException'{0x000000009023a5f0}> (0x000000009023a5f0) thrown at [src/hotspot/share/prims/jni.cpp, line 617]
Event: 45.789 Thread 0x0000021aaa1ff800 Exception <a 'sun/nio/fs/WindowsException'{0x000000008fc2a9f0}> (0x000000008fc2a9f0) thrown at [src/hotspot/share/prims/jni.cpp, line 617]
Event: 45.831 Thread 0x0000021aaa207800 Exception <a 'sun/nio/fs/WindowsException'{0x000000008ed7a0c8}> (0x000000008ed7a0c8) thrown at [src/hotspot/share/prims/jni.cpp, line 617]
Event: 45.859 Thread 0x0000021aaa202800 Exception <a 'sun/nio/fs/WindowsException'{0x000000008e21e950}> (0x000000008e21e950) thrown at [src/hotspot/share/prims/jni.cpp, line 617]
Event: 45.917 Thread 0x0000021aaa202800 Exception <a 'sun/nio/fs/WindowsException'{0x0000000096410038}> (0x0000000096410038) thrown at [src/hotspot/share/prims/jni.cpp, line 617]
Event: 45.960 Thread 0x0000021aaa207800 Exception <a 'sun/nio/fs/WindowsException'{0x00000000953ee718}> (0x00000000953ee718) thrown at [src/hotspot/share/prims/jni.cpp, line 617]
Event: 45.974 Thread 0x0000021aaa202800 Exception <a 'sun/nio/fs/WindowsException'{0x0000000094be51f0}> (0x0000000094be51f0) thrown at [src/hotspot/share/prims/jni.cpp, line 617]
Event: 46.006 Thread 0x0000021aaa981000 Exception <a 'sun/nio/fs/WindowsException'{0x0000000093824330}> (0x0000000093824330) thrown at [src/hotspot/share/prims/jni.cpp, line 617]
Event: 46.358 Thread 0x0000021aaa981000 Exception <a 'sun/nio/fs/WindowsException'{0x0000000091bc15f8}> (0x0000000091bc15f8) thrown at [src/hotspot/share/prims/jni.cpp, line 617]

Events (20 events):
Event: 45.889 Executing VM operation: G1CollectForAllocation done
Event: 46.166 loading class com/android/tools/r8/internal/w10
Event: 46.166 loading class com/android/tools/r8/internal/w10 done
Event: 46.166 loading class com/android/tools/r8/internal/w10
Event: 46.166 loading class com/android/tools/r8/internal/w10 done
Event: 46.166 loading class com/android/tools/r8/internal/v10
Event: 46.166 loading class com/android/tools/r8/internal/v10 done
Event: 46.167 loading class com/android/tools/r8/dex/code/H0
Event: 46.167 loading class com/android/tools/r8/dex/code/H0 done
Event: 46.167 loading class com/android/tools/r8/dex/code/H0
Event: 46.167 loading class com/android/tools/r8/dex/code/H0 done
Event: 46.167 loading class com/android/tools/r8/dex/code/H0
Event: 46.167 loading class com/android/tools/r8/dex/code/H0 done
Event: 46.167 loading class com/android/tools/r8/dex/code/H0
Event: 46.167 loading class com/android/tools/r8/dex/code/H0 done
Event: 46.191 Executing VM operation: G1CollectForAllocation
Event: 46.213 Executing VM operation: G1CollectForAllocation done
Event: 46.368 loading class com/android/tools/r8/internal/q40
Event: 46.368 loading class com/android/tools/r8/internal/q40 done
Event: 46.425 Executing VM operation: G1CollectForAllocation


Dynamic libraries:
0x00007ff62f520000 - 0x00007ff62f52a000 	C:\Program Files\Android\Android Studio\jbr\bin\java.exe
0x00007ffef7db0000 - 0x00007ffef7fa8000 	C:\WINDOWS\SYSTEM32\ntdll.dll
0x00007ffef70b0000 - 0x00007ffef716d000 	C:\WINDOWS\System32\KERNEL32.DLL
0x00007ffef58c0000 - 0x00007ffef5bb6000 	C:\WINDOWS\System32\KERNELBASE.dll
0x00007ffef5620000 - 0x00007ffef5720000 	C:\WINDOWS\System32\ucrtbase.dll
0x00007ffef06e0000 - 0x00007ffef06fb000 	C:\Program Files\Android\Android Studio\jbr\bin\VCRUNTIME140.dll
0x00007ffef06b0000 - 0x00007ffef06c7000 	C:\Program Files\Android\Android Studio\jbr\bin\jli.dll
0x00007ffef7510000 - 0x00007ffef76ae000 	C:\WINDOWS\System32\USER32.dll
0x00007ffee6950000 - 0x00007ffee6bea000 	C:\WINDOWS\WinSxS\amd64_microsoft.windows.common-controls_6595b64144ccf1df_6.0.19041.1110_none_60b5254171f9507e\COMCTL32.dll
0x00007ffef7170000 - 0x00007ffef720e000 	C:\WINDOWS\System32\msvcrt.dll
0x00007ffef55f0000 - 0x00007ffef5612000 	C:\WINDOWS\System32\win32u.dll
0x00007ffef7900000 - 0x00007ffef792c000 	C:\WINDOWS\System32\GDI32.dll
0x00007ffef5cf0000 - 0x00007ffef5e0a000 	C:\WINDOWS\System32\gdi32full.dll
0x00007ffef5bc0000 - 0x00007ffef5c5d000 	C:\WINDOWS\System32\msvcp_win.dll
0x00007ffef77f0000 - 0x00007ffef7820000 	C:\WINDOWS\System32\IMM32.DLL
0x00007ffef2870000 - 0x00007ffef287c000 	C:\Program Files\Android\Android Studio\jbr\bin\vcruntime140_1.dll
0x00007ffee3fd0000 - 0x00007ffee405d000 	C:\Program Files\Android\Android Studio\jbr\bin\msvcp140.dll
0x00007ffeb9740000 - 0x00007ffeba2fc000 	C:\Program Files\Android\Android Studio\jbr\bin\server\jvm.dll
0x00007ffef7740000 - 0x00007ffef77ee000 	C:\WINDOWS\System32\ADVAPI32.dll
0x00007ffef7470000 - 0x00007ffef750c000 	C:\WINDOWS\System32\sechost.dll
0x00007ffef6130000 - 0x00007ffef6256000 	C:\WINDOWS\System32\RPCRT4.dll
0x00007ffef63a0000 - 0x00007ffef63a8000 	C:\WINDOWS\System32\PSAPI.DLL
0x00007ffedbb80000 - 0x00007ffedbb89000 	C:\WINDOWS\SYSTEM32\WSOCK32.dll
0x00007ffee1b10000 - 0x00007ffee1b37000 	C:\WINDOWS\SYSTEM32\WINMM.dll
0x00007ffef73a0000 - 0x00007ffef740b000 	C:\WINDOWS\System32\WS2_32.dll
0x00007ffeee940000 - 0x00007ffeee94a000 	C:\WINDOWS\SYSTEM32\VERSION.dll
0x00007ffef3500000 - 0x00007ffef3512000 	C:\WINDOWS\SYSTEM32\kernel.appcore.dll
0x00007ffef0180000 - 0x00007ffef0190000 	C:\Program Files\Android\Android Studio\jbr\bin\verify.dll
0x00007ffef3090000 - 0x00007ffef3274000 	C:\WINDOWS\SYSTEM32\DBGHELP.DLL
0x00007ffeed940000 - 0x00007ffeed974000 	C:\WINDOWS\SYSTEM32\dbgcore.DLL
0x00007ffef5c60000 - 0x00007ffef5ce2000 	C:\WINDOWS\System32\bcryptPrimitives.dll
0x00007ffee22b0000 - 0x00007ffee22d8000 	C:\Program Files\Android\Android Studio\jbr\bin\java.dll
0x00007ffef0070000 - 0x00007ffef007a000 	C:\Program Files\Android\Android Studio\jbr\bin\jimage.dll
0x00007ffee2e20000 - 0x00007ffee2e38000 	C:\Program Files\Android\Android Studio\jbr\bin\zip.dll
0x00007ffef64d0000 - 0x00007ffef6c15000 	C:\WINDOWS\System32\SHELL32.dll
0x00007ffef3520000 - 0x00007ffef3cbb000 	C:\WINDOWS\SYSTEM32\windows.storage.dll
0x00007ffef7930000 - 0x00007ffef7c84000 	C:\WINDOWS\System32\combase.dll
0x00007ffef4ed0000 - 0x00007ffef4efe000 	C:\WINDOWS\SYSTEM32\Wldp.dll
0x00007ffef7270000 - 0x00007ffef731d000 	C:\WINDOWS\System32\SHCORE.dll
0x00007ffef7210000 - 0x00007ffef7265000 	C:\WINDOWS\System32\shlwapi.dll
0x00007ffef53c0000 - 0x00007ffef53e5000 	C:\WINDOWS\SYSTEM32\profapi.dll
0x00007ffee0c10000 - 0x00007ffee0c29000 	C:\Program Files\Android\Android Studio\jbr\bin\net.dll
0x00007ffee5d80000 - 0x00007ffee5e8a000 	C:\WINDOWS\SYSTEM32\WINHTTP.dll
0x00007ffef4c30000 - 0x00007ffef4c9a000 	C:\WINDOWS\system32\mswsock.dll
0x00007ffedb1a0000 - 0x00007ffedb1b3000 	C:\Program Files\Android\Android Studio\jbr\bin\nio.dll
0x00007ffee6200000 - 0x00007ffee6227000 	C:\Users\adlif\.gradle\native\e1d6ef7f7dcc3fd88c89a11ec53ec762bb8ba0a96d01ffa2cd45eb1d1d8dd5c5\windows-amd64\native-platform.dll
0x00007ffec6e60000 - 0x00007ffec6fa4000 	C:\Users\adlif\.gradle\native\0d407fdbe67a94daf76414ababcb853783967236a71b16ec16e742cd7a986fd3\windows-amd64\native-platform-file-events.dll
0x00007ffeef020000 - 0x00007ffeef02a000 	C:\Program Files\Android\Android Studio\jbr\bin\management.dll
0x00007ffeeedb0000 - 0x00007ffeeedbb000 	C:\Program Files\Android\Android Studio\jbr\bin\management_ext.dll
0x00007ffef4e20000 - 0x00007ffef4e38000 	C:\WINDOWS\SYSTEM32\CRYPTSP.dll
0x00007ffef44d0000 - 0x00007ffef4504000 	C:\WINDOWS\system32\rsaenh.dll
0x00007ffef5890000 - 0x00007ffef58b7000 	C:\WINDOWS\System32\bcrypt.dll
0x00007ffef5340000 - 0x00007ffef536e000 	C:\WINDOWS\SYSTEM32\USERENV.dll
0x00007ffef4e40000 - 0x00007ffef4e4c000 	C:\WINDOWS\SYSTEM32\CRYPTBASE.dll
0x00007ffef48d0000 - 0x00007ffef490b000 	C:\WINDOWS\SYSTEM32\IPHLPAPI.DLL
0x00007ffef6390000 - 0x00007ffef6398000 	C:\WINDOWS\System32\NSI.dll
0x00007ffeed600000 - 0x00007ffeed617000 	C:\WINDOWS\SYSTEM32\dhcpcsvc6.DLL
0x00007ffeecd00000 - 0x00007ffeecd1d000 	C:\WINDOWS\SYSTEM32\dhcpcsvc.DLL
0x00007ffef4920000 - 0x00007ffef49ea000 	C:\WINDOWS\SYSTEM32\DNSAPI.dll

dbghelp: loaded successfully - version: 4.0.5 - missing functions: none
symbol engine: initialized successfully - sym options: 0x614 - pdb path: .;C:\Program Files\Android\Android Studio\jbr\bin;C:\WINDOWS\SYSTEM32;C:\WINDOWS\WinSxS\amd64_microsoft.windows.common-controls_6595b64144ccf1df_6.0.19041.1110_none_60b5254171f9507e;C:\Program Files\Android\Android Studio\jbr\bin\server;C:\Users\adlif\.gradle\native\e1d6ef7f7dcc3fd88c89a11ec53ec762bb8ba0a96d01ffa2cd45eb1d1d8dd5c5\windows-amd64;C:\Users\adlif\.gradle\native\0d407fdbe67a94daf76414ababcb853783967236a71b16ec16e742cd7a986fd3\windows-amd64

VM Arguments:
jvm_args: --add-opens=java.base/java.util=ALL-UNNAMED --add-opens=java.base/java.lang=ALL-UNNAMED --add-opens=java.base/java.lang.invoke=ALL-UNNAMED --add-opens=java.base/java.util=ALL-UNNAMED --add-opens=java.prefs/java.util.prefs=ALL-UNNAMED --add-opens=java.prefs/java.util.prefs=ALL-UNNAMED --add-opens=java.base/java.nio.charset=ALL-UNNAMED --add-opens=java.base/java.net=ALL-UNNAMED --add-opens=java.base/java.util.concurrent.atomic=ALL-UNNAMED -Xmx2048m -Dfile.encoding=UTF-8 -Duser.country=US -Duser.language=en -Duser.variant 
java_command: org.gradle.launcher.daemon.bootstrap.GradleDaemon 7.5
java_class_path (initial): C:\Users\adlif\.gradle\wrapper\dists\gradle-7.5-bin\f1w0cc9nuo0eivz97x2xlu9sv\gradle-7.5\lib\gradle-launcher-7.5.jar
Launcher Type: SUN_STANDARD

[Global flags]
     intx CICompilerCount                          = 3                                         {product} {ergonomic}
     uint ConcGCThreads                            = 1                                         {product} {ergonomic}
     uint G1ConcRefinementThreads                  = 4                                         {product} {ergonomic}
   size_t G1HeapRegionSize                         = 1048576                                   {product} {ergonomic}
    uintx GCDrainStackTargetSize                   = 64                                        {product} {ergonomic}
   size_t InitialHeapSize                          = 130023424                                 {product} {ergonomic}
   size_t MarkStackSize                            = 4194304                                   {product} {ergonomic}
   size_t MaxHeapSize                              = 2147483648                                {product} {command line}
   size_t MaxNewSize                               = 1287651328                                {product} {ergonomic}
   size_t MinHeapDeltaBytes                        = 1048576                                   {product} {ergonomic}
    uintx NonNMethodCodeHeapSize                   = 5830732                                {pd product} {ergonomic}
    uintx NonProfiledCodeHeapSize                  = 122913754                              {pd product} {ergonomic}
    uintx ProfiledCodeHeapSize                     = 122913754                              {pd product} {ergonomic}
    uintx ReservedCodeCacheSize                    = 251658240                              {pd product} {ergonomic}
     bool SegmentedCodeCache                       = true                                      {product} {ergonomic}
     bool UseCompressedClassPointers               = true                                 {lp64_product} {ergonomic}
     bool UseCompressedOops                        = true                                 {lp64_product} {ergonomic}
     bool UseG1GC                                  = true                                      {product} {ergonomic}
     bool UseLargePagesIndividualAllocation        = false                                  {pd product} {ergonomic}

Logging:
Log output configuration:
 #0: stdout all=warning uptime,level,tags
 #1: stderr all=off uptime,level,tags

Environment Variables:
PATH=C:\Program Files\Common Files\Oracle\Java\javapath;C:\Program Files (x86)\Common Files\Intel\Shared Libraries\redist\intel64\compiler;C:\WINDOWS\system32;C:\WINDOWS;C:\WINDOWS\System32\Wbem;C:\WINDOWS\System32\WindowsPowerShell\v1.0\;C:\WINDOWS\System32\OpenSSH\;C:\Program Files\Git\cmd;C:\Program Files\nodejs\;C:\ProgramData\chocolatey\bin;C:\php-8.2.6;C:\Program Files\CMake\bin;C:\ProgramData\ComposerSetup\bin;C:\Users\adlif\AppData\Local\Programs\Python\Python310\Scripts\;C:\Users\adlif\AppData\Local\Programs\Python\Python310\;C:\Users\adlif\AppData\Local\Programs\Python\Python311\Scripts\;C:\Users\adlif\AppData\Local\Programs\Python\Python311\;C:\Users\adlif\AppData\Local\Microsoft\WindowsApps;D:\Visual Studio Code\Microsoft VS Code\bin;C:\ffmpeg\bin;C:\Users\adlif\AppData\Roaming\npm;C:\Program Files\heroku\bin;C:\Users\adlif\AppData\Roaming\Composer\vendor\bin
USERNAME=Kayoi
OS=Windows_NT
PROCESSOR_IDENTIFIER=Intel64 Family 6 Model 126 Stepping 5, GenuineIntel



---------------  S Y S T E M  ---------------

OS: Windows 10 , 64 bit Build 19041 (10.0.19041.3393)
OS uptime: 0 days 19:57 hours

CPU:total 4 (initial active 4) (2 cores per cpu, 2 threads per core) family 6 model 126 stepping 5 microcode 0x96, cmov, cx8, fxsr, mmx, sse, sse2, sse3, ssse3, sse4.1, sse4.2, popcnt, avx, avx2, aes, clmul, erms, 3dnowpref, lzcnt, ht, tsc, tscinvbit, bmi1, bmi2, adx, evex, sha, fma

Memory: 4k page, system-wide physical 7930M (233M free)
TotalPageFile size 7930M (AvailPageFile size 21M)
current process WorkingSet (physical memory assigned to process): 553M, peak: 599M
current process commit charge ("private bytes"): 833M, peak: 898M

vm_info: OpenJDK 64-Bit Server VM (11.0.15+0-b2043.56-9505619) for windows-amd64 JRE (11.0.15+0-b2043.56-9505619), built on Jan 19 2023 02:48:00 by "builduser" with unknown MS VC++:1929

END.
