#
# There is insufficient memory for the Java Runtime Environment to continue.
# Native memory allocation (mmap) failed to map 74448896 bytes for Failed to commit area from 0x0000000093600000 to 0x0000000097d00000 of length 74448896.
# Possible reasons:
#   The system is out of physical RAM or swap space
#   The process is running with CompressedOops enabled, and the Java Heap may be blocking the growth of the native heap
# Possible solutions:
#   Reduce memory load on the system
#   Increase physical memory or swap space
#   Check if swap backing store is full
#   Decrease Java heap size (-Xmx/-Xms)
#   Decrease number of Java threads
#   Decrease Java thread stack sizes (-Xss)
#   Set larger code cache with -XX:ReservedCodeCacheSize=
#   JVM is running with Unscaled Compressed Oops mode in which the Java heap is
#     placed in the first 4GB address space. The Java Heap base address is the
#     maximum limit for the native heap growth. Please use -XX:HeapBaseMinAddress
#     to set the Java Heap base and to place the Java Heap above 4GB virtual address.
# This output file may be truncated or incomplete.
#
#  Out of Memory Error (src/hotspot/os/windows/os_windows.cpp:3627), pid=11092, tid=4572
#
# JRE version: OpenJDK Runtime Environment (11.0.15) (build 11.0.15+0-b2043.56-9505619)
# Java VM: OpenJDK 64-Bit Server VM (11.0.15+0-b2043.56-9505619, mixed mode, tiered, compressed oops, g1 gc, windows-amd64)
# No core dump will be written. Minidumps are not enabled by default on client versions of Windows
#

---------------  S U M M A R Y ------------

Command Line: --add-opens=java.base/java.util=ALL-UNNAMED --add-opens=java.base/java.lang=ALL-UNNAMED --add-opens=java.base/java.lang.invoke=ALL-UNNAMED --add-opens=java.base/java.util=ALL-UNNAMED --add-opens=java.prefs/java.util.prefs=ALL-UNNAMED --add-opens=java.prefs/java.util.prefs=ALL-UNNAMED --add-opens=java.base/java.nio.charset=ALL-UNNAMED --add-opens=java.base/java.net=ALL-UNNAMED --add-opens=java.base/java.util.concurrent.atomic=ALL-UNNAMED -Xmx2048m -Dfile.encoding=UTF-8 -Duser.country=US -Duser.language=en -Duser.variant org.gradle.launcher.daemon.bootstrap.GradleDaemon 7.5

Host: Intel(R) Core(TM) i3-1005G1 CPU @ 1.20GHz, 4 cores, 7G,  Windows 10 , 64 bit Build 19041 (10.0.19041.3393)
Time: Thu Oct 12 13:26:58 2023 SE Asia Standard Time elapsed time: 27.172709 seconds (0d 0h 0m 27s)

---------------  T H R E A D  ---------------

Current thread (0x000001e7e05d5800):  VMThread "VM Thread" [stack: 0x000000a251b00000,0x000000a251c00000] [id=4572]

Stack: [0x000000a251b00000,0x000000a251c00000]
[error occurred during error reporting (printing stack bounds), id 0xc0000005, EXCEPTION_ACCESS_VIOLATION (0xc0000005) at pc=0x000001e7c9d712e7]

Native frames: (J=compiled Java code, j=interpreted, Vv=VM code, C=native code)
V  [jvm.dll+0x64135a]
V  [jvm.dll+0x7d39f9]
V  [jvm.dll+0x7d51b9]
V  [jvm.dll+0x7d5805]
V  [jvm.dll+0x7d57bb]
V  [jvm.dll+0x640655]
V  [jvm.dll+0x640d68]
C  [ntdll.dll+0xa221f]
C  [ntdll.dll+0x514b4]
C  [ntdll.dll+0xa0d2e]
C  0x000001e7c9d712e7

VM_Operation (0x000000a2557f8bf0): G1CollectForAllocation, mode: safepoint, requested by thread 0x000001e7e1e4e800


---------------  P R O C E S S  ---------------

Threads class SMR info:
_java_thread_list=0x000001e7e8e02840, length=88, elements={
0x000001e7c4a87000, 0x000001e7e05d8000, 0x000001e7e05e1800, 0x000001e7e0f63000,
0x000001e7e05f7000, 0x000001e7e05f8000, 0x000001e7e05fd000, 0x000001e7e0603000,
0x000001e7e0607800, 0x000001e7e10af800, 0x000001e7e22b5800, 0x000001e7e379c000,
0x000001e7e1ddf000, 0x000001e7e1c1e800, 0x000001e7e2539000, 0x000001e7e32c9000,
0x000001e7e3cb7000, 0x000001e7e40c8000, 0x000001e7e2389000, 0x000001e7e3176800,
0x000001e7e225c000, 0x000001e7e3f8f000, 0x000001e7e2638000, 0x000001e7e2632800,
0x000001e7e2636800, 0x000001e7e2639000, 0x000001e7e2633000, 0x000001e7e2637000,
0x000001e7e2634000, 0x000001e7e2634800, 0x000001e7e2635800, 0x000001e7e4b53800,
0x000001e7e4b51800, 0x000001e7e4b52800, 0x000001e7e4b5a800, 0x000001e7e4b5a000,
0x000001e7e4b59000, 0x000001e7e4b5b800, 0x000001e7e4b55800, 0x000001e7e4b5c800,
0x000001e7e4b56800, 0x000001e7e4b5e800, 0x000001e7e4b5d000, 0x000001e7e4b60800,
0x000001e7e4b5e000, 0x000001e7e4b5f800, 0x000001e7e1e52000, 0x000001e7e1e4f800,
0x000001e7e1e4c000, 0x000001e7e1e4d000, 0x000001e7e1e52800, 0x000001e7e1e51000,
0x000001e7e1e53800, 0x000001e7e1e4e000, 0x000001e7e1e54800, 0x000001e7e1e4e800,
0x000001e7e1e55000, 0x000001e7e1e56000, 0x000001e7e1e50000, 0x000001e7e1e5a000,
0x000001e7e1e5b000, 0x000001e7e1e56800, 0x000001e7e1e57800, 0x000001e7e1e59000,
0x000001e7e1e58800, 0x000001e7e4804800, 0x000001e7e4806000, 0x000001e7e480a800,
0x000001e7e4807000, 0x000001e7e4808800, 0x000001e7e4805800, 0x000001e7e4809800,
0x000001e7e480b000, 0x000001e7e480c000, 0x000001e7e4808000, 0x000001e7e480c800,
0x000001e7e480f000, 0x000001e7e4810000, 0x000001e7e480e800, 0x000001e7e4811800,
0x000001e7e4812800, 0x000001e7e4813800, 0x000001e7e832d800, 0x000001e7e8328000,
0x000001e7e832a800, 0x000001e7e6a61800, 0x000001e7e832b800, 0x000001e7e832e800
}

Java Threads: ( => current thread )
  0x000001e7c4a87000 JavaThread "main" [_thread_blocked, id=3792, stack(0x000000a251500000,0x000000a251600000)]
  0x000001e7e05d8000 JavaThread "Reference Handler" daemon [_thread_blocked, id=8924, stack(0x000000a251c00000,0x000000a251d00000)]
  0x000001e7e05e1800 JavaThread "Finalizer" daemon [_thread_blocked, id=9644, stack(0x000000a251d00000,0x000000a251e00000)]
  0x000001e7e0f63000 JavaThread "Signal Dispatcher" daemon [_thread_blocked, id=11252, stack(0x000000a251e00000,0x000000a251f00000)]
  0x000001e7e05f7000 JavaThread "Attach Listener" daemon [_thread_blocked, id=10332, stack(0x000000a251f00000,0x000000a252000000)]
  0x000001e7e05f8000 JavaThread "Service Thread" daemon [_thread_blocked, id=9268, stack(0x000000a252000000,0x000000a252100000)]
  0x000001e7e05fd000 JavaThread "C2 CompilerThread0" daemon [_thread_in_native, id=6824, stack(0x000000a252100000,0x000000a252200000)]
  0x000001e7e0603000 JavaThread "C1 CompilerThread0" daemon [_thread_blocked, id=10732, stack(0x000000a252200000,0x000000a252300000)]
  0x000001e7e0607800 JavaThread "Sweeper thread" daemon [_thread_blocked, id=10724, stack(0x000000a252300000,0x000000a252400000)]
  0x000001e7e10af800 JavaThread "Common-Cleaner" daemon [_thread_blocked, id=10964, stack(0x000000a252400000,0x000000a252500000)]
  0x000001e7e22b5800 JavaThread "Daemon health stats" [_thread_blocked, id=9092, stack(0x000000a252800000,0x000000a252900000)]
  0x000001e7e379c000 JavaThread "Incoming local TCP Connector on port 64347" [_thread_in_native, id=6184, stack(0x000000a252600000,0x000000a252700000)]
  0x000001e7e1ddf000 JavaThread "Daemon periodic checks" [_thread_blocked, id=2840, stack(0x000000a252900000,0x000000a252a00000)]
  0x000001e7e1c1e800 JavaThread "Daemon" [_thread_blocked, id=3324, stack(0x000000a252a00000,0x000000a252b00000)]
  0x000001e7e2539000 JavaThread "Handler for socket connection from /127.0.0.1:64347 to /127.0.0.1:64348" [_thread_in_native, id=3904, stack(0x000000a252b00000,0x000000a252c00000)]
  0x000001e7e32c9000 JavaThread "Cancel handler" [_thread_blocked, id=1084, stack(0x000000a252c00000,0x000000a252d00000)]
  0x000001e7e3cb7000 JavaThread "Daemon worker" [_thread_blocked, id=7380, stack(0x000000a252d00000,0x000000a252e00000)]
  0x000001e7e40c8000 JavaThread "Asynchronous log dispatcher for DefaultDaemonConnection: socket connection from /127.0.0.1:64347 to /127.0.0.1:64348" [_thread_blocked, id=3088, stack(0x000000a252e00000,0x000000a252f00000)]
  0x000001e7e2389000 JavaThread "Stdin handler" [_thread_blocked, id=7000, stack(0x000000a252f00000,0x000000a253000000)]
  0x000001e7e3176800 JavaThread "Daemon client event forwarder" [_thread_blocked, id=7952, stack(0x000000a253000000,0x000000a253100000)]
  0x000001e7e225c000 JavaThread "Cache worker for journal cache (C:\Users\adlif\.gradle\caches\journal-1)" [_thread_blocked, id=6280, stack(0x000000a253300000,0x000000a253400000)]
  0x000001e7e3f8f000 JavaThread "File lock request listener" [_thread_in_native, id=10320, stack(0x000000a253400000,0x000000a253500000)]
  0x000001e7e2638000 JavaThread "Cache worker for file hash cache (C:\Users\adlif\.gradle\caches\7.5\fileHashes)" [_thread_blocked, id=5420, stack(0x000000a253500000,0x000000a253600000)]
  0x000001e7e2632800 JavaThread "File watcher server" daemon [_thread_blocked, id=9668, stack(0x000000a253700000,0x000000a253800000)]
  0x000001e7e2636800 JavaThread "File watcher consumer" daemon [_thread_blocked, id=1956, stack(0x000000a253800000,0x000000a253900000)]
  0x000001e7e2639000 JavaThread "Cache worker for checksums cache (C:\Users\adlif\AndroidStudioProjects\Isla_Beta\.gradle\7.5\checksums)" [_thread_blocked, id=7200, stack(0x000000a253900000,0x000000a253a00000)]
  0x000001e7e2633000 JavaThread "Cache worker for cache directory md-rule (C:\Users\adlif\.gradle\caches\7.5\md-rule)" [_thread_blocked, id=2084, stack(0x000000a253a00000,0x000000a253b00000)]
  0x000001e7e2637000 JavaThread "Cache worker for file content cache (C:\Users\adlif\.gradle\caches\7.5\fileContent)" [_thread_blocked, id=5248, stack(0x000000a253b00000,0x000000a253c00000)]
  0x000001e7e2634000 JavaThread "Cache worker for file hash cache (C:\Users\adlif\AndroidStudioProjects\Isla_Beta\.gradle\7.5\fileHashes)" [_thread_blocked, id=4328, stack(0x000000a253c00000,0x000000a253d00000)]
  0x000001e7e2634800 JavaThread "Cache worker for cache directory md-supplier (C:\Users\adlif\.gradle\caches\7.5\md-supplier)" [_thread_blocked, id=8012, stack(0x000000a253d00000,0x000000a253e00000)]
  0x000001e7e2635800 JavaThread "Cache worker for execution history cache (C:\Users\adlif\.gradle\caches\7.5\executionHistory)" [_thread_blocked, id=10628, stack(0x000000a253e00000,0x000000a253f00000)]
  0x000001e7e4b53800 JavaThread "jar transforms" [_thread_blocked, id=8404, stack(0x000000a253f00000,0x000000a254000000)]
  0x000001e7e4b51800 JavaThread "jar transforms Thread 2" [_thread_blocked, id=1388, stack(0x000000a254000000,0x000000a254100000)]
  0x000001e7e4b52800 JavaThread "jar transforms Thread 3" [_thread_blocked, id=8844, stack(0x000000a254100000,0x000000a254200000)]
  0x000001e7e4b5a800 JavaThread "jar transforms Thread 4" [_thread_blocked, id=1520, stack(0x000000a254200000,0x000000a254300000)]
  0x000001e7e4b5a000 JavaThread "Cache worker for dependencies-accessors (C:\Users\adlif\AndroidStudioProjects\Isla_Beta\.gradle\7.5\dependencies-accessors)" [_thread_blocked, id=1380, stack(0x000000a254300000,0x000000a254400000)]
  0x000001e7e4b59000 JavaThread "Cache worker for Build Output Cleanup Cache (C:\Users\adlif\AndroidStudioProjects\Isla_Beta\.gradle\buildOutputCleanup)" [_thread_blocked, id=6836, stack(0x000000a254400000,0x000000a254500000)]
  0x000001e7e4b5b800 JavaThread "Unconstrained build operations" [_thread_blocked, id=5992, stack(0x000000a254500000,0x000000a254600000)]
  0x000001e7e4b55800 JavaThread "Unconstrained build operations Thread 2" [_thread_blocked, id=10596, stack(0x000000a254600000,0x000000a254700000)]
  0x000001e7e4b5c800 JavaThread "Unconstrained build operations Thread 3" [_thread_blocked, id=8140, stack(0x000000a254700000,0x000000a254800000)]
  0x000001e7e4b56800 JavaThread "Unconstrained build operations Thread 4" [_thread_blocked, id=4724, stack(0x000000a254800000,0x000000a254900000)]
  0x000001e7e4b5e800 JavaThread "Unconstrained build operations Thread 5" [_thread_blocked, id=8640, stack(0x000000a254900000,0x000000a254a00000)]
  0x000001e7e4b5d000 JavaThread "Unconstrained build operations Thread 6" [_thread_blocked, id=3864, stack(0x000000a254a00000,0x000000a254b00000)]
  0x000001e7e4b60800 JavaThread "Unconstrained build operations Thread 7" [_thread_blocked, id=900, stack(0x000000a254b00000,0x000000a254c00000)]
  0x000001e7e4b5e000 JavaThread "Unconstrained build operations Thread 8" [_thread_blocked, id=5648, stack(0x000000a254c00000,0x000000a254d00000)]
  0x000001e7e4b5f800 JavaThread "Unconstrained build operations Thread 9" [_thread_blocked, id=1208, stack(0x000000a254d00000,0x000000a254e00000)]
  0x000001e7e1e52000 JavaThread "Unconstrained build operations Thread 10" [_thread_blocked, id=9612, stack(0x000000a254e00000,0x000000a254f00000)]
  0x000001e7e1e4f800 JavaThread "Unconstrained build operations Thread 11" [_thread_blocked, id=7280, stack(0x000000a254f00000,0x000000a255000000)]
  0x000001e7e1e4c000 JavaThread "Unconstrained build operations Thread 12" [_thread_blocked, id=3604, stack(0x000000a255000000,0x000000a255100000)]
  0x000001e7e1e4d000 JavaThread "Unconstrained build operations Thread 13" [_thread_blocked, id=8464, stack(0x000000a255100000,0x000000a255200000)]
  0x000001e7e1e52800 JavaThread "Unconstrained build operations Thread 14" [_thread_blocked, id=3132, stack(0x000000a255200000,0x000000a255300000)]
  0x000001e7e1e51000 JavaThread "Unconstrained build operations Thread 15" [_thread_blocked, id=7484, stack(0x000000a255300000,0x000000a255400000)]
  0x000001e7e1e53800 JavaThread "Unconstrained build operations Thread 16" [_thread_blocked, id=500, stack(0x000000a255400000,0x000000a255500000)]
  0x000001e7e1e4e000 JavaThread "Unconstrained build operations Thread 17" [_thread_blocked, id=2396, stack(0x000000a255500000,0x000000a255600000)]
  0x000001e7e1e54800 JavaThread "Unconstrained build operations Thread 18" [_thread_blocked, id=792, stack(0x000000a255600000,0x000000a255700000)]
  0x000001e7e1e4e800 JavaThread "Unconstrained build operations Thread 19" [_thread_blocked, id=220, stack(0x000000a255700000,0x000000a255800000)]
  0x000001e7e1e55000 JavaThread "Unconstrained build operations Thread 20" [_thread_blocked, id=4188, stack(0x000000a255800000,0x000000a255900000)]
  0x000001e7e1e56000 JavaThread "Unconstrained build operations Thread 21" [_thread_blocked, id=8380, stack(0x000000a255900000,0x000000a255a00000)]
  0x000001e7e1e50000 JavaThread "Unconstrained build operations Thread 22" [_thread_blocked, id=5300, stack(0x000000a255a00000,0x000000a255b00000)]
  0x000001e7e1e5a000 JavaThread "Unconstrained build operations Thread 23" [_thread_blocked, id=2744, stack(0x000000a255b00000,0x000000a255c00000)]
  0x000001e7e1e5b000 JavaThread "Unconstrained build operations Thread 24" [_thread_blocked, id=1224, stack(0x000000a255c00000,0x000000a255d00000)]
  0x000001e7e1e56800 JavaThread "Unconstrained build operations Thread 25" [_thread_blocked, id=9076, stack(0x000000a255d00000,0x000000a255e00000)]
  0x000001e7e1e57800 JavaThread "Unconstrained build operations Thread 26" [_thread_blocked, id=1392, stack(0x000000a255e00000,0x000000a255f00000)]
  0x000001e7e1e59000 JavaThread "Unconstrained build operations Thread 27" [_thread_blocked, id=9364, stack(0x000000a255f00000,0x000000a256000000)]
  0x000001e7e1e58800 JavaThread "Unconstrained build operations Thread 28" [_thread_blocked, id=1612, stack(0x000000a256000000,0x000000a256100000)]
  0x000001e7e4804800 JavaThread "Unconstrained build operations Thread 29" [_thread_blocked, id=1356, stack(0x000000a256100000,0x000000a256200000)]
  0x000001e7e4806000 JavaThread "Unconstrained build operations Thread 30" [_thread_blocked, id=10440, stack(0x000000a256200000,0x000000a256300000)]
  0x000001e7e480a800 JavaThread "Unconstrained build operations Thread 31" [_thread_blocked, id=10012, stack(0x000000a256300000,0x000000a256400000)]
  0x000001e7e4807000 JavaThread "Unconstrained build operations Thread 32" [_thread_blocked, id=4152, stack(0x000000a256400000,0x000000a256500000)]
  0x000001e7e4808800 JavaThread "Unconstrained build operations Thread 33" [_thread_blocked, id=5580, stack(0x000000a256500000,0x000000a256600000)]
  0x000001e7e4805800 JavaThread "Unconstrained build operations Thread 34" [_thread_blocked, id=2428, stack(0x000000a256600000,0x000000a256700000)]
  0x000001e7e4809800 JavaThread "Unconstrained build operations Thread 35" [_thread_blocked, id=2476, stack(0x000000a256700000,0x000000a256800000)]
  0x000001e7e480b000 JavaThread "Unconstrained build operations Thread 36" [_thread_blocked, id=10960, stack(0x000000a256800000,0x000000a256900000)]
  0x000001e7e480c000 JavaThread "Unconstrained build operations Thread 37" [_thread_blocked, id=1700, stack(0x000000a256900000,0x000000a256a00000)]
  0x000001e7e4808000 JavaThread "Unconstrained build operations Thread 38" [_thread_blocked, id=6448, stack(0x000000a256a00000,0x000000a256b00000)]
  0x000001e7e480c800 JavaThread "Unconstrained build operations Thread 39" [_thread_blocked, id=11156, stack(0x000000a256b00000,0x000000a256c00000)]
  0x000001e7e480f000 JavaThread "Unconstrained build operations Thread 40" [_thread_blocked, id=7480, stack(0x000000a256c00000,0x000000a256d00000)]
  0x000001e7e4810000 JavaThread "build event listener" [_thread_blocked, id=8624, stack(0x000000a256d00000,0x000000a256e00000)]
  0x000001e7e480e800 JavaThread "Memory manager" [_thread_blocked, id=2740, stack(0x000000a256e00000,0x000000a256f00000)]
  0x000001e7e4811800 JavaThread "included builds" [_thread_blocked, id=4736, stack(0x000000a256f00000,0x000000a257000000)]
  0x000001e7e4812800 JavaThread "Execution worker" [_thread_blocked, id=4748, stack(0x000000a257000000,0x000000a257100000)]
  0x000001e7e4813800 JavaThread "Execution worker Thread 2" [_thread_blocked, id=7332, stack(0x000000a257100000,0x000000a257200000)]
  0x000001e7e832d800 JavaThread "Execution worker Thread 3" [_thread_blocked, id=3420, stack(0x000000a257200000,0x000000a257300000)]
  0x000001e7e8328000 JavaThread "Cache worker for execution history cache (C:\Users\adlif\AndroidStudioProjects\Isla_Beta\.gradle\7.5\executionHistory)" [_thread_blocked, id=2848, stack(0x000000a257300000,0x000000a257400000)]
  0x000001e7e832a800 JavaThread "WorkerExecutor Queue" [_thread_blocked, id=7572, stack(0x000000a257400000,0x000000a257500000)]
  0x000001e7e6a61800 JavaThread "C2 CompilerThread1" daemon [_thread_in_native, id=7316, stack(0x000000a253600000,0x000000a253700000)]
  0x000001e7e832b800 JavaThread "WorkerExecutor Queue Thread 2" [_thread_blocked, id=5208, stack(0x000000a257500000,0x000000a257600000)]
  0x000001e7e832e800 JavaThread "WorkerExecutor Queue Thread 3" [_thread_blocked, id=9084, stack(0x000000a257600000,0x000000a257700000)]

Other Threads:
=>0x000001e7e05d5800 VMThread "VM Thread" [stack: 0x000000a251b00000,0x000000a251c00000] [id=4572]
  0x000001e7e10b7000 WatcherThread [stack: 0x000000a252500000,0x000000a252600000] [id=5160]
  0x000001e7c4aa0800 GCTaskThread "GC Thread#0" [stack: 0x000000a251600000,0x000000a251700000] [id=6928]
  0x000001e7e18f7800 GCTaskThread "GC Thread#1" [stack: 0x000000a252700000,0x000000a252800000] [id=9140]
  0x000001e7e26cb800 GCTaskThread "GC Thread#2" [stack: 0x000000a253100000,0x000000a253200000] [id=9608]
  0x000001e7e2321800 GCTaskThread "GC Thread#3" [stack: 0x000000a253200000,0x000000a253300000] [id=10256]
  0x000001e7c4ad3000 ConcurrentGCThread "G1 Main Marker" [stack: 0x000000a251700000,0x000000a251800000] [id=10032]
  0x000001e7c4ad4000 ConcurrentGCThread "G1 Conc#0" [stack: 0x000000a251800000,0x000000a251900000] [id=9176]
  0x000001e7e0430800 ConcurrentGCThread "G1 Refine#0" [stack: 0x000000a251900000,0x000000a251a00000] [id=7840]
  0x000001e7e0431000 ConcurrentGCThread "G1 Young RemSet Sampling" [stack: 0x000000a251a00000,0x000000a251b00000] [id=10276]

Threads with active compile tasks:
C2 CompilerThread0    27190 17627       4       com.android.tools.r8.internal.Ab::a (6176 bytes)
C2 CompilerThread1    27190 17535       4       com.android.tools.r8.ir.regalloc.b::c (4031 bytes)

VM state:at safepoint (normal execution)

VM Mutex/Monitor currently owned by a thread:  ([mutex/lock_event])
[0x000001e7c4a82ce0] Threads_lock - owner thread: 0x000001e7e05d5800
[0x000001e7c4a842d0] Heap_lock - owner thread: 0x000001e7e1e4e800

Heap address: 0x0000000080000000, size: 2048 MB, Compressed Oops mode: 32-bit
Narrow klass base: 0x0000000000000000, Narrow klass shift: 3
Compressed class space size: 1073741824 Address: 0x0000000100000000

Heap:
 garbage-first heap   total 390144K, used 178688K [0x0000000080000000, 0x0000000100000000)
  region size 1024K, 10 young (10240K), 10 survivors (10240K)
 Metaspace       used 109626K, capacity 113085K, committed 114076K, reserved 1146880K
  class space    used 14156K, capacity 15489K, committed 15896K, reserved 1048576K
Heap Regions: E=young(eden), S=young(survivor), O=old, HS=humongous(starts), HC=humongous(continues), CS=collection set, F=free, A=archive, TAMS=top-at-mark-start (previous, next)
|   0|0x0000000080000000, 0x0000000080100000, 0x0000000080100000|100%|HS|  |TAMS 0x0000000080100000, 0x0000000080100000| Complete 
|   1|0x0000000080100000, 0x0000000080200000, 0x0000000080200000|100%|HC|  |TAMS 0x0000000080200000, 0x0000000080200000| Complete 
|   2|0x0000000080200000, 0x0000000080300000, 0x0000000080300000|100%|HC|  |TAMS 0x0000000080300000, 0x0000000080300000| Complete 
|   3|0x0000000080300000, 0x0000000080400000, 0x0000000080400000|100%| O|  |TAMS 0x0000000080400000, 0x0000000080400000| Untracked 
|   4|0x0000000080400000, 0x0000000080500000, 0x0000000080500000|100%| O|  |TAMS 0x0000000080500000, 0x0000000080500000| Untracked 
|   5|0x0000000080500000, 0x0000000080600000, 0x0000000080600000|100%| O|  |TAMS 0x0000000080600000, 0x0000000080600000| Untracked 
|   6|0x0000000080600000, 0x0000000080700000, 0x0000000080700000|100%| O|  |TAMS 0x0000000080700000, 0x0000000080700000| Untracked 
|   7|0x0000000080700000, 0x0000000080800000, 0x0000000080800000|100%| O|  |TAMS 0x0000000080800000, 0x0000000080800000| Untracked 
|   8|0x0000000080800000, 0x0000000080900000, 0x0000000080900000|100%| O|  |TAMS 0x0000000080900000, 0x0000000080900000| Untracked 
|   9|0x0000000080900000, 0x0000000080a00000, 0x0000000080a00000|100%| O|  |TAMS 0x0000000080a00000, 0x0000000080a00000| Untracked 
|  10|0x0000000080a00000, 0x0000000080b00000, 0x0000000080b00000|100%| O|  |TAMS 0x0000000080b00000, 0x0000000080b00000| Untracked 
|  11|0x0000000080b00000, 0x0000000080c00000, 0x0000000080c00000|100%| O|  |TAMS 0x0000000080c00000, 0x0000000080c00000| Untracked 
|  12|0x0000000080c00000, 0x0000000080d00000, 0x0000000080d00000|100%| O|  |TAMS 0x0000000080d00000, 0x0000000080d00000| Untracked 
|  13|0x0000000080d00000, 0x0000000080e00000, 0x0000000080e00000|100%| O|  |TAMS 0x0000000080e00000, 0x0000000080e00000| Untracked 
|  14|0x0000000080e00000, 0x0000000080f00000, 0x0000000080f00000|100%| O|  |TAMS 0x0000000080f00000, 0x0000000080f00000| Untracked 
|  15|0x0000000080f00000, 0x0000000081000000, 0x0000000081000000|100%| O|  |TAMS 0x0000000081000000, 0x0000000081000000| Untracked 
|  16|0x0000000081000000, 0x0000000081100000, 0x0000000081100000|100%|HS|  |TAMS 0x0000000081100000, 0x0000000081100000| Complete 
|  17|0x0000000081100000, 0x0000000081200000, 0x0000000081200000|100%| O|  |TAMS 0x0000000081200000, 0x0000000081200000| Untracked 
|  18|0x0000000081200000, 0x0000000081300000, 0x0000000081300000|100%| O|  |TAMS 0x0000000081300000, 0x0000000081300000| Untracked 
|  19|0x0000000081300000, 0x0000000081400000, 0x0000000081400000|100%| O|  |TAMS 0x0000000081400000, 0x0000000081400000| Untracked 
|  20|0x0000000081400000, 0x0000000081500000, 0x0000000081500000|100%| O|  |TAMS 0x0000000081500000, 0x0000000081500000| Untracked 
|  21|0x0000000081500000, 0x0000000081600000, 0x0000000081600000|100%| O|  |TAMS 0x0000000081600000, 0x0000000081600000| Untracked 
|  22|0x0000000081600000, 0x0000000081700000, 0x0000000081700000|100%| O|  |TAMS 0x0000000081700000, 0x0000000081700000| Untracked 
|  23|0x0000000081700000, 0x0000000081800000, 0x0000000081800000|100%| O|  |TAMS 0x0000000081800000, 0x0000000081800000| Untracked 
|  24|0x0000000081800000, 0x0000000081900000, 0x0000000081900000|100%|HS|  |TAMS 0x0000000081900000, 0x0000000081900000| Complete 
|  25|0x0000000081900000, 0x0000000081a00000, 0x0000000081a00000|100%| O|  |TAMS 0x0000000081a00000, 0x0000000081a00000| Untracked 
|  26|0x0000000081a00000, 0x0000000081b00000, 0x0000000081b00000|100%| O|  |TAMS 0x0000000081b00000, 0x0000000081b00000| Untracked 
|  27|0x0000000081b00000, 0x0000000081c00000, 0x0000000081c00000|100%| O|  |TAMS 0x0000000081c00000, 0x0000000081c00000| Untracked 
|  28|0x0000000081c00000, 0x0000000081d00000, 0x0000000081d00000|100%| O|  |TAMS 0x0000000081d00000, 0x0000000081d00000| Untracked 
|  29|0x0000000081d00000, 0x0000000081e00000, 0x0000000081e00000|100%| O|  |TAMS 0x0000000081e00000, 0x0000000081e00000| Untracked 
|  30|0x0000000081e00000, 0x0000000081f00000, 0x0000000081f00000|100%| O|  |TAMS 0x0000000081f00000, 0x0000000081f00000| Untracked 
|  31|0x0000000081f00000, 0x0000000082000000, 0x0000000082000000|100%| O|  |TAMS 0x0000000082000000, 0x0000000082000000| Untracked 
|  32|0x0000000082000000, 0x0000000082100000, 0x0000000082100000|100%| O|  |TAMS 0x0000000082100000, 0x0000000082100000| Untracked 
|  33|0x0000000082100000, 0x0000000082200000, 0x0000000082200000|100%| O|  |TAMS 0x0000000082200000, 0x0000000082200000| Untracked 
|  34|0x0000000082200000, 0x0000000082300000, 0x0000000082300000|100%| O|  |TAMS 0x0000000082300000, 0x0000000082300000| Untracked 
|  35|0x0000000082300000, 0x0000000082400000, 0x0000000082400000|100%| O|  |TAMS 0x0000000082400000, 0x0000000082400000| Untracked 
|  36|0x0000000082400000, 0x0000000082500000, 0x0000000082500000|100%| O|  |TAMS 0x0000000082500000, 0x0000000082500000| Untracked 
|  37|0x0000000082500000, 0x0000000082600000, 0x0000000082600000|100%| O|  |TAMS 0x0000000082600000, 0x0000000082600000| Untracked 
|  38|0x0000000082600000, 0x0000000082700000, 0x0000000082700000|100%| O|  |TAMS 0x0000000082700000, 0x0000000082700000| Untracked 
|  39|0x0000000082700000, 0x0000000082800000, 0x0000000082800000|100%| O|  |TAMS 0x0000000082800000, 0x0000000082800000| Untracked 
|  40|0x0000000082800000, 0x0000000082900000, 0x0000000082900000|100%| O|  |TAMS 0x0000000082900000, 0x0000000082900000| Untracked 
|  41|0x0000000082900000, 0x0000000082a00000, 0x0000000082a00000|100%| O|  |TAMS 0x0000000082a00000, 0x0000000082a00000| Untracked 
|  42|0x0000000082a00000, 0x0000000082b00000, 0x0000000082b00000|100%| O|  |TAMS 0x0000000082b00000, 0x0000000082b00000| Untracked 
|  43|0x0000000082b00000, 0x0000000082c00000, 0x0000000082c00000|100%| O|  |TAMS 0x0000000082c00000, 0x0000000082c00000| Untracked 
|  44|0x0000000082c00000, 0x0000000082d00000, 0x0000000082d00000|100%| O|  |TAMS 0x0000000082d00000, 0x0000000082d00000| Untracked 
|  45|0x0000000082d00000, 0x0000000082e00000, 0x0000000082e00000|100%| O|  |TAMS 0x0000000082e00000, 0x0000000082e00000| Untracked 
|  46|0x0000000082e00000, 0x0000000082f00000, 0x0000000082f00000|100%| O|  |TAMS 0x0000000082f00000, 0x0000000082f00000| Untracked 
|  47|0x0000000082f00000, 0x0000000083000000, 0x0000000083000000|100%| O|  |TAMS 0x0000000083000000, 0x0000000083000000| Untracked 
|  48|0x0000000083000000, 0x0000000083100000, 0x0000000083100000|100%| O|  |TAMS 0x0000000083100000, 0x0000000083100000| Untracked 
|  49|0x0000000083100000, 0x0000000083200000, 0x0000000083200000|100%| O|  |TAMS 0x0000000083200000, 0x0000000083200000| Untracked 
|  50|0x0000000083200000, 0x0000000083300000, 0x0000000083300000|100%| O|  |TAMS 0x0000000083300000, 0x0000000083300000| Untracked 
|  51|0x0000000083300000, 0x0000000083400000, 0x0000000083400000|100%| O|  |TAMS 0x0000000083400000, 0x0000000083400000| Untracked 
|  52|0x0000000083400000, 0x0000000083500000, 0x0000000083500000|100%| O|  |TAMS 0x0000000083500000, 0x0000000083500000| Untracked 
|  53|0x0000000083500000, 0x0000000083600000, 0x0000000083600000|100%| O|  |TAMS 0x0000000083600000, 0x0000000083600000| Untracked 
|  54|0x0000000083600000, 0x0000000083700000, 0x0000000083700000|100%| O|  |TAMS 0x0000000083700000, 0x0000000083700000| Untracked 
|  55|0x0000000083700000, 0x0000000083800000, 0x0000000083800000|100%| O|  |TAMS 0x0000000083800000, 0x0000000083800000| Untracked 
|  56|0x0000000083800000, 0x0000000083900000, 0x0000000083900000|100%| O|  |TAMS 0x0000000083900000, 0x0000000083900000| Untracked 
|  57|0x0000000083900000, 0x0000000083a00000, 0x0000000083a00000|100%| O|  |TAMS 0x0000000083a00000, 0x0000000083a00000| Untracked 
|  58|0x0000000083a00000, 0x0000000083b00000, 0x0000000083b00000|100%| O|  |TAMS 0x0000000083b00000, 0x0000000083b00000| Untracked 
|  59|0x0000000083b00000, 0x0000000083c00000, 0x0000000083c00000|100%| O|  |TAMS 0x0000000083c00000, 0x0000000083c00000| Untracked 
|  60|0x0000000083c00000, 0x0000000083d00000, 0x0000000083d00000|100%| O|  |TAMS 0x0000000083d00000, 0x0000000083d00000| Untracked 
|  61|0x0000000083d00000, 0x0000000083e00000, 0x0000000083e00000|100%| O|  |TAMS 0x0000000083e00000, 0x0000000083e00000| Untracked 
|  62|0x0000000083e00000, 0x0000000083f00000, 0x0000000083f00000|100%| O|  |TAMS 0x0000000083f00000, 0x0000000083f00000| Untracked 
|  63|0x0000000083f00000, 0x0000000084000000, 0x0000000084000000|100%| O|  |TAMS 0x0000000084000000, 0x0000000084000000| Untracked 
|  64|0x0000000084000000, 0x0000000084100000, 0x0000000084100000|100%| O|  |TAMS 0x0000000084100000, 0x0000000084100000| Untracked 
|  65|0x0000000084100000, 0x0000000084200000, 0x0000000084200000|100%| O|  |TAMS 0x0000000084200000, 0x0000000084200000| Untracked 
|  66|0x0000000084200000, 0x0000000084300000, 0x0000000084300000|100%| O|  |TAMS 0x0000000084300000, 0x0000000084300000| Untracked 
|  67|0x0000000084300000, 0x0000000084400000, 0x0000000084400000|100%| O|  |TAMS 0x0000000084400000, 0x0000000084400000| Untracked 
|  68|0x0000000084400000, 0x0000000084500000, 0x0000000084500000|100%| O|  |TAMS 0x0000000084500000, 0x0000000084500000| Untracked 
|  69|0x0000000084500000, 0x0000000084600000, 0x0000000084600000|100%| O|  |TAMS 0x0000000084600000, 0x0000000084600000| Untracked 
|  70|0x0000000084600000, 0x0000000084700000, 0x0000000084700000|100%| O|  |TAMS 0x0000000084700000, 0x0000000084700000| Untracked 
|  71|0x0000000084700000, 0x0000000084800000, 0x0000000084800000|100%| O|  |TAMS 0x0000000084800000, 0x0000000084800000| Untracked 
|  72|0x0000000084800000, 0x0000000084900000, 0x0000000084900000|100%| O|  |TAMS 0x0000000084900000, 0x0000000084900000| Untracked 
|  73|0x0000000084900000, 0x0000000084a00000, 0x0000000084a00000|100%| O|  |TAMS 0x0000000084a00000, 0x0000000084a00000| Untracked 
|  74|0x0000000084a00000, 0x0000000084b00000, 0x0000000084b00000|100%| O|  |TAMS 0x0000000084b00000, 0x0000000084b00000| Untracked 
|  75|0x0000000084b00000, 0x0000000084c00000, 0x0000000084c00000|100%| O|  |TAMS 0x0000000084c00000, 0x0000000084c00000| Untracked 
|  76|0x0000000084c00000, 0x0000000084d00000, 0x0000000084d00000|100%| O|  |TAMS 0x0000000084d00000, 0x0000000084d00000| Untracked 
|  77|0x0000000084d00000, 0x0000000084e00000, 0x0000000084e00000|100%| O|  |TAMS 0x0000000084e00000, 0x0000000084e00000| Untracked 
|  78|0x0000000084e00000, 0x0000000084f00000, 0x0000000084f00000|100%| O|  |TAMS 0x0000000084f00000, 0x0000000084f00000| Untracked 
|  79|0x0000000084f00000, 0x0000000085000000, 0x0000000085000000|100%| O|  |TAMS 0x0000000085000000, 0x0000000085000000| Untracked 
|  80|0x0000000085000000, 0x0000000085100000, 0x0000000085100000|100%| O|  |TAMS 0x0000000085100000, 0x0000000085100000| Untracked 
|  81|0x0000000085100000, 0x0000000085200000, 0x0000000085200000|100%| O|  |TAMS 0x0000000085200000, 0x0000000085200000| Untracked 
|  82|0x0000000085200000, 0x0000000085300000, 0x0000000085300000|100%| O|  |TAMS 0x0000000085300000, 0x0000000085300000| Untracked 
|  83|0x0000000085300000, 0x0000000085400000, 0x0000000085400000|100%| O|  |TAMS 0x0000000085400000, 0x0000000085400000| Untracked 
|  84|0x0000000085400000, 0x0000000085500000, 0x0000000085500000|100%| O|  |TAMS 0x0000000085500000, 0x0000000085500000| Untracked 
|  85|0x0000000085500000, 0x0000000085600000, 0x0000000085600000|100%| O|  |TAMS 0x0000000085600000, 0x0000000085600000| Untracked 
|  86|0x0000000085600000, 0x0000000085700000, 0x0000000085700000|100%| O|  |TAMS 0x0000000085700000, 0x0000000085700000| Untracked 
|  87|0x0000000085700000, 0x0000000085800000, 0x0000000085800000|100%| O|  |TAMS 0x0000000085800000, 0x0000000085800000| Untracked 
|  88|0x0000000085800000, 0x0000000085900000, 0x0000000085900000|100%| O|  |TAMS 0x0000000085900000, 0x0000000085900000| Untracked 
|  89|0x0000000085900000, 0x0000000085a00000, 0x0000000085a00000|100%| O|  |TAMS 0x0000000085a00000, 0x0000000085a00000| Untracked 
|  90|0x0000000085a00000, 0x0000000085b00000, 0x0000000085b00000|100%| O|  |TAMS 0x0000000085b00000, 0x0000000085b00000| Untracked 
|  91|0x0000000085b00000, 0x0000000085c00000, 0x0000000085c00000|100%| O|  |TAMS 0x0000000085c00000, 0x0000000085c00000| Untracked 
|  92|0x0000000085c00000, 0x0000000085d00000, 0x0000000085d00000|100%| O|  |TAMS 0x0000000085d00000, 0x0000000085d00000| Untracked 
|  93|0x0000000085d00000, 0x0000000085e00000, 0x0000000085e00000|100%| O|  |TAMS 0x0000000085e00000, 0x0000000085e00000| Untracked 
|  94|0x0000000085e00000, 0x0000000085f00000, 0x0000000085f00000|100%| O|  |TAMS 0x0000000085f00000, 0x0000000085f00000| Untracked 
|  95|0x0000000085f00000, 0x0000000086000000, 0x0000000086000000|100%| O|  |TAMS 0x0000000086000000, 0x0000000086000000| Untracked 
|  96|0x0000000086000000, 0x0000000086100000, 0x0000000086100000|100%| O|  |TAMS 0x0000000086100000, 0x0000000086100000| Untracked 
|  97|0x0000000086100000, 0x0000000086200000, 0x0000000086200000|100%| O|  |TAMS 0x0000000086200000, 0x0000000086200000| Untracked 
|  98|0x0000000086200000, 0x0000000086300000, 0x0000000086300000|100%| O|  |TAMS 0x0000000086300000, 0x0000000086300000| Untracked 
|  99|0x0000000086300000, 0x0000000086400000, 0x0000000086400000|100%| O|  |TAMS 0x0000000086400000, 0x0000000086400000| Untracked 
| 100|0x0000000086400000, 0x0000000086500000, 0x0000000086500000|100%| O|  |TAMS 0x0000000086500000, 0x0000000086500000| Untracked 
| 101|0x0000000086500000, 0x0000000086600000, 0x0000000086600000|100%| O|  |TAMS 0x0000000086600000, 0x0000000086600000| Untracked 
| 102|0x0000000086600000, 0x0000000086700000, 0x0000000086700000|100%| O|  |TAMS 0x0000000086700000, 0x0000000086700000| Untracked 
| 103|0x0000000086700000, 0x0000000086800000, 0x0000000086800000|100%| O|  |TAMS 0x0000000086800000, 0x0000000086800000| Untracked 
| 104|0x0000000086800000, 0x0000000086900000, 0x0000000086900000|100%| O|  |TAMS 0x0000000086900000, 0x0000000086900000| Untracked 
| 105|0x0000000086900000, 0x0000000086a00000, 0x0000000086a00000|100%| O|  |TAMS 0x0000000086a00000, 0x0000000086a00000| Untracked 
| 106|0x0000000086a00000, 0x0000000086b00000, 0x0000000086b00000|100%| O|  |TAMS 0x0000000086b00000, 0x0000000086b00000| Untracked 
| 107|0x0000000086b00000, 0x0000000086c00000, 0x0000000086c00000|100%| O|  |TAMS 0x0000000086c00000, 0x0000000086c00000| Untracked 
| 108|0x0000000086c00000, 0x0000000086d00000, 0x0000000086d00000|100%| O|  |TAMS 0x0000000086c00000, 0x0000000086d00000| Untracked 
| 109|0x0000000086d00000, 0x0000000086e00000, 0x0000000086e00000|100%| O|  |TAMS 0x0000000086e00000, 0x0000000086e00000| Untracked 
| 110|0x0000000086e00000, 0x0000000086f00000, 0x0000000086f00000|100%| O|  |TAMS 0x0000000086f00000, 0x0000000086f00000| Untracked 
| 111|0x0000000086f00000, 0x0000000087000000, 0x0000000087000000|100%| O|  |TAMS 0x0000000087000000, 0x0000000087000000| Untracked 
| 112|0x0000000087000000, 0x0000000087100000, 0x0000000087100000|100%| O|  |TAMS 0x0000000087100000, 0x0000000087100000| Untracked 
| 113|0x0000000087100000, 0x0000000087200000, 0x0000000087200000|100%| O|  |TAMS 0x0000000087200000, 0x0000000087200000| Untracked 
| 114|0x0000000087200000, 0x0000000087300000, 0x0000000087300000|100%| O|  |TAMS 0x0000000087300000, 0x0000000087300000| Untracked 
| 115|0x0000000087300000, 0x0000000087400000, 0x0000000087400000|100%| O|  |TAMS 0x0000000087400000, 0x0000000087400000| Untracked 
| 116|0x0000000087400000, 0x0000000087500000, 0x0000000087500000|100%| O|  |TAMS 0x0000000087500000, 0x0000000087500000| Untracked 
| 117|0x0000000087500000, 0x0000000087600000, 0x0000000087600000|100%| O|  |TAMS 0x0000000087600000, 0x0000000087600000| Untracked 
| 118|0x0000000087600000, 0x0000000087700000, 0x0000000087700000|100%| O|  |TAMS 0x0000000087700000, 0x0000000087700000| Untracked 
| 119|0x0000000087700000, 0x0000000087800000, 0x0000000087800000|100%| O|  |TAMS 0x0000000087800000, 0x0000000087800000| Untracked 
| 120|0x0000000087800000, 0x0000000087900000, 0x0000000087900000|100%| O|  |TAMS 0x0000000087900000, 0x0000000087900000| Untracked 
| 121|0x0000000087900000, 0x0000000087a00000, 0x0000000087a00000|100%| O|  |TAMS 0x00000000879fbe00, 0x0000000087a00000| Untracked 
| 122|0x0000000087a00000, 0x0000000087b00000, 0x0000000087b00000|100%| O|  |TAMS 0x0000000087a00000, 0x0000000087b00000| Untracked 
| 123|0x0000000087b00000, 0x0000000087c00000, 0x0000000087c00000|100%| O|  |TAMS 0x0000000087b00000, 0x0000000087c00000| Untracked 
| 124|0x0000000087c00000, 0x0000000087d00000, 0x0000000087d00000|100%| O|  |TAMS 0x0000000087c00000, 0x0000000087d00000| Untracked 
| 125|0x0000000087d00000, 0x0000000087e00000, 0x0000000087e00000|100%| O|  |TAMS 0x0000000087d00000, 0x0000000087e00000| Untracked 
| 126|0x0000000087e00000, 0x0000000087f00000, 0x0000000087f00000|100%| O|  |TAMS 0x0000000087e00000, 0x0000000087f00000| Untracked 
| 127|0x0000000087f00000, 0x0000000088000000, 0x0000000088000000|100%| O|  |TAMS 0x0000000087f00000, 0x0000000088000000| Untracked 
| 128|0x0000000088000000, 0x0000000088100000, 0x0000000088100000|100%| O|  |TAMS 0x0000000088000000, 0x0000000088100000| Untracked 
| 129|0x0000000088100000, 0x0000000088200000, 0x0000000088200000|100%| O|  |TAMS 0x0000000088100000, 0x0000000088200000| Untracked 
| 130|0x0000000088200000, 0x0000000088300000, 0x0000000088300000|100%| O|  |TAMS 0x0000000088200000, 0x0000000088300000| Untracked 
| 131|0x0000000088300000, 0x0000000088400000, 0x0000000088400000|100%| O|  |TAMS 0x0000000088300000, 0x0000000088400000| Untracked 
| 132|0x0000000088400000, 0x0000000088500000, 0x0000000088500000|100%| O|  |TAMS 0x0000000088400000, 0x0000000088500000| Untracked 
| 133|0x0000000088500000, 0x0000000088600000, 0x0000000088600000|100%| O|  |TAMS 0x0000000088500000, 0x0000000088600000| Untracked 
| 134|0x0000000088600000, 0x0000000088700000, 0x0000000088700000|100%| O|  |TAMS 0x0000000088600000, 0x0000000088700000| Untracked 
| 135|0x0000000088700000, 0x0000000088800000, 0x0000000088800000|100%| O|  |TAMS 0x0000000088700000, 0x0000000088800000| Untracked 
| 136|0x0000000088800000, 0x0000000088900000, 0x0000000088900000|100%| O|  |TAMS 0x0000000088800000, 0x0000000088900000| Untracked 
| 137|0x0000000088900000, 0x0000000088a00000, 0x0000000088a00000|100%| O|  |TAMS 0x0000000088900000, 0x0000000088a00000| Untracked 
| 138|0x0000000088a00000, 0x0000000088b00000, 0x0000000088b00000|100%| O|  |TAMS 0x0000000088a00000, 0x0000000088b00000| Untracked 
| 139|0x0000000088b00000, 0x0000000088c00000, 0x0000000088c00000|100%| O|  |TAMS 0x0000000088b00000, 0x0000000088c00000| Untracked 
| 140|0x0000000088c00000, 0x0000000088d00000, 0x0000000088d00000|100%| O|  |TAMS 0x0000000088c00000, 0x0000000088d00000| Untracked 
| 141|0x0000000088d00000, 0x0000000088e00000, 0x0000000088e00000|100%| O|  |TAMS 0x0000000088d00000, 0x0000000088e00000| Untracked 
| 142|0x0000000088e00000, 0x0000000088f00000, 0x0000000088f00000|100%| O|  |TAMS 0x0000000088e00000, 0x0000000088f00000| Untracked 
| 143|0x0000000088f00000, 0x0000000089000000, 0x0000000089000000|100%| O|  |TAMS 0x0000000088f00000, 0x0000000089000000| Untracked 
| 144|0x0000000089000000, 0x0000000089100000, 0x0000000089100000|100%| O|  |TAMS 0x0000000089000000, 0x0000000089100000| Untracked 
| 145|0x0000000089100000, 0x0000000089200000, 0x0000000089200000|100%| O|  |TAMS 0x0000000089100000, 0x0000000089200000| Untracked 
| 146|0x0000000089200000, 0x0000000089300000, 0x0000000089300000|100%| O|  |TAMS 0x0000000089200000, 0x0000000089300000| Untracked 
| 147|0x0000000089300000, 0x0000000089400000, 0x0000000089400000|100%| O|  |TAMS 0x0000000089300000, 0x0000000089400000| Untracked 
| 148|0x0000000089400000, 0x0000000089500000, 0x0000000089500000|100%| O|  |TAMS 0x0000000089400000, 0x0000000089500000| Untracked 
| 149|0x0000000089500000, 0x0000000089600000, 0x0000000089600000|100%| O|  |TAMS 0x0000000089500000, 0x0000000089600000| Untracked 
| 150|0x0000000089600000, 0x0000000089700000, 0x0000000089700000|100%| O|  |TAMS 0x0000000089600000, 0x0000000089700000| Untracked 
| 151|0x0000000089700000, 0x0000000089800000, 0x0000000089800000|100%| O|  |TAMS 0x0000000089700000, 0x0000000089800000| Untracked 
| 152|0x0000000089800000, 0x0000000089900000, 0x0000000089900000|100%| O|  |TAMS 0x0000000089800000, 0x0000000089900000| Untracked 
| 153|0x0000000089900000, 0x0000000089a00000, 0x0000000089a00000|100%| O|  |TAMS 0x0000000089900000, 0x0000000089a00000| Untracked 
| 154|0x0000000089a00000, 0x0000000089b00000, 0x0000000089b00000|100%| O|  |TAMS 0x0000000089a00000, 0x0000000089b00000| Untracked 
| 155|0x0000000089b00000, 0x0000000089c00000, 0x0000000089c00000|100%| O|  |TAMS 0x0000000089b00000, 0x0000000089c00000| Untracked 
| 156|0x0000000089c00000, 0x0000000089d00000, 0x0000000089d00000|100%| O|  |TAMS 0x0000000089c00000, 0x0000000089d00000| Untracked 
| 157|0x0000000089d00000, 0x0000000089e00000, 0x0000000089e00000|100%| O|  |TAMS 0x0000000089d00000, 0x0000000089e00000| Untracked 
| 158|0x0000000089e00000, 0x0000000089f00000, 0x0000000089f00000|100%| O|  |TAMS 0x0000000089e00000, 0x0000000089f00000| Untracked 
| 159|0x0000000089f00000, 0x000000008a000000, 0x000000008a000000|100%| O|  |TAMS 0x0000000089f00000, 0x000000008a000000| Untracked 
| 160|0x000000008a000000, 0x000000008a100000, 0x000000008a100000|100%| O|  |TAMS 0x000000008a000000, 0x000000008a100000| Untracked 
| 161|0x000000008a100000, 0x000000008a200000, 0x000000008a200000|100%| O|  |TAMS 0x000000008a100000, 0x000000008a200000| Untracked 
| 162|0x000000008a200000, 0x000000008a300000, 0x000000008a300000|100%| O|  |TAMS 0x000000008a200000, 0x000000008a300000| Untracked 
| 163|0x000000008a300000, 0x000000008a400000, 0x000000008a400000|100%| O|  |TAMS 0x000000008a300000, 0x000000008a400000| Untracked 
| 164|0x000000008a400000, 0x000000008a480000, 0x000000008a500000| 50%| O|  |TAMS 0x000000008a400000, 0x000000008a480000| Untracked 
| 165|0x000000008a500000, 0x000000008a500000, 0x000000008a600000|  0%| F|  |TAMS 0x000000008a500000, 0x000000008a500000| Untracked 
| 166|0x000000008a600000, 0x000000008a600000, 0x000000008a700000|  0%| F|  |TAMS 0x000000008a600000, 0x000000008a600000| Untracked 
| 167|0x000000008a700000, 0x000000008a700000, 0x000000008a800000|  0%| F|  |TAMS 0x000000008a700000, 0x000000008a700000| Untracked 
| 168|0x000000008a800000, 0x000000008a800000, 0x000000008a900000|  0%| F|  |TAMS 0x000000008a800000, 0x000000008a800000| Untracked 
| 169|0x000000008a900000, 0x000000008a900000, 0x000000008aa00000|  0%| F|  |TAMS 0x000000008a900000, 0x000000008a900000| Untracked 
| 170|0x000000008aa00000, 0x000000008aa00000, 0x000000008ab00000|  0%| F|  |TAMS 0x000000008aa00000, 0x000000008aa00000| Untracked 
| 171|0x000000008ab00000, 0x000000008ab00000, 0x000000008ac00000|  0%| F|  |TAMS 0x000000008ab00000, 0x000000008ab00000| Untracked 
| 172|0x000000008ac00000, 0x000000008ac00000, 0x000000008ad00000|  0%| F|  |TAMS 0x000000008ac00000, 0x000000008ac00000| Untracked 
| 173|0x000000008ad00000, 0x000000008ad00000, 0x000000008ae00000|  0%| F|  |TAMS 0x000000008ad00000, 0x000000008ad00000| Untracked 
| 174|0x000000008ae00000, 0x000000008ae00000, 0x000000008af00000|  0%| F|  |TAMS 0x000000008ae00000, 0x000000008ae00000| Untracked 
| 175|0x000000008af00000, 0x000000008af00000, 0x000000008b000000|  0%| F|  |TAMS 0x000000008af00000, 0x000000008af00000| Untracked 
| 176|0x000000008b000000, 0x000000008b000000, 0x000000008b100000|  0%| F|  |TAMS 0x000000008b000000, 0x000000008b000000| Untracked 
| 177|0x000000008b100000, 0x000000008b100000, 0x000000008b200000|  0%| F|  |TAMS 0x000000008b100000, 0x000000008b100000| Untracked 
| 178|0x000000008b200000, 0x000000008b200000, 0x000000008b300000|  0%| F|  |TAMS 0x000000008b200000, 0x000000008b200000| Untracked 
| 179|0x000000008b300000, 0x000000008b300000, 0x000000008b400000|  0%| F|  |TAMS 0x000000008b300000, 0x000000008b300000| Untracked 
| 180|0x000000008b400000, 0x000000008b400000, 0x000000008b500000|  0%| F|  |TAMS 0x000000008b400000, 0x000000008b400000| Untracked 
| 181|0x000000008b500000, 0x000000008b500000, 0x000000008b600000|  0%| F|  |TAMS 0x000000008b500000, 0x000000008b500000| Untracked 
| 182|0x000000008b600000, 0x000000008b600000, 0x000000008b700000|  0%| F|  |TAMS 0x000000008b600000, 0x000000008b600000| Untracked 
| 183|0x000000008b700000, 0x000000008b700000, 0x000000008b800000|  0%| F|  |TAMS 0x000000008b700000, 0x000000008b700000| Untracked 
| 184|0x000000008b800000, 0x000000008b800000, 0x000000008b900000|  0%| F|  |TAMS 0x000000008b800000, 0x000000008b800000| Untracked 
| 185|0x000000008b900000, 0x000000008b900000, 0x000000008ba00000|  0%| F|  |TAMS 0x000000008b900000, 0x000000008b900000| Untracked 
| 186|0x000000008ba00000, 0x000000008ba00000, 0x000000008bb00000|  0%| F|  |TAMS 0x000000008ba00000, 0x000000008ba00000| Untracked 
| 187|0x000000008bb00000, 0x000000008bb00000, 0x000000008bc00000|  0%| F|  |TAMS 0x000000008bb00000, 0x000000008bb00000| Untracked 
| 188|0x000000008bc00000, 0x000000008bc00000, 0x000000008bd00000|  0%| F|  |TAMS 0x000000008bc00000, 0x000000008bc00000| Untracked 
| 189|0x000000008bd00000, 0x000000008bd00000, 0x000000008be00000|  0%| F|  |TAMS 0x000000008bd00000, 0x000000008bd00000| Untracked 
| 190|0x000000008be00000, 0x000000008be00000, 0x000000008bf00000|  0%| F|  |TAMS 0x000000008be00000, 0x000000008be00000| Untracked 
| 191|0x000000008bf00000, 0x000000008bf00000, 0x000000008c000000|  0%| F|  |TAMS 0x000000008bf00000, 0x000000008bf00000| Untracked 
| 192|0x000000008c000000, 0x000000008c000000, 0x000000008c100000|  0%| F|  |TAMS 0x000000008c000000, 0x000000008c000000| Untracked 
| 193|0x000000008c100000, 0x000000008c100000, 0x000000008c200000|  0%| F|  |TAMS 0x000000008c100000, 0x000000008c100000| Untracked 
| 194|0x000000008c200000, 0x000000008c200000, 0x000000008c300000|  0%| F|  |TAMS 0x000000008c200000, 0x000000008c200000| Untracked 
| 195|0x000000008c300000, 0x000000008c300000, 0x000000008c400000|  0%| F|  |TAMS 0x000000008c300000, 0x000000008c300000| Untracked 
| 196|0x000000008c400000, 0x000000008c400000, 0x000000008c500000|  0%| F|  |TAMS 0x000000008c400000, 0x000000008c400000| Untracked 
| 197|0x000000008c500000, 0x000000008c500000, 0x000000008c600000|  0%| F|  |TAMS 0x000000008c500000, 0x000000008c500000| Untracked 
| 198|0x000000008c600000, 0x000000008c600000, 0x000000008c700000|  0%| F|  |TAMS 0x000000008c600000, 0x000000008c600000| Untracked 
| 199|0x000000008c700000, 0x000000008c700000, 0x000000008c800000|  0%| F|  |TAMS 0x000000008c700000, 0x000000008c700000| Untracked 
| 200|0x000000008c800000, 0x000000008c800000, 0x000000008c900000|  0%| F|  |TAMS 0x000000008c800000, 0x000000008c800000| Untracked 
| 201|0x000000008c900000, 0x000000008c900000, 0x000000008ca00000|  0%| F|  |TAMS 0x000000008c900000, 0x000000008c900000| Untracked 
| 202|0x000000008ca00000, 0x000000008ca00000, 0x000000008cb00000|  0%| F|  |TAMS 0x000000008ca00000, 0x000000008ca00000| Untracked 
| 203|0x000000008cb00000, 0x000000008cb00000, 0x000000008cc00000|  0%| F|  |TAMS 0x000000008cb00000, 0x000000008cb00000| Untracked 
| 204|0x000000008cc00000, 0x000000008cc00000, 0x000000008cd00000|  0%| F|  |TAMS 0x000000008cc00000, 0x000000008cc00000| Untracked 
| 205|0x000000008cd00000, 0x000000008cd00000, 0x000000008ce00000|  0%| F|  |TAMS 0x000000008cd00000, 0x000000008cd00000| Untracked 
| 206|0x000000008ce00000, 0x000000008ce00000, 0x000000008cf00000|  0%| F|  |TAMS 0x000000008ce00000, 0x000000008ce00000| Untracked 
| 207|0x000000008cf00000, 0x000000008cf00000, 0x000000008d000000|  0%| F|  |TAMS 0x000000008cf00000, 0x000000008cf00000| Untracked 
| 208|0x000000008d000000, 0x000000008d000000, 0x000000008d100000|  0%| F|  |TAMS 0x000000008d000000, 0x000000008d000000| Untracked 
| 209|0x000000008d100000, 0x000000008d100000, 0x000000008d200000|  0%| F|  |TAMS 0x000000008d100000, 0x000000008d100000| Untracked 
| 210|0x000000008d200000, 0x000000008d200000, 0x000000008d300000|  0%| F|  |TAMS 0x000000008d200000, 0x000000008d200000| Untracked 
| 211|0x000000008d300000, 0x000000008d300000, 0x000000008d400000|  0%| F|  |TAMS 0x000000008d300000, 0x000000008d300000| Untracked 
| 212|0x000000008d400000, 0x000000008d500000, 0x000000008d500000|100%| S|CS|TAMS 0x000000008d400000, 0x000000008d400000| Complete 
| 213|0x000000008d500000, 0x000000008d600000, 0x000000008d600000|100%| S|CS|TAMS 0x000000008d500000, 0x000000008d500000| Complete 
| 214|0x000000008d600000, 0x000000008d700000, 0x000000008d700000|100%| S|CS|TAMS 0x000000008d600000, 0x000000008d600000| Complete 
| 215|0x000000008d700000, 0x000000008d800000, 0x000000008d800000|100%| S|CS|TAMS 0x000000008d700000, 0x000000008d700000| Complete 
| 216|0x000000008d800000, 0x000000008d900000, 0x000000008d900000|100%| S|CS|TAMS 0x000000008d800000, 0x000000008d800000| Complete 
| 217|0x000000008d900000, 0x000000008da00000, 0x000000008da00000|100%| S|CS|TAMS 0x000000008d900000, 0x000000008d900000| Complete 
| 218|0x000000008da00000, 0x000000008db00000, 0x000000008db00000|100%| S|CS|TAMS 0x000000008da00000, 0x000000008da00000| Complete 
| 219|0x000000008db00000, 0x000000008dc00000, 0x000000008dc00000|100%| S|CS|TAMS 0x000000008db00000, 0x000000008db00000| Complete 
| 220|0x000000008dc00000, 0x000000008dd00000, 0x000000008dd00000|100%| S|CS|TAMS 0x000000008dc00000, 0x000000008dc00000| Complete 
| 221|0x000000008dd00000, 0x000000008de00000, 0x000000008de00000|100%| S|CS|TAMS 0x000000008dd00000, 0x000000008dd00000| Complete 
| 222|0x000000008de00000, 0x000000008de00000, 0x000000008df00000|  0%| F|  |TAMS 0x000000008de00000, 0x000000008de00000| Untracked 
| 223|0x000000008df00000, 0x000000008df00000, 0x000000008e000000|  0%| F|  |TAMS 0x000000008df00000, 0x000000008df00000| Untracked 
| 224|0x000000008e000000, 0x000000008e000000, 0x000000008e100000|  0%| F|  |TAMS 0x000000008e000000, 0x000000008e000000| Untracked 
| 225|0x000000008e100000, 0x000000008e100000, 0x000000008e200000|  0%| F|  |TAMS 0x000000008e100000, 0x000000008e100000| Untracked 
| 226|0x000000008e200000, 0x000000008e200000, 0x000000008e300000|  0%| F|  |TAMS 0x000000008e200000, 0x000000008e200000| Untracked 
| 227|0x000000008e300000, 0x000000008e300000, 0x000000008e400000|  0%| F|  |TAMS 0x000000008e300000, 0x000000008e300000| Untracked 
| 228|0x000000008e400000, 0x000000008e400000, 0x000000008e500000|  0%| F|  |TAMS 0x000000008e400000, 0x000000008e400000| Untracked 
| 229|0x000000008e500000, 0x000000008e500000, 0x000000008e600000|  0%| F|  |TAMS 0x000000008e500000, 0x000000008e500000| Untracked 
| 230|0x000000008e600000, 0x000000008e600000, 0x000000008e700000|  0%| F|  |TAMS 0x000000008e600000, 0x000000008e600000| Untracked 
| 231|0x000000008e700000, 0x000000008e700000, 0x000000008e800000|  0%| F|  |TAMS 0x000000008e700000, 0x000000008e700000| Untracked 
| 232|0x000000008e800000, 0x000000008e800000, 0x000000008e900000|  0%| F|  |TAMS 0x000000008e800000, 0x000000008e800000| Untracked 
| 233|0x000000008e900000, 0x000000008e900000, 0x000000008ea00000|  0%| F|  |TAMS 0x000000008e900000, 0x000000008e900000| Untracked 
| 234|0x000000008ea00000, 0x000000008ea00000, 0x000000008eb00000|  0%| F|  |TAMS 0x000000008ea00000, 0x000000008ea00000| Untracked 
| 235|0x000000008eb00000, 0x000000008eb00000, 0x000000008ec00000|  0%| F|  |TAMS 0x000000008eb00000, 0x000000008eb00000| Untracked 
| 236|0x000000008ec00000, 0x000000008ec00000, 0x000000008ed00000|  0%| F|  |TAMS 0x000000008ec00000, 0x000000008ec00000| Untracked 
| 237|0x000000008ed00000, 0x000000008ed00000, 0x000000008ee00000|  0%| F|  |TAMS 0x000000008ed00000, 0x000000008ed00000| Untracked 
| 238|0x000000008ee00000, 0x000000008ee00000, 0x000000008ef00000|  0%| F|  |TAMS 0x000000008ee00000, 0x000000008ee00000| Untracked 
| 239|0x000000008ef00000, 0x000000008ef00000, 0x000000008f000000|  0%| F|  |TAMS 0x000000008ef00000, 0x000000008ef00000| Untracked 
| 240|0x000000008f000000, 0x000000008f000000, 0x000000008f100000|  0%| F|  |TAMS 0x000000008f000000, 0x000000008f000000| Untracked 
| 241|0x000000008f100000, 0x000000008f100000, 0x000000008f200000|  0%| F|  |TAMS 0x000000008f100000, 0x000000008f100000| Untracked 
| 242|0x000000008f200000, 0x000000008f200000, 0x000000008f300000|  0%| F|  |TAMS 0x000000008f200000, 0x000000008f200000| Untracked 
| 243|0x000000008f300000, 0x000000008f300000, 0x000000008f400000|  0%| F|  |TAMS 0x000000008f300000, 0x000000008f300000| Untracked 
| 244|0x000000008f400000, 0x000000008f400000, 0x000000008f500000|  0%| F|  |TAMS 0x000000008f400000, 0x000000008f400000| Untracked 
| 245|0x000000008f500000, 0x000000008f500000, 0x000000008f600000|  0%| F|  |TAMS 0x000000008f500000, 0x000000008f500000| Untracked 
| 246|0x000000008f600000, 0x000000008f600000, 0x000000008f700000|  0%| F|  |TAMS 0x000000008f600000, 0x000000008f600000| Untracked 
| 247|0x000000008f700000, 0x000000008f700000, 0x000000008f800000|  0%| F|  |TAMS 0x000000008f700000, 0x000000008f700000| Untracked 
| 248|0x000000008f800000, 0x000000008f800000, 0x000000008f900000|  0%| F|  |TAMS 0x000000008f800000, 0x000000008f800000| Untracked 
| 249|0x000000008f900000, 0x000000008f900000, 0x000000008fa00000|  0%| F|  |TAMS 0x000000008f900000, 0x000000008f900000| Untracked 
| 250|0x000000008fa00000, 0x000000008fa00000, 0x000000008fb00000|  0%| F|  |TAMS 0x000000008fa00000, 0x000000008fa00000| Untracked 
| 251|0x000000008fb00000, 0x000000008fb00000, 0x000000008fc00000|  0%| F|  |TAMS 0x000000008fb00000, 0x000000008fb00000| Untracked 
| 252|0x000000008fc00000, 0x000000008fc00000, 0x000000008fd00000|  0%| F|  |TAMS 0x000000008fc00000, 0x000000008fc00000| Untracked 
| 253|0x000000008fd00000, 0x000000008fd00000, 0x000000008fe00000|  0%| F|  |TAMS 0x000000008fd00000, 0x000000008fd00000| Untracked 
| 254|0x000000008fe00000, 0x000000008fe00000, 0x000000008ff00000|  0%| F|  |TAMS 0x000000008fe00000, 0x000000008fe00000| Untracked 
| 255|0x000000008ff00000, 0x000000008ff00000, 0x0000000090000000|  0%| F|  |TAMS 0x000000008ff00000, 0x000000008ff00000| Untracked 
| 256|0x0000000090000000, 0x0000000090000000, 0x0000000090100000|  0%| F|  |TAMS 0x0000000090000000, 0x0000000090000000| Untracked 
| 257|0x0000000090100000, 0x0000000090100000, 0x0000000090200000|  0%| F|  |TAMS 0x0000000090100000, 0x0000000090100000| Untracked 
| 258|0x0000000090200000, 0x0000000090200000, 0x0000000090300000|  0%| F|  |TAMS 0x0000000090200000, 0x0000000090200000| Untracked 
| 259|0x0000000090300000, 0x0000000090300000, 0x0000000090400000|  0%| F|  |TAMS 0x0000000090300000, 0x0000000090300000| Untracked 
| 260|0x0000000090400000, 0x0000000090400000, 0x0000000090500000|  0%| F|  |TAMS 0x0000000090400000, 0x0000000090400000| Untracked 
| 261|0x0000000090500000, 0x0000000090500000, 0x0000000090600000|  0%| F|  |TAMS 0x0000000090500000, 0x0000000090500000| Untracked 
| 262|0x0000000090600000, 0x0000000090600000, 0x0000000090700000|  0%| F|  |TAMS 0x0000000090600000, 0x0000000090600000| Untracked 
| 263|0x0000000090700000, 0x0000000090700000, 0x0000000090800000|  0%| F|  |TAMS 0x0000000090700000, 0x0000000090700000| Untracked 
| 264|0x0000000090800000, 0x0000000090800000, 0x0000000090900000|  0%| F|  |TAMS 0x0000000090800000, 0x0000000090800000| Untracked 
| 265|0x0000000090900000, 0x0000000090900000, 0x0000000090a00000|  0%| F|  |TAMS 0x0000000090900000, 0x0000000090900000| Untracked 
| 266|0x0000000090a00000, 0x0000000090a00000, 0x0000000090b00000|  0%| F|  |TAMS 0x0000000090a00000, 0x0000000090a00000| Untracked 
| 267|0x0000000090b00000, 0x0000000090b00000, 0x0000000090c00000|  0%| F|  |TAMS 0x0000000090b00000, 0x0000000090b00000| Untracked 
| 268|0x0000000090c00000, 0x0000000090c00000, 0x0000000090d00000|  0%| F|  |TAMS 0x0000000090c00000, 0x0000000090c00000| Untracked 
| 269|0x0000000090d00000, 0x0000000090d00000, 0x0000000090e00000|  0%| F|  |TAMS 0x0000000090d00000, 0x0000000090d00000| Untracked 
| 270|0x0000000090e00000, 0x0000000090e00000, 0x0000000090f00000|  0%| F|  |TAMS 0x0000000090e00000, 0x0000000090e00000| Untracked 
| 271|0x0000000090f00000, 0x0000000090f00000, 0x0000000091000000|  0%| F|  |TAMS 0x0000000090f00000, 0x0000000090f00000| Untracked 
| 272|0x0000000091000000, 0x0000000091000000, 0x0000000091100000|  0%| F|  |TAMS 0x0000000091000000, 0x0000000091000000| Untracked 
| 273|0x0000000091100000, 0x0000000091100000, 0x0000000091200000|  0%| F|  |TAMS 0x0000000091100000, 0x0000000091100000| Untracked 
| 274|0x0000000091200000, 0x0000000091200000, 0x0000000091300000|  0%| F|  |TAMS 0x0000000091200000, 0x0000000091200000| Untracked 
| 275|0x0000000091300000, 0x0000000091300000, 0x0000000091400000|  0%| F|  |TAMS 0x0000000091300000, 0x0000000091300000| Untracked 
| 276|0x0000000091400000, 0x0000000091400000, 0x0000000091500000|  0%| F|  |TAMS 0x0000000091400000, 0x0000000091400000| Untracked 
| 277|0x0000000091500000, 0x0000000091500000, 0x0000000091600000|  0%| F|  |TAMS 0x0000000091500000, 0x0000000091500000| Untracked 
| 278|0x0000000091600000, 0x0000000091600000, 0x0000000091700000|  0%| F|  |TAMS 0x0000000091600000, 0x0000000091600000| Untracked 
| 279|0x0000000091700000, 0x0000000091700000, 0x0000000091800000|  0%| F|  |TAMS 0x0000000091700000, 0x0000000091700000| Untracked 
| 280|0x0000000091800000, 0x0000000091800000, 0x0000000091900000|  0%| F|  |TAMS 0x0000000091800000, 0x0000000091800000| Untracked 
| 281|0x0000000091900000, 0x0000000091900000, 0x0000000091a00000|  0%| F|  |TAMS 0x0000000091900000, 0x0000000091900000| Untracked 
| 282|0x0000000091a00000, 0x0000000091a00000, 0x0000000091b00000|  0%| F|  |TAMS 0x0000000091a00000, 0x0000000091a00000| Untracked 
| 283|0x0000000091b00000, 0x0000000091b00000, 0x0000000091c00000|  0%| F|  |TAMS 0x0000000091b00000, 0x0000000091b00000| Untracked 
| 284|0x0000000091c00000, 0x0000000091c00000, 0x0000000091d00000|  0%| F|  |TAMS 0x0000000091c00000, 0x0000000091c00000| Untracked 
| 285|0x0000000091d00000, 0x0000000091d00000, 0x0000000091e00000|  0%| F|  |TAMS 0x0000000091d00000, 0x0000000091d00000| Untracked 
| 286|0x0000000091e00000, 0x0000000091e00000, 0x0000000091f00000|  0%| F|  |TAMS 0x0000000091e00000, 0x0000000091e00000| Untracked 
| 287|0x0000000091f00000, 0x0000000091f00000, 0x0000000092000000|  0%| F|  |TAMS 0x0000000091f00000, 0x0000000091f00000| Untracked 
| 288|0x0000000092000000, 0x0000000092000000, 0x0000000092100000|  0%| F|  |TAMS 0x0000000092000000, 0x0000000092000000| Untracked 
| 289|0x0000000092100000, 0x0000000092100000, 0x0000000092200000|  0%| F|  |TAMS 0x0000000092100000, 0x0000000092100000| Untracked 
| 290|0x0000000092200000, 0x0000000092200000, 0x0000000092300000|  0%| F|  |TAMS 0x0000000092200000, 0x0000000092200000| Untracked 
| 291|0x0000000092300000, 0x0000000092300000, 0x0000000092400000|  0%| F|  |TAMS 0x0000000092300000, 0x0000000092300000| Untracked 
| 292|0x0000000092400000, 0x0000000092400000, 0x0000000092500000|  0%| F|  |TAMS 0x0000000092400000, 0x0000000092400000| Untracked 
| 293|0x0000000092500000, 0x0000000092500000, 0x0000000092600000|  0%| F|  |TAMS 0x0000000092500000, 0x0000000092500000| Untracked 
| 294|0x0000000092600000, 0x0000000092600000, 0x0000000092700000|  0%| F|  |TAMS 0x0000000092600000, 0x0000000092600000| Untracked 
| 295|0x0000000092700000, 0x0000000092700000, 0x0000000092800000|  0%| F|  |TAMS 0x0000000092700000, 0x0000000092700000| Untracked 
| 296|0x0000000092800000, 0x0000000092800000, 0x0000000092900000|  0%| F|  |TAMS 0x0000000092800000, 0x0000000092800000| Untracked 
| 297|0x0000000092900000, 0x0000000092900000, 0x0000000092a00000|  0%| F|  |TAMS 0x0000000092900000, 0x0000000092900000| Untracked 
| 298|0x0000000092a00000, 0x0000000092a00000, 0x0000000092b00000|  0%| F|  |TAMS 0x0000000092a00000, 0x0000000092a00000| Untracked 
| 299|0x0000000092b00000, 0x0000000092b00000, 0x0000000092c00000|  0%| F|  |TAMS 0x0000000092b00000, 0x0000000092b00000| Untracked 
| 300|0x0000000092c00000, 0x0000000092c00000, 0x0000000092d00000|  0%| F|  |TAMS 0x0000000092c00000, 0x0000000092c00000| Untracked 
| 301|0x0000000092d00000, 0x0000000092d00000, 0x0000000092e00000|  0%| F|  |TAMS 0x0000000092d00000, 0x0000000092d00000| Untracked 
| 302|0x0000000092e00000, 0x0000000092e00000, 0x0000000092f00000|  0%| F|  |TAMS 0x0000000092e00000, 0x0000000092e00000| Untracked 
| 303|0x0000000092f00000, 0x0000000092f00000, 0x0000000093000000|  0%| F|  |TAMS 0x0000000092f00000, 0x0000000092f00000| Untracked 
| 304|0x0000000093000000, 0x0000000093000000, 0x0000000093100000|  0%| F|  |TAMS 0x0000000093000000, 0x0000000093000000| Untracked 
| 305|0x0000000093100000, 0x0000000093100000, 0x0000000093200000|  0%| F|  |TAMS 0x0000000093100000, 0x0000000093100000| Untracked 
| 306|0x0000000093200000, 0x0000000093200000, 0x0000000093300000|  0%| F|  |TAMS 0x0000000093200000, 0x0000000093200000| Untracked 
| 307|0x0000000093300000, 0x0000000093300000, 0x0000000093400000|  0%| F|  |TAMS 0x0000000093300000, 0x0000000093300000| Untracked 
| 308|0x0000000093400000, 0x0000000093400000, 0x0000000093500000|  0%| F|  |TAMS 0x0000000093400000, 0x0000000093400000| Untracked 
| 309|0x0000000093500000, 0x0000000093500000, 0x0000000093600000|  0%| F|  |TAMS 0x0000000093500000, 0x0000000093500000| Untracked 

Card table byte_map: [0x000001e7d9790000,0x000001e7d9b90000] _byte_map_base: 0x000001e7d9390000

Marking Bits (Prev, Next): (CMBitMap*) 0x000001e7c4aca678, (CMBitMap*) 0x000001e7c4aca6b0
 Prev Bits: [0x000001e7d9f90000, 0x000001e7dbf90000)
 Next Bits: [0x000001e7dbf90000, 0x000001e7ddf90000)

Polling page: 0x000001e7c48f0000

Metaspace:

Usage:
  Non-class:     95.31 MB capacity,    93.23 MB ( 98%) used,     1.66 MB (  2%) free+waste,   424.69 KB ( <1%) overhead. 
      Class:     15.13 MB capacity,    13.82 MB ( 91%) used,     1.12 MB (  7%) free+waste,   188.94 KB (  1%) overhead. 
       Both:    110.43 MB capacity,   107.06 MB ( 97%) used,     2.78 MB (  3%) free+waste,   613.62 KB ( <1%) overhead. 

Virtual space:
  Non-class space:       96.00 MB reserved,      95.88 MB (>99%) committed 
      Class space:        1.00 GB reserved,      15.52 MB (  2%) committed 
             Both:        1.09 GB reserved,     111.40 MB ( 10%) committed 

Chunk freelists:
   Non-Class:  392.00 KB
       Class:  287.00 KB
        Both:  679.00 KB

MaxMetaspaceSize: 17179869184.00 GB
CompressedClassSpaceSize: 1.00 GB
Initial GC threshold: 20.80 MB
Current GC threshold: 184.21 MB
CDS: off

CodeHeap 'non-profiled nmethods': size=120064Kb used=10035Kb max_used=10035Kb free=110028Kb
 bounds [0x000001e7d1830000, 0x000001e7d2200000, 0x000001e7d8d70000]
CodeHeap 'profiled nmethods': size=120000Kb used=39675Kb max_used=39675Kb free=80324Kb
 bounds [0x000001e7ca300000, 0x000001e7cc9c0000, 0x000001e7d1830000]
CodeHeap 'non-nmethods': size=5696Kb used=2438Kb max_used=2509Kb free=3257Kb
 bounds [0x000001e7c9d70000, 0x000001e7c9ff0000, 0x000001e7ca300000]
 total_blobs=18397 nmethods=17442 adapters=865
 compilation: enabled
              stopped_count=0, restarted_count=0
 full_count=0

Compilation events (20 events):
Event: 26.920 Thread 0x000001e7e0603000 17668       2       com.android.tools.r8.internal.bH::c (40 bytes)
Event: 26.920 Thread 0x000001e7e0603000 nmethod 17668 0x000001e7cc9b9190 code [0x000001e7cc9b9360, 0x000001e7cc9b9578]
Event: 26.947 Thread 0x000001e7e0603000 17670       2       com.android.tools.r8.references.ArrayReference::<init> (41 bytes)
Event: 26.948 Thread 0x000001e7e0603000 nmethod 17670 0x000001e7cc9b9690 code [0x000001e7cc9b9840, 0x000001e7cc9b99d8]
Event: 26.998 Thread 0x000001e7e0603000 17673       2       com.android.tools.r8.internal.TL::values (26 bytes)
Event: 26.998 Thread 0x000001e7e0603000 nmethod 17673 0x000001e7cc9b9a90 code [0x000001e7cc9b9c40, 0x000001e7cc9b9e58]
Event: 27.000 Thread 0x000001e7e0603000 17674       2       com.android.tools.r8.internal.n1::iterator (5 bytes)
Event: 27.000 Thread 0x000001e7e0603000 nmethod 17674 0x000001e7cc9b9f10 code [0x000001e7cc9ba0c0, 0x000001e7cc9ba1e8]
Event: 27.000 Thread 0x000001e7e0603000 17675       2       com.android.tools.r8.internal.LL::iterator (12 bytes)
Event: 27.001 Thread 0x000001e7e0603000 nmethod 17675 0x000001e7cc9ba290 code [0x000001e7cc9ba440, 0x000001e7cc9ba628]
Event: 27.025 Thread 0x000001e7e0603000 17676       2       com.android.tools.r8.internal.No::a (79 bytes)
Event: 27.026 Thread 0x000001e7e0603000 nmethod 17676 0x000001e7cc9ba710 code [0x000001e7cc9ba920, 0x000001e7cc9bac28]
Event: 27.046 Thread 0x000001e7e0603000 17678       3       com.android.tools.r8.internal.Np::equals (164 bytes)
Event: 27.047 Thread 0x000001e7e0603000 nmethod 17678 0x000001e7cc9bae90 code [0x000001e7cc9bb1a0, 0x000001e7cc9bc648]
Event: 27.049 Thread 0x000001e7e0603000 17679       2       java.util.regex.Pattern::atom (422 bytes)
Event: 27.051 Thread 0x000001e7e0603000 nmethod 17679 0x000001e7cc9bca10 code [0x000001e7cc9bcce0, 0x000001e7cc9bdcf8]
Event: 27.055 Thread 0x000001e7e0603000 17680       2       com.android.tools.r8.internal.d50::r2 (12 bytes)
Event: 27.055 Thread 0x000001e7e0603000 nmethod 17680 0x000001e7cc9be310 code [0x000001e7cc9be4e0, 0x000001e7cc9be6a8]
Event: 27.085 Thread 0x000001e7e0603000 17681       2       com.android.tools.r8.internal.Bx::a (10 bytes)
Event: 27.086 Thread 0x000001e7e0603000 nmethod 17681 0x000001e7cc9be810 code [0x000001e7cc9be9e0, 0x000001e7cc9bec68]

GC Heap History (20 events):
Event: 21.692 GC heap after
{Heap after GC invocations=30 (full 0):
 garbage-first heap   total 264192K, used 130031K [0x0000000080000000, 0x0000000100000000)
  region size 1024K, 5 young (5120K), 5 survivors (5120K)
 Metaspace       used 109075K, capacity 112692K, committed 112924K, reserved 1146880K
  class space    used 14251K, capacity 15679K, committed 15768K, reserved 1048576K
}
Event: 22.142 GC heap before
{Heap before GC invocations=30 (full 0):
 garbage-first heap   total 264192K, used 215023K [0x0000000080000000, 0x0000000100000000)
  region size 1024K, 88 young (90112K), 5 survivors (5120K)
 Metaspace       used 109401K, capacity 113050K, committed 113180K, reserved 1146880K
  class space    used 14284K, capacity 15739K, committed 15768K, reserved 1048576K
}
Event: 22.167 GC heap after
{Heap after GC invocations=31 (full 0):
 garbage-first heap   total 264192K, used 130031K [0x0000000080000000, 0x0000000100000000)
  region size 1024K, 5 young (5120K), 5 survivors (5120K)
 Metaspace       used 109401K, capacity 113050K, committed 113180K, reserved 1146880K
  class space    used 14284K, capacity 15739K, committed 15768K, reserved 1048576K
}
Event: 23.010 GC heap before
{Heap before GC invocations=32 (full 0):
 garbage-first heap   total 264192K, used 217071K [0x0000000080000000, 0x0000000100000000)
  region size 1024K, 90 young (92160K), 5 survivors (5120K)
 Metaspace       used 108952K, capacity 112271K, committed 113180K, reserved 1146880K
  class space    used 14121K, capacity 15418K, committed 15768K, reserved 1048576K
}
Event: 23.022 GC heap after
{Heap after GC invocations=33 (full 0):
 garbage-first heap   total 317440K, used 130526K [0x0000000080000000, 0x0000000100000000)
  region size 1024K, 6 young (6144K), 6 survivors (6144K)
 Metaspace       used 108952K, capacity 112271K, committed 113180K, reserved 1146880K
  class space    used 14121K, capacity 15418K, committed 15768K, reserved 1048576K
}
Event: 23.060 GC heap before
{Heap before GC invocations=33 (full 0):
 garbage-first heap   total 317440K, used 139742K [0x0000000080000000, 0x0000000100000000)
  region size 1024K, 15 young (15360K), 6 survivors (6144K)
 Metaspace       used 108966K, capacity 112271K, committed 113180K, reserved 1146880K
  class space    used 14121K, capacity 15418K, committed 15768K, reserved 1048576K
}
Event: 23.067 GC heap after
{Heap after GC invocations=34 (full 0):
 garbage-first heap   total 317440K, used 129490K [0x0000000080000000, 0x0000000100000000)
  region size 1024K, 2 young (2048K), 2 survivors (2048K)
 Metaspace       used 108966K, capacity 112271K, committed 113180K, reserved 1146880K
  class space    used 14121K, capacity 15418K, committed 15768K, reserved 1048576K
}
Event: 23.837 GC heap before
{Heap before GC invocations=34 (full 0):
 garbage-first heap   total 317440K, used 240082K [0x0000000080000000, 0x0000000100000000)
  region size 1024K, 110 young (112640K), 2 survivors (2048K)
 Metaspace       used 109004K, capacity 112277K, committed 113180K, reserved 1146880K
  class space    used 14122K, capacity 15420K, committed 15768K, reserved 1048576K
}
Event: 23.853 GC heap after
{Heap after GC invocations=35 (full 0):
 garbage-first heap   total 317440K, used 129689K [0x0000000080000000, 0x0000000100000000)
  region size 1024K, 2 young (2048K), 2 survivors (2048K)
 Metaspace       used 109004K, capacity 112277K, committed 113180K, reserved 1146880K
  class space    used 14122K, capacity 15420K, committed 15768K, reserved 1048576K
}
Event: 24.649 GC heap before
{Heap before GC invocations=35 (full 0):
 garbage-first heap   total 317440K, used 251545K [0x0000000080000000, 0x0000000100000000)
  region size 1024K, 122 young (124928K), 2 survivors (2048K)
 Metaspace       used 109134K, capacity 112492K, committed 113564K, reserved 1146880K
  class space    used 14143K, capacity 15468K, committed 15896K, reserved 1048576K
}
Event: 24.662 GC heap after
{Heap after GC invocations=36 (full 0):
 garbage-first heap   total 317440K, used 130426K [0x0000000080000000, 0x0000000100000000)
  region size 1024K, 3 young (3072K), 3 survivors (3072K)
 Metaspace       used 109134K, capacity 112492K, committed 113564K, reserved 1146880K
  class space    used 14143K, capacity 15468K, committed 15896K, reserved 1048576K
}
Event: 25.329 GC heap before
{Heap before GC invocations=36 (full 0):
 garbage-first heap   total 317440K, used 257402K [0x0000000080000000, 0x0000000100000000)
  region size 1024K, 127 young (130048K), 3 survivors (3072K)
 Metaspace       used 109500K, capacity 112996K, committed 113820K, reserved 1146880K
  class space    used 14154K, capacity 15487K, committed 15896K, reserved 1048576K
}
Event: 25.337 GC heap after
{Heap after GC invocations=37 (full 0):
 garbage-first heap   total 317440K, used 133563K [0x0000000080000000, 0x0000000100000000)
  region size 1024K, 6 young (6144K), 6 survivors (6144K)
 Metaspace       used 109500K, capacity 112996K, committed 113820K, reserved 1146880K
  class space    used 14154K, capacity 15487K, committed 15896K, reserved 1048576K
}
Event: 25.926 GC heap before
{Heap before GC invocations=37 (full 0):
 garbage-first heap   total 317440K, used 263611K [0x0000000080000000, 0x0000000100000000)
  region size 1024K, 133 young (136192K), 6 survivors (6144K)
 Metaspace       used 109593K, capacity 113079K, committed 114076K, reserved 1146880K
  class space    used 14155K, capacity 15488K, committed 15896K, reserved 1048576K
}
Event: 25.963 GC heap after
{Heap after GC invocations=38 (full 0):
 garbage-first heap   total 317440K, used 146872K [0x0000000080000000, 0x0000000100000000)
  region size 1024K, 17 young (17408K), 17 survivors (17408K)
 Metaspace       used 109593K, capacity 113079K, committed 114076K, reserved 1146880K
  class space    used 14155K, capacity 15488K, committed 15896K, reserved 1048576K
}
Event: 26.419 GC heap before
{Heap before GC invocations=38 (full 0):
 garbage-first heap   total 317440K, used 261560K [0x0000000080000000, 0x0000000100000000)
  region size 1024K, 129 young (132096K), 17 survivors (17408K)
 Metaspace       used 109612K, capacity 113081K, committed 114076K, reserved 1146880K
  class space    used 14155K, capacity 15488K, committed 15896K, reserved 1048576K
}
Event: 26.443 GC heap after
{Heap after GC invocations=39 (full 0):
 garbage-first heap   total 317440K, used 155397K [0x0000000080000000, 0x0000000100000000)
  region size 1024K, 14 young (14336K), 14 survivors (14336K)
 Metaspace       used 109612K, capacity 113081K, committed 114076K, reserved 1146880K
  class space    used 14155K, capacity 15488K, committed 15896K, reserved 1048576K
}
Event: 26.821 GC heap before
{Heap before GC invocations=39 (full 0):
 garbage-first heap   total 317440K, used 257797K [0x0000000080000000, 0x0000000100000000)
  region size 1024K, 115 young (117760K), 14 survivors (14336K)
 Metaspace       used 109618K, capacity 113082K, committed 114076K, reserved 1146880K
  class space    used 14155K, capacity 15488K, committed 15896K, reserved 1048576K
}
Event: 26.851 GC heap after
{Heap after GC invocations=40 (full 0):
 garbage-first heap   total 317440K, used 168875K [0x0000000080000000, 0x0000000100000000)
  region size 1024K, 14 young (14336K), 14 survivors (14336K)
 Metaspace       used 109618K, capacity 113082K, committed 114076K, reserved 1146880K
  class space    used 14155K, capacity 15488K, committed 15896K, reserved 1048576K
}
Event: 27.091 GC heap before
{Heap before GC invocations=40 (full 0):
 garbage-first heap   total 317440K, used 258987K [0x0000000080000000, 0x0000000100000000)
  region size 1024K, 102 young (104448K), 14 survivors (14336K)
 Metaspace       used 109626K, capacity 113085K, committed 114076K, reserved 1146880K
  class space    used 14156K, capacity 15489K, committed 15896K, reserved 1048576K
}

Deoptimization events (20 events):
Event: 27.008 Thread 0x000001e7e4812800 DEOPT PACKING pc=0x000001e7cbc795b4 sp=0x000000a2570f6430
Event: 27.008 Thread 0x000001e7e4812800 DEOPT UNPACKING pc=0x000001e7c9db9d0e sp=0x000000a2570f5bb0 mode 0
Event: 27.014 Thread 0x000001e7e4812800 DEOPT PACKING pc=0x000001e7cbbff413 sp=0x000000a2570f6d10
Event: 27.014 Thread 0x000001e7e4812800 DEOPT UNPACKING pc=0x000001e7c9db9d0e sp=0x000000a2570f6240 mode 0
Event: 27.036 Thread 0x000001e7e4804800 DEOPT PACKING pc=0x000001e7cbc795b4 sp=0x000000a2561f9aa0
Event: 27.036 Thread 0x000001e7e4804800 DEOPT UNPACKING pc=0x000001e7c9db9d0e sp=0x000000a2561f9220 mode 0
Event: 27.038 Thread 0x000001e7e4804800 DEOPT PACKING pc=0x000001e7cbbff413 sp=0x000000a2561fa380
Event: 27.038 Thread 0x000001e7e4804800 DEOPT UNPACKING pc=0x000001e7c9db9d0e sp=0x000000a2561f98b0 mode 0
Event: 27.045 Thread 0x000001e7e4804800 DEOPT PACKING pc=0x000001e7cbc79593 sp=0x000000a2561f9aa0
Event: 27.046 Thread 0x000001e7e4804800 DEOPT UNPACKING pc=0x000001e7c9db9d0e sp=0x000000a2561f9220 mode 0
Event: 27.052 Thread 0x000001e7e4804800 DEOPT PACKING pc=0x000001e7cbc795d5 sp=0x000000a2561f9aa0
Event: 27.052 Thread 0x000001e7e4804800 DEOPT UNPACKING pc=0x000001e7c9db9d0e sp=0x000000a2561f9220 mode 0
Event: 27.061 Thread 0x000001e7e4804800 DEOPT PACKING pc=0x000001e7cbbff413 sp=0x000000a2561fa380
Event: 27.061 Thread 0x000001e7e4804800 DEOPT UNPACKING pc=0x000001e7c9db9d0e sp=0x000000a2561f98b0 mode 0
Event: 27.077 Thread 0x000001e7e4812800 DEOPT PACKING pc=0x000001e7cbc795b4 sp=0x000000a2570f6400
Event: 27.077 Thread 0x000001e7e4812800 DEOPT UNPACKING pc=0x000001e7c9db9d0e sp=0x000000a2570f5b80 mode 0
Event: 27.081 Thread 0x000001e7e4812800 DEOPT PACKING pc=0x000001e7cbbff413 sp=0x000000a2570f6ce0
Event: 27.081 Thread 0x000001e7e4812800 DEOPT UNPACKING pc=0x000001e7c9db9d0e sp=0x000000a2570f6210 mode 0
Event: 27.090 Thread 0x000001e7e4812800 DEOPT PACKING pc=0x000001e7cbc795d5 sp=0x000000a2570f6400
Event: 27.090 Thread 0x000001e7e4812800 DEOPT UNPACKING pc=0x000001e7c9db9d0e sp=0x000000a2570f5b80 mode 0

Classes redefined (0 events):
No events

Internal exceptions (20 events):
Event: 19.556 Thread 0x000001e7e1e4e800 Exception <a 'java/lang/NoSuchMethodError'{0x000000008d17a4a0}: 'void java.lang.invoke.DirectMethodHandle$Holder.invokeStatic(java.lang.Object, java.lang.Object, java.lang.Object, java.lang.Object, java.lang.Object, java.lang.Object, java.lang.Object, java.lang.Object)'> (0x000000008d17a4a0) thrown at [src/hotspot/share/interpreter/linkResolver.cpp, line 773]
Event: 19.571 Thread 0x000001e7e1e4e800 Implicit null exception at 0x000001e7d20323ef to 0x000001e7d20324f4
Event: 20.072 Thread 0x000001e7e4812800 Exception <a 'java/lang/IncompatibleClassChangeError'{0x000000008b29d218}: Found class java.lang.Object, but interface was expected> (0x000000008b29d218) thrown at [src/hotspot/share/interpreter/linkResolver.cpp, line 839]
Event: 20.198 Thread 0x000001e7e4812800 Exception <a 'java/lang/NoSuchMethodError'{0x000000009002eae8}: 'void java.lang.invoke.DirectMethodHandle$Holder.invokeSpecial(java.lang.Object, java.lang.Object, int)'> (0x000000009002eae8) thrown at [src/hotspot/share/interpreter/linkResolver.cpp, line 773]
Event: 20.232 Thread 0x000001e7e4812800 Exception <a 'sun/nio/fs/WindowsException'{0x000000008ffc8ff8}> (0x000000008ffc8ff8) thrown at [src/hotspot/share/prims/jni.cpp, line 617]
Event: 20.232 Thread 0x000001e7e1e4e800 Exception <a 'sun/nio/fs/WindowsException'{0x000000008fff4f58}> (0x000000008fff4f58) thrown at [src/hotspot/share/prims/jni.cpp, line 617]
Event: 20.451 Thread 0x000001e7e1e4e800 Exception <a 'sun/nio/fs/WindowsException'{0x000000008ddc9fd0}> (0x000000008ddc9fd0) thrown at [src/hotspot/share/prims/jni.cpp, line 617]
Event: 20.708 Thread 0x000001e7e4812800 Exception <a 'sun/nio/fs/WindowsException'{0x000000008bff3018}> (0x000000008bff3018) thrown at [src/hotspot/share/prims/jni.cpp, line 617]
Event: 21.417 Thread 0x000001e7e4812800 Exception <a 'java/lang/NoSuchMethodError'{0x000000008d1af0f8}: 'int java.lang.invoke.DirectMethodHandle$Holder.invokeInterface(java.lang.Object, java.lang.Object, int)'> (0x000000008d1af0f8) thrown at [src/hotspot/share/interpreter/linkResolver.cpp, line 773]
Event: 22.118 Thread 0x000001e7e4812800 Exception <a 'java/lang/NoSuchMethodError'{0x000000008b8af8f0}: 'void java.lang.invoke.DirectMethodHandle$Holder.invokeSpecialIFC(java.lang.Object, java.lang.Object, java.lang.Object, java.lang.Object)'> (0x000000008b8af8f0) thrown at [src/hotspot/share/interpreter/linkResolver.cpp, line 773]
Event: 25.090 Thread 0x000001e7e4812800 Exception <a 'sun/nio/fs/WindowsException'{0x000000008fac5838}> (0x000000008fac5838) thrown at [src/hotspot/share/prims/jni.cpp, line 617]
Event: 25.271 Thread 0x000001e7e4804800 Implicit null exception at 0x000001e7d1f9ebef to 0x000001e7d1f9ed28
Event: 25.473 Thread 0x000001e7e4804800 Exception <a 'sun/nio/fs/WindowsException'{0x0000000091a25568}> (0x0000000091a25568) thrown at [src/hotspot/share/prims/jni.cpp, line 617]
Event: 25.617 Thread 0x000001e7e4804800 Exception <a 'sun/nio/fs/WindowsException'{0x000000008ff4c468}> (0x000000008ff4c468) thrown at [src/hotspot/share/prims/jni.cpp, line 617]
Event: 25.635 Thread 0x000001e7e4804800 Exception <a 'sun/nio/fs/WindowsException'{0x000000008fb17358}> (0x000000008fb17358) thrown at [src/hotspot/share/prims/jni.cpp, line 617]
Event: 25.637 Thread 0x000001e7e4804800 Implicit null exception at 0x000001e7d20cdd20 to 0x000001e7d20ce494
Event: 25.712 Thread 0x000001e7e4812800 Exception <a 'sun/nio/fs/WindowsException'{0x000000008ea2e5e8}> (0x000000008ea2e5e8) thrown at [src/hotspot/share/prims/jni.cpp, line 617]
Event: 25.799 Thread 0x000001e7e4804800 Exception <a 'sun/nio/fs/WindowsException'{0x000000008fb5b660}> (0x000000008fb5b660) thrown at [src/hotspot/share/prims/jni.cpp, line 617]
Event: 25.805 Thread 0x000001e7e4804800 Exception <a 'sun/nio/fs/WindowsException'{0x000000008d6d11f8}> (0x000000008d6d11f8) thrown at [src/hotspot/share/prims/jni.cpp, line 617]
Event: 26.286 Thread 0x000001e7e4804800 Exception <a 'sun/nio/fs/WindowsException'{0x000000008dc963b8}> (0x000000008dc963b8) thrown at [src/hotspot/share/prims/jni.cpp, line 617]

Events (20 events):
Event: 25.277 loading class com/android/tools/r8/internal/ko done
Event: 25.284 Executing VM operation: ICBufferFull
Event: 25.285 Executing VM operation: ICBufferFull done
Event: 25.328 Executing VM operation: G1CollectForAllocation
Event: 25.337 Executing VM operation: G1CollectForAllocation done
Event: 25.621 loading class com/android/tools/r8/graph/x2
Event: 25.621 loading class com/android/tools/r8/graph/x2 done
Event: 25.730 loading class com/android/tools/r8/internal/q40
Event: 25.730 loading class com/android/tools/r8/internal/q40 done
Event: 25.926 Executing VM operation: G1CollectForAllocation
Event: 25.963 Executing VM operation: G1CollectForAllocation done
Event: 26.418 Executing VM operation: G1CollectForAllocation
Event: 26.443 Executing VM operation: G1CollectForAllocation done
Event: 26.820 Executing VM operation: G1CollectForAllocation
Event: 26.851 Executing VM operation: G1CollectForAllocation done
Event: 26.857 loading class com/android/tools/r8/dex/code/D0
Event: 26.857 loading class com/android/tools/r8/dex/code/D0 done
Event: 26.857 loading class com/android/tools/r8/dex/code/D0
Event: 26.857 loading class com/android/tools/r8/dex/code/D0 done
Event: 27.091 Executing VM operation: G1CollectForAllocation


Dynamic libraries:
0x00007ff62f520000 - 0x00007ff62f52a000 	C:\Program Files\Android\Android Studio\jbr\bin\java.exe
0x00007ffef7db0000 - 0x00007ffef7fa8000 	C:\WINDOWS\SYSTEM32\ntdll.dll
0x00007ffef70b0000 - 0x00007ffef716d000 	C:\WINDOWS\System32\KERNEL32.DLL
0x00007ffef58c0000 - 0x00007ffef5bb6000 	C:\WINDOWS\System32\KERNELBASE.dll
0x00007ffef5620000 - 0x00007ffef5720000 	C:\WINDOWS\System32\ucrtbase.dll
0x00007ffef06e0000 - 0x00007ffef06fb000 	C:\Program Files\Android\Android Studio\jbr\bin\VCRUNTIME140.dll
0x00007ffef06b0000 - 0x00007ffef06c7000 	C:\Program Files\Android\Android Studio\jbr\bin\jli.dll
0x00007ffef7510000 - 0x00007ffef76ae000 	C:\WINDOWS\System32\USER32.dll
0x00007ffef55f0000 - 0x00007ffef5612000 	C:\WINDOWS\System32\win32u.dll
0x00007ffef7900000 - 0x00007ffef792c000 	C:\WINDOWS\System32\GDI32.dll
0x00007ffee6950000 - 0x00007ffee6bea000 	C:\WINDOWS\WinSxS\amd64_microsoft.windows.common-controls_6595b64144ccf1df_6.0.19041.1110_none_60b5254171f9507e\COMCTL32.dll
0x00007ffef5cf0000 - 0x00007ffef5e0a000 	C:\WINDOWS\System32\gdi32full.dll
0x00007ffef5bc0000 - 0x00007ffef5c5d000 	C:\WINDOWS\System32\msvcp_win.dll
0x00007ffef7170000 - 0x00007ffef720e000 	C:\WINDOWS\System32\msvcrt.dll
0x00007ffef77f0000 - 0x00007ffef7820000 	C:\WINDOWS\System32\IMM32.DLL
0x00007ffef2870000 - 0x00007ffef287c000 	C:\Program Files\Android\Android Studio\jbr\bin\vcruntime140_1.dll
0x00007ffedb320000 - 0x00007ffedb3ad000 	C:\Program Files\Android\Android Studio\jbr\bin\msvcp140.dll
0x00007ffeb9740000 - 0x00007ffeba2fc000 	C:\Program Files\Android\Android Studio\jbr\bin\server\jvm.dll
0x00007ffef7740000 - 0x00007ffef77ee000 	C:\WINDOWS\System32\ADVAPI32.dll
0x00007ffef7470000 - 0x00007ffef750c000 	C:\WINDOWS\System32\sechost.dll
0x00007ffef6130000 - 0x00007ffef6256000 	C:\WINDOWS\System32\RPCRT4.dll
0x00007ffef63a0000 - 0x00007ffef63a8000 	C:\WINDOWS\System32\PSAPI.DLL
0x00007ffedbb80000 - 0x00007ffedbb89000 	C:\WINDOWS\SYSTEM32\WSOCK32.dll
0x00007ffef73a0000 - 0x00007ffef740b000 	C:\WINDOWS\System32\WS2_32.dll
0x00007ffee1b10000 - 0x00007ffee1b37000 	C:\WINDOWS\SYSTEM32\WINMM.dll
0x00007ffeee940000 - 0x00007ffeee94a000 	C:\WINDOWS\SYSTEM32\VERSION.dll
0x00007ffef3500000 - 0x00007ffef3512000 	C:\WINDOWS\SYSTEM32\kernel.appcore.dll
0x00007ffef0180000 - 0x00007ffef0190000 	C:\Program Files\Android\Android Studio\jbr\bin\verify.dll
0x00007ffef3090000 - 0x00007ffef3274000 	C:\WINDOWS\SYSTEM32\DBGHELP.DLL
0x00007ffeed940000 - 0x00007ffeed974000 	C:\WINDOWS\SYSTEM32\dbgcore.DLL
0x00007ffef5c60000 - 0x00007ffef5ce2000 	C:\WINDOWS\System32\bcryptPrimitives.dll
0x00007ffee22b0000 - 0x00007ffee22d8000 	C:\Program Files\Android\Android Studio\jbr\bin\java.dll
0x00007ffef0070000 - 0x00007ffef007a000 	C:\Program Files\Android\Android Studio\jbr\bin\jimage.dll
0x00007ffee2e20000 - 0x00007ffee2e38000 	C:\Program Files\Android\Android Studio\jbr\bin\zip.dll
0x00007ffef64d0000 - 0x00007ffef6c15000 	C:\WINDOWS\System32\SHELL32.dll
0x00007ffef3520000 - 0x00007ffef3cbb000 	C:\WINDOWS\SYSTEM32\windows.storage.dll
0x00007ffef7930000 - 0x00007ffef7c84000 	C:\WINDOWS\System32\combase.dll
0x00007ffef4ed0000 - 0x00007ffef4efe000 	C:\WINDOWS\SYSTEM32\Wldp.dll
0x00007ffef7270000 - 0x00007ffef731d000 	C:\WINDOWS\System32\SHCORE.dll
0x00007ffef7210000 - 0x00007ffef7265000 	C:\WINDOWS\System32\shlwapi.dll
0x00007ffef53c0000 - 0x00007ffef53e5000 	C:\WINDOWS\SYSTEM32\profapi.dll
0x00007ffee0c10000 - 0x00007ffee0c29000 	C:\Program Files\Android\Android Studio\jbr\bin\net.dll
0x00007ffee5d80000 - 0x00007ffee5e8a000 	C:\WINDOWS\SYSTEM32\WINHTTP.dll
0x00007ffef4c30000 - 0x00007ffef4c9a000 	C:\WINDOWS\system32\mswsock.dll
0x00007ffedb1a0000 - 0x00007ffedb1b3000 	C:\Program Files\Android\Android Studio\jbr\bin\nio.dll
0x00007ffee6200000 - 0x00007ffee6227000 	C:\Users\adlif\.gradle\native\e1d6ef7f7dcc3fd88c89a11ec53ec762bb8ba0a96d01ffa2cd45eb1d1d8dd5c5\windows-amd64\native-platform.dll
0x00007ffec6e60000 - 0x00007ffec6fa4000 	C:\Users\adlif\.gradle\native\0d407fdbe67a94daf76414ababcb853783967236a71b16ec16e742cd7a986fd3\windows-amd64\native-platform-file-events.dll
0x00007ffeef020000 - 0x00007ffeef02a000 	C:\Program Files\Android\Android Studio\jbr\bin\management.dll
0x00007ffeeedb0000 - 0x00007ffeeedbb000 	C:\Program Files\Android\Android Studio\jbr\bin\management_ext.dll
0x00007ffef4e20000 - 0x00007ffef4e38000 	C:\WINDOWS\SYSTEM32\CRYPTSP.dll
0x00007ffef44d0000 - 0x00007ffef4504000 	C:\WINDOWS\system32\rsaenh.dll
0x00007ffef5890000 - 0x00007ffef58b7000 	C:\WINDOWS\System32\bcrypt.dll
0x00007ffef5340000 - 0x00007ffef536e000 	C:\WINDOWS\SYSTEM32\USERENV.dll
0x00007ffef4e40000 - 0x00007ffef4e4c000 	C:\WINDOWS\SYSTEM32\CRYPTBASE.dll
0x00007ffef48d0000 - 0x00007ffef490b000 	C:\WINDOWS\SYSTEM32\IPHLPAPI.DLL
0x00007ffef6390000 - 0x00007ffef6398000 	C:\WINDOWS\System32\NSI.dll
0x00007ffeed600000 - 0x00007ffeed617000 	C:\WINDOWS\SYSTEM32\dhcpcsvc6.DLL
0x00007ffeecd00000 - 0x00007ffeecd1d000 	C:\WINDOWS\SYSTEM32\dhcpcsvc.DLL
0x00007ffef4920000 - 0x00007ffef49ea000 	C:\WINDOWS\SYSTEM32\DNSAPI.dll

dbghelp: loaded successfully - version: 4.0.5 - missing functions: none
symbol engine: initialized successfully - sym options: 0x614 - pdb path: .;C:\Program Files\Android\Android Studio\jbr\bin;C:\WINDOWS\SYSTEM32;C:\WINDOWS\WinSxS\amd64_microsoft.windows.common-controls_6595b64144ccf1df_6.0.19041.1110_none_60b5254171f9507e;C:\Program Files\Android\Android Studio\jbr\bin\server;C:\Users\adlif\.gradle\native\e1d6ef7f7dcc3fd88c89a11ec53ec762bb8ba0a96d01ffa2cd45eb1d1d8dd5c5\windows-amd64;C:\Users\adlif\.gradle\native\0d407fdbe67a94daf76414ababcb853783967236a71b16ec16e742cd7a986fd3\windows-amd64

VM Arguments:
jvm_args: --add-opens=java.base/java.util=ALL-UNNAMED --add-opens=java.base/java.lang=ALL-UNNAMED --add-opens=java.base/java.lang.invoke=ALL-UNNAMED --add-opens=java.base/java.util=ALL-UNNAMED --add-opens=java.prefs/java.util.prefs=ALL-UNNAMED --add-opens=java.prefs/java.util.prefs=ALL-UNNAMED --add-opens=java.base/java.nio.charset=ALL-UNNAMED --add-opens=java.base/java.net=ALL-UNNAMED --add-opens=java.base/java.util.concurrent.atomic=ALL-UNNAMED -Xmx2048m -Dfile.encoding=UTF-8 -Duser.country=US -Duser.language=en -Duser.variant 
java_command: org.gradle.launcher.daemon.bootstrap.GradleDaemon 7.5
java_class_path (initial): C:\Users\adlif\.gradle\wrapper\dists\gradle-7.5-bin\f1w0cc9nuo0eivz97x2xlu9sv\gradle-7.5\lib\gradle-launcher-7.5.jar
Launcher Type: SUN_STANDARD

[Global flags]
     intx CICompilerCount                          = 3                                         {product} {ergonomic}
     uint ConcGCThreads                            = 1                                         {product} {ergonomic}
     uint G1ConcRefinementThreads                  = 4                                         {product} {ergonomic}
   size_t G1HeapRegionSize                         = 1048576                                   {product} {ergonomic}
    uintx GCDrainStackTargetSize                   = 64                                        {product} {ergonomic}
   size_t InitialHeapSize                          = 130023424                                 {product} {ergonomic}
   size_t MarkStackSize                            = 4194304                                   {product} {ergonomic}
   size_t MaxHeapSize                              = 2147483648                                {product} {command line}
   size_t MaxNewSize                               = 1287651328                                {product} {ergonomic}
   size_t MinHeapDeltaBytes                        = 1048576                                   {product} {ergonomic}
    uintx NonNMethodCodeHeapSize                   = 5830732                                {pd product} {ergonomic}
    uintx NonProfiledCodeHeapSize                  = 122913754                              {pd product} {ergonomic}
    uintx ProfiledCodeHeapSize                     = 122913754                              {pd product} {ergonomic}
    uintx ReservedCodeCacheSize                    = 251658240                              {pd product} {ergonomic}
     bool SegmentedCodeCache                       = true                                      {product} {ergonomic}
     bool UseCompressedClassPointers               = true                                 {lp64_product} {ergonomic}
     bool UseCompressedOops                        = true                                 {lp64_product} {ergonomic}
     bool UseG1GC                                  = true                                      {product} {ergonomic}
     bool UseLargePagesIndividualAllocation        = false                                  {pd product} {ergonomic}

Logging:
Log output configuration:
 #0: stdout all=warning uptime,level,tags
 #1: stderr all=off uptime,level,tags

Environment Variables:
PATH=C:\Program Files\Common Files\Oracle\Java\javapath;C:\Program Files (x86)\Common Files\Intel\Shared Libraries\redist\intel64\compiler;C:\WINDOWS\system32;C:\WINDOWS;C:\WINDOWS\System32\Wbem;C:\WINDOWS\System32\WindowsPowerShell\v1.0\;C:\WINDOWS\System32\OpenSSH\;C:\Program Files\Git\cmd;C:\Program Files\nodejs\;C:\ProgramData\chocolatey\bin;C:\php-8.2.6;C:\Program Files\CMake\bin;C:\ProgramData\ComposerSetup\bin;C:\Users\adlif\AppData\Local\Programs\Python\Python310\Scripts\;C:\Users\adlif\AppData\Local\Programs\Python\Python310\;C:\Users\adlif\AppData\Local\Programs\Python\Python311\Scripts\;C:\Users\adlif\AppData\Local\Programs\Python\Python311\;C:\Users\adlif\AppData\Local\Microsoft\WindowsApps;D:\Visual Studio Code\Microsoft VS Code\bin;C:\ffmpeg\bin;C:\Users\adlif\AppData\Roaming\npm;C:\Program Files\heroku\bin;C:\Users\adlif\AppData\Roaming\Composer\vendor\bin
USERNAME=Kayoi
OS=Windows_NT
PROCESSOR_IDENTIFIER=Intel64 Family 6 Model 126 Stepping 5, GenuineIntel



---------------  S Y S T E M  ---------------

OS: Windows 10 , 64 bit Build 19041 (10.0.19041.3393)
OS uptime: 0 days 19:58 hours

CPU:total 4 (initial active 4) (2 cores per cpu, 2 threads per core) family 6 model 126 stepping 5 microcode 0x96, cmov, cx8, fxsr, mmx, sse, sse2, sse3, ssse3, sse4.1, sse4.2, popcnt, avx, avx2, aes, clmul, erms, 3dnowpref, lzcnt, ht, tsc, tscinvbit, bmi1, bmi2, adx, evex, sha, fma

Memory: 4k page, system-wide physical 7930M (364M free)
TotalPageFile size 7930M (AvailPageFile size 68M)
current process WorkingSet (physical memory assigned to process): 393M, peak: 577M
current process commit charge ("private bytes"): 787M, peak: 858M

vm_info: OpenJDK 64-Bit Server VM (11.0.15+0-b2043.56-9505619) for windows-amd64 JRE (11.0.15+0-b2043.56-9505619), built on Jan 19 2023 02:48:00 by "builduser" with unknown MS VC++:1929

END.
