#
# There is insufficient memory for the Java Runtime Environment to continue.
# Native memory allocation (malloc) failed to allocate 1080016 bytes for Chunk::new
# Possible reasons:
#   The system is out of physical RAM or swap space
#   The process is running with CompressedOops enabled, and the Java Heap may be blocking the growth of the native heap
# Possible solutions:
#   Reduce memory load on the system
#   Increase physical memory or swap space
#   Check if swap backing store is full
#   Decrease Java heap size (-Xmx/-Xms)
#   Decrease number of Java threads
#   Decrease Java thread stack sizes (-Xss)
#   Set larger code cache with -XX:ReservedCodeCacheSize=
#   JVM is running with Unscaled Compressed Oops mode in which the Java heap is
#     placed in the first 4GB address space. The Java Heap base address is the
#     maximum limit for the native heap growth. Please use -XX:HeapBaseMinAddress
#     to set the Java Heap base and to place the Java Heap above 4GB virtual address.
# This output file may be truncated or incomplete.
#
#  Out of Memory Error (src/hotspot/share/memory/arena.cpp:197), pid=6004, tid=7120
#
# JRE version: OpenJDK Runtime Environment (11.0.15) (build 11.0.15+0-b2043.56-9505619)
# Java VM: OpenJDK 64-Bit Server VM (11.0.15+0-b2043.56-9505619, mixed mode, tiered, compressed oops, g1 gc, windows-amd64)
# No core dump will be written. Minidumps are not enabled by default on client versions of Windows
#

---------------  S U M M A R Y ------------

Command Line: --add-opens=java.base/java.util=ALL-UNNAMED --add-opens=java.base/java.lang=ALL-UNNAMED --add-opens=java.base/java.lang.invoke=ALL-UNNAMED --add-opens=java.base/java.util=ALL-UNNAMED --add-opens=java.prefs/java.util.prefs=ALL-UNNAMED --add-opens=java.prefs/java.util.prefs=ALL-UNNAMED --add-opens=java.base/java.nio.charset=ALL-UNNAMED --add-opens=java.base/java.net=ALL-UNNAMED --add-opens=java.base/java.util.concurrent.atomic=ALL-UNNAMED -Xmx2048m -Dfile.encoding=UTF-8 -Duser.country=US -Duser.language=en -Duser.variant org.gradle.launcher.daemon.bootstrap.GradleDaemon 7.5

Host: Intel(R) Core(TM) i3-1005G1 CPU @ 1.20GHz, 4 cores, 7G,  Windows 10 , 64 bit Build 19041 (10.0.19041.3393)
Time: Tue Oct 10 12:00:08 2023 SE Asia Standard Time elapsed time: 20.094415 seconds (0d 0h 0m 20s)

---------------  T H R E A D  ---------------

Current thread (0x000001b0cfc54000):  JavaThread "C2 CompilerThread0" daemon [_thread_in_native, id=7120, stack(0x000000453e800000,0x000000453e900000)]


Current CompileTask:
C2:  20094 9447       4       java.lang.invoke.InvokerBytecodeGenerator::emitImplicitConversion (159 bytes)

Stack: [0x000000453e800000,0x000000453e900000]
Native frames: (J=compiled Java code, j=interpreted, Vv=VM code, C=native code)
V  [jvm.dll+0x64135a]
V  [jvm.dll+0x7d39f9]
V  [jvm.dll+0x7d51b9]
V  [jvm.dll+0x7d58a3]
V  [jvm.dll+0x2691c5]
V  [jvm.dll+0xc1a5c]
V  [jvm.dll+0xc200c]
V  [jvm.dll+0x3774a7]
V  [jvm.dll+0x342495]
V  [jvm.dll+0x34186a]
V  [jvm.dll+0x2214bd]
V  [jvm.dll+0x220498]
V  [jvm.dll+0x19e851]
V  [jvm.dll+0x230479]
V  [jvm.dll+0x22e5ef]
V  [jvm.dll+0x794de1]
V  [jvm.dll+0x78dc24]
V  [jvm.dll+0x6400f6]
C  [ucrtbase.dll+0x21bb2]
C  [KERNEL32.DLL+0x17344]
C  [ntdll.dll+0x526b1]


---------------  P R O C E S S  ---------------

Threads class SMR info:
_java_thread_list=0x000001b0d97c18c0, length=84, elements={
0x000001b0b5793800, 0x000001b0cf3e9000, 0x000001b0cf3ea800, 0x000001b0cfc4b800,
0x000001b0cfc4e800, 0x000001b0cfc50000, 0x000001b0cfc54000, 0x000001b0cfcbf800,
0x000001b0cfcc2800, 0x000001b0cfdb3800, 0x000001b0d0653000, 0x000001b0cfee1800,
0x000001b0d1289000, 0x000001b0d0eb0800, 0x000001b0d21bf000, 0x000001b0d2792000,
0x000001b0d11b1000, 0x000001b0d2540000, 0x000001b0d0561000, 0x000001b0d11b2000,
0x000001b0d1c2d000, 0x000001b0d1c2a800, 0x000001b0d1c30000, 0x000001b0d1c2d800,
0x000001b0d1c2b000, 0x000001b0d1c2c000, 0x000001b0d1c2e800, 0x000001b0d1c2f800,
0x000001b0d1c31000, 0x000001b0d3b3c800, 0x000001b0d3b42000, 0x000001b0d3b43000,
0x000001b0d3b3f000, 0x000001b0d3b40800, 0x000001b0d3b3d000, 0x000001b0d3b41800,
0x000001b0d3b46000, 0x000001b0d3b47000, 0x000001b0d3b45800, 0x000001b0d3b48000,
0x000001b0d3b48800, 0x000001b0d3b44800, 0x000001b0d3b49800, 0x000001b0d3b4a800,
0x000001b0d3b4b000, 0x000001b0d8253000, 0x000001b0d8254800, 0x000001b0d8259800,
0x000001b0d8255000, 0x000001b0d8257800, 0x000001b0d8253800, 0x000001b0d8256000,
0x000001b0d8258800, 0x000001b0d825b800, 0x000001b0d825c800, 0x000001b0d825a000,
0x000001b0d825b000, 0x000001b0d8257000, 0x000001b0d825d800, 0x000001b0d825e000,
0x000001b0d825f000, 0x000001b0d8261800, 0x000001b0d8260000, 0x000001b0d8260800,
0x000001b0d2fe2800, 0x000001b0d2fdf800, 0x000001b0d2fe1000, 0x000001b0d2fe0000,
0x000001b0d2fe3800, 0x000001b0d2fdd800, 0x000001b0d2fe4000, 0x000001b0d2fde800,
0x000001b0d2fe1800, 0x000001b0d58e5000, 0x000001b0d58e8000, 0x000001b0d58e7800,
0x000001b0d58e9000, 0x000001b0d58e4000, 0x000001b0d58ea000, 0x000001b0d58e6800,
0x000001b0d58ea800, 0x000001b0d58eb800, 0x000001b0d58e6000, 0x000001b0d58f2000
}

Java Threads: ( => current thread )
  0x000001b0b5793800 JavaThread "main" [_thread_blocked, id=9676, stack(0x000000453dc00000,0x000000453dd00000)]
  0x000001b0cf3e9000 JavaThread "Reference Handler" daemon [_thread_blocked, id=5300, stack(0x000000453e300000,0x000000453e400000)]
  0x000001b0cf3ea800 JavaThread "Finalizer" daemon [_thread_blocked, id=5736, stack(0x000000453e400000,0x000000453e500000)]
  0x000001b0cfc4b800 JavaThread "Signal Dispatcher" daemon [_thread_blocked, id=9888, stack(0x000000453e500000,0x000000453e600000)]
  0x000001b0cfc4e800 JavaThread "Attach Listener" daemon [_thread_blocked, id=904, stack(0x000000453e600000,0x000000453e700000)]
  0x000001b0cfc50000 JavaThread "Service Thread" daemon [_thread_blocked, id=6460, stack(0x000000453e700000,0x000000453e800000)]
=>0x000001b0cfc54000 JavaThread "C2 CompilerThread0" daemon [_thread_in_native, id=7120, stack(0x000000453e800000,0x000000453e900000)]
  0x000001b0cfcbf800 JavaThread "C1 CompilerThread0" daemon [_thread_blocked, id=9992, stack(0x000000453e900000,0x000000453ea00000)]
  0x000001b0cfcc2800 JavaThread "Sweeper thread" daemon [_thread_blocked, id=5760, stack(0x000000453ea00000,0x000000453eb00000)]
  0x000001b0cfdb3800 JavaThread "Common-Cleaner" daemon [_thread_blocked, id=11828, stack(0x000000453eb00000,0x000000453ec00000)]
  0x000001b0d0653000 JavaThread "Daemon health stats" [_thread_blocked, id=11636, stack(0x000000453ef00000,0x000000453f000000)]
  0x000001b0cfee1800 JavaThread "Incoming local TCP Connector on port 59010" [_thread_in_native, id=11872, stack(0x000000453ed00000,0x000000453ee00000)]
  0x000001b0d1289000 JavaThread "Daemon periodic checks" [_thread_blocked, id=9756, stack(0x000000453f000000,0x000000453f100000)]
  0x000001b0d0eb0800 JavaThread "Daemon" [_thread_blocked, id=12208, stack(0x000000453f100000,0x000000453f200000)]
  0x000001b0d21bf000 JavaThread "Handler for socket connection from /127.0.0.1:59010 to /127.0.0.1:59011" [_thread_in_native, id=9640, stack(0x000000453f200000,0x000000453f300000)]
  0x000001b0d2792000 JavaThread "Cancel handler" [_thread_blocked, id=1428, stack(0x000000453f300000,0x000000453f400000)]
  0x000001b0d11b1000 JavaThread "Daemon worker" [_thread_in_vm, id=11932, stack(0x000000453f400000,0x000000453f500000)]
  0x000001b0d2540000 JavaThread "Asynchronous log dispatcher for DefaultDaemonConnection: socket connection from /127.0.0.1:59010 to /127.0.0.1:59011" [_thread_blocked, id=6840, stack(0x000000453f500000,0x000000453f600000)]
  0x000001b0d0561000 JavaThread "Stdin handler" [_thread_blocked, id=8376, stack(0x000000453f600000,0x000000453f700000)]
  0x000001b0d11b2000 JavaThread "Daemon client event forwarder" [_thread_blocked, id=11216, stack(0x000000453f700000,0x000000453f800000)]
  0x000001b0d1c2d000 JavaThread "Cache worker for journal cache (C:\Users\adlif\.gradle\caches\journal-1)" [_thread_blocked, id=2540, stack(0x000000453fa00000,0x000000453fb00000)]
  0x000001b0d1c2a800 JavaThread "File lock request listener" [_thread_in_native, id=1820, stack(0x000000453fb00000,0x000000453fc00000)]
  0x000001b0d1c30000 JavaThread "Cache worker for file hash cache (C:\Users\adlif\.gradle\caches\7.5\fileHashes)" [_thread_blocked, id=7100, stack(0x000000453fc00000,0x000000453fd00000)]
  0x000001b0d1c2d800 JavaThread "File watcher server" daemon [_thread_in_native, id=8384, stack(0x000000453fe00000,0x000000453ff00000)]
  0x000001b0d1c2b000 JavaThread "File watcher consumer" daemon [_thread_blocked, id=9472, stack(0x000000453ff00000,0x0000004540000000)]
  0x000001b0d1c2c000 JavaThread "jar transforms" [_thread_blocked, id=9680, stack(0x0000004540000000,0x0000004540100000)]
  0x000001b0d1c2e800 JavaThread "jar transforms Thread 2" [_thread_blocked, id=12052, stack(0x0000004540100000,0x0000004540200000)]
  0x000001b0d1c2f800 JavaThread "jar transforms Thread 3" [_thread_blocked, id=3468, stack(0x0000004540200000,0x0000004540300000)]
  0x000001b0d1c31000 JavaThread "jar transforms Thread 4" [_thread_blocked, id=6352, stack(0x0000004540300000,0x0000004540400000)]
  0x000001b0d3b3c800 JavaThread "Cache worker for checksums cache (C:\Users\adlif\AndroidStudioProjects\Isla_Beta\.gradle\7.5\checksums)" [_thread_blocked, id=776, stack(0x0000004540400000,0x0000004540500000)]
  0x000001b0d3b42000 JavaThread "Cache worker for cache directory md-rule (C:\Users\adlif\.gradle\caches\7.5\md-rule)" [_thread_blocked, id=9540, stack(0x0000004540500000,0x0000004540600000)]
  0x000001b0d3b43000 JavaThread "Cache worker for file content cache (C:\Users\adlif\.gradle\caches\7.5\fileContent)" [_thread_blocked, id=9372, stack(0x0000004540600000,0x0000004540700000)]
  0x000001b0d3b3f000 JavaThread "Cache worker for file hash cache (C:\Users\adlif\AndroidStudioProjects\Isla_Beta\.gradle\7.5\fileHashes)" [_thread_blocked, id=10764, stack(0x0000004540700000,0x0000004540800000)]
  0x000001b0d3b40800 JavaThread "Cache worker for cache directory md-supplier (C:\Users\adlif\.gradle\caches\7.5\md-supplier)" [_thread_blocked, id=4904, stack(0x0000004540800000,0x0000004540900000)]
  0x000001b0d3b3d000 JavaThread "Cache worker for execution history cache (C:\Users\adlif\.gradle\caches\7.5\executionHistory)" [_thread_blocked, id=4596, stack(0x0000004540900000,0x0000004540a00000)]
  0x000001b0d3b41800 JavaThread "Cache worker for dependencies-accessors (C:\Users\adlif\AndroidStudioProjects\Isla_Beta\.gradle\7.5\dependencies-accessors)" [_thread_blocked, id=11108, stack(0x0000004540a00000,0x0000004540b00000)]
  0x000001b0d3b46000 JavaThread "Cache worker for Build Output Cleanup Cache (C:\Users\adlif\AndroidStudioProjects\Isla_Beta\.gradle\buildOutputCleanup)" [_thread_blocked, id=2516, stack(0x0000004540b00000,0x0000004540c00000)]
  0x000001b0d3b47000 JavaThread "Unconstrained build operations" [_thread_blocked, id=10736, stack(0x0000004540c00000,0x0000004540d00000)]
  0x000001b0d3b45800 JavaThread "Unconstrained build operations Thread 2" [_thread_blocked, id=6896, stack(0x0000004540d00000,0x0000004540e00000)]
  0x000001b0d3b48000 JavaThread "Unconstrained build operations Thread 3" [_thread_blocked, id=1468, stack(0x0000004540e00000,0x0000004540f00000)]
  0x000001b0d3b48800 JavaThread "Unconstrained build operations Thread 4" [_thread_blocked, id=11136, stack(0x0000004540f00000,0x0000004541000000)]
  0x000001b0d3b44800 JavaThread "Unconstrained build operations Thread 5" [_thread_blocked, id=9948, stack(0x0000004541000000,0x0000004541100000)]
  0x000001b0d3b49800 JavaThread "Unconstrained build operations Thread 6" [_thread_blocked, id=12104, stack(0x0000004541100000,0x0000004541200000)]
  0x000001b0d3b4a800 JavaThread "Unconstrained build operations Thread 7" [_thread_blocked, id=5112, stack(0x0000004541200000,0x0000004541300000)]
  0x000001b0d3b4b000 JavaThread "Unconstrained build operations Thread 8" [_thread_blocked, id=9284, stack(0x0000004541300000,0x0000004541400000)]
  0x000001b0d8253000 JavaThread "Unconstrained build operations Thread 9" [_thread_blocked, id=11860, stack(0x0000004541400000,0x0000004541500000)]
  0x000001b0d8254800 JavaThread "Unconstrained build operations Thread 10" [_thread_blocked, id=6388, stack(0x0000004541500000,0x0000004541600000)]
  0x000001b0d8259800 JavaThread "Unconstrained build operations Thread 11" [_thread_blocked, id=8788, stack(0x0000004541600000,0x0000004541700000)]
  0x000001b0d8255000 JavaThread "Unconstrained build operations Thread 12" [_thread_blocked, id=4112, stack(0x0000004541700000,0x0000004541800000)]
  0x000001b0d8257800 JavaThread "Unconstrained build operations Thread 13" [_thread_blocked, id=11532, stack(0x0000004541800000,0x0000004541900000)]
  0x000001b0d8253800 JavaThread "Unconstrained build operations Thread 14" [_thread_blocked, id=1532, stack(0x0000004541900000,0x0000004541a00000)]
  0x000001b0d8256000 JavaThread "Unconstrained build operations Thread 15" [_thread_blocked, id=9296, stack(0x0000004541a00000,0x0000004541b00000)]
  0x000001b0d8258800 JavaThread "Unconstrained build operations Thread 16" [_thread_blocked, id=2572, stack(0x0000004541b00000,0x0000004541c00000)]
  0x000001b0d825b800 JavaThread "Unconstrained build operations Thread 17" [_thread_blocked, id=9616, stack(0x0000004541c00000,0x0000004541d00000)]
  0x000001b0d825c800 JavaThread "Unconstrained build operations Thread 18" [_thread_blocked, id=2280, stack(0x0000004541d00000,0x0000004541e00000)]
  0x000001b0d825a000 JavaThread "Unconstrained build operations Thread 19" [_thread_blocked, id=6644, stack(0x0000004541e00000,0x0000004541f00000)]
  0x000001b0d825b000 JavaThread "Unconstrained build operations Thread 20" [_thread_blocked, id=1672, stack(0x0000004541f00000,0x0000004542000000)]
  0x000001b0d8257000 JavaThread "Unconstrained build operations Thread 21" [_thread_blocked, id=7172, stack(0x0000004542000000,0x0000004542100000)]
  0x000001b0d825d800 JavaThread "Unconstrained build operations Thread 22" [_thread_blocked, id=11696, stack(0x0000004542100000,0x0000004542200000)]
  0x000001b0d825e000 JavaThread "Unconstrained build operations Thread 23" [_thread_blocked, id=9524, stack(0x0000004542200000,0x0000004542300000)]
  0x000001b0d825f000 JavaThread "Unconstrained build operations Thread 24" [_thread_blocked, id=11340, stack(0x0000004542300000,0x0000004542400000)]
  0x000001b0d8261800 JavaThread "Unconstrained build operations Thread 25" [_thread_blocked, id=1076, stack(0x0000004542400000,0x0000004542500000)]
  0x000001b0d8260000 JavaThread "Unconstrained build operations Thread 26" [_thread_blocked, id=6172, stack(0x0000004542500000,0x0000004542600000)]
  0x000001b0d8260800 JavaThread "Unconstrained build operations Thread 27" [_thread_blocked, id=8688, stack(0x0000004542600000,0x0000004542700000)]
  0x000001b0d2fe2800 JavaThread "Unconstrained build operations Thread 28" [_thread_blocked, id=8068, stack(0x0000004542700000,0x0000004542800000)]
  0x000001b0d2fdf800 JavaThread "Unconstrained build operations Thread 29" [_thread_blocked, id=3920, stack(0x0000004542800000,0x0000004542900000)]
  0x000001b0d2fe1000 JavaThread "Unconstrained build operations Thread 30" [_thread_blocked, id=4436, stack(0x0000004542900000,0x0000004542a00000)]
  0x000001b0d2fe0000 JavaThread "Unconstrained build operations Thread 31" [_thread_blocked, id=11924, stack(0x0000004542a00000,0x0000004542b00000)]
  0x000001b0d2fe3800 JavaThread "Unconstrained build operations Thread 32" [_thread_blocked, id=6180, stack(0x0000004542b00000,0x0000004542c00000)]
  0x000001b0d2fdd800 JavaThread "Unconstrained build operations Thread 33" [_thread_blocked, id=6372, stack(0x0000004542c00000,0x0000004542d00000)]
  0x000001b0d2fe4000 JavaThread "Unconstrained build operations Thread 34" [_thread_blocked, id=4264, stack(0x0000004542d00000,0x0000004542e00000)]
  0x000001b0d2fde800 JavaThread "Unconstrained build operations Thread 35" [_thread_blocked, id=9636, stack(0x0000004542e00000,0x0000004542f00000)]
  0x000001b0d2fe1800 JavaThread "Unconstrained build operations Thread 36" [_thread_blocked, id=10804, stack(0x0000004542f00000,0x0000004543000000)]
  0x000001b0d58e5000 JavaThread "Unconstrained build operations Thread 37" [_thread_blocked, id=3700, stack(0x0000004543000000,0x0000004543100000)]
  0x000001b0d58e8000 JavaThread "Unconstrained build operations Thread 38" [_thread_blocked, id=3164, stack(0x0000004543100000,0x0000004543200000)]
  0x000001b0d58e7800 JavaThread "Unconstrained build operations Thread 39" [_thread_blocked, id=10856, stack(0x0000004543200000,0x0000004543300000)]
  0x000001b0d58e9000 JavaThread "Unconstrained build operations Thread 40" [_thread_blocked, id=9240, stack(0x0000004543300000,0x0000004543400000)]
  0x000001b0d58e4000 JavaThread "Memory manager" [_thread_blocked, id=11480, stack(0x0000004543400000,0x0000004543500000)]
  0x000001b0d58ea000 JavaThread "included builds" [_thread_blocked, id=7936, stack(0x0000004543500000,0x0000004543600000)]
  0x000001b0d58e6800 JavaThread "Execution worker" [_thread_blocked, id=5948, stack(0x0000004543600000,0x0000004543700000)]
  0x000001b0d58ea800 JavaThread "Execution worker Thread 2" [_thread_blocked, id=6316, stack(0x0000004543700000,0x0000004543800000)]
  0x000001b0d58eb800 JavaThread "Execution worker Thread 3" [_thread_blocked, id=5884, stack(0x0000004543800000,0x0000004543900000)]
  0x000001b0d58e6000 JavaThread "Cache worker for execution history cache (C:\Users\adlif\AndroidStudioProjects\Isla_Beta\.gradle\7.5\executionHistory)" [_thread_blocked, id=4044, stack(0x0000004543900000,0x0000004543a00000)]
  0x000001b0d58f2000 JavaThread "idea-tooling-model-converter" [_thread_blocked, id=1068, stack(0x0000004543a00000,0x0000004543b00000)]

Other Threads:
  0x000001b0cf3e7000 VMThread "VM Thread" [stack: 0x000000453e200000,0x000000453e300000] [id=2288]
  0x000001b0cfde1800 WatcherThread [stack: 0x000000453ec00000,0x000000453ed00000] [id=1328]
  0x000001b0b57ac800 GCTaskThread "GC Thread#0" [stack: 0x000000453dd00000,0x000000453de00000] [id=2196]
  0x000001b0d0232000 GCTaskThread "GC Thread#1" [stack: 0x000000453ee00000,0x000000453ef00000] [id=9356]
  0x000001b0d25f4000 GCTaskThread "GC Thread#2" [stack: 0x000000453f800000,0x000000453f900000] [id=8344]
  0x000001b0d08ab000 GCTaskThread "GC Thread#3" [stack: 0x000000453f900000,0x000000453fa00000] [id=5904]
  0x000001b0b57e6800 ConcurrentGCThread "G1 Main Marker" [stack: 0x000000453de00000,0x000000453df00000] [id=11484]
  0x000001b0b57e7800 ConcurrentGCThread "G1 Conc#0" [stack: 0x000000453df00000,0x000000453e000000] [id=4284]
  0x000001b0cf233800 ConcurrentGCThread "G1 Refine#0" [stack: 0x000000453e000000,0x000000453e100000] [id=11196]
  0x000001b0cf234000 ConcurrentGCThread "G1 Young RemSet Sampling" [stack: 0x000000453e100000,0x000000453e200000] [id=124]

Threads with active compile tasks:
C2 CompilerThread0    20114 9447       4       java.lang.invoke.InvokerBytecodeGenerator::emitImplicitConversion (159 bytes)

VM state:not at safepoint (normal execution)

VM Mutex/Monitor currently owned by a thread: None

Heap address: 0x0000000080000000, size: 2048 MB, Compressed Oops mode: 32-bit
Narrow klass base: 0x0000000000000000, Narrow klass shift: 3
Compressed class space size: 1073741824 Address: 0x0000000100000000

Heap:
 garbage-first heap   total 264192K, used 173518K [0x0000000080000000, 0x0000000100000000)
  region size 1024K, 16 young (16384K), 5 survivors (5120K)
 Metaspace       used 93715K, capacity 96275K, committed 96336K, reserved 1132544K
  class space    used 12223K, capacity 13177K, committed 13216K, reserved 1048576K
Heap Regions: E=young(eden), S=young(survivor), O=old, HS=humongous(starts), HC=humongous(continues), CS=collection set, F=free, A=archive, TAMS=top-at-mark-start (previous, next)
|   0|0x0000000080000000, 0x0000000080100000, 0x0000000080100000|100%|HS|  |TAMS 0x0000000080100000, 0x0000000080000000| Complete 
|   1|0x0000000080100000, 0x0000000080200000, 0x0000000080200000|100%|HC|  |TAMS 0x0000000080200000, 0x0000000080100000| Complete 
|   2|0x0000000080200000, 0x0000000080300000, 0x0000000080300000|100%|HC|  |TAMS 0x0000000080300000, 0x0000000080200000| Complete 
|   3|0x0000000080300000, 0x0000000080400000, 0x0000000080400000|100%| O|  |TAMS 0x0000000080400000, 0x0000000080300000| Untracked 
|   4|0x0000000080400000, 0x0000000080500000, 0x0000000080500000|100%| O|  |TAMS 0x0000000080500000, 0x0000000080400000| Untracked 
|   5|0x0000000080500000, 0x0000000080600000, 0x0000000080600000|100%| O|  |TAMS 0x0000000080600000, 0x0000000080500000| Untracked 
|   6|0x0000000080600000, 0x0000000080700000, 0x0000000080700000|100%| O|  |TAMS 0x0000000080700000, 0x0000000080600000| Untracked 
|   7|0x0000000080700000, 0x0000000080800000, 0x0000000080800000|100%| O|  |TAMS 0x0000000080800000, 0x0000000080700000| Untracked 
|   8|0x0000000080800000, 0x0000000080900000, 0x0000000080900000|100%| O|  |TAMS 0x0000000080900000, 0x0000000080800000| Untracked 
|   9|0x0000000080900000, 0x0000000080a00000, 0x0000000080a00000|100%| O|  |TAMS 0x0000000080a00000, 0x0000000080900000| Untracked 
|  10|0x0000000080a00000, 0x0000000080b00000, 0x0000000080b00000|100%| O|  |TAMS 0x0000000080b00000, 0x0000000080a00000| Untracked 
|  11|0x0000000080b00000, 0x0000000080c00000, 0x0000000080c00000|100%| O|  |TAMS 0x0000000080c00000, 0x0000000080b00000| Untracked 
|  12|0x0000000080c00000, 0x0000000080d00000, 0x0000000080d00000|100%| O|  |TAMS 0x0000000080d00000, 0x0000000080c00000| Untracked 
|  13|0x0000000080d00000, 0x0000000080e00000, 0x0000000080e00000|100%| O|  |TAMS 0x0000000080e00000, 0x0000000080d00000| Untracked 
|  14|0x0000000080e00000, 0x0000000080f00000, 0x0000000080f00000|100%| O|  |TAMS 0x0000000080f00000, 0x0000000080e00000| Untracked 
|  15|0x0000000080f00000, 0x0000000081000000, 0x0000000081000000|100%| O|  |TAMS 0x0000000081000000, 0x0000000080f00000| Untracked 
|  16|0x0000000081000000, 0x0000000081100000, 0x0000000081100000|100%| O|  |TAMS 0x0000000081100000, 0x0000000081000000| Untracked 
|  17|0x0000000081100000, 0x0000000081200000, 0x0000000081200000|100%|HS|  |TAMS 0x0000000081200000, 0x0000000081100000| Complete 
|  18|0x0000000081200000, 0x0000000081300000, 0x0000000081300000|100%|HC|  |TAMS 0x0000000081300000, 0x0000000081200000| Complete 
|  19|0x0000000081300000, 0x0000000081400000, 0x0000000081400000|100%|HS|  |TAMS 0x0000000081400000, 0x0000000081300000| Complete 
|  20|0x0000000081400000, 0x0000000081500000, 0x0000000081500000|100%|HC|  |TAMS 0x0000000081500000, 0x0000000081400000| Complete 
|  21|0x0000000081500000, 0x0000000081600000, 0x0000000081600000|100%|HC|  |TAMS 0x0000000081600000, 0x0000000081500000| Complete 
|  22|0x0000000081600000, 0x0000000081700000, 0x0000000081700000|100%|HS|  |TAMS 0x0000000081700000, 0x0000000081600000| Complete 
|  23|0x0000000081700000, 0x0000000081800000, 0x0000000081800000|100%|HC|  |TAMS 0x0000000081800000, 0x0000000081700000| Complete 
|  24|0x0000000081800000, 0x0000000081900000, 0x0000000081900000|100%|HC|  |TAMS 0x0000000081900000, 0x0000000081800000| Complete 
|  25|0x0000000081900000, 0x0000000081a00000, 0x0000000081a00000|100%|HS|  |TAMS 0x0000000081a00000, 0x0000000081900000| Complete 
|  26|0x0000000081a00000, 0x0000000081b00000, 0x0000000081b00000|100%|HC|  |TAMS 0x0000000081b00000, 0x0000000081a00000| Complete 
|  27|0x0000000081b00000, 0x0000000081c00000, 0x0000000081c00000|100%|HS|  |TAMS 0x0000000081c00000, 0x0000000081b00000| Complete 
|  28|0x0000000081c00000, 0x0000000081d00000, 0x0000000081d00000|100%|HC|  |TAMS 0x0000000081d00000, 0x0000000081c00000| Complete 
|  29|0x0000000081d00000, 0x0000000081e00000, 0x0000000081e00000|100%|HC|  |TAMS 0x0000000081e00000, 0x0000000081d00000| Complete 
|  30|0x0000000081e00000, 0x0000000081f00000, 0x0000000081f00000|100%|HC|  |TAMS 0x0000000081f00000, 0x0000000081e00000| Complete 
|  31|0x0000000081f00000, 0x0000000082000000, 0x0000000082000000|100%|HC|  |TAMS 0x0000000082000000, 0x0000000081f00000| Complete 
|  32|0x0000000082000000, 0x0000000082100000, 0x0000000082100000|100%|HC|  |TAMS 0x0000000082100000, 0x0000000082000000| Complete 
|  33|0x0000000082100000, 0x0000000082200000, 0x0000000082200000|100%|HC|  |TAMS 0x0000000082200000, 0x0000000082100000| Complete 
|  34|0x0000000082200000, 0x0000000082300000, 0x0000000082300000|100%|HC|  |TAMS 0x0000000082300000, 0x0000000082200000| Complete 
|  35|0x0000000082300000, 0x0000000082400000, 0x0000000082400000|100%|HC|  |TAMS 0x0000000082400000, 0x0000000082300000| Complete 
|  36|0x0000000082400000, 0x0000000082500000, 0x0000000082500000|100%|HC|  |TAMS 0x0000000082500000, 0x0000000082400000| Complete 
|  37|0x0000000082500000, 0x0000000082600000, 0x0000000082600000|100%|HS|  |TAMS 0x0000000082600000, 0x0000000082500000| Complete 
|  38|0x0000000082600000, 0x0000000082700000, 0x0000000082700000|100%|HC|  |TAMS 0x0000000082700000, 0x0000000082600000| Complete 
|  39|0x0000000082700000, 0x0000000082800000, 0x0000000082800000|100%|HS|  |TAMS 0x0000000082800000, 0x0000000082700000| Complete 
|  40|0x0000000082800000, 0x0000000082900000, 0x0000000082900000|100%|HC|  |TAMS 0x0000000082900000, 0x0000000082800000| Complete 
|  41|0x0000000082900000, 0x0000000082a00000, 0x0000000082a00000|100%|HC|  |TAMS 0x0000000082a00000, 0x0000000082900000| Complete 
|  42|0x0000000082a00000, 0x0000000082b00000, 0x0000000082b00000|100%|HC|  |TAMS 0x0000000082b00000, 0x0000000082a00000| Complete 
|  43|0x0000000082b00000, 0x0000000082c00000, 0x0000000082c00000|100%|HC|  |TAMS 0x0000000082c00000, 0x0000000082b00000| Complete 
|  44|0x0000000082c00000, 0x0000000082d00000, 0x0000000082d00000|100%| O|  |TAMS 0x0000000082d00000, 0x0000000082c00000| Untracked 
|  45|0x0000000082d00000, 0x0000000082e00000, 0x0000000082e00000|100%| O|  |TAMS 0x0000000082e00000, 0x0000000082d00000| Untracked 
|  46|0x0000000082e00000, 0x0000000082f00000, 0x0000000082f00000|100%| O|  |TAMS 0x0000000082f00000, 0x0000000082e00000| Untracked 
|  47|0x0000000082f00000, 0x0000000083000000, 0x0000000083000000|100%| O|  |TAMS 0x0000000083000000, 0x0000000082f00000| Untracked 
|  48|0x0000000083000000, 0x0000000083100000, 0x0000000083100000|100%|HS|  |TAMS 0x0000000083100000, 0x0000000083000000| Complete 
|  49|0x0000000083100000, 0x0000000083200000, 0x0000000083200000|100%|HC|  |TAMS 0x0000000083200000, 0x0000000083100000| Complete 
|  50|0x0000000083200000, 0x0000000083300000, 0x0000000083300000|100%| O|  |TAMS 0x0000000083300000, 0x0000000083200000| Untracked 
|  51|0x0000000083300000, 0x0000000083400000, 0x0000000083400000|100%| O|  |TAMS 0x0000000083400000, 0x0000000083300000| Untracked 
|  52|0x0000000083400000, 0x0000000083500000, 0x0000000083500000|100%| O|  |TAMS 0x0000000083500000, 0x0000000083400000| Untracked 
|  53|0x0000000083500000, 0x0000000083600000, 0x0000000083600000|100%| O|  |TAMS 0x0000000083600000, 0x0000000083500000| Untracked 
|  54|0x0000000083600000, 0x0000000083700000, 0x0000000083700000|100%| O|  |TAMS 0x0000000083700000, 0x0000000083600000| Untracked 
|  55|0x0000000083700000, 0x0000000083800000, 0x0000000083800000|100%| O|  |TAMS 0x0000000083800000, 0x0000000083700000| Untracked 
|  56|0x0000000083800000, 0x0000000083900000, 0x0000000083900000|100%| O|  |TAMS 0x0000000083900000, 0x0000000083800000| Untracked 
|  57|0x0000000083900000, 0x0000000083a00000, 0x0000000083a00000|100%| O|  |TAMS 0x0000000083a00000, 0x0000000083900000| Untracked 
|  58|0x0000000083a00000, 0x0000000083b00000, 0x0000000083b00000|100%| O|  |TAMS 0x0000000083b00000, 0x0000000083a00000| Untracked 
|  59|0x0000000083b00000, 0x0000000083c00000, 0x0000000083c00000|100%| O|  |TAMS 0x0000000083c00000, 0x0000000083b00000| Untracked 
|  60|0x0000000083c00000, 0x0000000083d00000, 0x0000000083d00000|100%| O|  |TAMS 0x0000000083d00000, 0x0000000083c00000| Untracked 
|  61|0x0000000083d00000, 0x0000000083e00000, 0x0000000083e00000|100%| O|  |TAMS 0x0000000083e00000, 0x0000000083d00000| Untracked 
|  62|0x0000000083e00000, 0x0000000083f00000, 0x0000000083f00000|100%|HS|  |TAMS 0x0000000083f00000, 0x0000000083e00000| Complete 
|  63|0x0000000083f00000, 0x0000000084000000, 0x0000000084000000|100%|HC|  |TAMS 0x0000000084000000, 0x0000000083f00000| Complete 
|  64|0x0000000084000000, 0x0000000084100000, 0x0000000084100000|100%|HC|  |TAMS 0x0000000084100000, 0x0000000084000000| Complete 
|  65|0x0000000084100000, 0x0000000084200000, 0x0000000084200000|100%|HC|  |TAMS 0x0000000084200000, 0x0000000084100000| Complete 
|  66|0x0000000084200000, 0x0000000084300000, 0x0000000084300000|100%|HC|  |TAMS 0x0000000084300000, 0x0000000084200000| Complete 
|  67|0x0000000084300000, 0x0000000084400000, 0x0000000084400000|100%|HC|  |TAMS 0x0000000084400000, 0x0000000084300000| Complete 
|  68|0x0000000084400000, 0x0000000084500000, 0x0000000084500000|100%|HC|  |TAMS 0x0000000084500000, 0x0000000084400000| Complete 
|  69|0x0000000084500000, 0x0000000084600000, 0x0000000084600000|100%|HC|  |TAMS 0x0000000084600000, 0x0000000084500000| Complete 
|  70|0x0000000084600000, 0x0000000084700000, 0x0000000084700000|100%|HC|  |TAMS 0x0000000084700000, 0x0000000084600000| Complete 
|  71|0x0000000084700000, 0x0000000084800000, 0x0000000084800000|100%|HC|  |TAMS 0x0000000084800000, 0x0000000084700000| Complete 
|  72|0x0000000084800000, 0x0000000084900000, 0x0000000084900000|100%|HS|  |TAMS 0x0000000084900000, 0x0000000084800000| Complete 
|  73|0x0000000084900000, 0x0000000084a00000, 0x0000000084a00000|100%|HC|  |TAMS 0x0000000084a00000, 0x0000000084900000| Complete 
|  74|0x0000000084a00000, 0x0000000084b00000, 0x0000000084b00000|100%|HC|  |TAMS 0x0000000084b00000, 0x0000000084a00000| Complete 
|  75|0x0000000084b00000, 0x0000000084c00000, 0x0000000084c00000|100%|HS|  |TAMS 0x0000000084c00000, 0x0000000084b00000| Complete 
|  76|0x0000000084c00000, 0x0000000084d00000, 0x0000000084d00000|100%|HC|  |TAMS 0x0000000084d00000, 0x0000000084c00000| Complete 
|  77|0x0000000084d00000, 0x0000000084e00000, 0x0000000084e00000|100%|HS|  |TAMS 0x0000000084e00000, 0x0000000084d00000| Complete 
|  78|0x0000000084e00000, 0x0000000084f00000, 0x0000000084f00000|100%|HC|  |TAMS 0x0000000084f00000, 0x0000000084e00000| Complete 
|  79|0x0000000084f00000, 0x0000000085000000, 0x0000000085000000|100%|HC|  |TAMS 0x0000000085000000, 0x0000000084f00000| Complete 
|  80|0x0000000085000000, 0x0000000085100000, 0x0000000085100000|100%| O|  |TAMS 0x0000000085100000, 0x0000000085000000| Untracked 
|  81|0x0000000085100000, 0x0000000085200000, 0x0000000085200000|100%| O|  |TAMS 0x0000000085200000, 0x0000000085100000| Untracked 
|  82|0x0000000085200000, 0x0000000085300000, 0x0000000085300000|100%| O|  |TAMS 0x0000000085300000, 0x0000000085200000| Untracked 
|  83|0x0000000085300000, 0x0000000085400000, 0x0000000085400000|100%| O|  |TAMS 0x0000000085400000, 0x0000000085300000| Untracked 
|  84|0x0000000085400000, 0x0000000085500000, 0x0000000085500000|100%|HS|  |TAMS 0x0000000085500000, 0x0000000085400000| Complete 
|  85|0x0000000085500000, 0x0000000085600000, 0x0000000085600000|100%|HC|  |TAMS 0x0000000085600000, 0x0000000085500000| Complete 
|  86|0x0000000085600000, 0x0000000085700000, 0x0000000085700000|100%|HC|  |TAMS 0x0000000085700000, 0x0000000085600000| Complete 
|  87|0x0000000085700000, 0x0000000085800000, 0x0000000085800000|100%|HC|  |TAMS 0x0000000085800000, 0x0000000085700000| Complete 
|  88|0x0000000085800000, 0x0000000085900000, 0x0000000085900000|100%|HC|  |TAMS 0x0000000085900000, 0x0000000085800000| Complete 
|  89|0x0000000085900000, 0x0000000085a00000, 0x0000000085a00000|100%| O|  |TAMS 0x0000000085a00000, 0x0000000085900000| Untracked 
|  90|0x0000000085a00000, 0x0000000085b00000, 0x0000000085b00000|100%| O|  |TAMS 0x0000000085b00000, 0x0000000085a00000| Untracked 
|  91|0x0000000085b00000, 0x0000000085c00000, 0x0000000085c00000|100%| O|  |TAMS 0x0000000085c00000, 0x0000000085b00000| Untracked 
|  92|0x0000000085c00000, 0x0000000085d00000, 0x0000000085d00000|100%| O|  |TAMS 0x0000000085d00000, 0x0000000085c00000| Untracked 
|  93|0x0000000085d00000, 0x0000000085e00000, 0x0000000085e00000|100%| O|  |TAMS 0x0000000085e00000, 0x0000000085d00000| Untracked 
|  94|0x0000000085e00000, 0x0000000085f00000, 0x0000000085f00000|100%|HS|  |TAMS 0x0000000085f00000, 0x0000000085e00000| Complete 
|  95|0x0000000085f00000, 0x0000000086000000, 0x0000000086000000|100%|HS|  |TAMS 0x0000000086000000, 0x0000000085f00000| Complete 
|  96|0x0000000086000000, 0x0000000086100000, 0x0000000086100000|100%| O|  |TAMS 0x0000000086100000, 0x0000000086000000| Untracked 
|  97|0x0000000086100000, 0x0000000086200000, 0x0000000086200000|100%| O|  |TAMS 0x0000000086200000, 0x0000000086100000| Untracked 
|  98|0x0000000086200000, 0x0000000086300000, 0x0000000086300000|100%| O|  |TAMS 0x0000000086300000, 0x0000000086200000| Untracked 
|  99|0x0000000086300000, 0x0000000086400000, 0x0000000086400000|100%| O|  |TAMS 0x0000000086400000, 0x0000000086300000| Untracked 
| 100|0x0000000086400000, 0x0000000086500000, 0x0000000086500000|100%| O|  |TAMS 0x0000000086500000, 0x0000000086400000| Untracked 
| 101|0x0000000086500000, 0x0000000086600000, 0x0000000086600000|100%| O|  |TAMS 0x0000000086600000, 0x0000000086500000| Untracked 
| 102|0x0000000086600000, 0x0000000086700000, 0x0000000086700000|100%| O|  |TAMS 0x0000000086700000, 0x0000000086600000| Untracked 
| 103|0x0000000086700000, 0x0000000086800000, 0x0000000086800000|100%| O|  |TAMS 0x0000000086800000, 0x0000000086700000| Untracked 
| 104|0x0000000086800000, 0x0000000086900000, 0x0000000086900000|100%| O|  |TAMS 0x0000000086900000, 0x0000000086800000| Untracked 
| 105|0x0000000086900000, 0x0000000086a00000, 0x0000000086a00000|100%| O|  |TAMS 0x0000000086a00000, 0x0000000086900000| Untracked 
| 106|0x0000000086a00000, 0x0000000086b00000, 0x0000000086b00000|100%| O|  |TAMS 0x0000000086b00000, 0x0000000086a00000| Untracked 
| 107|0x0000000086b00000, 0x0000000086c00000, 0x0000000086c00000|100%| O|  |TAMS 0x0000000086c00000, 0x0000000086b00000| Untracked 
| 108|0x0000000086c00000, 0x0000000086d00000, 0x0000000086d00000|100%| O|  |TAMS 0x0000000086d00000, 0x0000000086c00000| Untracked 
| 109|0x0000000086d00000, 0x0000000086e00000, 0x0000000086e00000|100%| O|  |TAMS 0x0000000086e00000, 0x0000000086d00000| Untracked 
| 110|0x0000000086e00000, 0x0000000086f00000, 0x0000000086f00000|100%| O|  |TAMS 0x0000000086f00000, 0x0000000086e00000| Untracked 
| 111|0x0000000086f00000, 0x0000000087000000, 0x0000000087000000|100%| O|  |TAMS 0x0000000087000000, 0x0000000086f00000| Untracked 
| 112|0x0000000087000000, 0x0000000087100000, 0x0000000087100000|100%| O|  |TAMS 0x0000000087100000, 0x0000000087000000| Untracked 
| 113|0x0000000087100000, 0x0000000087200000, 0x0000000087200000|100%| O|  |TAMS 0x0000000087200000, 0x0000000087100000| Untracked 
| 114|0x0000000087200000, 0x0000000087300000, 0x0000000087300000|100%| O|  |TAMS 0x0000000087300000, 0x0000000087200000| Untracked 
| 115|0x0000000087300000, 0x0000000087400000, 0x0000000087400000|100%| O|  |TAMS 0x0000000087400000, 0x0000000087300000| Untracked 
| 116|0x0000000087400000, 0x0000000087500000, 0x0000000087500000|100%| O|  |TAMS 0x0000000087500000, 0x0000000087400000| Untracked 
| 117|0x0000000087500000, 0x0000000087600000, 0x0000000087600000|100%|HS|  |TAMS 0x0000000087600000, 0x0000000087500000| Complete 
| 118|0x0000000087600000, 0x0000000087700000, 0x0000000087700000|100%|HC|  |TAMS 0x0000000087700000, 0x0000000087600000| Complete 
| 119|0x0000000087700000, 0x0000000087800000, 0x0000000087800000|100%|HS|  |TAMS 0x0000000087800000, 0x0000000087700000| Complete 
| 120|0x0000000087800000, 0x0000000087900000, 0x0000000087900000|100%|HC|  |TAMS 0x0000000087900000, 0x0000000087800000| Complete 
| 121|0x0000000087900000, 0x0000000087a00000, 0x0000000087a00000|100%|HC|  |TAMS 0x0000000087a00000, 0x0000000087900000| Complete 
| 122|0x0000000087a00000, 0x0000000087b00000, 0x0000000087b00000|100%|HS|  |TAMS 0x0000000087b00000, 0x0000000087a00000| Complete 
| 123|0x0000000087b00000, 0x0000000087c00000, 0x0000000087c00000|100%|HC|  |TAMS 0x0000000087c00000, 0x0000000087b00000| Complete 
| 124|0x0000000087c00000, 0x0000000087d00000, 0x0000000087d00000|100%|HC|  |TAMS 0x0000000087d00000, 0x0000000087c00000| Complete 
| 125|0x0000000087d00000, 0x0000000087e00000, 0x0000000087e00000|100%|HS|  |TAMS 0x0000000087e00000, 0x0000000087d00000| Complete 
| 126|0x0000000087e00000, 0x0000000087f00000, 0x0000000087f00000|100%|HC|  |TAMS 0x0000000087f00000, 0x0000000087e00000| Complete 
| 127|0x0000000087f00000, 0x0000000088000000, 0x0000000088000000|100%|HS|  |TAMS 0x0000000088000000, 0x0000000087f00000| Complete 
| 128|0x0000000088000000, 0x0000000088100000, 0x0000000088100000|100%|HC|  |TAMS 0x0000000088100000, 0x0000000088000000| Complete 
| 129|0x0000000088100000, 0x0000000088200000, 0x0000000088200000|100%|HC|  |TAMS 0x0000000088200000, 0x0000000088100000| Complete 
| 130|0x0000000088200000, 0x0000000088300000, 0x0000000088300000|100%|HC|  |TAMS 0x0000000088300000, 0x0000000088200000| Complete 
| 131|0x0000000088300000, 0x0000000088400000, 0x0000000088400000|100%|HC|  |TAMS 0x0000000088400000, 0x0000000088300000| Complete 
| 132|0x0000000088400000, 0x0000000088500000, 0x0000000088500000|100%|HC|  |TAMS 0x0000000088500000, 0x0000000088400000| Complete 
| 133|0x0000000088500000, 0x0000000088600000, 0x0000000088600000|100%|HC|  |TAMS 0x0000000088600000, 0x0000000088500000| Complete 
| 134|0x0000000088600000, 0x0000000088700000, 0x0000000088700000|100%|HC|  |TAMS 0x0000000088700000, 0x0000000088600000| Complete 
| 135|0x0000000088700000, 0x0000000088800000, 0x0000000088800000|100%|HC|  |TAMS 0x0000000088800000, 0x0000000088700000| Complete 
| 136|0x0000000088800000, 0x0000000088900000, 0x0000000088900000|100%|HC|  |TAMS 0x0000000088900000, 0x0000000088800000| Complete 
| 137|0x0000000088900000, 0x0000000088a00000, 0x0000000088a00000|100%|HS|  |TAMS 0x0000000088a00000, 0x0000000088900000| Complete 
| 138|0x0000000088a00000, 0x0000000088b00000, 0x0000000088b00000|100%|HC|  |TAMS 0x0000000088b00000, 0x0000000088a00000| Complete 
| 139|0x0000000088b00000, 0x0000000088c00000, 0x0000000088c00000|100%|HS|  |TAMS 0x0000000088c00000, 0x0000000088b00000| Complete 
| 140|0x0000000088c00000, 0x0000000088d00000, 0x0000000088d00000|100%|HC|  |TAMS 0x0000000088d00000, 0x0000000088c00000| Complete 
| 141|0x0000000088d00000, 0x0000000088e00000, 0x0000000088e00000|100%|HC|  |TAMS 0x0000000088e00000, 0x0000000088d00000| Complete 
| 142|0x0000000088e00000, 0x0000000088f00000, 0x0000000088f00000|100%|HC|  |TAMS 0x0000000088f00000, 0x0000000088e00000| Complete 
| 143|0x0000000088f00000, 0x0000000089000000, 0x0000000089000000|100%|HC|  |TAMS 0x0000000089000000, 0x0000000088f00000| Complete 
| 144|0x0000000089000000, 0x0000000089100000, 0x0000000089100000|100%| O|  |TAMS 0x0000000089100000, 0x0000000089000000| Untracked 
| 145|0x0000000089100000, 0x0000000089200000, 0x0000000089200000|100%| O|  |TAMS 0x0000000089200000, 0x0000000089100000| Untracked 
| 146|0x0000000089200000, 0x0000000089300000, 0x0000000089300000|100%| O|  |TAMS 0x0000000089300000, 0x0000000089200000| Untracked 
| 147|0x0000000089300000, 0x0000000089400000, 0x0000000089400000|100%| O|  |TAMS 0x0000000089400000, 0x0000000089300000| Untracked 
| 148|0x0000000089400000, 0x0000000089500000, 0x0000000089500000|100%| O|  |TAMS 0x0000000089500000, 0x0000000089400000| Untracked 
| 149|0x0000000089500000, 0x0000000089600000, 0x0000000089600000|100%| O|  |TAMS 0x0000000089600000, 0x0000000089500000| Untracked 
| 150|0x0000000089600000, 0x0000000089700000, 0x0000000089700000|100%| O|  |TAMS 0x0000000089700000, 0x0000000089600000| Untracked 
| 151|0x0000000089700000, 0x0000000089800000, 0x0000000089800000|100%| O|  |TAMS 0x0000000089800000, 0x0000000089700000| Untracked 
| 152|0x0000000089800000, 0x0000000089900000, 0x0000000089900000|100%| O|  |TAMS 0x0000000089900000, 0x0000000089800000| Untracked 
| 153|0x0000000089900000, 0x0000000089a00000, 0x0000000089a00000|100%| O|  |TAMS 0x0000000089a00000, 0x0000000089900000| Untracked 
| 154|0x0000000089a00000, 0x0000000089a00000, 0x0000000089b00000|  0%| F|  |TAMS 0x0000000089a00000, 0x0000000089a00000| Untracked 
| 155|0x0000000089b00000, 0x0000000089b00000, 0x0000000089c00000|  0%| F|  |TAMS 0x0000000089b00000, 0x0000000089b00000| Untracked 
| 156|0x0000000089c00000, 0x0000000089c00000, 0x0000000089d00000|  0%| F|  |TAMS 0x0000000089c00000, 0x0000000089c00000| Untracked 
| 157|0x0000000089d00000, 0x0000000089d00000, 0x0000000089e00000|  0%| F|  |TAMS 0x0000000089d00000, 0x0000000089d00000| Untracked 
| 158|0x0000000089e00000, 0x0000000089e00000, 0x0000000089f00000|  0%| F|  |TAMS 0x0000000089e00000, 0x0000000089e00000| Untracked 
| 159|0x0000000089f00000, 0x0000000089f00000, 0x000000008a000000|  0%| F|  |TAMS 0x0000000089f00000, 0x0000000089f00000| Untracked 
| 160|0x000000008a000000, 0x000000008a000000, 0x000000008a100000|  0%| F|  |TAMS 0x000000008a000000, 0x000000008a000000| Untracked 
| 161|0x000000008a100000, 0x000000008a200000, 0x000000008a200000|100%| O|  |TAMS 0x000000008a200000, 0x000000008a100000| Untracked 
| 162|0x000000008a200000, 0x000000008a23a800, 0x000000008a300000| 22%| O|  |TAMS 0x000000008a23a800, 0x000000008a200000| Untracked 
| 163|0x000000008a300000, 0x000000008a300000, 0x000000008a400000|  0%| F|  |TAMS 0x000000008a300000, 0x000000008a300000| Untracked 
| 164|0x000000008a400000, 0x000000008a400000, 0x000000008a500000|  0%| F|  |TAMS 0x000000008a400000, 0x000000008a400000| Untracked 
| 165|0x000000008a500000, 0x000000008a500000, 0x000000008a600000|  0%| F|  |TAMS 0x000000008a500000, 0x000000008a500000| Untracked 
| 166|0x000000008a600000, 0x000000008a600000, 0x000000008a700000|  0%| F|  |TAMS 0x000000008a600000, 0x000000008a600000| Untracked 
| 167|0x000000008a700000, 0x000000008a700000, 0x000000008a800000|  0%| F|  |TAMS 0x000000008a700000, 0x000000008a700000| Untracked 
| 168|0x000000008a800000, 0x000000008a800000, 0x000000008a900000|  0%| F|  |TAMS 0x000000008a800000, 0x000000008a800000| Untracked 
| 169|0x000000008a900000, 0x000000008a900000, 0x000000008aa00000|  0%| F|  |TAMS 0x000000008a900000, 0x000000008a900000| Untracked 
| 170|0x000000008aa00000, 0x000000008aa00000, 0x000000008ab00000|  0%| F|  |TAMS 0x000000008aa00000, 0x000000008aa00000| Untracked 
| 171|0x000000008ab00000, 0x000000008ab00000, 0x000000008ac00000|  0%| F|  |TAMS 0x000000008ab00000, 0x000000008ab00000| Untracked 
| 172|0x000000008ac00000, 0x000000008ac00000, 0x000000008ad00000|  0%| F|  |TAMS 0x000000008ac00000, 0x000000008ac00000| Untracked 
| 173|0x000000008ad00000, 0x000000008ad00000, 0x000000008ae00000|  0%| F|  |TAMS 0x000000008ad00000, 0x000000008ad00000| Untracked 
| 174|0x000000008ae00000, 0x000000008ae00000, 0x000000008af00000|  0%| F|  |TAMS 0x000000008ae00000, 0x000000008ae00000| Untracked 
| 175|0x000000008af00000, 0x000000008af00000, 0x000000008b000000|  0%| F|  |TAMS 0x000000008af00000, 0x000000008af00000| Untracked 
| 176|0x000000008b000000, 0x000000008b000000, 0x000000008b100000|  0%| F|  |TAMS 0x000000008b000000, 0x000000008b000000| Untracked 
| 177|0x000000008b100000, 0x000000008b100000, 0x000000008b200000|  0%| F|  |TAMS 0x000000008b100000, 0x000000008b100000| Untracked 
| 178|0x000000008b200000, 0x000000008b200000, 0x000000008b300000|  0%| F|  |TAMS 0x000000008b200000, 0x000000008b200000| Untracked 
| 179|0x000000008b300000, 0x000000008b300000, 0x000000008b400000|  0%| F|  |TAMS 0x000000008b300000, 0x000000008b300000| Untracked 
| 180|0x000000008b400000, 0x000000008b400000, 0x000000008b500000|  0%| F|  |TAMS 0x000000008b400000, 0x000000008b400000| Untracked 
| 181|0x000000008b500000, 0x000000008b500000, 0x000000008b600000|  0%| F|  |TAMS 0x000000008b500000, 0x000000008b500000| Untracked 
| 182|0x000000008b600000, 0x000000008b600000, 0x000000008b700000|  0%| F|  |TAMS 0x000000008b600000, 0x000000008b600000| Untracked 
| 183|0x000000008b700000, 0x000000008b700000, 0x000000008b800000|  0%| F|  |TAMS 0x000000008b700000, 0x000000008b700000| Untracked 
| 184|0x000000008b800000, 0x000000008b800000, 0x000000008b900000|  0%| F|  |TAMS 0x000000008b800000, 0x000000008b800000| Untracked 
| 185|0x000000008b900000, 0x000000008b900000, 0x000000008ba00000|  0%| F|  |TAMS 0x000000008b900000, 0x000000008b900000| Untracked 
| 186|0x000000008ba00000, 0x000000008ba00000, 0x000000008bb00000|  0%| F|  |TAMS 0x000000008ba00000, 0x000000008ba00000| Untracked 
| 187|0x000000008bb00000, 0x000000008bb00000, 0x000000008bc00000|  0%| F|  |TAMS 0x000000008bb00000, 0x000000008bb00000| Untracked 
| 188|0x000000008bc00000, 0x000000008bc00000, 0x000000008bd00000|  0%| F|  |TAMS 0x000000008bc00000, 0x000000008bc00000| Untracked 
| 189|0x000000008bd00000, 0x000000008bd00000, 0x000000008be00000|  0%| F|  |TAMS 0x000000008bd00000, 0x000000008bd00000| Untracked 
| 190|0x000000008be00000, 0x000000008be00000, 0x000000008bf00000|  0%| F|  |TAMS 0x000000008be00000, 0x000000008be00000| Untracked 
| 191|0x000000008bf00000, 0x000000008bf00000, 0x000000008c000000|  0%| F|  |TAMS 0x000000008bf00000, 0x000000008bf00000| Untracked 
| 192|0x000000008c000000, 0x000000008c000000, 0x000000008c100000|  0%| F|  |TAMS 0x000000008c000000, 0x000000008c000000| Untracked 
| 193|0x000000008c100000, 0x000000008c100000, 0x000000008c200000|  0%| F|  |TAMS 0x000000008c100000, 0x000000008c100000| Untracked 
| 194|0x000000008c200000, 0x000000008c200000, 0x000000008c300000|  0%| F|  |TAMS 0x000000008c200000, 0x000000008c200000| Untracked 
| 195|0x000000008c300000, 0x000000008c300000, 0x000000008c400000|  0%| F|  |TAMS 0x000000008c300000, 0x000000008c300000| Untracked 
| 196|0x000000008c400000, 0x000000008c439280, 0x000000008c500000| 22%| S|CS|TAMS 0x000000008c400000, 0x000000008c400000| Complete 
| 197|0x000000008c500000, 0x000000008c600000, 0x000000008c600000|100%| S|CS|TAMS 0x000000008c500000, 0x000000008c500000| Complete 
| 198|0x000000008c600000, 0x000000008c700000, 0x000000008c700000|100%| S|CS|TAMS 0x000000008c600000, 0x000000008c600000| Complete 
| 199|0x000000008c700000, 0x000000008c800000, 0x000000008c800000|100%| S|CS|TAMS 0x000000008c700000, 0x000000008c700000| Complete 
| 200|0x000000008c800000, 0x000000008c800000, 0x000000008c900000|  0%| F|  |TAMS 0x000000008c800000, 0x000000008c800000| Untracked 
| 201|0x000000008c900000, 0x000000008c900000, 0x000000008ca00000|  0%| F|  |TAMS 0x000000008c900000, 0x000000008c900000| Untracked 
| 202|0x000000008ca00000, 0x000000008ca00000, 0x000000008cb00000|  0%| F|  |TAMS 0x000000008ca00000, 0x000000008ca00000| Untracked 
| 203|0x000000008cb00000, 0x000000008cb00000, 0x000000008cc00000|  0%| F|  |TAMS 0x000000008cb00000, 0x000000008cb00000| Untracked 
| 204|0x000000008cc00000, 0x000000008cd00000, 0x000000008cd00000|100%| S|CS|TAMS 0x000000008cc00000, 0x000000008cc00000| Complete 
| 205|0x000000008cd00000, 0x000000008cd00000, 0x000000008ce00000|  0%| F|  |TAMS 0x000000008cd00000, 0x000000008cd00000| Untracked 
| 206|0x000000008ce00000, 0x000000008ce00000, 0x000000008cf00000|  0%| F|  |TAMS 0x000000008ce00000, 0x000000008ce00000| Untracked 
| 207|0x000000008cf00000, 0x000000008cf00000, 0x000000008d000000|  0%| F|  |TAMS 0x000000008cf00000, 0x000000008cf00000| Untracked 
| 208|0x000000008d000000, 0x000000008d000000, 0x000000008d100000|  0%| F|  |TAMS 0x000000008d000000, 0x000000008d000000| Untracked 
| 209|0x000000008d100000, 0x000000008d100000, 0x000000008d200000|  0%| F|  |TAMS 0x000000008d100000, 0x000000008d100000| Untracked 
| 210|0x000000008d200000, 0x000000008d200000, 0x000000008d300000|  0%| F|  |TAMS 0x000000008d200000, 0x000000008d200000| Untracked 
| 211|0x000000008d300000, 0x000000008d300000, 0x000000008d400000|  0%| F|  |TAMS 0x000000008d300000, 0x000000008d300000| Untracked 
| 212|0x000000008d400000, 0x000000008d400000, 0x000000008d500000|  0%| F|  |TAMS 0x000000008d400000, 0x000000008d400000| Untracked 
| 213|0x000000008d500000, 0x000000008d500000, 0x000000008d600000|  0%| F|  |TAMS 0x000000008d500000, 0x000000008d500000| Untracked 
| 214|0x000000008d600000, 0x000000008d600000, 0x000000008d700000|  0%| F|  |TAMS 0x000000008d600000, 0x000000008d600000| Untracked 
| 215|0x000000008d700000, 0x000000008d700000, 0x000000008d800000|  0%| F|  |TAMS 0x000000008d700000, 0x000000008d700000| Untracked 
| 216|0x000000008d800000, 0x000000008d800000, 0x000000008d900000|  0%| F|  |TAMS 0x000000008d800000, 0x000000008d800000| Untracked 
| 217|0x000000008d900000, 0x000000008d900000, 0x000000008da00000|  0%| F|  |TAMS 0x000000008d900000, 0x000000008d900000| Untracked 
| 218|0x000000008da00000, 0x000000008da00000, 0x000000008db00000|  0%| F|  |TAMS 0x000000008da00000, 0x000000008da00000| Untracked 
| 219|0x000000008db00000, 0x000000008db00000, 0x000000008dc00000|  0%| F|  |TAMS 0x000000008db00000, 0x000000008db00000| Untracked 
| 220|0x000000008dc00000, 0x000000008dc00000, 0x000000008dd00000|  0%| F|  |TAMS 0x000000008dc00000, 0x000000008dc00000| Untracked 
| 221|0x000000008dd00000, 0x000000008dd00000, 0x000000008de00000|  0%| F|  |TAMS 0x000000008dd00000, 0x000000008dd00000| Untracked 
| 222|0x000000008de00000, 0x000000008de00000, 0x000000008df00000|  0%| F|  |TAMS 0x000000008de00000, 0x000000008de00000| Untracked 
| 223|0x000000008df00000, 0x000000008df00000, 0x000000008e000000|  0%| F|  |TAMS 0x000000008df00000, 0x000000008df00000| Untracked 
| 224|0x000000008e000000, 0x000000008e000000, 0x000000008e100000|  0%| F|  |TAMS 0x000000008e000000, 0x000000008e000000| Untracked 
| 225|0x000000008e100000, 0x000000008e100000, 0x000000008e200000|  0%| F|  |TAMS 0x000000008e100000, 0x000000008e100000| Untracked 
| 226|0x000000008e200000, 0x000000008e200000, 0x000000008e300000|  0%| F|  |TAMS 0x000000008e200000, 0x000000008e200000| Untracked 
| 227|0x000000008e300000, 0x000000008e300000, 0x000000008e400000|  0%| F|  |TAMS 0x000000008e300000, 0x000000008e300000| Untracked 
| 228|0x000000008e400000, 0x000000008e400000, 0x000000008e500000|  0%| F|  |TAMS 0x000000008e400000, 0x000000008e400000| Untracked 
| 229|0x000000008e500000, 0x000000008e500000, 0x000000008e600000|  0%| F|  |TAMS 0x000000008e500000, 0x000000008e500000| Untracked 
| 230|0x000000008e600000, 0x000000008e600000, 0x000000008e700000|  0%| F|  |TAMS 0x000000008e600000, 0x000000008e600000| Untracked 
| 231|0x000000008e700000, 0x000000008e700000, 0x000000008e800000|  0%| F|  |TAMS 0x000000008e700000, 0x000000008e700000| Untracked 
| 232|0x000000008e800000, 0x000000008e800000, 0x000000008e900000|  0%| F|  |TAMS 0x000000008e800000, 0x000000008e800000| Untracked 
| 233|0x000000008e900000, 0x000000008e900000, 0x000000008ea00000|  0%| F|  |TAMS 0x000000008e900000, 0x000000008e900000| Untracked 
| 234|0x000000008ea00000, 0x000000008ea00000, 0x000000008eb00000|  0%| F|  |TAMS 0x000000008ea00000, 0x000000008ea00000| Untracked 
| 235|0x000000008eb00000, 0x000000008eb00000, 0x000000008ec00000|  0%| F|  |TAMS 0x000000008eb00000, 0x000000008eb00000| Untracked 
| 236|0x000000008ec00000, 0x000000008ec00000, 0x000000008ed00000|  0%| F|  |TAMS 0x000000008ec00000, 0x000000008ec00000| Untracked 
| 237|0x000000008ed00000, 0x000000008ed00000, 0x000000008ee00000|  0%| F|  |TAMS 0x000000008ed00000, 0x000000008ed00000| Untracked 
| 238|0x000000008ee00000, 0x000000008ee00000, 0x000000008ef00000|  0%| F|  |TAMS 0x000000008ee00000, 0x000000008ee00000| Untracked 
| 239|0x000000008ef00000, 0x000000008ef00000, 0x000000008f000000|  0%| F|  |TAMS 0x000000008ef00000, 0x000000008ef00000| Untracked 
| 240|0x000000008f000000, 0x000000008f000000, 0x000000008f100000|  0%| F|  |TAMS 0x000000008f000000, 0x000000008f000000| Untracked 
| 241|0x000000008f100000, 0x000000008f100000, 0x000000008f200000|  0%| F|  |TAMS 0x000000008f100000, 0x000000008f100000| Untracked 
| 242|0x000000008f200000, 0x000000008f200000, 0x000000008f300000|  0%| F|  |TAMS 0x000000008f200000, 0x000000008f200000| Untracked 
| 243|0x000000008f300000, 0x000000008f300000, 0x000000008f400000|  0%| F|  |TAMS 0x000000008f300000, 0x000000008f300000| Untracked 
| 244|0x000000008f400000, 0x000000008f400000, 0x000000008f500000|  0%| F|  |TAMS 0x000000008f400000, 0x000000008f400000| Untracked 
| 245|0x000000008f500000, 0x000000008f500000, 0x000000008f600000|  0%| F|  |TAMS 0x000000008f500000, 0x000000008f500000| Untracked 
| 246|0x000000008f600000, 0x000000008f600000, 0x000000008f700000|  0%| F|  |TAMS 0x000000008f600000, 0x000000008f600000| Untracked 
| 247|0x000000008f700000, 0x000000008f700800, 0x000000008f800000|  0%| E|  |TAMS 0x000000008f700000, 0x000000008f700000| Complete 
| 248|0x000000008f800000, 0x000000008f900000, 0x000000008f900000|100%| E|CS|TAMS 0x000000008f800000, 0x000000008f800000| Complete 
| 249|0x000000008f900000, 0x000000008fa00000, 0x000000008fa00000|100%| E|CS|TAMS 0x000000008f900000, 0x000000008f900000| Complete 
| 250|0x000000008fa00000, 0x000000008fb00000, 0x000000008fb00000|100%| E|CS|TAMS 0x000000008fa00000, 0x000000008fa00000| Complete 
| 251|0x000000008fb00000, 0x000000008fc00000, 0x000000008fc00000|100%| E|CS|TAMS 0x000000008fb00000, 0x000000008fb00000| Complete 
| 252|0x000000008fc00000, 0x000000008fd00000, 0x000000008fd00000|100%| E|CS|TAMS 0x000000008fc00000, 0x000000008fc00000| Complete 
| 253|0x000000008fd00000, 0x000000008fe00000, 0x000000008fe00000|100%| E|CS|TAMS 0x000000008fd00000, 0x000000008fd00000| Complete 
| 254|0x000000008fe00000, 0x000000008ff00000, 0x000000008ff00000|100%| E|CS|TAMS 0x000000008fe00000, 0x000000008fe00000| Complete 
| 255|0x000000008ff00000, 0x0000000090000000, 0x0000000090000000|100%| E|CS|TAMS 0x000000008ff00000, 0x000000008ff00000| Complete 
| 256|0x0000000090000000, 0x0000000090100000, 0x0000000090100000|100%| E|CS|TAMS 0x0000000090000000, 0x0000000090000000| Complete 
| 257|0x0000000090100000, 0x0000000090200000, 0x0000000090200000|100%| E|CS|TAMS 0x0000000090100000, 0x0000000090100000| Complete 

Card table byte_map: [0x000001b0c86c0000,0x000001b0c8ac0000] _byte_map_base: 0x000001b0c82c0000

Marking Bits (Prev, Next): (CMBitMap*) 0x000001b0b57dd8e8, (CMBitMap*) 0x000001b0b57dd920
 Prev Bits: [0x000001b0c8ec0000, 0x000001b0caec0000)
 Next Bits: [0x000001b0caec0000, 0x000001b0ccec0000)

Polling page: 0x000001b0b35c0000

Metaspace:

Usage:
  Non-class:     81.15 MB capacity,    79.58 MB ( 98%) used,     1.30 MB (  2%) free+waste,   270.44 KB ( <1%) overhead. 
      Class:     12.87 MB capacity,    11.94 MB ( 93%) used,   826.01 KB (  6%) free+waste,   127.06 KB ( <1%) overhead. 
       Both:     94.02 MB capacity,    91.52 MB ( 97%) used,     2.11 MB (  2%) free+waste,   397.50 KB ( <1%) overhead. 

Virtual space:
  Non-class space:       82.00 MB reserved,      81.17 MB ( 99%) committed 
      Class space:        1.00 GB reserved,      12.91 MB (  1%) committed 
             Both:        1.08 GB reserved,      94.08 MB (  9%) committed 

Chunk freelists:
   Non-Class:  22.00 KB
       Class:  0 bytes
        Both:  22.00 KB

MaxMetaspaceSize: 17179869184.00 GB
CompressedClassSpaceSize: 1.00 GB
Initial GC threshold: 20.80 MB
Current GC threshold: 149.09 MB
CDS: off

CodeHeap 'non-profiled nmethods': size=120064Kb used=6167Kb max_used=6167Kb free=113896Kb
 bounds [0x000001b0c0d80000, 0x000001b0c1390000, 0x000001b0c82c0000]
CodeHeap 'profiled nmethods': size=120000Kb used=20549Kb max_used=20549Kb free=99450Kb
 bounds [0x000001b0b9850000, 0x000001b0bac70000, 0x000001b0c0d80000]
CodeHeap 'non-nmethods': size=5696Kb used=2402Kb max_used=2475Kb free=3293Kb
 bounds [0x000001b0b92c0000, 0x000001b0b9540000, 0x000001b0b9850000]
 total_blobs=10364 nmethods=9443 adapters=833
 compilation: enabled
              stopped_count=0, restarted_count=0
 full_count=0

Compilation events (20 events):
Event: 20.046 Thread 0x000001b0cfcbf800 9470  s    3       com.android.build.api.artifact.impl.TypedStorageProvider::getArtifact$gradle_core (80 bytes)
Event: 20.047 Thread 0x000001b0cfcbf800 nmethod 9470 0x000001b0bac5b610 code [0x000001b0bac5b920, 0x000001b0bac5ca88]
Event: 20.059 Thread 0x000001b0cfcbf800 9471       3       org.gradle.internal.instantiation.generator.AsmBackedClassGenerator$ClassInspectionVisitorImpl::markPropertyAsIneligibleForConventionMapping (12 bytes)
Event: 20.060 Thread 0x000001b0cfcbf800 nmethod 9471 0x000001b0bac5d010 code [0x000001b0bac5d1c0, 0x000001b0bac5d388]
Event: 20.061 Thread 0x000001b0cfcbf800 9472       3       org.gradle.internal.instantiation.generator.AsmBackedClassGenerator$ClassBuilderImpl::access$6500 (4 bytes)
Event: 20.061 Thread 0x000001b0cfcbf800 nmethod 9472 0x000001b0bac5d490 code [0x000001b0bac5d640, 0x000001b0bac5d738]
Event: 20.061 Thread 0x000001b0cfcbf800 9473       3       org.gradle.internal.instantiation.generator.AsmBackedClassGenerator$ClassBuilderImpl$$Lambda$159/0x000000010032d040::<init> (38 bytes)
Event: 20.061 Thread 0x000001b0cfcbf800 nmethod 9473 0x000001b0bac5d810 code [0x000001b0bac5d9e0, 0x000001b0bac5dd18]
Event: 20.062 Thread 0x000001b0cfcbf800 9474       3       org.gradle.internal.instantiation.generator.AbstractClassGenerator::isRoleType (49 bytes)
Event: 20.063 Thread 0x000001b0cfcbf800 nmethod 9474 0x000001b0bac5de10 code [0x000001b0bac5e020, 0x000001b0bac5e5d8]
Event: 20.074 Thread 0x000001b0cfcbf800 9475       3       org.gradle.api.internal.file.CompositeFileCollection::<init> (6 bytes)
Event: 20.074 Thread 0x000001b0cfcbf800 nmethod 9475 0x000001b0bac5e810 code [0x000001b0bac5e9c0, 0x000001b0bac5ebd8]
Event: 20.075 Thread 0x000001b0cfcbf800 9476       3       org.gradle.internal.snapshot.impl.AbstractScalarValueSnapshot::hashCode (8 bytes)
Event: 20.075 Thread 0x000001b0cfcbf800 nmethod 9476 0x000001b0bac5ed10 code [0x000001b0bac5eec0, 0x000001b0bac5f088]
Event: 20.076 Thread 0x000001b0cfcbf800 9477       3       groovy.lang.MetaProperty::getSetterName (23 bytes)
Event: 20.077 Thread 0x000001b0cfcbf800 nmethod 9477 0x000001b0bac5f190 code [0x000001b0bac5f3e0, 0x000001b0bac5fb38]
Event: 20.080 Thread 0x000001b0cfcbf800 9479       3       org.gradle.api.internal.file.collections.DefaultConfigurableFileCollection::assertMutable (140 bytes)
Event: 20.081 Thread 0x000001b0cfcbf800 nmethod 9479 0x000001b0bac5fe10 code [0x000001b0bac60120, 0x000001b0bac60bf8]
Event: 20.082 Thread 0x000001b0cfcbf800 9480       3       org.gradle.api.internal.file.collections.DefaultConfigurableFileCollection::from (42 bytes)
Event: 20.082 Thread 0x000001b0cfcbf800 nmethod 9480 0x000001b0bac61010 code [0x000001b0bac611e0, 0x000001b0bac61498]

GC Heap History (20 events):
Event: 13.133 GC heap before
{Heap before GC invocations=31 (full 0):
 garbage-first heap   total 220160K, used 118237K [0x0000000080000000, 0x0000000100000000)
  region size 1024K, 9 young (9216K), 3 survivors (3072K)
 Metaspace       used 67121K, capacity 69073K, committed 69328K, reserved 1110016K
  class space    used 8603K, capacity 9371K, committed 9504K, reserved 1048576K
}
Event: 13.142 GC heap after
{Heap after GC invocations=32 (full 0):
 garbage-first heap   total 220160K, used 114937K [0x0000000080000000, 0x0000000100000000)
  region size 1024K, 5 young (5120K), 5 survivors (5120K)
 Metaspace       used 67121K, capacity 69073K, committed 69328K, reserved 1110016K
  class space    used 8603K, capacity 9371K, committed 9504K, reserved 1048576K
}
Event: 14.205 GC heap before
{Heap before GC invocations=33 (full 0):
 garbage-first heap   total 220160K, used 162041K [0x0000000080000000, 0x0000000100000000)
  region size 1024K, 45 young (46080K), 5 survivors (5120K)
 Metaspace       used 69789K, capacity 71774K, committed 71888K, reserved 1112064K
  class space    used 8940K, capacity 9704K, committed 9760K, reserved 1048576K
}
Event: 14.212 GC heap after
{Heap after GC invocations=34 (full 0):
 garbage-first heap   total 220160K, used 115723K [0x0000000080000000, 0x0000000100000000)
  region size 1024K, 5 young (5120K), 5 survivors (5120K)
 Metaspace       used 69789K, capacity 71774K, committed 71888K, reserved 1112064K
  class space    used 8940K, capacity 9704K, committed 9760K, reserved 1048576K
}
Event: 14.412 GC heap before
{Heap before GC invocations=34 (full 0):
 garbage-first heap   total 220160K, used 130059K [0x0000000080000000, 0x0000000100000000)
  region size 1024K, 20 young (20480K), 5 survivors (5120K)
 Metaspace       used 70994K, capacity 72983K, committed 73040K, reserved 1112064K
  class space    used 9110K, capacity 9871K, committed 9888K, reserved 1048576K
}
Event: 14.417 GC heap after
{Heap after GC invocations=35 (full 0):
 garbage-first heap   total 220160K, used 117046K [0x0000000080000000, 0x0000000100000000)
  region size 1024K, 4 young (4096K), 4 survivors (4096K)
 Metaspace       used 70994K, capacity 72983K, committed 73040K, reserved 1112064K
  class space    used 9110K, capacity 9871K, committed 9888K, reserved 1048576K
}
Event: 15.172 GC heap before
{Heap before GC invocations=36 (full 0):
 garbage-first heap   total 220160K, used 163126K [0x0000000080000000, 0x0000000100000000)
  region size 1024K, 48 young (49152K), 4 survivors (4096K)
 Metaspace       used 72697K, capacity 74819K, committed 74960K, reserved 1114112K
  class space    used 9330K, capacity 10156K, committed 10272K, reserved 1048576K
}
Event: 15.182 GC heap after
{Heap after GC invocations=37 (full 0):
 garbage-first heap   total 220160K, used 119488K [0x0000000080000000, 0x0000000100000000)
  region size 1024K, 4 young (4096K), 4 survivors (4096K)
 Metaspace       used 72697K, capacity 74819K, committed 74960K, reserved 1114112K
  class space    used 9330K, capacity 10156K, committed 10272K, reserved 1048576K
}
Event: 15.959 GC heap before
{Heap before GC invocations=37 (full 0):
 garbage-first heap   total 220160K, used 166592K [0x0000000080000000, 0x0000000100000000)
  region size 1024K, 50 young (51200K), 4 survivors (4096K)
 Metaspace       used 77101K, capacity 79182K, committed 79440K, reserved 1118208K
  class space    used 10078K, capacity 10900K, committed 10912K, reserved 1048576K
}
Event: 15.968 GC heap after
{Heap after GC invocations=38 (full 0):
 garbage-first heap   total 220160K, used 121887K [0x0000000080000000, 0x0000000100000000)
  region size 1024K, 7 young (7168K), 7 survivors (7168K)
 Metaspace       used 77101K, capacity 79182K, committed 79440K, reserved 1118208K
  class space    used 10078K, capacity 10900K, committed 10912K, reserved 1048576K
}
Event: 16.546 GC heap before
{Heap before GC invocations=39 (full 0):
 garbage-first heap   total 220160K, used 152607K [0x0000000080000000, 0x0000000100000000)
  region size 1024K, 38 young (38912K), 7 survivors (7168K)
 Metaspace       used 80386K, capacity 82505K, committed 82768K, reserved 1120256K
  class space    used 10526K, capacity 11357K, committed 11424K, reserved 1048576K
}
Event: 16.565 GC heap after
{Heap after GC invocations=40 (full 0):
 garbage-first heap   total 220160K, used 123984K [0x0000000080000000, 0x0000000100000000)
  region size 1024K, 5 young (5120K), 5 survivors (5120K)
 Metaspace       used 80386K, capacity 82505K, committed 82768K, reserved 1120256K
  class space    used 10526K, capacity 11357K, committed 11424K, reserved 1048576K
}
Event: 17.446 GC heap before
{Heap before GC invocations=41 (full 0):
 garbage-first heap   total 220160K, used 200784K [0x0000000080000000, 0x0000000100000000)
  region size 1024K, 54 young (55296K), 5 survivors (5120K)
 Metaspace       used 82762K, capacity 85173K, committed 85456K, reserved 1122304K
  class space    used 10842K, capacity 11715K, committed 11808K, reserved 1048576K
}
Event: 17.459 GC heap after
{Heap after GC invocations=42 (full 0):
 garbage-first heap   total 264192K, used 158463K [0x0000000080000000, 0x0000000100000000)
  region size 1024K, 7 young (7168K), 7 survivors (7168K)
 Metaspace       used 82762K, capacity 85173K, committed 85456K, reserved 1122304K
  class space    used 10842K, capacity 11715K, committed 11808K, reserved 1048576K
}
Event: 17.874 GC heap before
{Heap before GC invocations=42 (full 0):
 garbage-first heap   total 264192K, used 210687K [0x0000000080000000, 0x0000000100000000)
  region size 1024K, 59 young (60416K), 7 survivors (7168K)
 Metaspace       used 84192K, capacity 86635K, committed 86736K, reserved 1124352K
  class space    used 11045K, capacity 11990K, committed 12064K, reserved 1048576K
}
Event: 17.882 GC heap after
{Heap after GC invocations=43 (full 0):
 garbage-first heap   total 264192K, used 160141K [0x0000000080000000, 0x0000000100000000)
  region size 1024K, 2 young (2048K), 2 survivors (2048K)
 Metaspace       used 84192K, capacity 86635K, committed 86736K, reserved 1124352K
  class space    used 11045K, capacity 11990K, committed 12064K, reserved 1048576K
}
Event: 18.415 GC heap before
{Heap before GC invocations=44 (full 0):
 garbage-first heap   total 264192K, used 211341K [0x0000000080000000, 0x0000000100000000)
  region size 1024K, 54 young (55296K), 2 survivors (2048K)
 Metaspace       used 86739K, capacity 89183K, committed 89296K, reserved 1126400K
  class space    used 11358K, capacity 12302K, committed 12320K, reserved 1048576K
}
Event: 18.421 GC heap after
{Heap after GC invocations=45 (full 0):
 garbage-first heap   total 264192K, used 162255K [0x0000000080000000, 0x0000000100000000)
  region size 1024K, 4 young (4096K), 4 survivors (4096K)
 Metaspace       used 86739K, capacity 89183K, committed 89296K, reserved 1126400K
  class space    used 11358K, capacity 12302K, committed 12320K, reserved 1048576K
}
Event: 19.441 GC heap before
{Heap before GC invocations=46 (full 0):
 garbage-first heap   total 264192K, used 217551K [0x0000000080000000, 0x0000000100000000)
  region size 1024K, 57 young (58368K), 4 survivors (4096K)
 Metaspace       used 91791K, capacity 94273K, committed 94544K, reserved 1130496K
  class space    used 11998K, capacity 12937K, committed 12960K, reserved 1048576K
}
Event: 19.452 GC heap after
{Heap after GC invocations=47 (full 0):
 garbage-first heap   total 264192K, used 163278K [0x0000000080000000, 0x0000000100000000)
  region size 1024K, 5 young (5120K), 5 survivors (5120K)
 Metaspace       used 91791K, capacity 94273K, committed 94544K, reserved 1130496K
  class space    used 11998K, capacity 12937K, committed 12960K, reserved 1048576K
}

Deoptimization events (20 events):
Event: 18.943 Thread 0x000001b0d11b1000 Uncommon trap: trap_request=0xfffffff4 fr.pc=0x000001b0c11c53d8 relative=0x0000000000001fd8
Event: 18.943 Thread 0x000001b0d11b1000 Uncommon trap: reason=null_check action=make_not_entrant pc=0x000001b0c11c53d8 method=java.lang.Class.createAnnotationData(I)Ljava/lang/Class$AnnotationData; @ 14 c2
Event: 18.943 Thread 0x000001b0d11b1000 DEOPT PACKING pc=0x000001b0c11c53d8 sp=0x000000453f4f7f00
Event: 18.943 Thread 0x000001b0d11b1000 DEOPT UNPACKING pc=0x000001b0b92c85af sp=0x000000453f4f7ea0 mode 2
Event: 19.598 Thread 0x000001b0d11b1000 Uncommon trap: trap_request=0xffffff4d fr.pc=0x000001b0c135eaa0 relative=0x0000000000000140
Event: 19.598 Thread 0x000001b0d11b1000 Uncommon trap: reason=unstable_if action=reinterpret pc=0x000001b0c135eaa0 method=java.lang.Integer.parseInt(Ljava/lang/String;I)I @ 195 c2
Event: 19.598 Thread 0x000001b0d11b1000 DEOPT PACKING pc=0x000001b0c135eaa0 sp=0x000000453f4f9440
Event: 19.598 Thread 0x000001b0d11b1000 DEOPT UNPACKING pc=0x000001b0b92c85af sp=0x000000453f4f9348 mode 2
Event: 19.632 Thread 0x000001b0d11b1000 Uncommon trap: trap_request=0xffffff4d fr.pc=0x000001b0c1182ed4 relative=0x0000000000000274
Event: 19.632 Thread 0x000001b0d11b1000 Uncommon trap: reason=unstable_if action=reinterpret pc=0x000001b0c1182ed4 method=java.lang.CharacterDataLatin1.digit(II)I @ 12 c2
Event: 19.632 Thread 0x000001b0d11b1000 DEOPT PACKING pc=0x000001b0c1182ed4 sp=0x000000453f4f93b0
Event: 19.632 Thread 0x000001b0d11b1000 DEOPT UNPACKING pc=0x000001b0b92c85af sp=0x000000453f4f91d0 mode 2
Event: 19.685 Thread 0x000001b0d11b1000 Uncommon trap: trap_request=0xffffff4d fr.pc=0x000001b0c11faa84 relative=0x00000000000002e4
Event: 19.685 Thread 0x000001b0d11b1000 Uncommon trap: reason=unstable_if action=reinterpret pc=0x000001b0c11faa84 method=com.google.gson.stream.JsonReader.doPeek()I @ 525 c2
Event: 19.685 Thread 0x000001b0d11b1000 DEOPT PACKING pc=0x000001b0c11faa84 sp=0x000000453f4f97e0
Event: 19.685 Thread 0x000001b0d11b1000 DEOPT UNPACKING pc=0x000001b0b92c85af sp=0x000000453f4f9760 mode 2
Event: 19.831 Thread 0x000001b0d11b1000 Uncommon trap: trap_request=0xffffff4d fr.pc=0x000001b0c1070674 relative=0x0000000000002614
Event: 19.831 Thread 0x000001b0d11b1000 Uncommon trap: reason=unstable_if action=reinterpret pc=0x000001b0c1070674 method=java.util.HashMap.getNode(ILjava/lang/Object;)Ljava/util/HashMap$Node; @ 84 c2
Event: 19.831 Thread 0x000001b0d11b1000 DEOPT PACKING pc=0x000001b0c1070674 sp=0x000000453f4f8550
Event: 19.831 Thread 0x000001b0d11b1000 DEOPT UNPACKING pc=0x000001b0b92c85af sp=0x000000453f4f8438 mode 2

Classes redefined (0 events):
No events

Internal exceptions (20 events):
Event: 18.083 Thread 0x000001b0d11b1000 Exception <a 'java/lang/ClassNotFoundException'{0x000000008f3204a8}: java/util/CollectionCustomizer> (0x000000008f3204a8) thrown at [src/hotspot/share/classfile/systemDictionary.cpp, line 230]
Event: 18.093 Thread 0x000001b0d11b1000 Exception <a 'java/lang/ClassNotFoundException'{0x000000008f3a4bd8}: org/gradle/api/tasks/SourceSetBeanInfo> (0x000000008f3a4bd8) thrown at [src/hotspot/share/classfile/systemDictionary.cpp, line 230]
Event: 18.094 Thread 0x000001b0d11b1000 Exception <a 'java/lang/ClassNotFoundException'{0x000000008f3c14a8}: org/gradle/api/tasks/SourceSetCustomizer> (0x000000008f3c14a8) thrown at [src/hotspot/share/classfile/systemDictionary.cpp, line 230]
Event: 18.097 Thread 0x000001b0d11b1000 Exception <a 'java/lang/ClassNotFoundException'{0x000000008f23be18}: java/util/LinkedHashMapBeanInfo> (0x000000008f23be18) thrown at [src/hotspot/share/classfile/systemDictionary.cpp, line 230]
Event: 18.097 Thread 0x000001b0d11b1000 Exception <a 'java/lang/ClassNotFoundException'{0x000000008f244918}: java/util/HashMapBeanInfo> (0x000000008f244918) thrown at [src/hotspot/share/classfile/systemDictionary.cpp, line 230]
Event: 18.097 Thread 0x000001b0d11b1000 Exception <a 'java/lang/ClassNotFoundException'{0x000000008f24e200}: java/util/AbstractMapBeanInfo> (0x000000008f24e200) thrown at [src/hotspot/share/classfile/systemDictionary.cpp, line 230]
Event: 18.099 Thread 0x000001b0d11b1000 Exception <a 'java/lang/ClassNotFoundException'{0x000000008f257650}: java/util/AbstractMapCustomizer> (0x000000008f257650) thrown at [src/hotspot/share/classfile/systemDictionary.cpp, line 230]
Event: 18.101 Thread 0x000001b0d11b1000 Exception <a 'java/lang/ClassNotFoundException'{0x000000008f279c00}: java/util/HashMapCustomizer> (0x000000008f279c00) thrown at [src/hotspot/share/classfile/systemDictionary.cpp, line 230]
Event: 18.102 Thread 0x000001b0d11b1000 Exception <a 'java/lang/ClassNotFoundException'{0x000000008f2bafb0}: java/util/LinkedHashMapCustomizer> (0x000000008f2bafb0) thrown at [src/hotspot/share/classfile/systemDictionary.cpp, line 230]
Event: 18.583 Thread 0x000001b0d58f2000 Exception <a 'java/lang/NoSuchMethodError'{0x000000008e8e9900}: <clinit>> (0x000000008e8e9900) thrown at [src/hotspot/share/prims/jni.cpp, line 1367]
Event: 18.656 Thread 0x000001b0d11b1000 Exception <a 'sun/nio/fs/WindowsException'{0x000000008e6f0508}> (0x000000008e6f0508) thrown at [src/hotspot/share/prims/jni.cpp, line 617]
Event: 18.834 Thread 0x000001b0d11b1000 Exception <a 'java/lang/NullPointerException'{0x000000008dc9f088}> (0x000000008dc9f088) thrown at [src/hotspot/share/interpreter/linkResolver.cpp, line 1440]
Event: 18.943 Thread 0x000001b0d11b1000 Implicit null exception at 0x000001b0c11c34e7 to 0x000001b0c11c53b0
Event: 19.615 Thread 0x000001b0d11b1000 Exception <a 'sun/nio/fs/WindowsException'{0x00000000900cf7c8}> (0x00000000900cf7c8) thrown at [src/hotspot/share/prims/jni.cpp, line 617]
Event: 19.616 Thread 0x000001b0d11b1000 Exception <a 'sun/nio/fs/WindowsException'{0x00000000900d0b40}> (0x00000000900d0b40) thrown at [src/hotspot/share/prims/jni.cpp, line 617]
Event: 19.616 Thread 0x000001b0d11b1000 Exception <a 'sun/nio/fs/WindowsException'{0x00000000900d1f08}> (0x00000000900d1f08) thrown at [src/hotspot/share/prims/jni.cpp, line 617]
Event: 19.616 Thread 0x000001b0d11b1000 Exception <a 'sun/nio/fs/WindowsException'{0x00000000900d32d0}> (0x00000000900d32d0) thrown at [src/hotspot/share/prims/jni.cpp, line 617]
Event: 20.033 Thread 0x000001b0d11b1000 Exception <a 'java/lang/NoSuchMethodError'{0x000000008fafd1d8}: 'java.lang.Object java.lang.invoke.DirectMethodHandle$Holder.invokeStatic(java.lang.Object, java.lang.Object, java.lang.Object, java.lang.Object, java.lang.Object, java.lang.Object, int)'> (0x000000008fafd1d8) thrown at [src/hotspot/share/interpreter/linkResolver.cpp, line 773]
Event: 20.034 Thread 0x000001b0d11b1000 Exception <a 'java/lang/NoSuchMethodError'{0x000000008f915a80}: 'java.lang.Object java.lang.invoke.DirectMethodHandle$Holder.invokeStatic(java.lang.Object, java.lang.Object, java.lang.Object, java.lang.Object, java.lang.Object, java.lang.Object, int, int)'> (0x000000008f915a80) thrown at [src/hotspot/share/interpreter/linkResolver.cpp, line 773]
Event: 20.040 Thread 0x000001b0d11b1000 Exception <a 'java/lang/NoSuchMethodError'{0x000000008f92e2e0}: 'java.lang.Object java.lang.invoke.DirectMethodHandle$Holder.invokeStatic(java.lang.Object, java.lang.Object, java.lang.Object, java.lang.Object, java.lang.Object, java.lang.Object, int, int, java.lang.Object)'> (0x000000008f92e2e0) thrown at [src/hotspot/share/interpreter/linkResolver.cpp, line 773]

Events (20 events):
Event: 20.048 loading class com/android/build/gradle/internal/AndroidJarInput
Event: 20.048 loading class com/android/build/gradle/internal/AndroidJarInput done
Event: 20.051 loading class org/gradle/api/tasks/CacheableTask
Event: 20.051 loading class org/gradle/api/tasks/CacheableTask done
Event: 20.051 loading class org/gradle/api/tasks/OutputDirectory
Event: 20.051 loading class org/gradle/api/tasks/OutputDirectory done
Event: 20.052 loading class org/gradle/internal/instantiation/generator/AsmBackedClassGenerator$AttachedProperty
Event: 20.052 loading class org/gradle/internal/instantiation/generator/AsmBackedClassGenerator$AttachedProperty done
Event: 20.068 loading class com/android/build/api/variant/impl/AndroidResourcesImplKt
Event: 20.068 loading class com/android/build/api/variant/impl/AndroidResourcesImplKt done
Event: 20.069 loading class com/android/build/api/variant/impl/AndroidResourcesImpl
Event: 20.069 loading class com/android/build/api/variant/impl/AndroidResourcesImpl done
Event: 20.075 loading class org/gradle/api/NonExtensible
Event: 20.075 loading class org/gradle/api/NonExtensible done
Event: 20.078 loading class org/gradle/internal/metaobject/BeanDynamicObject
Event: 20.078 loading class org/gradle/internal/metaobject/BeanDynamicObject done
Event: 20.079 loading class com/android/build/gradle/internal/SdkComponentsKt
Event: 20.079 loading class com/android/build/gradle/internal/SdkComponentsKt done
Event: 20.083 loading class com/android/build/gradle/internal/component/TestVariantCreationConfig
Event: 20.083 loading class com/android/build/gradle/internal/component/TestVariantCreationConfig done


Dynamic libraries:
0x00007ff7ad9c0000 - 0x00007ff7ad9ca000 	C:\Program Files\Android\Android Studio\jbr\bin\java.exe
0x00007ffbac7b0000 - 0x00007ffbac9a8000 	C:\WINDOWS\SYSTEM32\ntdll.dll
0x00007ffbabef0000 - 0x00007ffbabfad000 	C:\WINDOWS\System32\KERNEL32.DLL
0x00007ffba9ec0000 - 0x00007ffbaa1b6000 	C:\WINDOWS\System32\KERNELBASE.dll
0x00007ffbaa520000 - 0x00007ffbaa620000 	C:\WINDOWS\System32\ucrtbase.dll
0x00007ffba4be0000 - 0x00007ffba4bfb000 	C:\Program Files\Android\Android Studio\jbr\bin\VCRUNTIME140.dll
0x00007ffba4820000 - 0x00007ffba4837000 	C:\Program Files\Android\Android Studio\jbr\bin\jli.dll
0x00007ffbabab0000 - 0x00007ffbabc4e000 	C:\WINDOWS\System32\USER32.dll
0x00007ffb957d0000 - 0x00007ffb95a6a000 	C:\WINDOWS\WinSxS\amd64_microsoft.windows.common-controls_6595b64144ccf1df_6.0.19041.1110_none_60b5254171f9507e\COMCTL32.dll
0x00007ffbab330000 - 0x00007ffbab3ce000 	C:\WINDOWS\System32\msvcrt.dll
0x00007ffba9e90000 - 0x00007ffba9eb2000 	C:\WINDOWS\System32\win32u.dll
0x00007ffbaa9f0000 - 0x00007ffbaaa1c000 	C:\WINDOWS\System32\GDI32.dll
0x00007ffbaa2a0000 - 0x00007ffbaa3ba000 	C:\WINDOWS\System32\gdi32full.dll
0x00007ffbaa430000 - 0x00007ffbaa4cd000 	C:\WINDOWS\System32\msvcp_win.dll
0x00007ffbabdb0000 - 0x00007ffbabde0000 	C:\WINDOWS\System32\IMM32.DLL
0x00007ffba6ff0000 - 0x00007ffba6ffc000 	C:\Program Files\Android\Android Studio\jbr\bin\vcruntime140_1.dll
0x00007ffb9dec0000 - 0x00007ffb9df4d000 	C:\Program Files\Android\Android Studio\jbr\bin\msvcp140.dll
0x00007ffb5a730000 - 0x00007ffb5b2ec000 	C:\Program Files\Android\Android Studio\jbr\bin\server\jvm.dll
0x00007ffbabd00000 - 0x00007ffbabdae000 	C:\WINDOWS\System32\ADVAPI32.dll
0x00007ffbabc60000 - 0x00007ffbabcfc000 	C:\WINDOWS\System32\sechost.dll
0x00007ffbaaa20000 - 0x00007ffbaab46000 	C:\WINDOWS\System32\RPCRT4.dll
0x00007ffbaa810000 - 0x00007ffbaa818000 	C:\WINDOWS\System32\PSAPI.DLL
0x00007ffb8fdf0000 - 0x00007ffb8fdf9000 	C:\WINDOWS\SYSTEM32\WSOCK32.dll
0x00007ffbac4d0000 - 0x00007ffbac53b000 	C:\WINDOWS\System32\WS2_32.dll
0x00007ffb92160000 - 0x00007ffb92187000 	C:\WINDOWS\SYSTEM32\WINMM.dll
0x00007ffba3cd0000 - 0x00007ffba3cda000 	C:\WINDOWS\SYSTEM32\VERSION.dll
0x00007ffba7f00000 - 0x00007ffba7f12000 	C:\WINDOWS\SYSTEM32\kernel.appcore.dll
0x00007ffba4de0000 - 0x00007ffba4df0000 	C:\Program Files\Android\Android Studio\jbr\bin\verify.dll
0x00007ffba7ad0000 - 0x00007ffba7cb4000 	C:\WINDOWS\SYSTEM32\DBGHELP.DLL
0x00007ffb90da0000 - 0x00007ffb90dd4000 	C:\WINDOWS\SYSTEM32\dbgcore.DLL
0x00007ffbaa620000 - 0x00007ffbaa6a2000 	C:\WINDOWS\System32\bcryptPrimitives.dll
0x00007ffb9e170000 - 0x00007ffb9e198000 	C:\Program Files\Android\Android Studio\jbr\bin\java.dll
0x00007ffba4dd0000 - 0x00007ffba4dda000 	C:\Program Files\Android\Android Studio\jbr\bin\jimage.dll
0x00007ffb9e150000 - 0x00007ffb9e168000 	C:\Program Files\Android\Android Studio\jbr\bin\zip.dll
0x00007ffbaabe0000 - 0x00007ffbab325000 	C:\WINDOWS\System32\SHELL32.dll
0x00007ffba7f20000 - 0x00007ffba86bb000 	C:\WINDOWS\SYSTEM32\windows.storage.dll
0x00007ffbab3d0000 - 0x00007ffbab724000 	C:\WINDOWS\System32\combase.dll
0x00007ffba98d0000 - 0x00007ffba98fe000 	C:\WINDOWS\SYSTEM32\Wldp.dll
0x00007ffbabfb0000 - 0x00007ffbac05d000 	C:\WINDOWS\System32\SHCORE.dll
0x00007ffbabde0000 - 0x00007ffbabe35000 	C:\WINDOWS\System32\shlwapi.dll
0x00007ffba9dc0000 - 0x00007ffba9de5000 	C:\WINDOWS\SYSTEM32\profapi.dll
0x00007ffb9e130000 - 0x00007ffb9e149000 	C:\Program Files\Android\Android Studio\jbr\bin\net.dll
0x00007ffb99380000 - 0x00007ffb9948a000 	C:\WINDOWS\SYSTEM32\WINHTTP.dll
0x00007ffba9630000 - 0x00007ffba969a000 	C:\WINDOWS\system32\mswsock.dll
0x00007ffb9e110000 - 0x00007ffb9e123000 	C:\Program Files\Android\Android Studio\jbr\bin\nio.dll
0x00007ffba55b0000 - 0x00007ffba55d7000 	C:\Users\adlif\.gradle\native\e1d6ef7f7dcc3fd88c89a11ec53ec762bb8ba0a96d01ffa2cd45eb1d1d8dd5c5\windows-amd64\native-platform.dll
0x00007ffb88e20000 - 0x00007ffb88f64000 	C:\Users\adlif\.gradle\native\0d407fdbe67a94daf76414ababcb853783967236a71b16ec16e742cd7a986fd3\windows-amd64\native-platform-file-events.dll
0x00007ffb9e0e0000 - 0x00007ffb9e0ea000 	C:\Program Files\Android\Android Studio\jbr\bin\management.dll
0x00007ffb9e0d0000 - 0x00007ffb9e0db000 	C:\Program Files\Android\Android Studio\jbr\bin\management_ext.dll
0x00007ffba9820000 - 0x00007ffba9838000 	C:\WINDOWS\SYSTEM32\CRYPTSP.dll
0x00007ffba8ed0000 - 0x00007ffba8f04000 	C:\WINDOWS\system32\rsaenh.dll
0x00007ffbaa1c0000 - 0x00007ffbaa1e7000 	C:\WINDOWS\System32\bcrypt.dll
0x00007ffba9d40000 - 0x00007ffba9d6e000 	C:\WINDOWS\SYSTEM32\USERENV.dll
0x00007ffba9840000 - 0x00007ffba984c000 	C:\WINDOWS\SYSTEM32\CRYPTBASE.dll
0x00007ffba92d0000 - 0x00007ffba930b000 	C:\WINDOWS\SYSTEM32\IPHLPAPI.DLL
0x00007ffbabc50000 - 0x00007ffbabc58000 	C:\WINDOWS\System32\NSI.dll
0x00007ffba0110000 - 0x00007ffba0127000 	C:\WINDOWS\SYSTEM32\dhcpcsvc6.DLL
0x00007ffb9e5e0000 - 0x00007ffb9e5fd000 	C:\WINDOWS\SYSTEM32\dhcpcsvc.DLL
0x00007ffba9320000 - 0x00007ffba93ea000 	C:\WINDOWS\SYSTEM32\DNSAPI.dll

dbghelp: loaded successfully - version: 4.0.5 - missing functions: none
symbol engine: initialized successfully - sym options: 0x614 - pdb path: .;C:\Program Files\Android\Android Studio\jbr\bin;C:\WINDOWS\SYSTEM32;C:\WINDOWS\WinSxS\amd64_microsoft.windows.common-controls_6595b64144ccf1df_6.0.19041.1110_none_60b5254171f9507e;C:\Program Files\Android\Android Studio\jbr\bin\server;C:\Users\adlif\.gradle\native\e1d6ef7f7dcc3fd88c89a11ec53ec762bb8ba0a96d01ffa2cd45eb1d1d8dd5c5\windows-amd64;C:\Users\adlif\.gradle\native\0d407fdbe67a94daf76414ababcb853783967236a71b16ec16e742cd7a986fd3\windows-amd64

VM Arguments:
jvm_args: --add-opens=java.base/java.util=ALL-UNNAMED --add-opens=java.base/java.lang=ALL-UNNAMED --add-opens=java.base/java.lang.invoke=ALL-UNNAMED --add-opens=java.base/java.util=ALL-UNNAMED --add-opens=java.prefs/java.util.prefs=ALL-UNNAMED --add-opens=java.prefs/java.util.prefs=ALL-UNNAMED --add-opens=java.base/java.nio.charset=ALL-UNNAMED --add-opens=java.base/java.net=ALL-UNNAMED --add-opens=java.base/java.util.concurrent.atomic=ALL-UNNAMED -Xmx2048m -Dfile.encoding=UTF-8 -Duser.country=US -Duser.language=en -Duser.variant 
java_command: org.gradle.launcher.daemon.bootstrap.GradleDaemon 7.5
java_class_path (initial): C:\Users\adlif\.gradle\wrapper\dists\gradle-7.5-bin\f1w0cc9nuo0eivz97x2xlu9sv\gradle-7.5\lib\gradle-launcher-7.5.jar
Launcher Type: SUN_STANDARD

[Global flags]
     intx CICompilerCount                          = 3                                         {product} {ergonomic}
     uint ConcGCThreads                            = 1                                         {product} {ergonomic}
     uint G1ConcRefinementThreads                  = 4                                         {product} {ergonomic}
   size_t G1HeapRegionSize                         = 1048576                                   {product} {ergonomic}
    uintx GCDrainStackTargetSize                   = 64                                        {product} {ergonomic}
   size_t InitialHeapSize                          = 130023424                                 {product} {ergonomic}
   size_t MarkStackSize                            = 4194304                                   {product} {ergonomic}
   size_t MaxHeapSize                              = 2147483648                                {product} {command line}
   size_t MaxNewSize                               = 1287651328                                {product} {ergonomic}
   size_t MinHeapDeltaBytes                        = 1048576                                   {product} {ergonomic}
    uintx NonNMethodCodeHeapSize                   = 5830732                                {pd product} {ergonomic}
    uintx NonProfiledCodeHeapSize                  = 122913754                              {pd product} {ergonomic}
    uintx ProfiledCodeHeapSize                     = 122913754                              {pd product} {ergonomic}
    uintx ReservedCodeCacheSize                    = 251658240                              {pd product} {ergonomic}
     bool SegmentedCodeCache                       = true                                      {product} {ergonomic}
     bool UseCompressedClassPointers               = true                                 {lp64_product} {ergonomic}
     bool UseCompressedOops                        = true                                 {lp64_product} {ergonomic}
     bool UseG1GC                                  = true                                      {product} {ergonomic}
     bool UseLargePagesIndividualAllocation        = false                                  {pd product} {ergonomic}

Logging:
Log output configuration:
 #0: stdout all=warning uptime,level,tags
 #1: stderr all=off uptime,level,tags

Environment Variables:
PATH=C:\Program Files\Common Files\Oracle\Java\javapath;C:\Program Files (x86)\Common Files\Intel\Shared Libraries\redist\intel64\compiler;C:\WINDOWS\system32;C:\WINDOWS;C:\WINDOWS\System32\Wbem;C:\WINDOWS\System32\WindowsPowerShell\v1.0\;C:\WINDOWS\System32\OpenSSH\;C:\Program Files\Git\cmd;C:\Program Files\nodejs\;C:\ProgramData\chocolatey\bin;C:\php-8.2.6;C:\Program Files\CMake\bin;C:\ProgramData\ComposerSetup\bin;C:\Users\adlif\AppData\Local\Programs\Python\Python310\Scripts\;C:\Users\adlif\AppData\Local\Programs\Python\Python310\;C:\Users\adlif\AppData\Local\Programs\Python\Python311\Scripts\;C:\Users\adlif\AppData\Local\Programs\Python\Python311\;C:\Users\adlif\AppData\Local\Microsoft\WindowsApps;D:\Visual Studio Code\Microsoft VS Code\bin;C:\ffmpeg\bin;C:\Users\adlif\AppData\Roaming\npm;C:\Program Files\heroku\bin;C:\Users\adlif\AppData\Roaming\Composer\vendor\bin
USERNAME=Kayoi
OS=Windows_NT
PROCESSOR_IDENTIFIER=Intel64 Family 6 Model 126 Stepping 5, GenuineIntel



---------------  S Y S T E M  ---------------

OS: Windows 10 , 64 bit Build 19041 (10.0.19041.3393)
OS uptime: 0 days 21:49 hours

CPU:total 4 (initial active 4) (2 cores per cpu, 2 threads per core) family 6 model 126 stepping 5 microcode 0x96, cmov, cx8, fxsr, mmx, sse, sse2, sse3, ssse3, sse4.1, sse4.2, popcnt, avx, avx2, aes, clmul, erms, 3dnowpref, lzcnt, ht, tsc, tscinvbit, bmi1, bmi2, adx, evex, sha, fma

Memory: 4k page, system-wide physical 7930M (352M free)
TotalPageFile size 7930M (AvailPageFile size 13M)
current process WorkingSet (physical memory assigned to process): 493M, peak: 519M
current process commit charge ("private bytes"): 552M, peak: 553M

vm_info: OpenJDK 64-Bit Server VM (11.0.15+0-b2043.56-9505619) for windows-amd64 JRE (11.0.15+0-b2043.56-9505619), built on Jan 19 2023 02:48:00 by "builduser" with unknown MS VC++:1929

END.
