#
# There is insufficient memory for the Java Runtime Environment to continue.
# Native memory allocation (mmap) failed to map 65011712 bytes for Failed to commit area from 0x0000000093600000 to 0x0000000097400000 of length 65011712.
# Possible reasons:
#   The system is out of physical RAM or swap space
#   The process is running with CompressedOops enabled, and the Java Heap may be blocking the growth of the native heap
# Possible solutions:
#   Reduce memory load on the system
#   Increase physical memory or swap space
#   Check if swap backing store is full
#   Decrease Java heap size (-Xmx/-Xms)
#   Decrease number of Java threads
#   Decrease Java thread stack sizes (-Xss)
#   Set larger code cache with -XX:ReservedCodeCacheSize=
#   JVM is running with Unscaled Compressed Oops mode in which the Java heap is
#     placed in the first 4GB address space. The Java Heap base address is the
#     maximum limit for the native heap growth. Please use -XX:HeapBaseMinAddress
#     to set the Java Heap base and to place the Java Heap above 4GB virtual address.
# This output file may be truncated or incomplete.
#
#  Out of Memory Error (src/hotspot/os/windows/os_windows.cpp:3627), pid=6796, tid=8524
#
# JRE version: OpenJDK Runtime Environment (11.0.15) (build 11.0.15+0-b2043.56-9505619)
# Java VM: OpenJDK 64-Bit Server VM (11.0.15+0-b2043.56-9505619, mixed mode, tiered, compressed oops, g1 gc, windows-amd64)
# No core dump will be written. Minidumps are not enabled by default on client versions of Windows
#

---------------  S U M M A R Y ------------

Command Line: --add-opens=java.base/java.util=ALL-UNNAMED --add-opens=java.base/java.lang=ALL-UNNAMED --add-opens=java.base/java.lang.invoke=ALL-UNNAMED --add-opens=java.base/java.util=ALL-UNNAMED --add-opens=java.prefs/java.util.prefs=ALL-UNNAMED --add-opens=java.prefs/java.util.prefs=ALL-UNNAMED --add-opens=java.base/java.nio.charset=ALL-UNNAMED --add-opens=java.base/java.net=ALL-UNNAMED --add-opens=java.base/java.util.concurrent.atomic=ALL-UNNAMED -Xmx2048m -Dfile.encoding=UTF-8 -Duser.country=US -Duser.language=en -Duser.variant org.gradle.launcher.daemon.bootstrap.GradleDaemon 7.5

Host: Intel(R) Core(TM) i3-1005G1 CPU @ 1.20GHz, 4 cores, 7G,  Windows 10 , 64 bit Build 19041 (10.0.19041.3393)
Time: Thu Oct 12 13:32:05 2023 SE Asia Standard Time elapsed time: 33.795013 seconds (0d 0h 0m 33s)

---------------  T H R E A D  ---------------

Current thread (0x00000189e5c90800):  VMThread "VM Thread" [stack: 0x00000014f9c00000,0x00000014f9d00000] [id=8524]

Stack: [0x00000014f9c00000,0x00000014f9d00000]
[error occurred during error reporting (printing stack bounds), id 0xc0000005, EXCEPTION_ACCESS_VIOLATION (0xc0000005) at pc=0x00000189cfba12e7]

Native frames: (J=compiled Java code, j=interpreted, Vv=VM code, C=native code)
V  [jvm.dll+0x64135a]
V  [jvm.dll+0x7d39f9]
V  [jvm.dll+0x7d51b9]
V  [jvm.dll+0x7d5805]
V  [jvm.dll+0x7d57bb]
V  [jvm.dll+0x640655]
V  [jvm.dll+0x640d68]
C  [ntdll.dll+0xa221f]
C  [ntdll.dll+0x514b4]
C  [ntdll.dll+0xa0d2e]
C  0x00000189cfba12e7

VM_Operation (0x00000014fdaf8e30): G1CollectForAllocation, mode: safepoint, requested by thread 0x00000189ea0cc800


---------------  P R O C E S S  ---------------

Threads class SMR info:
_java_thread_list=0x00000189ea53c020, length=90, elements={
0x00000189cc075000, 0x00000189e5c93000, 0x00000189e5c94800, 0x00000189e5cb1800,
0x00000189e5cb2800, 0x00000189e5cb4000, 0x00000189e5cb9000, 0x00000189e5cc0800,
0x00000189e5cc4800, 0x00000189e676a800, 0x00000189e873d000, 0x00000189e687a000,
0x00000189e81ae800, 0x00000189e7647800, 0x00000189e7b0e800, 0x00000189e876a000,
0x00000189e876c800, 0x00000189e876b800, 0x00000189e8768800, 0x00000189e8769000,
0x00000189e8766800, 0x00000189e99b8000, 0x00000189e99bc800, 0x00000189e99bb000,
0x00000189e99b8800, 0x00000189e99b9800, 0x00000189ea0c6000, 0x00000189ea0c0800,
0x00000189ec88d000, 0x00000189ec88e800, 0x00000189ec88c800, 0x00000189ec893800,
0x00000189ec891000, 0x00000189ec894800, 0x00000189ec88f800, 0x00000189ec895800,
0x00000189ec896000, 0x00000189ec890800, 0x00000189ec897000, 0x00000189ec897800,
0x00000189ec892000, 0x00000189ec898800, 0x00000189ec893000, 0x00000189ec899800,
0x00000189ec89a000, 0x00000189ec89b000, 0x00000189ea0bf800, 0x00000189ea0c7000,
0x00000189ea0c1800, 0x00000189ea0c2000, 0x00000189ea0c5800, 0x00000189ea0c8000,
0x00000189ea0c8800, 0x00000189ea0c3000, 0x00000189ea0c9800, 0x00000189ea0c3800,
0x00000189ea0ca800, 0x00000189ea0c4800, 0x00000189ea0cb000, 0x00000189ea0cc800,
0x00000189ea0cc000, 0x00000189ea0cd800, 0x00000189ea0ce800, 0x00000189e876b000,
0x00000189e876d000, 0x00000189e8767800, 0x00000189e99ba000, 0x00000189e99bd800,
0x00000189ea50e800, 0x00000189ea50f800, 0x00000189ea511000, 0x00000189ea513800,
0x00000189ea50e000, 0x00000189ea510000, 0x00000189ea514800, 0x00000189ea516800,
0x00000189ea515000, 0x00000189ea512000, 0x00000189ea512800, 0x00000189ea517800,
0x00000189ea51b800, 0x00000189ea51a000, 0x00000189ea518800, 0x00000189ea519000,
0x00000189ea51b000, 0x00000189ea516000, 0x00000189f00fe000, 0x00000189f00f9000,
0x00000189f00fa000, 0x00000189f00fd000
}

Java Threads: ( => current thread )
  0x00000189cc075000 JavaThread "main" [_thread_blocked, id=1856, stack(0x00000014f9600000,0x00000014f9700000)]
  0x00000189e5c93000 JavaThread "Reference Handler" daemon [_thread_blocked, id=10088, stack(0x00000014f9d00000,0x00000014f9e00000)]
  0x00000189e5c94800 JavaThread "Finalizer" daemon [_thread_blocked, id=7980, stack(0x00000014f9e00000,0x00000014f9f00000)]
  0x00000189e5cb1800 JavaThread "Signal Dispatcher" daemon [_thread_blocked, id=1480, stack(0x00000014f9f00000,0x00000014fa000000)]
  0x00000189e5cb2800 JavaThread "Attach Listener" daemon [_thread_blocked, id=7852, stack(0x00000014fa000000,0x00000014fa100000)]
  0x00000189e5cb4000 JavaThread "Service Thread" daemon [_thread_blocked, id=3576, stack(0x00000014fa100000,0x00000014fa200000)]
  0x00000189e5cb9000 JavaThread "C2 CompilerThread0" daemon [_thread_blocked, id=6164, stack(0x00000014fa200000,0x00000014fa300000)]
  0x00000189e5cc0800 JavaThread "C1 CompilerThread0" daemon [_thread_blocked, id=9696, stack(0x00000014fa300000,0x00000014fa400000)]
  0x00000189e5cc4800 JavaThread "Sweeper thread" daemon [_thread_blocked, id=2116, stack(0x00000014fa400000,0x00000014fa500000)]
  0x00000189e676a800 JavaThread "Common-Cleaner" daemon [_thread_blocked, id=2236, stack(0x00000014fa500000,0x00000014fa600000)]
  0x00000189e873d000 JavaThread "Daemon health stats" [_thread_blocked, id=9092, stack(0x00000014fa900000,0x00000014faa00000)]
  0x00000189e687a000 JavaThread "Incoming local TCP Connector on port 64559" [_thread_in_native, id=3792, stack(0x00000014fa700000,0x00000014fa800000)]
  0x00000189e81ae800 JavaThread "Daemon periodic checks" [_thread_blocked, id=2840, stack(0x00000014faa00000,0x00000014fab00000)]
  0x00000189e7647800 JavaThread "Daemon" [_thread_blocked, id=6184, stack(0x00000014fab00000,0x00000014fac00000)]
  0x00000189e7b0e800 JavaThread "Daemon worker" [_thread_blocked, id=1084, stack(0x00000014fae00000,0x00000014faf00000)]
  0x00000189e876a000 JavaThread "Cache worker for journal cache (C:\Users\adlif\.gradle\caches\journal-1)" [_thread_blocked, id=10320, stack(0x00000014fb200000,0x00000014fb300000)]
  0x00000189e876c800 JavaThread "File lock request listener" [_thread_in_native, id=3088, stack(0x00000014fb300000,0x00000014fb400000)]
  0x00000189e876b800 JavaThread "Cache worker for file hash cache (C:\Users\adlif\.gradle\caches\7.5\fileHashes)" [_thread_blocked, id=1956, stack(0x00000014fb600000,0x00000014fb700000)]
  0x00000189e8768800 JavaThread "File watcher server" daemon [_thread_blocked, id=2084, stack(0x00000014fb800000,0x00000014fb900000)]
  0x00000189e8769000 JavaThread "File watcher consumer" daemon [_thread_blocked, id=5248, stack(0x00000014fb900000,0x00000014fba00000)]
  0x00000189e8766800 JavaThread "Cache worker for file content cache (C:\Users\adlif\.gradle\caches\7.5\fileContent)" [_thread_blocked, id=8012, stack(0x00000014fbc00000,0x00000014fbd00000)]
  0x00000189e99b8000 JavaThread "Cache worker for execution history cache (C:\Users\adlif\.gradle\caches\7.5\executionHistory)" [_thread_blocked, id=8404, stack(0x00000014fbf00000,0x00000014fc000000)]
  0x00000189e99bc800 JavaThread "jar transforms" [_thread_blocked, id=1388, stack(0x00000014fc000000,0x00000014fc100000)]
  0x00000189e99bb000 JavaThread "jar transforms Thread 2" [_thread_blocked, id=8844, stack(0x00000014fc100000,0x00000014fc200000)]
  0x00000189e99b8800 JavaThread "jar transforms Thread 3" [_thread_blocked, id=1520, stack(0x00000014fc200000,0x00000014fc300000)]
  0x00000189e99b9800 JavaThread "jar transforms Thread 4" [_thread_blocked, id=1380, stack(0x00000014fc300000,0x00000014fc400000)]
  0x00000189ea0c6000 JavaThread "Memory manager" [_thread_blocked, id=4736, stack(0x00000014fef00000,0x00000014ff000000)]
  0x00000189ea0c0800 JavaThread "included builds" [_thread_blocked, id=7332, stack(0x00000014ff000000,0x00000014ff100000)]
  0x00000189ec88d000 JavaThread "Handler for socket connection from /127.0.0.1:64559 to /127.0.0.1:64572" [_thread_in_native, id=252, stack(0x00000014fac00000,0x00000014fad00000)]
  0x00000189ec88e800 JavaThread "Cancel handler" [_thread_blocked, id=6804, stack(0x00000014fad00000,0x00000014fae00000)]
  0x00000189ec88c800 JavaThread "Asynchronous log dispatcher for DefaultDaemonConnection: socket connection from /127.0.0.1:64559 to /127.0.0.1:64572" [_thread_blocked, id=10104, stack(0x00000014faf00000,0x00000014fb000000)]
  0x00000189ec893800 JavaThread "Stdin handler" [_thread_blocked, id=5772, stack(0x00000014fb000000,0x00000014fb100000)]
  0x00000189ec891000 JavaThread "Daemon client event forwarder" [_thread_blocked, id=3256, stack(0x00000014fb100000,0x00000014fb200000)]
  0x00000189ec894800 JavaThread "Cache worker for checksums cache (C:\Users\adlif\AndroidStudioProjects\Isla_Beta\.gradle\7.5\checksums)" [_thread_blocked, id=9964, stack(0x00000014fb700000,0x00000014fb800000)]
  0x00000189ec88f800 JavaThread "Cache worker for cache directory md-rule (C:\Users\adlif\.gradle\caches\7.5\md-rule)" [_thread_blocked, id=6356, stack(0x00000014fba00000,0x00000014fbb00000)]
  0x00000189ec895800 JavaThread "Cache worker for file hash cache (C:\Users\adlif\AndroidStudioProjects\Isla_Beta\.gradle\7.5\fileHashes)" [_thread_blocked, id=4764, stack(0x00000014fbb00000,0x00000014fbc00000)]
  0x00000189ec896000 JavaThread "Cache worker for cache directory md-supplier (C:\Users\adlif\.gradle\caches\7.5\md-supplier)" [_thread_blocked, id=3856, stack(0x00000014fbd00000,0x00000014fbe00000)]
  0x00000189ec890800 JavaThread "Cache worker for dependencies-accessors (C:\Users\adlif\AndroidStudioProjects\Isla_Beta\.gradle\7.5\dependencies-accessors)" [_thread_blocked, id=1272, stack(0x00000014fbe00000,0x00000014fbf00000)]
  0x00000189ec897000 JavaThread "Cache worker for Build Output Cleanup Cache (C:\Users\adlif\AndroidStudioProjects\Isla_Beta\.gradle\buildOutputCleanup)" [_thread_blocked, id=3012, stack(0x00000014fc400000,0x00000014fc500000)]
  0x00000189ec897800 JavaThread "Unconstrained build operations" [_thread_blocked, id=4356, stack(0x00000014fc600000,0x00000014fc700000)]
  0x00000189ec892000 JavaThread "Unconstrained build operations Thread 2" [_thread_blocked, id=5768, stack(0x00000014fc700000,0x00000014fc800000)]
  0x00000189ec898800 JavaThread "Unconstrained build operations Thread 3" [_thread_blocked, id=5020, stack(0x00000014fc800000,0x00000014fc900000)]
  0x00000189ec893000 JavaThread "Unconstrained build operations Thread 4" [_thread_blocked, id=3068, stack(0x00000014fc900000,0x00000014fca00000)]
  0x00000189ec899800 JavaThread "Unconstrained build operations Thread 5" [_thread_blocked, id=10408, stack(0x00000014fca00000,0x00000014fcb00000)]
  0x00000189ec89a000 JavaThread "Unconstrained build operations Thread 6" [_thread_blocked, id=6160, stack(0x00000014fcb00000,0x00000014fcc00000)]
  0x00000189ec89b000 JavaThread "Unconstrained build operations Thread 7" [_thread_blocked, id=10428, stack(0x00000014fcc00000,0x00000014fcd00000)]
  0x00000189ea0bf800 JavaThread "Unconstrained build operations Thread 8" [_thread_blocked, id=10728, stack(0x00000014fcd00000,0x00000014fce00000)]
  0x00000189ea0c7000 JavaThread "Unconstrained build operations Thread 9" [_thread_blocked, id=11208, stack(0x00000014fce00000,0x00000014fcf00000)]
  0x00000189ea0c1800 JavaThread "Unconstrained build operations Thread 10" [_thread_blocked, id=2296, stack(0x00000014fcf00000,0x00000014fd000000)]
  0x00000189ea0c2000 JavaThread "Unconstrained build operations Thread 11" [_thread_blocked, id=1108, stack(0x00000014fd000000,0x00000014fd100000)]
  0x00000189ea0c5800 JavaThread "Unconstrained build operations Thread 12" [_thread_blocked, id=4692, stack(0x00000014fd100000,0x00000014fd200000)]
  0x00000189ea0c8000 JavaThread "Unconstrained build operations Thread 13" [_thread_blocked, id=2384, stack(0x00000014fd200000,0x00000014fd300000)]
  0x00000189ea0c8800 JavaThread "Unconstrained build operations Thread 14" [_thread_blocked, id=2468, stack(0x00000014fd300000,0x00000014fd400000)]
  0x00000189ea0c3000 JavaThread "Unconstrained build operations Thread 15" [_thread_blocked, id=10472, stack(0x00000014fd400000,0x00000014fd500000)]
  0x00000189ea0c9800 JavaThread "Unconstrained build operations Thread 16" [_thread_blocked, id=10792, stack(0x00000014fd500000,0x00000014fd600000)]
  0x00000189ea0c3800 JavaThread "Unconstrained build operations Thread 17" [_thread_blocked, id=5856, stack(0x00000014fd600000,0x00000014fd700000)]
  0x00000189ea0ca800 JavaThread "Unconstrained build operations Thread 18" [_thread_blocked, id=4776, stack(0x00000014fd700000,0x00000014fd800000)]
  0x00000189ea0c4800 JavaThread "Unconstrained build operations Thread 19" [_thread_blocked, id=4824, stack(0x00000014fd800000,0x00000014fd900000)]
  0x00000189ea0cb000 JavaThread "Unconstrained build operations Thread 20" [_thread_blocked, id=3008, stack(0x00000014fd900000,0x00000014fda00000)]
  0x00000189ea0cc800 JavaThread "Unconstrained build operations Thread 21" [_thread_blocked, id=5700, stack(0x00000014fda00000,0x00000014fdb00000)]
  0x00000189ea0cc000 JavaThread "Unconstrained build operations Thread 22" [_thread_blocked, id=1580, stack(0x00000014fdb00000,0x00000014fdc00000)]
  0x00000189ea0cd800 JavaThread "Unconstrained build operations Thread 23" [_thread_blocked, id=7580, stack(0x00000014fdc00000,0x00000014fdd00000)]
  0x00000189ea0ce800 JavaThread "Unconstrained build operations Thread 24" [_thread_blocked, id=8620, stack(0x00000014fdd00000,0x00000014fde00000)]
  0x00000189e876b000 JavaThread "Unconstrained build operations Thread 25" [_thread_blocked, id=1264, stack(0x00000014fde00000,0x00000014fdf00000)]
  0x00000189e876d000 JavaThread "Unconstrained build operations Thread 26" [_thread_blocked, id=7192, stack(0x00000014fdf00000,0x00000014fe000000)]
  0x00000189e8767800 JavaThread "Unconstrained build operations Thread 27" [_thread_blocked, id=8716, stack(0x00000014fe000000,0x00000014fe100000)]
  0x00000189e99ba000 JavaThread "Unconstrained build operations Thread 28" [_thread_blocked, id=1560, stack(0x00000014fe100000,0x00000014fe200000)]
  0x00000189e99bd800 JavaThread "Unconstrained build operations Thread 29" [_thread_blocked, id=8340, stack(0x00000014fe200000,0x00000014fe300000)]
  0x00000189ea50e800 JavaThread "Unconstrained build operations Thread 30" [_thread_blocked, id=4372, stack(0x00000014fe300000,0x00000014fe400000)]
  0x00000189ea50f800 JavaThread "Unconstrained build operations Thread 31" [_thread_blocked, id=5532, stack(0x00000014fe400000,0x00000014fe500000)]
  0x00000189ea511000 JavaThread "Unconstrained build operations Thread 32" [_thread_blocked, id=2844, stack(0x00000014fe500000,0x00000014fe600000)]
  0x00000189ea513800 JavaThread "Unconstrained build operations Thread 33" [_thread_blocked, id=10112, stack(0x00000014fe600000,0x00000014fe700000)]
  0x00000189ea50e000 JavaThread "Unconstrained build operations Thread 34" [_thread_blocked, id=1408, stack(0x00000014fe700000,0x00000014fe800000)]
  0x00000189ea510000 JavaThread "Unconstrained build operations Thread 35" [_thread_blocked, id=10896, stack(0x00000014fe800000,0x00000014fe900000)]
  0x00000189ea514800 JavaThread "Unconstrained build operations Thread 36" [_thread_blocked, id=5844, stack(0x00000014fe900000,0x00000014fea00000)]
  0x00000189ea516800 JavaThread "Unconstrained build operations Thread 37" [_thread_blocked, id=8156, stack(0x00000014fea00000,0x00000014feb00000)]
  0x00000189ea515000 JavaThread "Unconstrained build operations Thread 38" [_thread_blocked, id=6932, stack(0x00000014feb00000,0x00000014fec00000)]
  0x00000189ea512000 JavaThread "Unconstrained build operations Thread 39" [_thread_blocked, id=3520, stack(0x00000014fec00000,0x00000014fed00000)]
  0x00000189ea512800 JavaThread "Unconstrained build operations Thread 40" [_thread_blocked, id=9124, stack(0x00000014fed00000,0x00000014fee00000)]
  0x00000189ea517800 JavaThread "build event listener" [_thread_blocked, id=8700, stack(0x00000014fee00000,0x00000014fef00000)]
  0x00000189ea51b800 JavaThread "included builds" [_thread_blocked, id=9832, stack(0x00000014ff100000,0x00000014ff200000)]
  0x00000189ea51a000 JavaThread "Execution worker" [_thread_blocked, id=1508, stack(0x00000014ff200000,0x00000014ff300000)]
  0x00000189ea518800 JavaThread "Execution worker Thread 2" [_thread_blocked, id=8916, stack(0x00000014ff300000,0x00000014ff400000)]
  0x00000189ea519000 JavaThread "Execution worker Thread 3" [_thread_blocked, id=7336, stack(0x00000014ff400000,0x00000014ff500000)]
  0x00000189ea51b000 JavaThread "Cache worker for execution history cache (C:\Users\adlif\AndroidStudioProjects\Isla_Beta\.gradle\7.5\executionHistory)" [_thread_blocked, id=3100, stack(0x00000014ff500000,0x00000014ff600000)]
  0x00000189ea516000 JavaThread "WorkerExecutor Queue" [_thread_blocked, id=5296, stack(0x00000014ff600000,0x00000014ff700000)]
  0x00000189f00fe000 JavaThread "WorkerExecutor Queue Thread 2" [_thread_blocked, id=4644, stack(0x00000014ff900000,0x00000014ffa00000)]
  0x00000189f00f9000 JavaThread "WorkerExecutor Queue Thread 3" [_thread_blocked, id=10264, stack(0x00000014ffa00000,0x00000014ffb00000)]
  0x00000189f00fa000 JavaThread "WorkerExecutor Queue Thread 4" [_thread_blocked, id=9992, stack(0x00000014ffb00000,0x00000014ffc00000)]
  0x00000189f00fd000 JavaThread "WorkerExecutor Queue Thread 5" [_thread_blocked, id=8072, stack(0x00000014ffd00000,0x00000014ffe00000)]

Other Threads:
=>0x00000189e5c90800 VMThread "VM Thread" [stack: 0x00000014f9c00000,0x00000014f9d00000] [id=8524]
  0x00000189e6788800 WatcherThread [stack: 0x00000014fa600000,0x00000014fa700000] [id=6928]
  0x00000189cc08d800 GCTaskThread "GC Thread#0" [stack: 0x00000014f9700000,0x00000014f9800000] [id=8556]
  0x00000189e6971000 GCTaskThread "GC Thread#1" [stack: 0x00000014fa800000,0x00000014fa900000] [id=9176]
  0x00000189e8029800 GCTaskThread "GC Thread#2" [stack: 0x00000014fb400000,0x00000014fb500000] [id=5420]
  0x00000189e8e57000 GCTaskThread "GC Thread#3" [stack: 0x00000014fb500000,0x00000014fb600000] [id=9668]
  0x00000189cc0c2000 ConcurrentGCThread "G1 Main Marker" [stack: 0x00000014f9800000,0x00000014f9900000] [id=4800]
  0x00000189cc0c3000 ConcurrentGCThread "G1 Conc#0" [stack: 0x00000014f9900000,0x00000014f9a00000] [id=9304]
  0x00000189cc13e800 ConcurrentGCThread "G1 Refine#0" [stack: 0x00000014f9a00000,0x00000014f9b00000] [id=6312]
  0x00000189ebd8d800 ConcurrentGCThread "G1 Refine#1" [stack: 0x00000014ff700000,0x00000014ff800000] [id=7232]
  0x00000189f4324800 ConcurrentGCThread "G1 Refine#2" [stack: 0x00000014ff800000,0x00000014ff900000] [id=10884]
  0x00000189e5af0800 ConcurrentGCThread "G1 Young RemSet Sampling" [stack: 0x00000014f9b00000,0x00000014f9c00000] [id=1368]

Threads with active compile tasks:
C2 CompilerThread0    33807 17284   !   4       java.util.concurrent.ConcurrentHashMap::computeIfAbsent (576 bytes)
C1 CompilerThread0    33807 17318 %     3       com.android.tools.r8.internal.Ab::a @ 191 (4413 bytes)

VM state:at safepoint (normal execution)

VM Mutex/Monitor currently owned by a thread:  ([mutex/lock_event])
[0x00000189cc0727c0] Threads_lock - owner thread: 0x00000189e5c90800
[0x00000189cc072190] Heap_lock - owner thread: 0x00000189ea0cc800

Heap address: 0x0000000080000000, size: 2048 MB, Compressed Oops mode: 32-bit
Narrow klass base: 0x0000000000000000, Narrow klass shift: 3
Compressed class space size: 1073741824 Address: 0x0000000100000000

Heap:
 garbage-first heap   total 380928K, used 162816K [0x0000000080000000, 0x0000000100000000)
  region size 1024K, 13 young (13312K), 13 survivors (13312K)
 Metaspace       used 112719K, capacity 115814K, committed 115920K, reserved 1150976K
  class space    used 14191K, capacity 15377K, committed 15436K, reserved 1048576K
Heap Regions: E=young(eden), S=young(survivor), O=old, HS=humongous(starts), HC=humongous(continues), CS=collection set, F=free, A=archive, TAMS=top-at-mark-start (previous, next)
|   0|0x0000000080000000, 0x0000000080100000, 0x0000000080100000|100%|HS|  |TAMS 0x0000000080100000, 0x0000000080000000| Complete 
|   1|0x0000000080100000, 0x0000000080200000, 0x0000000080200000|100%|HC|  |TAMS 0x0000000080200000, 0x0000000080100000| Complete 
|   2|0x0000000080200000, 0x0000000080300000, 0x0000000080300000|100%|HC|  |TAMS 0x0000000080300000, 0x0000000080200000| Complete 
|   3|0x0000000080300000, 0x0000000080400000, 0x0000000080400000|100%| O|  |TAMS 0x0000000080400000, 0x0000000080300000| Untracked 
|   4|0x0000000080400000, 0x0000000080500000, 0x0000000080500000|100%| O|  |TAMS 0x0000000080500000, 0x0000000080400000| Untracked 
|   5|0x0000000080500000, 0x0000000080600000, 0x0000000080600000|100%| O|  |TAMS 0x0000000080600000, 0x0000000080500000| Untracked 
|   6|0x0000000080600000, 0x0000000080700000, 0x0000000080700000|100%| O|  |TAMS 0x0000000080700000, 0x0000000080600000| Untracked 
|   7|0x0000000080700000, 0x0000000080800000, 0x0000000080800000|100%| O|  |TAMS 0x0000000080800000, 0x0000000080700000| Untracked 
|   8|0x0000000080800000, 0x0000000080900000, 0x0000000080900000|100%| O|  |TAMS 0x0000000080900000, 0x0000000080800000| Untracked 
|   9|0x0000000080900000, 0x0000000080a00000, 0x0000000080a00000|100%| O|  |TAMS 0x0000000080a00000, 0x0000000080900000| Untracked 
|  10|0x0000000080a00000, 0x0000000080b00000, 0x0000000080b00000|100%| O|  |TAMS 0x0000000080b00000, 0x0000000080a00000| Untracked 
|  11|0x0000000080b00000, 0x0000000080c00000, 0x0000000080c00000|100%| O|  |TAMS 0x0000000080c00000, 0x0000000080b00000| Untracked 
|  12|0x0000000080c00000, 0x0000000080d00000, 0x0000000080d00000|100%| O|  |TAMS 0x0000000080d00000, 0x0000000080c00000| Untracked 
|  13|0x0000000080d00000, 0x0000000080e00000, 0x0000000080e00000|100%| O|  |TAMS 0x0000000080e00000, 0x0000000080d00000| Untracked 
|  14|0x0000000080e00000, 0x0000000080f00000, 0x0000000080f00000|100%| O|  |TAMS 0x0000000080f00000, 0x0000000080e00000| Untracked 
|  15|0x0000000080f00000, 0x0000000081000000, 0x0000000081000000|100%| O|  |TAMS 0x0000000081000000, 0x0000000080f00000| Untracked 
|  16|0x0000000081000000, 0x0000000081100000, 0x0000000081100000|100%| O|  |TAMS 0x0000000081100000, 0x0000000081000000| Untracked 
|  17|0x0000000081100000, 0x0000000081200000, 0x0000000081200000|100%|HS|  |TAMS 0x0000000081200000, 0x0000000081100000| Complete 
|  18|0x0000000081200000, 0x0000000081300000, 0x0000000081300000|100%| O|  |TAMS 0x0000000081300000, 0x0000000081200000| Untracked 
|  19|0x0000000081300000, 0x0000000081400000, 0x0000000081400000|100%| O|  |TAMS 0x0000000081400000, 0x0000000081300000| Untracked 
|  20|0x0000000081400000, 0x0000000081500000, 0x0000000081500000|100%| O|  |TAMS 0x0000000081500000, 0x0000000081400000| Untracked 
|  21|0x0000000081500000, 0x0000000081600000, 0x0000000081600000|100%| O|  |TAMS 0x0000000081600000, 0x0000000081500000| Untracked 
|  22|0x0000000081600000, 0x0000000081700000, 0x0000000081700000|100%| O|  |TAMS 0x0000000081700000, 0x0000000081600000| Untracked 
|  23|0x0000000081700000, 0x0000000081800000, 0x0000000081800000|100%| O|  |TAMS 0x0000000081800000, 0x0000000081700000| Untracked 
|  24|0x0000000081800000, 0x0000000081900000, 0x0000000081900000|100%|HS|  |TAMS 0x0000000081900000, 0x0000000081800000| Complete 
|  25|0x0000000081900000, 0x0000000081a00000, 0x0000000081a00000|100%| O|  |TAMS 0x0000000081a00000, 0x0000000081900000| Untracked 
|  26|0x0000000081a00000, 0x0000000081b00000, 0x0000000081b00000|100%| O|  |TAMS 0x0000000081b00000, 0x0000000081a00000| Untracked 
|  27|0x0000000081b00000, 0x0000000081c00000, 0x0000000081c00000|100%| O|  |TAMS 0x0000000081c00000, 0x0000000081b00000| Untracked 
|  28|0x0000000081c00000, 0x0000000081d00000, 0x0000000081d00000|100%| O|  |TAMS 0x0000000081d00000, 0x0000000081c00000| Untracked 
|  29|0x0000000081d00000, 0x0000000081e00000, 0x0000000081e00000|100%| O|  |TAMS 0x0000000081e00000, 0x0000000081d00000| Untracked 
|  30|0x0000000081e00000, 0x0000000081f00000, 0x0000000081f00000|100%| O|  |TAMS 0x0000000081f00000, 0x0000000081e00000| Untracked 
|  31|0x0000000081f00000, 0x0000000082000000, 0x0000000082000000|100%| O|  |TAMS 0x0000000082000000, 0x0000000081f00000| Untracked 
|  32|0x0000000082000000, 0x0000000082100000, 0x0000000082100000|100%| O|  |TAMS 0x0000000082100000, 0x0000000082000000| Untracked 
|  33|0x0000000082100000, 0x0000000082200000, 0x0000000082200000|100%| O|  |TAMS 0x0000000082200000, 0x0000000082100000| Untracked 
|  34|0x0000000082200000, 0x0000000082300000, 0x0000000082300000|100%| O|  |TAMS 0x0000000082300000, 0x0000000082200000| Untracked 
|  35|0x0000000082300000, 0x0000000082400000, 0x0000000082400000|100%| O|  |TAMS 0x0000000082400000, 0x0000000082300000| Untracked 
|  36|0x0000000082400000, 0x0000000082500000, 0x0000000082500000|100%| O|  |TAMS 0x0000000082500000, 0x0000000082400000| Untracked 
|  37|0x0000000082500000, 0x0000000082600000, 0x0000000082600000|100%| O|  |TAMS 0x0000000082600000, 0x0000000082500000| Untracked 
|  38|0x0000000082600000, 0x0000000082700000, 0x0000000082700000|100%| O|  |TAMS 0x0000000082700000, 0x0000000082600000| Untracked 
|  39|0x0000000082700000, 0x0000000082800000, 0x0000000082800000|100%| O|  |TAMS 0x0000000082800000, 0x0000000082700000| Untracked 
|  40|0x0000000082800000, 0x0000000082900000, 0x0000000082900000|100%| O|  |TAMS 0x0000000082900000, 0x0000000082800000| Untracked 
|  41|0x0000000082900000, 0x0000000082a00000, 0x0000000082a00000|100%| O|  |TAMS 0x0000000082a00000, 0x0000000082900000| Untracked 
|  42|0x0000000082a00000, 0x0000000082b00000, 0x0000000082b00000|100%| O|  |TAMS 0x0000000082b00000, 0x0000000082a00000| Untracked 
|  43|0x0000000082b00000, 0x0000000082c00000, 0x0000000082c00000|100%| O|  |TAMS 0x0000000082c00000, 0x0000000082b00000| Untracked 
|  44|0x0000000082c00000, 0x0000000082d00000, 0x0000000082d00000|100%| O|  |TAMS 0x0000000082d00000, 0x0000000082c00000| Untracked 
|  45|0x0000000082d00000, 0x0000000082e00000, 0x0000000082e00000|100%| O|  |TAMS 0x0000000082e00000, 0x0000000082d00000| Untracked 
|  46|0x0000000082e00000, 0x0000000082f00000, 0x0000000082f00000|100%| O|  |TAMS 0x0000000082f00000, 0x0000000082e00000| Untracked 
|  47|0x0000000082f00000, 0x0000000083000000, 0x0000000083000000|100%| O|  |TAMS 0x0000000083000000, 0x0000000082f00000| Untracked 
|  48|0x0000000083000000, 0x0000000083100000, 0x0000000083100000|100%| O|  |TAMS 0x0000000083100000, 0x0000000083000000| Untracked 
|  49|0x0000000083100000, 0x0000000083200000, 0x0000000083200000|100%| O|  |TAMS 0x0000000083200000, 0x0000000083100000| Untracked 
|  50|0x0000000083200000, 0x0000000083300000, 0x0000000083300000|100%| O|  |TAMS 0x0000000083300000, 0x0000000083200000| Untracked 
|  51|0x0000000083300000, 0x0000000083400000, 0x0000000083400000|100%| O|  |TAMS 0x0000000083400000, 0x0000000083300000| Untracked 
|  52|0x0000000083400000, 0x0000000083500000, 0x0000000083500000|100%| O|  |TAMS 0x0000000083500000, 0x0000000083400000| Untracked 
|  53|0x0000000083500000, 0x0000000083600000, 0x0000000083600000|100%| O|  |TAMS 0x0000000083600000, 0x0000000083500000| Untracked 
|  54|0x0000000083600000, 0x0000000083700000, 0x0000000083700000|100%| O|  |TAMS 0x0000000083700000, 0x0000000083600000| Untracked 
|  55|0x0000000083700000, 0x0000000083800000, 0x0000000083800000|100%| O|  |TAMS 0x0000000083800000, 0x0000000083700000| Untracked 
|  56|0x0000000083800000, 0x0000000083900000, 0x0000000083900000|100%| O|  |TAMS 0x0000000083900000, 0x0000000083800000| Untracked 
|  57|0x0000000083900000, 0x0000000083a00000, 0x0000000083a00000|100%| O|  |TAMS 0x0000000083a00000, 0x0000000083900000| Untracked 
|  58|0x0000000083a00000, 0x0000000083b00000, 0x0000000083b00000|100%| O|  |TAMS 0x0000000083b00000, 0x0000000083a00000| Untracked 
|  59|0x0000000083b00000, 0x0000000083c00000, 0x0000000083c00000|100%| O|  |TAMS 0x0000000083c00000, 0x0000000083b00000| Untracked 
|  60|0x0000000083c00000, 0x0000000083d00000, 0x0000000083d00000|100%| O|  |TAMS 0x0000000083d00000, 0x0000000083c00000| Untracked 
|  61|0x0000000083d00000, 0x0000000083e00000, 0x0000000083e00000|100%| O|  |TAMS 0x0000000083e00000, 0x0000000083d00000| Untracked 
|  62|0x0000000083e00000, 0x0000000083f00000, 0x0000000083f00000|100%| O|  |TAMS 0x0000000083f00000, 0x0000000083e00000| Untracked 
|  63|0x0000000083f00000, 0x0000000084000000, 0x0000000084000000|100%| O|  |TAMS 0x0000000084000000, 0x0000000083f00000| Untracked 
|  64|0x0000000084000000, 0x0000000084100000, 0x0000000084100000|100%| O|  |TAMS 0x0000000084100000, 0x0000000084000000| Untracked 
|  65|0x0000000084100000, 0x0000000084200000, 0x0000000084200000|100%| O|  |TAMS 0x0000000084200000, 0x0000000084100000| Untracked 
|  66|0x0000000084200000, 0x0000000084300000, 0x0000000084300000|100%| O|  |TAMS 0x0000000084300000, 0x0000000084200000| Untracked 
|  67|0x0000000084300000, 0x0000000084400000, 0x0000000084400000|100%| O|  |TAMS 0x0000000084400000, 0x0000000084300000| Untracked 
|  68|0x0000000084400000, 0x0000000084500000, 0x0000000084500000|100%| O|  |TAMS 0x0000000084500000, 0x0000000084400000| Untracked 
|  69|0x0000000084500000, 0x0000000084600000, 0x0000000084600000|100%| O|  |TAMS 0x0000000084600000, 0x0000000084500000| Untracked 
|  70|0x0000000084600000, 0x0000000084700000, 0x0000000084700000|100%| O|  |TAMS 0x0000000084700000, 0x0000000084600000| Untracked 
|  71|0x0000000084700000, 0x0000000084800000, 0x0000000084800000|100%| O|  |TAMS 0x0000000084800000, 0x0000000084700000| Untracked 
|  72|0x0000000084800000, 0x0000000084900000, 0x0000000084900000|100%| O|  |TAMS 0x0000000084900000, 0x0000000084800000| Untracked 
|  73|0x0000000084900000, 0x0000000084a00000, 0x0000000084a00000|100%| O|  |TAMS 0x0000000084a00000, 0x0000000084900000| Untracked 
|  74|0x0000000084a00000, 0x0000000084b00000, 0x0000000084b00000|100%| O|  |TAMS 0x0000000084b00000, 0x0000000084a00000| Untracked 
|  75|0x0000000084b00000, 0x0000000084c00000, 0x0000000084c00000|100%| O|  |TAMS 0x0000000084c00000, 0x0000000084b00000| Untracked 
|  76|0x0000000084c00000, 0x0000000084d00000, 0x0000000084d00000|100%| O|  |TAMS 0x0000000084d00000, 0x0000000084c00000| Untracked 
|  77|0x0000000084d00000, 0x0000000084e00000, 0x0000000084e00000|100%| O|  |TAMS 0x0000000084e00000, 0x0000000084d00000| Untracked 
|  78|0x0000000084e00000, 0x0000000084f00000, 0x0000000084f00000|100%| O|  |TAMS 0x0000000084f00000, 0x0000000084e00000| Untracked 
|  79|0x0000000084f00000, 0x0000000085000000, 0x0000000085000000|100%| O|  |TAMS 0x0000000084f00000, 0x0000000084f00000| Untracked 
|  80|0x0000000085000000, 0x0000000085100000, 0x0000000085100000|100%| O|  |TAMS 0x0000000085000000, 0x0000000085000000| Untracked 
|  81|0x0000000085100000, 0x0000000085200000, 0x0000000085200000|100%| O|  |TAMS 0x0000000085100000, 0x0000000085100000| Untracked 
|  82|0x0000000085200000, 0x0000000085300000, 0x0000000085300000|100%| O|  |TAMS 0x0000000085200000, 0x0000000085200000| Untracked 
|  83|0x0000000085300000, 0x0000000085400000, 0x0000000085400000|100%| O|  |TAMS 0x0000000085300000, 0x0000000085300000| Untracked 
|  84|0x0000000085400000, 0x0000000085500000, 0x0000000085500000|100%| O|  |TAMS 0x0000000085400000, 0x0000000085400000| Untracked 
|  85|0x0000000085500000, 0x0000000085600000, 0x0000000085600000|100%| O|  |TAMS 0x0000000085600000, 0x0000000085500000| Untracked 
|  86|0x0000000085600000, 0x0000000085700000, 0x0000000085700000|100%| O|  |TAMS 0x0000000085600000, 0x0000000085600000| Untracked 
|  87|0x0000000085700000, 0x0000000085800000, 0x0000000085800000|100%| O|  |TAMS 0x0000000085700000, 0x0000000085700000| Untracked 
|  88|0x0000000085800000, 0x0000000085900000, 0x0000000085900000|100%| O|  |TAMS 0x0000000085900000, 0x0000000085800000| Untracked 
|  89|0x0000000085900000, 0x0000000085a00000, 0x0000000085a00000|100%| O|  |TAMS 0x0000000085900000, 0x0000000085900000| Untracked 
|  90|0x0000000085a00000, 0x0000000085b00000, 0x0000000085b00000|100%| O|  |TAMS 0x0000000085a00000, 0x0000000085a00000| Untracked 
|  91|0x0000000085b00000, 0x0000000085c00000, 0x0000000085c00000|100%| O|  |TAMS 0x0000000085b00000, 0x0000000085b00000| Untracked 
|  92|0x0000000085c00000, 0x0000000085d00000, 0x0000000085d00000|100%| O|  |TAMS 0x0000000085c00000, 0x0000000085c00000| Untracked 
|  93|0x0000000085d00000, 0x0000000085e00000, 0x0000000085e00000|100%| O|  |TAMS 0x0000000085d00000, 0x0000000085d00000| Untracked 
|  94|0x0000000085e00000, 0x0000000085f00000, 0x0000000085f00000|100%| O|  |TAMS 0x0000000085e00000, 0x0000000085e00000| Untracked 
|  95|0x0000000085f00000, 0x0000000086000000, 0x0000000086000000|100%| O|  |TAMS 0x0000000085f00000, 0x0000000085f00000| Untracked 
|  96|0x0000000086000000, 0x0000000086100000, 0x0000000086100000|100%| O|  |TAMS 0x0000000086000000, 0x0000000086000000| Untracked 
|  97|0x0000000086100000, 0x0000000086200000, 0x0000000086200000|100%| O|  |TAMS 0x0000000086100000, 0x0000000086100000| Untracked 
|  98|0x0000000086200000, 0x0000000086300000, 0x0000000086300000|100%| O|  |TAMS 0x0000000086200000, 0x0000000086200000| Untracked 
|  99|0x0000000086300000, 0x0000000086400000, 0x0000000086400000|100%| O|  |TAMS 0x0000000086400000, 0x0000000086300000| Untracked 
| 100|0x0000000086400000, 0x0000000086500000, 0x0000000086500000|100%| O|  |TAMS 0x0000000086500000, 0x0000000086400000| Untracked 
| 101|0x0000000086500000, 0x0000000086600000, 0x0000000086600000|100%| O|  |TAMS 0x0000000086600000, 0x0000000086500000| Untracked 
| 102|0x0000000086600000, 0x0000000086700000, 0x0000000086700000|100%| O|  |TAMS 0x0000000086600000, 0x0000000086600000| Untracked 
| 103|0x0000000086700000, 0x0000000086800000, 0x0000000086800000|100%| O|  |TAMS 0x0000000086700000, 0x0000000086700000| Untracked 
| 104|0x0000000086800000, 0x0000000086900000, 0x0000000086900000|100%| O|  |TAMS 0x0000000086800000, 0x0000000086800000| Untracked 
| 105|0x0000000086900000, 0x0000000086a00000, 0x0000000086a00000|100%| O|  |TAMS 0x0000000086900000, 0x0000000086900000| Untracked 
| 106|0x0000000086a00000, 0x0000000086b00000, 0x0000000086b00000|100%| O|  |TAMS 0x0000000086a00000, 0x0000000086a00000| Untracked 
| 107|0x0000000086b00000, 0x0000000086c00000, 0x0000000086c00000|100%| O|  |TAMS 0x0000000086b00000, 0x0000000086b00000| Untracked 
| 108|0x0000000086c00000, 0x0000000086d00000, 0x0000000086d00000|100%| O|  |TAMS 0x0000000086d00000, 0x0000000086c00000| Untracked 
| 109|0x0000000086d00000, 0x0000000086e00000, 0x0000000086e00000|100%| O|  |TAMS 0x0000000086e00000, 0x0000000086d00000| Untracked 
| 110|0x0000000086e00000, 0x0000000086f00000, 0x0000000086f00000|100%| O|  |TAMS 0x0000000086f00000, 0x0000000086e00000| Untracked 
| 111|0x0000000086f00000, 0x0000000087000000, 0x0000000087000000|100%| O|  |TAMS 0x0000000086f00000, 0x0000000086f00000| Untracked 
| 112|0x0000000087000000, 0x0000000087100000, 0x0000000087100000|100%| O|  |TAMS 0x0000000087000000, 0x0000000087000000| Untracked 
| 113|0x0000000087100000, 0x0000000087200000, 0x0000000087200000|100%| O|  |TAMS 0x0000000087100000, 0x0000000087100000| Untracked 
| 114|0x0000000087200000, 0x0000000087300000, 0x0000000087300000|100%| O|  |TAMS 0x0000000087200000, 0x0000000087200000| Untracked 
| 115|0x0000000087300000, 0x0000000087400000, 0x0000000087400000|100%| O|  |TAMS 0x0000000087300000, 0x0000000087300000| Untracked 
| 116|0x0000000087400000, 0x0000000087500000, 0x0000000087500000|100%| O|  |TAMS 0x0000000087400000, 0x0000000087400000| Untracked 
| 117|0x0000000087500000, 0x0000000087600000, 0x0000000087600000|100%| O|  |TAMS 0x0000000087500000, 0x0000000087500000| Untracked 
| 118|0x0000000087600000, 0x0000000087700000, 0x0000000087700000|100%| O|  |TAMS 0x0000000087600000, 0x0000000087600000| Untracked 
| 119|0x0000000087700000, 0x0000000087800000, 0x0000000087800000|100%| O|  |TAMS 0x0000000087700000, 0x0000000087700000| Untracked 
| 120|0x0000000087800000, 0x0000000087900000, 0x0000000087900000|100%| O|  |TAMS 0x0000000087800000, 0x0000000087800000| Untracked 
| 121|0x0000000087900000, 0x0000000087a00000, 0x0000000087a00000|100%| O|  |TAMS 0x0000000087900000, 0x0000000087900000| Untracked 
| 122|0x0000000087a00000, 0x0000000087b00000, 0x0000000087b00000|100%| O|  |TAMS 0x0000000087a00000, 0x0000000087a00000| Untracked 
| 123|0x0000000087b00000, 0x0000000087c00000, 0x0000000087c00000|100%| O|  |TAMS 0x0000000087b00000, 0x0000000087b00000| Untracked 
| 124|0x0000000087c00000, 0x0000000087d00000, 0x0000000087d00000|100%| O|  |TAMS 0x0000000087c00000, 0x0000000087c00000| Untracked 
| 125|0x0000000087d00000, 0x0000000087e00000, 0x0000000087e00000|100%| O|  |TAMS 0x0000000087d00000, 0x0000000087d00000| Untracked 
| 126|0x0000000087e00000, 0x0000000087f00000, 0x0000000087f00000|100%| O|  |TAMS 0x0000000087e00000, 0x0000000087e00000| Untracked 
| 127|0x0000000087f00000, 0x0000000088000000, 0x0000000088000000|100%| O|  |TAMS 0x0000000087f00000, 0x0000000087f00000| Untracked 
| 128|0x0000000088000000, 0x0000000088100000, 0x0000000088100000|100%| O|  |TAMS 0x0000000088000000, 0x0000000088000000| Untracked 
| 129|0x0000000088100000, 0x0000000088200000, 0x0000000088200000|100%| O|  |TAMS 0x0000000088100000, 0x0000000088100000| Untracked 
| 130|0x0000000088200000, 0x0000000088300000, 0x0000000088300000|100%| O|  |TAMS 0x0000000088200000, 0x0000000088200000| Untracked 
| 131|0x0000000088300000, 0x0000000088400000, 0x0000000088400000|100%| O|  |TAMS 0x0000000088300000, 0x0000000088300000| Untracked 
| 132|0x0000000088400000, 0x0000000088500000, 0x0000000088500000|100%| O|  |TAMS 0x0000000088400000, 0x0000000088400000| Untracked 
| 133|0x0000000088500000, 0x0000000088600000, 0x0000000088600000|100%| O|  |TAMS 0x0000000088500000, 0x0000000088500000| Untracked 
| 134|0x0000000088600000, 0x0000000088700000, 0x0000000088700000|100%| O|  |TAMS 0x0000000088600000, 0x0000000088600000| Untracked 
| 135|0x0000000088700000, 0x0000000088700000, 0x0000000088800000|  0%| F|  |TAMS 0x0000000088700000, 0x0000000088700000| Untracked 
| 136|0x0000000088800000, 0x0000000088800000, 0x0000000088900000|  0%| F|  |TAMS 0x0000000088800000, 0x0000000088800000| Untracked 
| 137|0x0000000088900000, 0x0000000088900000, 0x0000000088a00000|  0%| F|  |TAMS 0x0000000088900000, 0x0000000088900000| Untracked 
| 138|0x0000000088a00000, 0x0000000088a00000, 0x0000000088b00000|  0%| F|  |TAMS 0x0000000088a00000, 0x0000000088a00000| Untracked 
| 139|0x0000000088b00000, 0x0000000088b00000, 0x0000000088c00000|  0%| F|  |TAMS 0x0000000088b00000, 0x0000000088b00000| Untracked 
| 140|0x0000000088c00000, 0x0000000088d00000, 0x0000000088d00000|100%| O|  |TAMS 0x0000000088d00000, 0x0000000088c00000| Untracked 
| 141|0x0000000088d00000, 0x0000000088d00000, 0x0000000088e00000|  0%| F|  |TAMS 0x0000000088d00000, 0x0000000088d00000| Untracked 
| 142|0x0000000088e00000, 0x0000000088e00000, 0x0000000088f00000|  0%| F|  |TAMS 0x0000000088e00000, 0x0000000088e00000| Untracked 
| 143|0x0000000088f00000, 0x0000000088f00000, 0x0000000089000000|  0%| F|  |TAMS 0x0000000088f00000, 0x0000000088f00000| Untracked 
| 144|0x0000000089000000, 0x0000000089000000, 0x0000000089100000|  0%| F|  |TAMS 0x0000000089000000, 0x0000000089000000| Untracked 
| 145|0x0000000089100000, 0x0000000089100000, 0x0000000089200000|  0%| F|  |TAMS 0x0000000089100000, 0x0000000089100000| Untracked 
| 146|0x0000000089200000, 0x0000000089200000, 0x0000000089300000|  0%| F|  |TAMS 0x0000000089200000, 0x0000000089200000| Untracked 
| 147|0x0000000089300000, 0x0000000089300000, 0x0000000089400000|  0%| F|  |TAMS 0x0000000089300000, 0x0000000089300000| Untracked 
| 148|0x0000000089400000, 0x0000000089400000, 0x0000000089500000|  0%| F|  |TAMS 0x0000000089400000, 0x0000000089400000| Untracked 
| 149|0x0000000089500000, 0x0000000089500000, 0x0000000089600000|  0%| F|  |TAMS 0x0000000089500000, 0x0000000089500000| Untracked 
| 150|0x0000000089600000, 0x0000000089600000, 0x0000000089700000|  0%| F|  |TAMS 0x0000000089600000, 0x0000000089600000| Untracked 
| 151|0x0000000089700000, 0x0000000089700000, 0x0000000089800000|  0%| F|  |TAMS 0x0000000089700000, 0x0000000089700000| Untracked 
| 152|0x0000000089800000, 0x0000000089800000, 0x0000000089900000|  0%| F|  |TAMS 0x0000000089800000, 0x0000000089800000| Untracked 
| 153|0x0000000089900000, 0x0000000089900000, 0x0000000089a00000|  0%| F|  |TAMS 0x0000000089900000, 0x0000000089900000| Untracked 
| 154|0x0000000089a00000, 0x0000000089a00000, 0x0000000089b00000|  0%| F|  |TAMS 0x0000000089a00000, 0x0000000089a00000| Untracked 
| 155|0x0000000089b00000, 0x0000000089b00000, 0x0000000089c00000|  0%| F|  |TAMS 0x0000000089b00000, 0x0000000089b00000| Untracked 
| 156|0x0000000089c00000, 0x0000000089d00000, 0x0000000089d00000|100%| O|  |TAMS 0x0000000089d00000, 0x0000000089c00000| Untracked 
| 157|0x0000000089d00000, 0x0000000089e00000, 0x0000000089e00000|100%| O|  |TAMS 0x0000000089e00000, 0x0000000089d00000| Untracked 
| 158|0x0000000089e00000, 0x0000000089f00000, 0x0000000089f00000|100%| O|  |TAMS 0x0000000089f00000, 0x0000000089e00000| Untracked 
| 159|0x0000000089f00000, 0x000000008a000000, 0x000000008a000000|100%| O|  |TAMS 0x000000008a000000, 0x0000000089f00000| Untracked 
| 160|0x000000008a000000, 0x000000008a100000, 0x000000008a100000|100%| O|  |TAMS 0x000000008a100000, 0x000000008a000000| Untracked 
| 161|0x000000008a100000, 0x000000008a200000, 0x000000008a200000|100%| O|  |TAMS 0x000000008a200000, 0x000000008a100000| Untracked 
| 162|0x000000008a200000, 0x000000008a300000, 0x000000008a300000|100%| O|  |TAMS 0x000000008a300000, 0x000000008a200000| Untracked 
| 163|0x000000008a300000, 0x000000008a400000, 0x000000008a400000|100%| O|  |TAMS 0x000000008a400000, 0x000000008a300000| Untracked 
| 164|0x000000008a400000, 0x000000008a500000, 0x000000008a500000|100%| O|  |TAMS 0x000000008a423000, 0x000000008a400000| Untracked 
| 165|0x000000008a500000, 0x000000008a500000, 0x000000008a600000|  0%| F|  |TAMS 0x000000008a500000, 0x000000008a500000| Untracked 
| 166|0x000000008a600000, 0x000000008a600000, 0x000000008a700000|  0%| F|  |TAMS 0x000000008a600000, 0x000000008a600000| Untracked 
| 167|0x000000008a700000, 0x000000008a700000, 0x000000008a800000|  0%| F|  |TAMS 0x000000008a700000, 0x000000008a700000| Untracked 
| 168|0x000000008a800000, 0x000000008a800000, 0x000000008a900000|  0%| F|  |TAMS 0x000000008a800000, 0x000000008a800000| Untracked 
| 169|0x000000008a900000, 0x000000008a900000, 0x000000008aa00000|  0%| F|  |TAMS 0x000000008a900000, 0x000000008a900000| Untracked 
| 170|0x000000008aa00000, 0x000000008aa00000, 0x000000008ab00000|  0%| F|  |TAMS 0x000000008aa00000, 0x000000008aa00000| Untracked 
| 171|0x000000008ab00000, 0x000000008ab00000, 0x000000008ac00000|  0%| F|  |TAMS 0x000000008ab00000, 0x000000008ab00000| Untracked 
| 172|0x000000008ac00000, 0x000000008ac00000, 0x000000008ad00000|  0%| F|  |TAMS 0x000000008ac00000, 0x000000008ac00000| Untracked 
| 173|0x000000008ad00000, 0x000000008ad00000, 0x000000008ae00000|  0%| F|  |TAMS 0x000000008ad00000, 0x000000008ad00000| Untracked 
| 174|0x000000008ae00000, 0x000000008ae00000, 0x000000008af00000|  0%| F|  |TAMS 0x000000008ae00000, 0x000000008ae00000| Untracked 
| 175|0x000000008af00000, 0x000000008af00000, 0x000000008b000000|  0%| F|  |TAMS 0x000000008af00000, 0x000000008af00000| Untracked 
| 176|0x000000008b000000, 0x000000008b000000, 0x000000008b100000|  0%| F|  |TAMS 0x000000008b000000, 0x000000008b000000| Untracked 
| 177|0x000000008b100000, 0x000000008b100000, 0x000000008b200000|  0%| F|  |TAMS 0x000000008b100000, 0x000000008b100000| Untracked 
| 178|0x000000008b200000, 0x000000008b200000, 0x000000008b300000|  0%| F|  |TAMS 0x000000008b200000, 0x000000008b200000| Untracked 
| 179|0x000000008b300000, 0x000000008b300000, 0x000000008b400000|  0%| F|  |TAMS 0x000000008b300000, 0x000000008b300000| Untracked 
| 180|0x000000008b400000, 0x000000008b400000, 0x000000008b500000|  0%| F|  |TAMS 0x000000008b400000, 0x000000008b400000| Untracked 
| 181|0x000000008b500000, 0x000000008b500000, 0x000000008b600000|  0%| F|  |TAMS 0x000000008b500000, 0x000000008b500000| Untracked 
| 182|0x000000008b600000, 0x000000008b600000, 0x000000008b700000|  0%| F|  |TAMS 0x000000008b600000, 0x000000008b600000| Untracked 
| 183|0x000000008b700000, 0x000000008b700000, 0x000000008b800000|  0%| F|  |TAMS 0x000000008b700000, 0x000000008b700000| Untracked 
| 184|0x000000008b800000, 0x000000008b800000, 0x000000008b900000|  0%| F|  |TAMS 0x000000008b800000, 0x000000008b800000| Untracked 
| 185|0x000000008b900000, 0x000000008b900000, 0x000000008ba00000|  0%| F|  |TAMS 0x000000008b900000, 0x000000008b900000| Untracked 
| 186|0x000000008ba00000, 0x000000008ba00000, 0x000000008bb00000|  0%| F|  |TAMS 0x000000008ba00000, 0x000000008ba00000| Untracked 
| 187|0x000000008bb00000, 0x000000008bb00000, 0x000000008bc00000|  0%| F|  |TAMS 0x000000008bb00000, 0x000000008bb00000| Untracked 
| 188|0x000000008bc00000, 0x000000008bd00000, 0x000000008bd00000|100%| O|  |TAMS 0x000000008bd00000, 0x000000008bc00000| Untracked 
| 189|0x000000008bd00000, 0x000000008bd00000, 0x000000008be00000|  0%| F|  |TAMS 0x000000008bd00000, 0x000000008bd00000| Untracked 
| 190|0x000000008be00000, 0x000000008be00000, 0x000000008bf00000|  0%| F|  |TAMS 0x000000008be00000, 0x000000008be00000| Untracked 
| 191|0x000000008bf00000, 0x000000008bf00000, 0x000000008c000000|  0%| F|  |TAMS 0x000000008bf00000, 0x000000008bf00000| Untracked 
| 192|0x000000008c000000, 0x000000008c000000, 0x000000008c100000|  0%| F|  |TAMS 0x000000008c000000, 0x000000008c000000| Untracked 
| 193|0x000000008c100000, 0x000000008c100000, 0x000000008c200000|  0%| F|  |TAMS 0x000000008c100000, 0x000000008c100000| Untracked 
| 194|0x000000008c200000, 0x000000008c200000, 0x000000008c300000|  0%| F|  |TAMS 0x000000008c200000, 0x000000008c200000| Untracked 
| 195|0x000000008c300000, 0x000000008c300000, 0x000000008c400000|  0%| F|  |TAMS 0x000000008c300000, 0x000000008c300000| Untracked 
| 196|0x000000008c400000, 0x000000008c400000, 0x000000008c500000|  0%| F|  |TAMS 0x000000008c400000, 0x000000008c400000| Untracked 
| 197|0x000000008c500000, 0x000000008c500000, 0x000000008c600000|  0%| F|  |TAMS 0x000000008c500000, 0x000000008c500000| Untracked 
| 198|0x000000008c600000, 0x000000008c600000, 0x000000008c700000|  0%| F|  |TAMS 0x000000008c600000, 0x000000008c600000| Untracked 
| 199|0x000000008c700000, 0x000000008c700000, 0x000000008c800000|  0%| F|  |TAMS 0x000000008c700000, 0x000000008c700000| Untracked 
| 200|0x000000008c800000, 0x000000008c800000, 0x000000008c900000|  0%| F|  |TAMS 0x000000008c800000, 0x000000008c800000| Untracked 
| 201|0x000000008c900000, 0x000000008c900000, 0x000000008ca00000|  0%| F|  |TAMS 0x000000008c900000, 0x000000008c900000| Untracked 
| 202|0x000000008ca00000, 0x000000008ca00000, 0x000000008cb00000|  0%| F|  |TAMS 0x000000008ca00000, 0x000000008ca00000| Untracked 
| 203|0x000000008cb00000, 0x000000008cb00000, 0x000000008cc00000|  0%| F|  |TAMS 0x000000008cb00000, 0x000000008cb00000| Untracked 
| 204|0x000000008cc00000, 0x000000008cc00000, 0x000000008cd00000|  0%| F|  |TAMS 0x000000008cc00000, 0x000000008cc00000| Untracked 
| 205|0x000000008cd00000, 0x000000008cd00000, 0x000000008ce00000|  0%| F|  |TAMS 0x000000008cd00000, 0x000000008cd00000| Untracked 
| 206|0x000000008ce00000, 0x000000008ce00000, 0x000000008cf00000|  0%| F|  |TAMS 0x000000008ce00000, 0x000000008ce00000| Untracked 
| 207|0x000000008cf00000, 0x000000008cf00000, 0x000000008d000000|  0%| F|  |TAMS 0x000000008cf00000, 0x000000008cf00000| Untracked 
| 208|0x000000008d000000, 0x000000008d000000, 0x000000008d100000|  0%| F|  |TAMS 0x000000008d000000, 0x000000008d000000| Untracked 
| 209|0x000000008d100000, 0x000000008d200000, 0x000000008d200000|100%| S|CS|TAMS 0x000000008d100000, 0x000000008d100000| Complete 
| 210|0x000000008d200000, 0x000000008d300000, 0x000000008d300000|100%| S|CS|TAMS 0x000000008d200000, 0x000000008d200000| Complete 
| 211|0x000000008d300000, 0x000000008d400000, 0x000000008d400000|100%| S|CS|TAMS 0x000000008d300000, 0x000000008d300000| Complete 
| 212|0x000000008d400000, 0x000000008d500000, 0x000000008d500000|100%| S|CS|TAMS 0x000000008d400000, 0x000000008d400000| Complete 
| 213|0x000000008d500000, 0x000000008d600000, 0x000000008d600000|100%| S|CS|TAMS 0x000000008d500000, 0x000000008d500000| Complete 
| 214|0x000000008d600000, 0x000000008d700000, 0x000000008d700000|100%| S|CS|TAMS 0x000000008d600000, 0x000000008d600000| Complete 
| 215|0x000000008d700000, 0x000000008d800000, 0x000000008d800000|100%| S|CS|TAMS 0x000000008d700000, 0x000000008d700000| Complete 
| 216|0x000000008d800000, 0x000000008d900000, 0x000000008d900000|100%| S|CS|TAMS 0x000000008d800000, 0x000000008d800000| Complete 
| 217|0x000000008d900000, 0x000000008da00000, 0x000000008da00000|100%| S|CS|TAMS 0x000000008d900000, 0x000000008d900000| Complete 
| 218|0x000000008da00000, 0x000000008db00000, 0x000000008db00000|100%| S|CS|TAMS 0x000000008da00000, 0x000000008da00000| Complete 
| 219|0x000000008db00000, 0x000000008dc00000, 0x000000008dc00000|100%| S|CS|TAMS 0x000000008db00000, 0x000000008db00000| Complete 
| 220|0x000000008dc00000, 0x000000008dd00000, 0x000000008dd00000|100%| S|CS|TAMS 0x000000008dc00000, 0x000000008dc00000| Complete 
| 221|0x000000008dd00000, 0x000000008de00000, 0x000000008de00000|100%| S|CS|TAMS 0x000000008dd00000, 0x000000008dd00000| Complete 
| 222|0x000000008de00000, 0x000000008de00000, 0x000000008df00000|  0%| F|  |TAMS 0x000000008de00000, 0x000000008de00000| Untracked 
| 223|0x000000008df00000, 0x000000008df00000, 0x000000008e000000|  0%| F|  |TAMS 0x000000008df00000, 0x000000008df00000| Untracked 
| 224|0x000000008e000000, 0x000000008e000000, 0x000000008e100000|  0%| F|  |TAMS 0x000000008e000000, 0x000000008e000000| Untracked 
| 225|0x000000008e100000, 0x000000008e100000, 0x000000008e200000|  0%| F|  |TAMS 0x000000008e100000, 0x000000008e100000| Untracked 
| 226|0x000000008e200000, 0x000000008e200000, 0x000000008e300000|  0%| F|  |TAMS 0x000000008e200000, 0x000000008e200000| Untracked 
| 227|0x000000008e300000, 0x000000008e300000, 0x000000008e400000|  0%| F|  |TAMS 0x000000008e300000, 0x000000008e300000| Untracked 
| 228|0x000000008e400000, 0x000000008e400000, 0x000000008e500000|  0%| F|  |TAMS 0x000000008e400000, 0x000000008e400000| Untracked 
| 229|0x000000008e500000, 0x000000008e500000, 0x000000008e600000|  0%| F|  |TAMS 0x000000008e500000, 0x000000008e500000| Untracked 
| 230|0x000000008e600000, 0x000000008e600000, 0x000000008e700000|  0%| F|  |TAMS 0x000000008e600000, 0x000000008e600000| Untracked 
| 231|0x000000008e700000, 0x000000008e700000, 0x000000008e800000|  0%| F|  |TAMS 0x000000008e700000, 0x000000008e700000| Untracked 
| 232|0x000000008e800000, 0x000000008e800000, 0x000000008e900000|  0%| F|  |TAMS 0x000000008e800000, 0x000000008e800000| Untracked 
| 233|0x000000008e900000, 0x000000008e900000, 0x000000008ea00000|  0%| F|  |TAMS 0x000000008e900000, 0x000000008e900000| Untracked 
| 234|0x000000008ea00000, 0x000000008ea00000, 0x000000008eb00000|  0%| F|  |TAMS 0x000000008ea00000, 0x000000008ea00000| Untracked 
| 235|0x000000008eb00000, 0x000000008eb00000, 0x000000008ec00000|  0%| F|  |TAMS 0x000000008eb00000, 0x000000008eb00000| Untracked 
| 236|0x000000008ec00000, 0x000000008ec00000, 0x000000008ed00000|  0%| F|  |TAMS 0x000000008ec00000, 0x000000008ec00000| Untracked 
| 237|0x000000008ed00000, 0x000000008ed00000, 0x000000008ee00000|  0%| F|  |TAMS 0x000000008ed00000, 0x000000008ed00000| Untracked 
| 238|0x000000008ee00000, 0x000000008ee00000, 0x000000008ef00000|  0%| F|  |TAMS 0x000000008ee00000, 0x000000008ee00000| Untracked 
| 239|0x000000008ef00000, 0x000000008ef00000, 0x000000008f000000|  0%| F|  |TAMS 0x000000008ef00000, 0x000000008ef00000| Untracked 
| 240|0x000000008f000000, 0x000000008f000000, 0x000000008f100000|  0%| F|  |TAMS 0x000000008f000000, 0x000000008f000000| Untracked 
| 241|0x000000008f100000, 0x000000008f100000, 0x000000008f200000|  0%| F|  |TAMS 0x000000008f100000, 0x000000008f100000| Untracked 
| 242|0x000000008f200000, 0x000000008f200000, 0x000000008f300000|  0%| F|  |TAMS 0x000000008f200000, 0x000000008f200000| Untracked 
| 243|0x000000008f300000, 0x000000008f300000, 0x000000008f400000|  0%| F|  |TAMS 0x000000008f300000, 0x000000008f300000| Untracked 
| 244|0x000000008f400000, 0x000000008f400000, 0x000000008f500000|  0%| F|  |TAMS 0x000000008f400000, 0x000000008f400000| Untracked 
| 245|0x000000008f500000, 0x000000008f500000, 0x000000008f600000|  0%| F|  |TAMS 0x000000008f500000, 0x000000008f500000| Untracked 
| 246|0x000000008f600000, 0x000000008f600000, 0x000000008f700000|  0%| F|  |TAMS 0x000000008f600000, 0x000000008f600000| Untracked 
| 247|0x000000008f700000, 0x000000008f700000, 0x000000008f800000|  0%| F|  |TAMS 0x000000008f700000, 0x000000008f700000| Untracked 
| 248|0x000000008f800000, 0x000000008f800000, 0x000000008f900000|  0%| F|  |TAMS 0x000000008f800000, 0x000000008f800000| Untracked 
| 249|0x000000008f900000, 0x000000008f900000, 0x000000008fa00000|  0%| F|  |TAMS 0x000000008f900000, 0x000000008f900000| Untracked 
| 250|0x000000008fa00000, 0x000000008fa00000, 0x000000008fb00000|  0%| F|  |TAMS 0x000000008fa00000, 0x000000008fa00000| Untracked 
| 251|0x000000008fb00000, 0x000000008fb00000, 0x000000008fc00000|  0%| F|  |TAMS 0x000000008fb00000, 0x000000008fb00000| Untracked 
| 252|0x000000008fc00000, 0x000000008fc00000, 0x000000008fd00000|  0%| F|  |TAMS 0x000000008fc00000, 0x000000008fc00000| Untracked 
| 253|0x000000008fd00000, 0x000000008fd00000, 0x000000008fe00000|  0%| F|  |TAMS 0x000000008fd00000, 0x000000008fd00000| Untracked 
| 254|0x000000008fe00000, 0x000000008fe00000, 0x000000008ff00000|  0%| F|  |TAMS 0x000000008fe00000, 0x000000008fe00000| Untracked 
| 255|0x000000008ff00000, 0x000000008ff00000, 0x0000000090000000|  0%| F|  |TAMS 0x000000008ff00000, 0x000000008ff00000| Untracked 
| 256|0x0000000090000000, 0x0000000090000000, 0x0000000090100000|  0%| F|  |TAMS 0x0000000090000000, 0x0000000090000000| Untracked 
| 257|0x0000000090100000, 0x0000000090100000, 0x0000000090200000|  0%| F|  |TAMS 0x0000000090100000, 0x0000000090100000| Untracked 
| 258|0x0000000090200000, 0x0000000090200000, 0x0000000090300000|  0%| F|  |TAMS 0x0000000090200000, 0x0000000090200000| Untracked 
| 259|0x0000000090300000, 0x0000000090300000, 0x0000000090400000|  0%| F|  |TAMS 0x0000000090300000, 0x0000000090300000| Untracked 
| 260|0x0000000090400000, 0x0000000090400000, 0x0000000090500000|  0%| F|  |TAMS 0x0000000090400000, 0x0000000090400000| Untracked 
| 261|0x0000000090500000, 0x0000000090500000, 0x0000000090600000|  0%| F|  |TAMS 0x0000000090500000, 0x0000000090500000| Untracked 
| 262|0x0000000090600000, 0x0000000090600000, 0x0000000090700000|  0%| F|  |TAMS 0x0000000090600000, 0x0000000090600000| Untracked 
| 263|0x0000000090700000, 0x0000000090700000, 0x0000000090800000|  0%| F|  |TAMS 0x0000000090700000, 0x0000000090700000| Untracked 
| 264|0x0000000090800000, 0x0000000090800000, 0x0000000090900000|  0%| F|  |TAMS 0x0000000090800000, 0x0000000090800000| Untracked 
| 265|0x0000000090900000, 0x0000000090900000, 0x0000000090a00000|  0%| F|  |TAMS 0x0000000090900000, 0x0000000090900000| Untracked 
| 266|0x0000000090a00000, 0x0000000090a00000, 0x0000000090b00000|  0%| F|  |TAMS 0x0000000090a00000, 0x0000000090a00000| Untracked 
| 267|0x0000000090b00000, 0x0000000090b00000, 0x0000000090c00000|  0%| F|  |TAMS 0x0000000090b00000, 0x0000000090b00000| Untracked 
| 268|0x0000000090c00000, 0x0000000090c00000, 0x0000000090d00000|  0%| F|  |TAMS 0x0000000090c00000, 0x0000000090c00000| Untracked 
| 269|0x0000000090d00000, 0x0000000090d00000, 0x0000000090e00000|  0%| F|  |TAMS 0x0000000090d00000, 0x0000000090d00000| Untracked 
| 270|0x0000000090e00000, 0x0000000090e00000, 0x0000000090f00000|  0%| F|  |TAMS 0x0000000090e00000, 0x0000000090e00000| Untracked 
| 271|0x0000000090f00000, 0x0000000090f00000, 0x0000000091000000|  0%| F|  |TAMS 0x0000000090f00000, 0x0000000090f00000| Untracked 
| 272|0x0000000091000000, 0x0000000091000000, 0x0000000091100000|  0%| F|  |TAMS 0x0000000091000000, 0x0000000091000000| Untracked 
| 273|0x0000000091100000, 0x0000000091100000, 0x0000000091200000|  0%| F|  |TAMS 0x0000000091100000, 0x0000000091100000| Untracked 
| 274|0x0000000091200000, 0x0000000091200000, 0x0000000091300000|  0%| F|  |TAMS 0x0000000091200000, 0x0000000091200000| Untracked 
| 275|0x0000000091300000, 0x0000000091300000, 0x0000000091400000|  0%| F|  |TAMS 0x0000000091300000, 0x0000000091300000| Untracked 
| 276|0x0000000091400000, 0x0000000091400000, 0x0000000091500000|  0%| F|  |TAMS 0x0000000091400000, 0x0000000091400000| Untracked 
| 277|0x0000000091500000, 0x0000000091500000, 0x0000000091600000|  0%| F|  |TAMS 0x0000000091500000, 0x0000000091500000| Untracked 
| 278|0x0000000091600000, 0x0000000091600000, 0x0000000091700000|  0%| F|  |TAMS 0x0000000091600000, 0x0000000091600000| Untracked 
| 279|0x0000000091700000, 0x0000000091700000, 0x0000000091800000|  0%| F|  |TAMS 0x0000000091700000, 0x0000000091700000| Untracked 
| 280|0x0000000091800000, 0x0000000091800000, 0x0000000091900000|  0%| F|  |TAMS 0x0000000091800000, 0x0000000091800000| Untracked 
| 281|0x0000000091900000, 0x0000000091900000, 0x0000000091a00000|  0%| F|  |TAMS 0x0000000091900000, 0x0000000091900000| Untracked 
| 282|0x0000000091a00000, 0x0000000091a00000, 0x0000000091b00000|  0%| F|  |TAMS 0x0000000091a00000, 0x0000000091a00000| Untracked 
| 283|0x0000000091b00000, 0x0000000091b00000, 0x0000000091c00000|  0%| F|  |TAMS 0x0000000091b00000, 0x0000000091b00000| Untracked 
| 284|0x0000000091c00000, 0x0000000091c00000, 0x0000000091d00000|  0%| F|  |TAMS 0x0000000091c00000, 0x0000000091c00000| Untracked 
| 285|0x0000000091d00000, 0x0000000091d00000, 0x0000000091e00000|  0%| F|  |TAMS 0x0000000091d00000, 0x0000000091d00000| Untracked 
| 286|0x0000000091e00000, 0x0000000091e00000, 0x0000000091f00000|  0%| F|  |TAMS 0x0000000091e00000, 0x0000000091e00000| Untracked 
| 287|0x0000000091f00000, 0x0000000091f00000, 0x0000000092000000|  0%| F|  |TAMS 0x0000000091f00000, 0x0000000091f00000| Untracked 
| 288|0x0000000092000000, 0x0000000092000000, 0x0000000092100000|  0%| F|  |TAMS 0x0000000092000000, 0x0000000092000000| Untracked 
| 289|0x0000000092100000, 0x0000000092100000, 0x0000000092200000|  0%| F|  |TAMS 0x0000000092100000, 0x0000000092100000| Untracked 
| 290|0x0000000092200000, 0x0000000092200000, 0x0000000092300000|  0%| F|  |TAMS 0x0000000092200000, 0x0000000092200000| Untracked 
| 291|0x0000000092300000, 0x0000000092300000, 0x0000000092400000|  0%| F|  |TAMS 0x0000000092300000, 0x0000000092300000| Untracked 
| 292|0x0000000092400000, 0x0000000092400000, 0x0000000092500000|  0%| F|  |TAMS 0x0000000092400000, 0x0000000092400000| Untracked 
| 293|0x0000000092500000, 0x0000000092500000, 0x0000000092600000|  0%| F|  |TAMS 0x0000000092500000, 0x0000000092500000| Untracked 
| 294|0x0000000092600000, 0x0000000092600000, 0x0000000092700000|  0%| F|  |TAMS 0x0000000092600000, 0x0000000092600000| Untracked 
| 295|0x0000000092700000, 0x0000000092700000, 0x0000000092800000|  0%| F|  |TAMS 0x0000000092700000, 0x0000000092700000| Untracked 
| 296|0x0000000092800000, 0x0000000092800000, 0x0000000092900000|  0%| F|  |TAMS 0x0000000092800000, 0x0000000092800000| Untracked 
| 297|0x0000000092900000, 0x0000000092900000, 0x0000000092a00000|  0%| F|  |TAMS 0x0000000092900000, 0x0000000092900000| Untracked 
| 298|0x0000000092a00000, 0x0000000092a00000, 0x0000000092b00000|  0%| F|  |TAMS 0x0000000092a00000, 0x0000000092a00000| Untracked 
| 299|0x0000000092b00000, 0x0000000092b00000, 0x0000000092c00000|  0%| F|  |TAMS 0x0000000092b00000, 0x0000000092b00000| Untracked 
| 300|0x0000000092c00000, 0x0000000092c00000, 0x0000000092d00000|  0%| F|  |TAMS 0x0000000092c00000, 0x0000000092c00000| Untracked 
| 301|0x0000000092d00000, 0x0000000092d00000, 0x0000000092e00000|  0%| F|  |TAMS 0x0000000092d00000, 0x0000000092d00000| Untracked 
| 302|0x0000000092e00000, 0x0000000092e00000, 0x0000000092f00000|  0%| F|  |TAMS 0x0000000092e00000, 0x0000000092e00000| Untracked 
| 303|0x0000000092f00000, 0x0000000092f00000, 0x0000000093000000|  0%| F|  |TAMS 0x0000000092f00000, 0x0000000092f00000| Untracked 
| 304|0x0000000093000000, 0x0000000093000000, 0x0000000093100000|  0%| F|  |TAMS 0x0000000093000000, 0x0000000093000000| Untracked 
| 305|0x0000000093100000, 0x0000000093100000, 0x0000000093200000|  0%| F|  |TAMS 0x0000000093100000, 0x0000000093100000| Untracked 
| 306|0x0000000093200000, 0x0000000093200000, 0x0000000093300000|  0%| F|  |TAMS 0x0000000093200000, 0x0000000093200000| Untracked 
| 307|0x0000000093300000, 0x0000000093300000, 0x0000000093400000|  0%| F|  |TAMS 0x0000000093300000, 0x0000000093300000| Untracked 
| 308|0x0000000093400000, 0x0000000093400000, 0x0000000093500000|  0%| F|  |TAMS 0x0000000093400000, 0x0000000093400000| Untracked 
| 309|0x0000000093500000, 0x0000000093500000, 0x0000000093600000|  0%| F|  |TAMS 0x0000000093500000, 0x0000000093500000| Untracked 

Card table byte_map: [0x00000189defa0000,0x00000189df3a0000] _byte_map_base: 0x00000189deba0000

Marking Bits (Prev, Next): (CMBitMap*) 0x00000189cc0b8f18, (CMBitMap*) 0x00000189cc0b8f50
 Prev Bits: [0x00000189df7a0000, 0x00000189e17a0000)
 Next Bits: [0x00000189e17a0000, 0x00000189e37a0000)

Polling page: 0x00000189c9f40000

Metaspace:

Usage:
  Non-class:     98.08 MB capacity,    96.22 MB ( 98%) used,     1.50 MB (  2%) free+waste,   373.38 KB ( <1%) overhead. 
      Class:     15.02 MB capacity,    13.86 MB ( 92%) used,  1019.17 KB (  7%) free+waste,   166.44 KB (  1%) overhead. 
       Both:    113.10 MB capacity,   110.08 MB ( 97%) used,     2.50 MB (  2%) free+waste,   539.81 KB ( <1%) overhead. 

Virtual space:
  Non-class space:      100.00 MB reserved,      98.13 MB ( 98%) committed 
      Class space:        1.00 GB reserved,      15.07 MB (  1%) committed 
             Both:        1.10 GB reserved,     113.20 MB ( 10%) committed 

Chunk freelists:
   Non-Class:  47.00 KB
       Class:  15.00 KB
        Both:  62.00 KB

MaxMetaspaceSize: 17179869184.00 GB
CompressedClassSpaceSize: 1.00 GB
Initial GC threshold: 20.80 MB
Current GC threshold: 159.30 MB
CDS: off

CodeHeap 'non-profiled nmethods': size=120064Kb used=10134Kb max_used=10441Kb free=109929Kb
 bounds [0x00000189d7660000, 0x00000189d80a0000, 0x00000189deba0000]
CodeHeap 'profiled nmethods': size=120000Kb used=36430Kb max_used=36430Kb free=83570Kb
 bounds [0x00000189d0130000, 0x00000189d24d0000, 0x00000189d7660000]
CodeHeap 'non-nmethods': size=5696Kb used=2451Kb max_used=2492Kb free=3244Kb
 bounds [0x00000189cfba0000, 0x00000189cfe20000, 0x00000189d0130000]
 total_blobs=17160 nmethods=16182 adapters=890
 compilation: enabled
              stopped_count=0, restarted_count=0
 full_count=0

Compilation events (20 events):
Event: 33.723 Thread 0x00000189e5cc0800 nmethod 17292 0x00000189d0bb1490 code [0x00000189d0bb1640, 0x00000189d0bb1768]
Event: 33.724 Thread 0x00000189e5cc0800 17296       2       com.android.tools.r8.graph.C2::d (188 bytes)
Event: 33.725 Thread 0x00000189e5cc0800 nmethod 17296 0x00000189d0baff10 code [0x00000189d0bb01c0, 0x00000189d0bb0dd8]
Event: 33.725 Thread 0x00000189e5cc0800 17298       2       com.android.tools.r8.internal.ct::c (47 bytes)
Event: 33.725 Thread 0x00000189e5cc0800 nmethod 17298 0x00000189d0baf710 code [0x00000189d0baf900, 0x00000189d0bafc88]
Event: 33.725 Thread 0x00000189e5cc0800 17297       1       com.android.tools.r8.internal.E4::M (2 bytes)
Event: 33.726 Thread 0x00000189e5cc0800 nmethod 17297 0x00000189d769eb90 code [0x00000189d769ed40, 0x00000189d769edf8]
Event: 33.726 Thread 0x00000189e5cc0800 17299       1       com.android.tools.r8.internal.ct::size (5 bytes)
Event: 33.726 Thread 0x00000189e5cc0800 nmethod 17299 0x00000189d769e890 code [0x00000189d769ea40, 0x00000189d769eaf8]
Event: 33.726 Thread 0x00000189e5cc0800 17301       2       com.android.tools.r8.graph.x::<init> (5 bytes)
Event: 33.726 Thread 0x00000189e5cc0800 nmethod 17301 0x00000189d0baf390 code [0x00000189d0baf540, 0x00000189d0baf638]
Event: 33.726 Thread 0x00000189e5cc0800 17300       2       com.android.tools.r8.internal.Os::e (16 bytes)
Event: 33.726 Thread 0x00000189e5cc0800 nmethod 17300 0x00000189d0baf010 code [0x00000189d0baf1c0, 0x00000189d0baf2d8]
Event: 33.726 Thread 0x00000189e5cc0800 17302       2       com.android.tools.r8.graph.C2::a (2673 bytes)
Event: 33.734 Thread 0x00000189e5cb9000 nmethod 17206 0x00000189d76a1290 code [0x00000189d76a14e0, 0x00000189d76a2e88]
Event: 33.734 Thread 0x00000189e5cb9000 17284   !   4       java.util.concurrent.ConcurrentHashMap::computeIfAbsent (576 bytes)
Event: 33.735 Thread 0x00000189e5cc0800 nmethod 17302 0x00000189d24b8510 code [0x00000189d24b95c0, 0x00000189d24c2f78]
Event: 33.735 Thread 0x00000189e5cc0800 17319       2       com.android.tools.r8.internal.ug::e (297 bytes)
Event: 33.737 Thread 0x00000189e5cc0800 nmethod 17319 0x00000189d0bad190 code [0x00000189d0bad4a0, 0x00000189d0bae618]
Event: 33.737 Thread 0x00000189e5cc0800 17318 %     3       com.android.tools.r8.internal.Ab::a @ 191 (4413 bytes)

GC Heap History (20 events):
Event: 28.032 GC heap after
{Heap after GC invocations=43 (full 0):
 garbage-first heap   total 264192K, used 133566K [0x0000000080000000, 0x0000000100000000)
  region size 1024K, 4 young (4096K), 4 survivors (4096K)
 Metaspace       used 97067K, capacity 99763K, committed 100048K, reserved 1136640K
  class space    used 12254K, capacity 13285K, committed 13388K, reserved 1048576K
}
Event: 28.121 GC heap before
{Heap before GC invocations=43 (full 0):
 garbage-first heap   total 264192K, used 141758K [0x0000000080000000, 0x0000000100000000)
  region size 1024K, 12 young (12288K), 4 survivors (4096K)
 Metaspace       used 97143K, capacity 99827K, committed 100048K, reserved 1136640K
  class space    used 12257K, capacity 13285K, committed 13388K, reserved 1048576K
}
Event: 28.126 GC heap after
{Heap after GC invocations=44 (full 0):
 garbage-first heap   total 264192K, used 108802K [0x0000000080000000, 0x0000000100000000)
  region size 1024K, 2 young (2048K), 2 survivors (2048K)
 Metaspace       used 97143K, capacity 99827K, committed 100048K, reserved 1136640K
  class space    used 12257K, capacity 13285K, committed 13388K, reserved 1048576K
}
Event: 28.411 GC heap before
{Heap before GC invocations=44 (full 0):
 garbage-first heap   total 264192K, used 161026K [0x0000000080000000, 0x0000000100000000)
  region size 1024K, 53 young (54272K), 2 survivors (2048K)
 Metaspace       used 97672K, capacity 100411K, committed 100560K, reserved 1136640K
  class space    used 12299K, capacity 13349K, committed 13388K, reserved 1048576K
}
Event: 28.416 GC heap after
{Heap after GC invocations=45 (full 0):
 garbage-first heap   total 264192K, used 110632K [0x0000000080000000, 0x0000000100000000)
  region size 1024K, 4 young (4096K), 4 survivors (4096K)
 Metaspace       used 97672K, capacity 100411K, committed 100560K, reserved 1136640K
  class space    used 12299K, capacity 13349K, committed 13388K, reserved 1048576K
}
Event: 28.732 GC heap before
{Heap before GC invocations=45 (full 0):
 garbage-first heap   total 264192K, used 165928K [0x0000000080000000, 0x0000000100000000)
  region size 1024K, 59 young (60416K), 4 survivors (4096K)
 Metaspace       used 97757K, capacity 100475K, committed 100560K, reserved 1136640K
  class space    used 12299K, capacity 13349K, committed 13388K, reserved 1048576K
}
Event: 28.737 GC heap after
{Heap after GC invocations=46 (full 0):
 garbage-first heap   total 264192K, used 111402K [0x0000000080000000, 0x0000000100000000)
  region size 1024K, 5 young (5120K), 5 survivors (5120K)
 Metaspace       used 97757K, capacity 100475K, committed 100560K, reserved 1136640K
  class space    used 12299K, capacity 13349K, committed 13388K, reserved 1048576K
}
Event: 29.330 GC heap before
{Heap before GC invocations=46 (full 0):
 garbage-first heap   total 264192K, used 172842K [0x0000000080000000, 0x0000000100000000)
  region size 1024K, 65 young (66560K), 5 survivors (5120K)
 Metaspace       used 98292K, capacity 101020K, committed 101200K, reserved 1136640K
  class space    used 12337K, capacity 13381K, committed 13516K, reserved 1048576K
}
Event: 29.336 GC heap after
{Heap after GC invocations=47 (full 0):
 garbage-first heap   total 264192K, used 112516K [0x0000000080000000, 0x0000000100000000)
  region size 1024K, 6 young (6144K), 6 survivors (6144K)
 Metaspace       used 98292K, capacity 101020K, committed 101200K, reserved 1136640K
  class space    used 12337K, capacity 13381K, committed 13516K, reserved 1048576K
}
Event: 30.124 GC heap before
{Heap before GC invocations=47 (full 0):
 garbage-first heap   total 264192K, used 178052K [0x0000000080000000, 0x0000000100000000)
  region size 1024K, 71 young (72704K), 6 survivors (6144K)
 Metaspace       used 99173K, capacity 101889K, committed 101968K, reserved 1138688K
  class space    used 12422K, capacity 13452K, committed 13516K, reserved 1048576K
}
Event: 30.132 GC heap after
{Heap after GC invocations=48 (full 0):
 garbage-first heap   total 317440K, used 111363K [0x0000000080000000, 0x0000000100000000)
  region size 1024K, 4 young (4096K), 4 survivors (4096K)
 Metaspace       used 99173K, capacity 101889K, committed 101968K, reserved 1138688K
  class space    used 12422K, capacity 13452K, committed 13516K, reserved 1048576K
}
Event: 31.285 GC heap before
{Heap before GC invocations=48 (full 0):
 garbage-first heap   total 317440K, used 207619K [0x0000000080000000, 0x0000000100000000)
  region size 1024K, 99 young (101376K), 4 survivors (4096K)
 Metaspace       used 101560K, capacity 104396K, committed 104528K, reserved 1140736K
  class space    used 12704K, capacity 13761K, committed 13772K, reserved 1048576K
}
Event: 31.299 GC heap after
{Heap after GC invocations=49 (full 0):
 garbage-first heap   total 317440K, used 118242K [0x0000000080000000, 0x0000000100000000)
  region size 1024K, 10 young (10240K), 10 survivors (10240K)
 Metaspace       used 101560K, capacity 104396K, committed 104528K, reserved 1140736K
  class space    used 12704K, capacity 13761K, committed 13772K, reserved 1048576K
}
Event: 32.410 GC heap before
{Heap before GC invocations=49 (full 0):
 garbage-first heap   total 317440K, used 232930K [0x0000000080000000, 0x0000000100000000)
  region size 1024K, 123 young (125952K), 10 survivors (10240K)
 Metaspace       used 106371K, capacity 109228K, committed 109264K, reserved 1144832K
  class space    used 13311K, capacity 14400K, committed 14412K, reserved 1048576K
}
Event: 32.426 GC heap after
{Heap after GC invocations=50 (full 0):
 garbage-first heap   total 317440K, used 123858K [0x0000000080000000, 0x0000000100000000)
  region size 1024K, 13 young (13312K), 13 survivors (13312K)
 Metaspace       used 106371K, capacity 109228K, committed 109264K, reserved 1144832K
  class space    used 13311K, capacity 14400K, committed 14412K, reserved 1048576K
}
Event: 32.980 GC heap before
{Heap before GC invocations=50 (full 0):
 garbage-first heap   total 317440K, used 237522K [0x0000000080000000, 0x0000000100000000)
  region size 1024K, 125 young (128000K), 13 survivors (13312K)
 Metaspace       used 107512K, capacity 110430K, committed 110544K, reserved 1144832K
  class space    used 13451K, capacity 14560K, committed 14668K, reserved 1048576K
}
Event: 33.000 GC heap after
{Heap after GC invocations=51 (full 0):
 garbage-first heap   total 317440K, used 136101K [0x0000000080000000, 0x0000000100000000)
  region size 1024K, 16 young (16384K), 16 survivors (16384K)
 Metaspace       used 107512K, capacity 110430K, committed 110544K, reserved 1144832K
  class space    used 13451K, capacity 14560K, committed 14668K, reserved 1048576K
}
Event: 33.390 GC heap before
{Heap before GC invocations=51 (full 0):
 garbage-first heap   total 317440K, used 242597K [0x0000000080000000, 0x0000000100000000)
  region size 1024K, 121 young (123904K), 16 survivors (16384K)
 Metaspace       used 110603K, capacity 113598K, committed 113744K, reserved 1148928K
  class space    used 13861K, capacity 15007K, committed 15052K, reserved 1048576K
}
Event: 33.411 GC heap after
{Heap after GC invocations=52 (full 0):
 garbage-first heap   total 317440K, used 154297K [0x0000000080000000, 0x0000000100000000)
  region size 1024K, 16 young (16384K), 16 survivors (16384K)
 Metaspace       used 110603K, capacity 113598K, committed 113744K, reserved 1148928K
  class space    used 13861K, capacity 15007K, committed 15052K, reserved 1048576K
}
Event: 33.763 GC heap before
{Heap before GC invocations=52 (full 0):
 garbage-first heap   total 317440K, used 244409K [0x0000000080000000, 0x0000000100000000)
  region size 1024K, 104 young (106496K), 16 survivors (16384K)
 Metaspace       used 112719K, capacity 115814K, committed 115920K, reserved 1150976K
  class space    used 14191K, capacity 15377K, committed 15436K, reserved 1048576K
}

Deoptimization events (20 events):
Event: 33.715 Thread 0x00000189f00fa000 Uncommon trap: trap_request=0xffffff4d fr.pc=0x00000189d7fd3f88 relative=0x0000000000001368
Event: 33.715 Thread 0x00000189f00fa000 Uncommon trap: reason=unstable_if action=reinterpret pc=0x00000189d7fd3f88 method=sun.nio.fs.WindowsPathParser.parse(Ljava/lang/String;Z)Lsun/nio/fs/WindowsPathParser$Result; @ 45 c2
Event: 33.715 Thread 0x00000189f00fa000 DEOPT PACKING pc=0x00000189d7fd3f88 sp=0x00000014ffbfd040
Event: 33.715 Thread 0x00000189f00fa000 DEOPT UNPACKING pc=0x00000189cfba85af sp=0x00000014ffbfd008 mode 2
Event: 33.719 Thread 0x00000189f00fa000 Uncommon trap: trap_request=0xffffffc6 fr.pc=0x00000189d7fc9e58 relative=0x00000000000002f8
Event: 33.719 Thread 0x00000189f00fa000 Uncommon trap: reason=bimorphic_or_optimized_type_check action=maybe_recompile pc=0x00000189d7fc9e58 method=java.util.function.Predicate.lambda$and$0(Ljava/util/function/Predicate;Ljava/lang/Object;)Z @ 2 c2
Event: 33.719 Thread 0x00000189f00fa000 DEOPT PACKING pc=0x00000189d7fc9e58 sp=0x00000014ffbfd450
Event: 33.719 Thread 0x00000189f00fa000 DEOPT UNPACKING pc=0x00000189cfba85af sp=0x00000014ffbfd388 mode 2
Event: 33.719 Thread 0x00000189f00fa000 Uncommon trap: trap_request=0xffffffc6 fr.pc=0x00000189d7fc9e58 relative=0x00000000000002f8
Event: 33.719 Thread 0x00000189f00fa000 Uncommon trap: reason=bimorphic_or_optimized_type_check action=maybe_recompile pc=0x00000189d7fc9e58 method=java.util.function.Predicate.lambda$and$0(Ljava/util/function/Predicate;Ljava/lang/Object;)Z @ 2 c2
Event: 33.719 Thread 0x00000189f00fa000 DEOPT PACKING pc=0x00000189d7fc9e58 sp=0x00000014ffbfd450
Event: 33.719 Thread 0x00000189f00fa000 DEOPT UNPACKING pc=0x00000189cfba85af sp=0x00000014ffbfd388 mode 2
Event: 33.735 Thread 0x00000189ea0cc800 Uncommon trap: trap_request=0xffffff4d fr.pc=0x00000189d78472ac relative=0x000000000000182c
Event: 33.735 Thread 0x00000189ea0cc800 Uncommon trap: reason=unstable_if action=reinterpret pc=0x00000189d78472ac method=com.android.tools.r8.internal.ug.e(Ljava/lang/String;)[Ljava/lang/String; @ 27 c2
Event: 33.735 Thread 0x00000189ea0cc800 DEOPT PACKING pc=0x00000189d78472ac sp=0x00000014fdaf9e90
Event: 33.735 Thread 0x00000189ea0cc800 DEOPT UNPACKING pc=0x00000189cfba85af sp=0x00000014fdaf9e80 mode 2
Event: 33.746 Thread 0x00000189ea0cc800 DEOPT PACKING pc=0x00000189d0246604 sp=0x00000014fdafa340
Event: 33.746 Thread 0x00000189ea0cc800 DEOPT UNPACKING pc=0x00000189cfbe9d0e sp=0x00000014fdaf9810 mode 0
Event: 33.752 Thread 0x00000189ea0c5800 DEOPT PACKING pc=0x00000189d0bae2f7 sp=0x00000014fd1f9a90
Event: 33.752 Thread 0x00000189ea0c5800 DEOPT UNPACKING pc=0x00000189cfbe9d0e sp=0x00000014fd1f9008 mode 0

Classes redefined (0 events):
No events

Internal exceptions (20 events):
Event: 32.298 Thread 0x00000189ea51b800 Exception <a 'sun/nio/fs/WindowsException'{0x000000008cca9570}> (0x000000008cca9570) thrown at [src/hotspot/share/prims/jni.cpp, line 617]
Event: 32.298 Thread 0x00000189ea51b800 Exception <a 'sun/nio/fs/WindowsException'{0x000000008ccaa6a0}> (0x000000008ccaa6a0) thrown at [src/hotspot/share/prims/jni.cpp, line 617]
Event: 32.309 Thread 0x00000189f00fa000 Exception <a 'sun/nio/fs/WindowsException'{0x000000008cb58950}> (0x000000008cb58950) thrown at [src/hotspot/share/prims/jni.cpp, line 617]
Event: 32.309 Thread 0x00000189f00fa000 Exception <a 'sun/nio/fs/WindowsException'{0x000000008cb58c58}> (0x000000008cb58c58) thrown at [src/hotspot/share/prims/jni.cpp, line 617]
Event: 32.362 Thread 0x00000189ea0c5800 Implicit null exception at 0x00000189d7c9246f to 0x00000189d7c927d8
Event: 32.945 Thread 0x00000189ea51a000 Exception <a 'sun/nio/fs/WindowsException'{0x000000008d309868}> (0x000000008d309868) thrown at [src/hotspot/share/prims/jni.cpp, line 617]
Event: 33.023 Thread 0x00000189ea0c5800 Exception <a 'sun/nio/fs/WindowsException'{0x0000000092a505c0}> (0x0000000092a505c0) thrown at [src/hotspot/share/prims/jni.cpp, line 617]
Event: 33.066 Thread 0x00000189ea51a000 Exception <a 'java/lang/NoSuchMethodError'{0x0000000091e9d1e0}: 'java.lang.Object java.lang.invoke.DirectMethodHandle$Holder.newInvokeSpecial(java.lang.Object, int)'> (0x0000000091e9d1e0) thrown at [src/hotspot/share/interpreter/linkResolver.cpp, line 773]
Event: 33.066 Thread 0x00000189ea0c5800 Exception <a 'java/lang/NoSuchMethodError'{0x0000000091e4c130}: 'java.lang.Object java.lang.invoke.DirectMethodHandle$Holder.newInvokeSpecial(java.lang.Object, int)'> (0x0000000091e4c130) thrown at [src/hotspot/share/interpreter/linkResolver.cpp, line 773]
Event: 33.212 Thread 0x00000189ea0cc800 Exception <a 'sun/nio/fs/WindowsException'{0x000000008e99c510}> (0x000000008e99c510) thrown at [src/hotspot/share/prims/jni.cpp, line 617]
Event: 33.230 Thread 0x00000189ea0c5800 Exception <a 'java/lang/NoSuchMethodError'{0x000000008e6e3300}: 'java.lang.Object java.lang.invoke.DirectMethodHandle$Holder.invokeStaticInit(java.lang.Object, java.lang.Object, java.lang.Object, java.lang.Object, java.lang.Object, java.lang.Object, java.lang.Object, java.lang.Object, java.lang.Object, java.lang.Object, java.lang.Object, java.lang.Object, java.lang.Object, java.lang.Object, java.lang.Object, java.lang.Object, java.lang.Object, java.lang.Object, java.lang.Object, int, java.lang.Object, java
Event: 33.259 Thread 0x00000189ea0cc800 Exception <a 'java/lang/IncompatibleClassChangeError'{0x000000008e424ad8}: Found class java.lang.Object, but interface was expected> (0x000000008e424ad8) thrown at [src/hotspot/share/interpreter/linkResolver.cpp, line 839]
Event: 33.259 Thread 0x00000189ea51a000 Exception <a 'java/lang/IncompatibleClassChangeError'{0x000000008e2027c8}: Found class java.lang.Object, but interface was expected> (0x000000008e2027c8) thrown at [src/hotspot/share/interpreter/linkResolver.cpp, line 839]
Event: 33.259 Thread 0x00000189ea0c5800 Exception <a 'java/lang/IncompatibleClassChangeError'{0x000000008e4066e8}: Found class java.lang.Object, but interface was expected> (0x000000008e4066e8) thrown at [src/hotspot/share/interpreter/linkResolver.cpp, line 839]
Event: 33.299 Thread 0x00000189ea0cc800 Exception <a 'java/lang/NoSuchMethodError'{0x000000008dbb4d88}: 'java.lang.Object java.lang.invoke.DirectMethodHandle$Holder.invokeStatic(java.lang.Object, long)'> (0x000000008dbb4d88) thrown at [src/hotspot/share/interpreter/linkResolver.cpp, line 773]
Event: 33.299 Thread 0x00000189ea0cc800 Exception <a 'java/lang/NoSuchMethodError'{0x000000008dbb8db0}: 'java.lang.Object java.lang.invoke.DirectMethodHandle$Holder.invokeSpecial(java.lang.Object, java.lang.Object, long)'> (0x000000008dbb8db0) thrown at [src/hotspot/share/interpreter/linkResolver.cpp, line 773]
Event: 33.299 Thread 0x00000189ea0cc800 Exception <a 'java/lang/NoSuchMethodError'{0x000000008dbbc5b8}: 'java.lang.Object java.lang.invoke.Invokers$Holder.linkToTargetMethod(long, java.lang.Object)'> (0x000000008dbbc5b8) thrown at [src/hotspot/share/interpreter/linkResolver.cpp, line 773]
Event: 33.589 Thread 0x00000189ea51a000 Exception <a 'java/lang/NoSuchMethodError'{0x0000000090c57240}: 'void java.lang.invoke.DirectMethodHandle$Holder.invokeStatic(java.lang.Object, java.lang.Object, java.lang.Object, int)'> (0x0000000090c57240) thrown at [src/hotspot/share/interpreter/linkResolver.cpp, line 773]
Event: 33.592 Thread 0x00000189ea51a000 Exception <a 'java/lang/IncompatibleClassChangeError'{0x0000000090c63150}: Found class java.lang.Object, but interface was expected> (0x0000000090c63150) thrown at [src/hotspot/share/interpreter/linkResolver.cpp, line 839]
Event: 33.713 Thread 0x00000189f00fa000 Exception <a 'java/lang/NoSuchMethodError'{0x000000008ecd8a98}: 'java.lang.Object java.lang.invoke.DirectMethodHandle$Holder.invokeVirtual(java.lang.Object, java.lang.Object, int)'> (0x000000008ecd8a98) thrown at [src/hotspot/share/interpreter/linkResolver.cpp, line 773]

Events (20 events):
Event: 33.735 loading class com/android/tools/r8/internal/p30 done
Event: 33.736 loading class com/android/tools/r8/internal/KE
Event: 33.736 loading class com/android/tools/r8/internal/KE done
Event: 33.737 loading class com/android/tools/r8/internal/Y6$a
Event: 33.737 loading class com/android/tools/r8/internal/Y6$a done
Event: 33.747 loading class com/android/tools/r8/internal/Nr
Event: 33.747 loading class com/android/tools/r8/internal/Nr done
Event: 33.747 loading class com/android/tools/r8/internal/fj
Event: 33.747 loading class com/android/tools/r8/internal/fj done
Event: 33.748 loading class com/android/tools/r8/internal/Q5
Event: 33.748 loading class com/android/tools/r8/internal/Q5 done
Event: 33.749 loading class com/android/tools/r8/internal/H1
Event: 33.749 loading class com/android/tools/r8/internal/H1 done
Event: 33.749 loading class com/android/tools/r8/internal/WN
Event: 33.749 loading class com/android/tools/r8/internal/WN done
Event: 33.749 loading class com/android/tools/r8/internal/X40
Event: 33.749 loading class com/android/tools/r8/internal/X40 done
Event: 33.750 loading class com/android/tools/r8/internal/Pe
Event: 33.750 loading class com/android/tools/r8/internal/Pe done
Event: 33.762 Executing VM operation: G1CollectForAllocation


Dynamic libraries:
0x00007ff62f520000 - 0x00007ff62f52a000 	C:\Program Files\Android\Android Studio\jbr\bin\java.exe
0x00007ffef7db0000 - 0x00007ffef7fa8000 	C:\WINDOWS\SYSTEM32\ntdll.dll
0x00007ffef70b0000 - 0x00007ffef716d000 	C:\WINDOWS\System32\KERNEL32.DLL
0x00007ffef58c0000 - 0x00007ffef5bb6000 	C:\WINDOWS\System32\KERNELBASE.dll
0x00007ffef5620000 - 0x00007ffef5720000 	C:\WINDOWS\System32\ucrtbase.dll
0x00007ffef06e0000 - 0x00007ffef06fb000 	C:\Program Files\Android\Android Studio\jbr\bin\VCRUNTIME140.dll
0x00007ffef06b0000 - 0x00007ffef06c7000 	C:\Program Files\Android\Android Studio\jbr\bin\jli.dll
0x00007ffef7510000 - 0x00007ffef76ae000 	C:\WINDOWS\System32\USER32.dll
0x00007ffef55f0000 - 0x00007ffef5612000 	C:\WINDOWS\System32\win32u.dll
0x00007ffef7900000 - 0x00007ffef792c000 	C:\WINDOWS\System32\GDI32.dll
0x00007ffee6950000 - 0x00007ffee6bea000 	C:\WINDOWS\WinSxS\amd64_microsoft.windows.common-controls_6595b64144ccf1df_6.0.19041.1110_none_60b5254171f9507e\COMCTL32.dll
0x00007ffef5cf0000 - 0x00007ffef5e0a000 	C:\WINDOWS\System32\gdi32full.dll
0x00007ffef7170000 - 0x00007ffef720e000 	C:\WINDOWS\System32\msvcrt.dll
0x00007ffef5bc0000 - 0x00007ffef5c5d000 	C:\WINDOWS\System32\msvcp_win.dll
0x00007ffef77f0000 - 0x00007ffef7820000 	C:\WINDOWS\System32\IMM32.DLL
0x00007ffef2870000 - 0x00007ffef287c000 	C:\Program Files\Android\Android Studio\jbr\bin\vcruntime140_1.dll
0x00007ffedb320000 - 0x00007ffedb3ad000 	C:\Program Files\Android\Android Studio\jbr\bin\msvcp140.dll
0x00007ffeb9740000 - 0x00007ffeba2fc000 	C:\Program Files\Android\Android Studio\jbr\bin\server\jvm.dll
0x00007ffef7740000 - 0x00007ffef77ee000 	C:\WINDOWS\System32\ADVAPI32.dll
0x00007ffef7470000 - 0x00007ffef750c000 	C:\WINDOWS\System32\sechost.dll
0x00007ffef6130000 - 0x00007ffef6256000 	C:\WINDOWS\System32\RPCRT4.dll
0x00007ffef63a0000 - 0x00007ffef63a8000 	C:\WINDOWS\System32\PSAPI.DLL
0x00007ffedbb80000 - 0x00007ffedbb89000 	C:\WINDOWS\SYSTEM32\WSOCK32.dll
0x00007ffef73a0000 - 0x00007ffef740b000 	C:\WINDOWS\System32\WS2_32.dll
0x00007ffee1b10000 - 0x00007ffee1b37000 	C:\WINDOWS\SYSTEM32\WINMM.dll
0x00007ffeee940000 - 0x00007ffeee94a000 	C:\WINDOWS\SYSTEM32\VERSION.dll
0x00007ffef3500000 - 0x00007ffef3512000 	C:\WINDOWS\SYSTEM32\kernel.appcore.dll
0x00007ffef0180000 - 0x00007ffef0190000 	C:\Program Files\Android\Android Studio\jbr\bin\verify.dll
0x00007ffef3090000 - 0x00007ffef3274000 	C:\WINDOWS\SYSTEM32\DBGHELP.DLL
0x00007ffeed940000 - 0x00007ffeed974000 	C:\WINDOWS\SYSTEM32\dbgcore.DLL
0x00007ffef5c60000 - 0x00007ffef5ce2000 	C:\WINDOWS\System32\bcryptPrimitives.dll
0x00007ffee22b0000 - 0x00007ffee22d8000 	C:\Program Files\Android\Android Studio\jbr\bin\java.dll
0x00007ffef0070000 - 0x00007ffef007a000 	C:\Program Files\Android\Android Studio\jbr\bin\jimage.dll
0x00007ffee2e20000 - 0x00007ffee2e38000 	C:\Program Files\Android\Android Studio\jbr\bin\zip.dll
0x00007ffef64d0000 - 0x00007ffef6c15000 	C:\WINDOWS\System32\SHELL32.dll
0x00007ffef3520000 - 0x00007ffef3cbb000 	C:\WINDOWS\SYSTEM32\windows.storage.dll
0x00007ffef7930000 - 0x00007ffef7c84000 	C:\WINDOWS\System32\combase.dll
0x00007ffef4ed0000 - 0x00007ffef4efe000 	C:\WINDOWS\SYSTEM32\Wldp.dll
0x00007ffef7270000 - 0x00007ffef731d000 	C:\WINDOWS\System32\SHCORE.dll
0x00007ffef7210000 - 0x00007ffef7265000 	C:\WINDOWS\System32\shlwapi.dll
0x00007ffef53c0000 - 0x00007ffef53e5000 	C:\WINDOWS\SYSTEM32\profapi.dll
0x00007ffee0c10000 - 0x00007ffee0c29000 	C:\Program Files\Android\Android Studio\jbr\bin\net.dll
0x00007ffee5d80000 - 0x00007ffee5e8a000 	C:\WINDOWS\SYSTEM32\WINHTTP.dll
0x00007ffef4c30000 - 0x00007ffef4c9a000 	C:\WINDOWS\system32\mswsock.dll
0x00007ffedb1a0000 - 0x00007ffedb1b3000 	C:\Program Files\Android\Android Studio\jbr\bin\nio.dll
0x00007ffee6200000 - 0x00007ffee6227000 	C:\Users\adlif\.gradle\native\e1d6ef7f7dcc3fd88c89a11ec53ec762bb8ba0a96d01ffa2cd45eb1d1d8dd5c5\windows-amd64\native-platform.dll
0x00007ffec6e60000 - 0x00007ffec6fa4000 	C:\Users\adlif\.gradle\native\0d407fdbe67a94daf76414ababcb853783967236a71b16ec16e742cd7a986fd3\windows-amd64\native-platform-file-events.dll
0x00007ffeef020000 - 0x00007ffeef02a000 	C:\Program Files\Android\Android Studio\jbr\bin\management.dll
0x00007ffeeedb0000 - 0x00007ffeeedbb000 	C:\Program Files\Android\Android Studio\jbr\bin\management_ext.dll
0x00007ffef4e20000 - 0x00007ffef4e38000 	C:\WINDOWS\SYSTEM32\CRYPTSP.dll
0x00007ffef44d0000 - 0x00007ffef4504000 	C:\WINDOWS\system32\rsaenh.dll
0x00007ffef5890000 - 0x00007ffef58b7000 	C:\WINDOWS\System32\bcrypt.dll
0x00007ffef5340000 - 0x00007ffef536e000 	C:\WINDOWS\SYSTEM32\USERENV.dll
0x00007ffef4e40000 - 0x00007ffef4e4c000 	C:\WINDOWS\SYSTEM32\CRYPTBASE.dll
0x00007ffef48d0000 - 0x00007ffef490b000 	C:\WINDOWS\SYSTEM32\IPHLPAPI.DLL
0x00007ffef6390000 - 0x00007ffef6398000 	C:\WINDOWS\System32\NSI.dll
0x00007ffeed600000 - 0x00007ffeed617000 	C:\WINDOWS\SYSTEM32\dhcpcsvc6.DLL
0x00007ffeecd00000 - 0x00007ffeecd1d000 	C:\WINDOWS\SYSTEM32\dhcpcsvc.DLL
0x00007ffef4920000 - 0x00007ffef49ea000 	C:\WINDOWS\SYSTEM32\DNSAPI.dll
0x00007ffef45f0000 - 0x00007ffef4623000 	C:\WINDOWS\SYSTEM32\ntmarta.dll

dbghelp: loaded successfully - version: 4.0.5 - missing functions: none
symbol engine: initialized successfully - sym options: 0x614 - pdb path: .;C:\Program Files\Android\Android Studio\jbr\bin;C:\WINDOWS\SYSTEM32;C:\WINDOWS\WinSxS\amd64_microsoft.windows.common-controls_6595b64144ccf1df_6.0.19041.1110_none_60b5254171f9507e;C:\Program Files\Android\Android Studio\jbr\bin\server;C:\Users\adlif\.gradle\native\e1d6ef7f7dcc3fd88c89a11ec53ec762bb8ba0a96d01ffa2cd45eb1d1d8dd5c5\windows-amd64;C:\Users\adlif\.gradle\native\0d407fdbe67a94daf76414ababcb853783967236a71b16ec16e742cd7a986fd3\windows-amd64

VM Arguments:
jvm_args: --add-opens=java.base/java.util=ALL-UNNAMED --add-opens=java.base/java.lang=ALL-UNNAMED --add-opens=java.base/java.lang.invoke=ALL-UNNAMED --add-opens=java.base/java.util=ALL-UNNAMED --add-opens=java.prefs/java.util.prefs=ALL-UNNAMED --add-opens=java.prefs/java.util.prefs=ALL-UNNAMED --add-opens=java.base/java.nio.charset=ALL-UNNAMED --add-opens=java.base/java.net=ALL-UNNAMED --add-opens=java.base/java.util.concurrent.atomic=ALL-UNNAMED -Xmx2048m -Dfile.encoding=UTF-8 -Duser.country=US -Duser.language=en -Duser.variant 
java_command: org.gradle.launcher.daemon.bootstrap.GradleDaemon 7.5
java_class_path (initial): C:\Users\adlif\.gradle\wrapper\dists\gradle-7.5-bin\f1w0cc9nuo0eivz97x2xlu9sv\gradle-7.5\lib\gradle-launcher-7.5.jar
Launcher Type: SUN_STANDARD

[Global flags]
     intx CICompilerCount                          = 3                                         {product} {ergonomic}
     uint ConcGCThreads                            = 1                                         {product} {ergonomic}
     uint G1ConcRefinementThreads                  = 4                                         {product} {ergonomic}
   size_t G1HeapRegionSize                         = 1048576                                   {product} {ergonomic}
    uintx GCDrainStackTargetSize                   = 64                                        {product} {ergonomic}
   size_t InitialHeapSize                          = 130023424                                 {product} {ergonomic}
   size_t MarkStackSize                            = 4194304                                   {product} {ergonomic}
   size_t MaxHeapSize                              = 2147483648                                {product} {command line}
   size_t MaxNewSize                               = 1287651328                                {product} {ergonomic}
   size_t MinHeapDeltaBytes                        = 1048576                                   {product} {ergonomic}
    uintx NonNMethodCodeHeapSize                   = 5830732                                {pd product} {ergonomic}
    uintx NonProfiledCodeHeapSize                  = 122913754                              {pd product} {ergonomic}
    uintx ProfiledCodeHeapSize                     = 122913754                              {pd product} {ergonomic}
    uintx ReservedCodeCacheSize                    = 251658240                              {pd product} {ergonomic}
     bool SegmentedCodeCache                       = true                                      {product} {ergonomic}
     bool UseCompressedClassPointers               = true                                 {lp64_product} {ergonomic}
     bool UseCompressedOops                        = true                                 {lp64_product} {ergonomic}
     bool UseG1GC                                  = true                                      {product} {ergonomic}
     bool UseLargePagesIndividualAllocation        = false                                  {pd product} {ergonomic}

Logging:
Log output configuration:
 #0: stdout all=warning uptime,level,tags
 #1: stderr all=off uptime,level,tags

Environment Variables:
PATH=C:\Program Files\Common Files\Oracle\Java\javapath;C:\Program Files (x86)\Common Files\Intel\Shared Libraries\redist\intel64\compiler;C:\WINDOWS\system32;C:\WINDOWS;C:\WINDOWS\System32\Wbem;C:\WINDOWS\System32\WindowsPowerShell\v1.0\;C:\WINDOWS\System32\OpenSSH\;C:\Program Files\Git\cmd;C:\Program Files\nodejs\;C:\ProgramData\chocolatey\bin;C:\php-8.2.6;C:\Program Files\CMake\bin;C:\ProgramData\ComposerSetup\bin;C:\Users\adlif\AppData\Local\Programs\Python\Python310\Scripts\;C:\Users\adlif\AppData\Local\Programs\Python\Python310\;C:\Users\adlif\AppData\Local\Programs\Python\Python311\Scripts\;C:\Users\adlif\AppData\Local\Programs\Python\Python311\;C:\Users\adlif\AppData\Local\Microsoft\WindowsApps;D:\Visual Studio Code\Microsoft VS Code\bin;C:\ffmpeg\bin;C:\Users\adlif\AppData\Roaming\npm;C:\Program Files\heroku\bin;C:\Users\adlif\AppData\Roaming\Composer\vendor\bin
USERNAME=Kayoi
OS=Windows_NT
PROCESSOR_IDENTIFIER=Intel64 Family 6 Model 126 Stepping 5, GenuineIntel



---------------  S Y S T E M  ---------------

OS: Windows 10 , 64 bit Build 19041 (10.0.19041.3393)
OS uptime: 0 days 20:03 hours

CPU:total 4 (initial active 4) (2 cores per cpu, 2 threads per core) family 6 model 126 stepping 5 microcode 0x96, cmov, cx8, fxsr, mmx, sse, sse2, sse3, ssse3, sse4.1, sse4.2, popcnt, avx, avx2, aes, clmul, erms, 3dnowpref, lzcnt, ht, tsc, tscinvbit, bmi1, bmi2, adx, evex, sha, fma

Memory: 4k page, system-wide physical 7930M (332M free)
TotalPageFile size 7930M (AvailPageFile size 16M)
current process WorkingSet (physical memory assigned to process): 681M, peak: 681M
current process commit charge ("private bytes"): 744M, peak: 806M

vm_info: OpenJDK 64-Bit Server VM (11.0.15+0-b2043.56-9505619) for windows-amd64 JRE (11.0.15+0-b2043.56-9505619), built on Jan 19 2023 02:48:00 by "builduser" with unknown MS VC++:1929

END.
